2024-12-02 14:50:33,529 INFO notifyConnectTimeout:100

2024-12-02 14:50:33,553 INFO notifySocketTimeout:200

2024-12-02 14:50:33,554 INFO isHealthCheck:true

2024-12-02 14:50:33,554 INFO maxHealthCheckFailCount:12

2024-12-02 14:50:33,555 INFO maxContent:10485760

2024-12-02 14:50:50,574 INFO notifyConnectTimeout:100

2024-12-02 14:50:50,577 INFO notifySocketTimeout:200

2024-12-02 14:50:50,578 INFO isHealthCheck:true

2024-12-02 14:50:50,578 INFO maxHealthCheckFailCount:12

2024-12-02 14:50:50,579 INFO maxContent:10485760

2024-12-02 14:51:06,372 INFO notifyConnectTimeout:100

2024-12-02 14:51:06,376 INFO notifySocketTimeout:200

2024-12-02 14:51:06,377 INFO isHealthCheck:true

2024-12-02 14:51:06,378 INFO maxHealthCheckFailCount:12

2024-12-02 14:51:06,378 INFO maxContent:10485760

2024-12-02 14:51:21,974 INFO notifyConnectTimeout:100

2024-12-02 14:51:21,978 INFO notifySocketTimeout:200

2024-12-02 14:51:21,979 INFO isHealthCheck:true

2024-12-02 14:51:21,979 INFO maxHealthCheckFailCount:12

2024-12-02 14:51:21,980 INFO maxContent:10485760

2024-12-02 14:51:37,501 INFO notifyConnectTimeout:100

2024-12-02 14:51:37,505 INFO notifySocketTimeout:200

2024-12-02 14:51:37,505 INFO isHealthCheck:true

2024-12-02 14:51:37,505 INFO maxHealthCheckFailCount:12

2024-12-02 14:51:37,506 INFO maxContent:10485760

2024-12-02 14:51:53,261 INFO notifyConnectTimeout:100

2024-12-02 14:51:53,264 INFO notifySocketTimeout:200

2024-12-02 14:51:53,265 INFO isHealthCheck:true

2024-12-02 14:51:53,266 INFO maxHealthCheckFailCount:12

2024-12-02 14:51:53,266 INFO maxContent:10485760

2024-12-02 14:52:09,024 INFO notifyConnectTimeout:100

2024-12-02 14:52:09,031 INFO notifySocketTimeout:200

2024-12-02 14:52:09,032 INFO isHealthCheck:true

2024-12-02 14:52:09,033 INFO maxHealthCheckFailCount:12

2024-12-02 14:52:09,037 INFO maxContent:10485760

2024-12-02 14:52:24,521 INFO notifyConnectTimeout:100

2024-12-02 14:52:24,524 INFO notifySocketTimeout:200

2024-12-02 14:52:24,525 INFO isHealthCheck:true

2024-12-02 14:52:24,525 INFO maxHealthCheckFailCount:12

2024-12-02 14:52:24,526 INFO maxContent:10485760

2024-12-02 14:52:39,986 INFO notifyConnectTimeout:100

2024-12-02 14:52:39,990 INFO notifySocketTimeout:200

2024-12-02 14:52:39,990 INFO isHealthCheck:true

2024-12-02 14:52:39,991 INFO maxHealthCheckFailCount:12

2024-12-02 14:52:39,991 INFO maxContent:10485760

2024-12-02 14:52:55,452 INFO notifyConnectTimeout:100

2024-12-02 14:52:55,455 INFO notifySocketTimeout:200

2024-12-02 14:52:55,456 INFO isHealthCheck:true

2024-12-02 14:52:55,456 INFO maxHealthCheckFailCount:12

2024-12-02 14:52:55,457 INFO maxContent:10485760

2024-12-02 14:53:11,232 INFO notifyConnectTimeout:100

2024-12-02 14:53:11,236 INFO notifySocketTimeout:200

2024-12-02 14:53:11,236 INFO isHealthCheck:true

2024-12-02 14:53:11,237 INFO maxHealthCheckFailCount:12

2024-12-02 14:53:11,237 INFO maxContent:10485760

2024-12-02 14:53:26,846 INFO notifyConnectTimeout:100

2024-12-02 14:53:26,850 INFO notifySocketTimeout:200

2024-12-02 14:53:26,850 INFO isHealthCheck:true

2024-12-02 14:53:26,851 INFO maxHealthCheckFailCount:12

2024-12-02 14:53:26,851 INFO maxContent:10485760

2024-12-02 14:53:42,531 INFO notifyConnectTimeout:100

2024-12-02 14:53:42,534 INFO notifySocketTimeout:200

2024-12-02 14:53:42,535 INFO isHealthCheck:true

2024-12-02 14:53:42,536 INFO maxHealthCheckFailCount:12

2024-12-02 14:53:42,536 INFO maxContent:10485760

2024-12-02 14:53:58,187 INFO notifyConnectTimeout:100

2024-12-02 14:53:58,190 INFO notifySocketTimeout:200

2024-12-02 14:53:58,191 INFO isHealthCheck:true

2024-12-02 14:53:58,191 INFO maxHealthCheckFailCount:12

2024-12-02 14:53:58,192 INFO maxContent:10485760

2024-12-02 14:54:13,658 INFO notifyConnectTimeout:100

2024-12-02 14:54:13,661 INFO notifySocketTimeout:200

2024-12-02 14:54:13,662 INFO isHealthCheck:true

2024-12-02 14:54:13,662 INFO maxHealthCheckFailCount:12

2024-12-02 14:54:13,663 INFO maxContent:10485760

2024-12-02 14:54:29,177 INFO notifyConnectTimeout:100

2024-12-02 14:54:29,179 INFO notifySocketTimeout:200

2024-12-02 14:54:29,180 INFO isHealthCheck:true

2024-12-02 14:54:29,180 INFO maxHealthCheckFailCount:12

2024-12-02 14:54:29,181 INFO maxContent:10485760

2024-12-02 14:54:44,767 INFO notifyConnectTimeout:100

2024-12-02 14:54:44,770 INFO notifySocketTimeout:200

2024-12-02 14:54:44,771 INFO isHealthCheck:true

2024-12-02 14:54:44,772 INFO maxHealthCheckFailCount:12

2024-12-02 14:54:44,772 INFO maxContent:10485760

2024-12-02 14:55:00,325 INFO notifyConnectTimeout:100

2024-12-02 14:55:00,329 INFO notifySocketTimeout:200

2024-12-02 14:55:00,330 INFO isHealthCheck:true

2024-12-02 14:55:00,330 INFO maxHealthCheckFailCount:12

2024-12-02 14:55:00,331 INFO maxContent:10485760

2024-12-02 14:55:15,832 INFO notifyConnectTimeout:100

2024-12-02 14:55:15,835 INFO notifySocketTimeout:200

2024-12-02 14:55:15,836 INFO isHealthCheck:true

2024-12-02 14:55:15,836 INFO maxHealthCheckFailCount:12

2024-12-02 14:55:15,836 INFO maxContent:10485760

2024-12-02 14:55:31,276 INFO notifyConnectTimeout:100

2024-12-02 14:55:31,279 INFO notifySocketTimeout:200

2024-12-02 14:55:31,279 INFO isHealthCheck:true

2024-12-02 14:55:31,280 INFO maxHealthCheckFailCount:12

2024-12-02 14:55:31,280 INFO maxContent:10485760

2024-12-02 14:55:46,769 INFO notifyConnectTimeout:100

2024-12-02 14:55:46,772 INFO notifySocketTimeout:200

2024-12-02 14:55:46,773 INFO isHealthCheck:true

2024-12-02 14:55:46,773 INFO maxHealthCheckFailCount:12

2024-12-02 14:55:46,774 INFO maxContent:10485760

2024-12-02 14:56:02,288 INFO notifyConnectTimeout:100

2024-12-02 14:56:02,290 INFO notifySocketTimeout:200

2024-12-02 14:56:02,291 INFO isHealthCheck:true

2024-12-02 14:56:02,291 INFO maxHealthCheckFailCount:12

2024-12-02 14:56:02,292 INFO maxContent:10485760

2024-12-02 14:56:17,715 INFO notifyConnectTimeout:100

2024-12-02 14:56:17,718 INFO notifySocketTimeout:200

2024-12-02 14:56:17,719 INFO isHealthCheck:true

2024-12-02 14:56:17,719 INFO maxHealthCheckFailCount:12

2024-12-02 14:56:17,719 INFO maxContent:10485760

2024-12-02 14:56:33,099 INFO notifyConnectTimeout:100

2024-12-02 14:56:33,102 INFO notifySocketTimeout:200

2024-12-02 14:56:33,103 INFO isHealthCheck:true

2024-12-02 14:56:33,103 INFO maxHealthCheckFailCount:12

2024-12-02 14:56:33,104 INFO maxContent:10485760

2024-12-02 14:56:48,607 INFO notifyConnectTimeout:100

2024-12-02 14:56:48,611 INFO notifySocketTimeout:200

2024-12-02 14:56:48,611 INFO isHealthCheck:true

2024-12-02 14:56:48,612 INFO maxHealthCheckFailCount:12

2024-12-02 14:56:48,612 INFO maxContent:10485760

2024-12-02 14:57:04,275 INFO notifyConnectTimeout:100

2024-12-02 14:57:04,278 INFO notifySocketTimeout:200

2024-12-02 14:57:04,278 INFO isHealthCheck:true

2024-12-02 14:57:04,279 INFO maxHealthCheckFailCount:12

2024-12-02 14:57:04,279 INFO maxContent:10485760

2024-12-02 14:57:19,862 INFO notifyConnectTimeout:100

2024-12-02 14:57:19,865 INFO notifySocketTimeout:200

2024-12-02 14:57:19,866 INFO isHealthCheck:true

2024-12-02 14:57:19,867 INFO maxHealthCheckFailCount:12

2024-12-02 14:57:19,867 INFO maxContent:10485760

2024-12-02 14:57:35,376 INFO notifyConnectTimeout:100

2024-12-02 14:57:35,380 INFO notifySocketTimeout:200

2024-12-02 14:57:35,381 INFO isHealthCheck:true

2024-12-02 14:57:35,381 INFO maxHealthCheckFailCount:12

2024-12-02 14:57:35,382 INFO maxContent:10485760

2024-12-02 14:57:50,994 INFO notifyConnectTimeout:100

2024-12-02 14:57:51,001 INFO notifySocketTimeout:200

2024-12-02 14:57:51,002 INFO isHealthCheck:true

2024-12-02 14:57:51,002 INFO maxHealthCheckFailCount:12

2024-12-02 14:57:51,003 INFO maxContent:10485760

2024-12-02 14:58:06,590 INFO notifyConnectTimeout:100

2024-12-02 14:58:06,593 INFO notifySocketTimeout:200

2024-12-02 14:58:06,594 INFO isHealthCheck:true

2024-12-02 14:58:06,594 INFO maxHealthCheckFailCount:12

2024-12-02 14:58:06,594 INFO maxContent:10485760

2024-12-02 14:58:22,329 INFO notifyConnectTimeout:100

2024-12-02 14:58:22,332 INFO notifySocketTimeout:200

2024-12-02 14:58:22,333 INFO isHealthCheck:true

2024-12-02 14:58:22,333 INFO maxHealthCheckFailCount:12

2024-12-02 14:58:22,334 INFO maxContent:10485760

2024-12-02 14:58:38,315 INFO notifyConnectTimeout:100

2024-12-02 14:58:38,318 INFO notifySocketTimeout:200

2024-12-02 14:58:38,319 INFO isHealthCheck:true

2024-12-02 14:58:38,319 INFO maxHealthCheckFailCount:12

2024-12-02 14:58:38,320 INFO maxContent:10485760

2024-12-02 14:58:53,954 INFO notifyConnectTimeout:100

2024-12-02 14:58:53,959 INFO notifySocketTimeout:200

2024-12-02 14:58:53,959 INFO isHealthCheck:true

2024-12-02 14:58:53,960 INFO maxHealthCheckFailCount:12

2024-12-02 14:58:53,961 INFO maxContent:10485760

2024-12-02 14:59:09,548 INFO notifyConnectTimeout:100

2024-12-02 14:59:09,552 INFO notifySocketTimeout:200

2024-12-02 14:59:09,553 INFO isHealthCheck:true

2024-12-02 14:59:09,553 INFO maxHealthCheckFailCount:12

2024-12-02 14:59:09,554 INFO maxContent:10485760

2024-12-02 14:59:25,150 INFO notifyConnectTimeout:100

2024-12-02 14:59:25,154 INFO notifySocketTimeout:200

2024-12-02 14:59:25,154 INFO isHealthCheck:true

2024-12-02 14:59:25,155 INFO maxHealthCheckFailCount:12

2024-12-02 14:59:25,155 INFO maxContent:10485760

2024-12-02 14:59:40,580 INFO notifyConnectTimeout:100

2024-12-02 14:59:40,583 INFO notifySocketTimeout:200

2024-12-02 14:59:40,584 INFO isHealthCheck:true

2024-12-02 14:59:40,584 INFO maxHealthCheckFailCount:12

2024-12-02 14:59:40,585 INFO maxContent:10485760

2024-12-02 14:59:55,889 INFO notifyConnectTimeout:100

2024-12-02 14:59:55,893 INFO notifySocketTimeout:200

2024-12-02 14:59:55,894 INFO isHealthCheck:true

2024-12-02 14:59:55,894 INFO maxHealthCheckFailCount:12

2024-12-02 14:59:55,895 INFO maxContent:10485760

2024-12-02 15:00:11,432 INFO notifyConnectTimeout:100

2024-12-02 15:00:11,436 INFO notifySocketTimeout:200

2024-12-02 15:00:11,437 INFO isHealthCheck:true

2024-12-02 15:00:11,437 INFO maxHealthCheckFailCount:12

2024-12-02 15:00:11,438 INFO maxContent:10485760

2024-12-02 15:00:26,994 INFO notifyConnectTimeout:100

2024-12-02 15:00:26,997 INFO notifySocketTimeout:200

2024-12-02 15:00:26,997 INFO isHealthCheck:true

2024-12-02 15:00:26,998 INFO maxHealthCheckFailCount:12

2024-12-02 15:00:26,998 INFO maxContent:10485760

2024-12-02 15:00:42,586 INFO notifyConnectTimeout:100

2024-12-02 15:00:42,590 INFO notifySocketTimeout:200

2024-12-02 15:00:42,590 INFO isHealthCheck:true

2024-12-02 15:00:42,591 INFO maxHealthCheckFailCount:12

2024-12-02 15:00:42,591 INFO maxContent:10485760

2024-12-02 15:00:58,080 INFO notifyConnectTimeout:100

2024-12-02 15:00:58,083 INFO notifySocketTimeout:200

2024-12-02 15:00:58,084 INFO isHealthCheck:true

2024-12-02 15:00:58,084 INFO maxHealthCheckFailCount:12

2024-12-02 15:00:58,084 INFO maxContent:10485760

2024-12-02 15:01:13,751 INFO notifyConnectTimeout:100

2024-12-02 15:01:13,755 INFO notifySocketTimeout:200

2024-12-02 15:01:13,755 INFO isHealthCheck:true

2024-12-02 15:01:13,756 INFO maxHealthCheckFailCount:12

2024-12-02 15:01:13,756 INFO maxContent:10485760

2024-12-02 15:01:31,169 INFO notifyConnectTimeout:100

2024-12-02 15:01:31,174 INFO notifySocketTimeout:200

2024-12-02 15:01:31,174 INFO isHealthCheck:true

2024-12-02 15:01:31,175 INFO maxHealthCheckFailCount:12

2024-12-02 15:01:31,175 INFO maxContent:10485760

2024-12-02 15:01:50,257 INFO notifyConnectTimeout:100

2024-12-02 15:01:50,263 INFO notifySocketTimeout:200

2024-12-02 15:01:50,263 INFO isHealthCheck:true

2024-12-02 15:01:50,266 INFO maxHealthCheckFailCount:12

2024-12-02 15:01:50,267 INFO maxContent:10485760

2024-12-02 15:02:07,718 INFO notifyConnectTimeout:100

2024-12-02 15:02:07,721 INFO notifySocketTimeout:200

2024-12-02 15:02:07,722 INFO isHealthCheck:true

2024-12-02 15:02:07,722 INFO maxHealthCheckFailCount:12

2024-12-02 15:02:07,723 INFO maxContent:10485760

2024-12-02 15:02:23,453 INFO notifyConnectTimeout:100

2024-12-02 15:02:23,456 INFO notifySocketTimeout:200

2024-12-02 15:02:23,457 INFO isHealthCheck:true

2024-12-02 15:02:23,457 INFO maxHealthCheckFailCount:12

2024-12-02 15:02:23,458 INFO maxContent:10485760

2024-12-02 15:02:39,293 INFO notifyConnectTimeout:100

2024-12-02 15:02:39,296 INFO notifySocketTimeout:200

2024-12-02 15:02:39,297 INFO isHealthCheck:true

2024-12-02 15:02:39,297 INFO maxHealthCheckFailCount:12

2024-12-02 15:02:39,298 INFO maxContent:10485760

2024-12-02 15:02:54,989 INFO notifyConnectTimeout:100

2024-12-02 15:02:54,992 INFO notifySocketTimeout:200

2024-12-02 15:02:54,992 INFO isHealthCheck:true

2024-12-02 15:02:54,993 INFO maxHealthCheckFailCount:12

2024-12-02 15:02:54,993 INFO maxContent:10485760

2024-12-02 15:03:10,851 INFO notifyConnectTimeout:100

2024-12-02 15:03:10,854 INFO notifySocketTimeout:200

2024-12-02 15:03:10,855 INFO isHealthCheck:true

2024-12-02 15:03:10,856 INFO maxHealthCheckFailCount:12

2024-12-02 15:03:10,856 INFO maxContent:10485760

2024-12-02 15:03:26,566 INFO notifyConnectTimeout:100

2024-12-02 15:03:26,570 INFO notifySocketTimeout:200

2024-12-02 15:03:26,571 INFO isHealthCheck:true

2024-12-02 15:03:26,571 INFO maxHealthCheckFailCount:12

2024-12-02 15:03:26,572 INFO maxContent:10485760

2024-12-02 15:03:42,187 INFO notifyConnectTimeout:100

2024-12-02 15:03:42,190 INFO notifySocketTimeout:200

2024-12-02 15:03:42,191 INFO isHealthCheck:true

2024-12-02 15:03:42,191 INFO maxHealthCheckFailCount:12

2024-12-02 15:03:42,192 INFO maxContent:10485760

2024-12-02 15:03:57,874 INFO notifyConnectTimeout:100

2024-12-02 15:03:57,877 INFO notifySocketTimeout:200

2024-12-02 15:03:57,877 INFO isHealthCheck:true

2024-12-02 15:03:57,878 INFO maxHealthCheckFailCount:12

2024-12-02 15:03:57,878 INFO maxContent:10485760

2024-12-02 15:04:13,386 INFO notifyConnectTimeout:100

2024-12-02 15:04:13,390 INFO notifySocketTimeout:200

2024-12-02 15:04:13,390 INFO isHealthCheck:true

2024-12-02 15:04:13,391 INFO maxHealthCheckFailCount:12

2024-12-02 15:04:13,391 INFO maxContent:10485760

2024-12-02 15:04:29,147 INFO notifyConnectTimeout:100

2024-12-02 15:04:29,150 INFO notifySocketTimeout:200

2024-12-02 15:04:29,151 INFO isHealthCheck:true

2024-12-02 15:04:29,151 INFO maxHealthCheckFailCount:12

2024-12-02 15:04:29,152 INFO maxContent:10485760

2024-12-02 15:04:44,815 INFO notifyConnectTimeout:100

2024-12-02 15:04:44,819 INFO notifySocketTimeout:200

2024-12-02 15:04:44,819 INFO isHealthCheck:true

2024-12-02 15:04:44,820 INFO maxHealthCheckFailCount:12

2024-12-02 15:04:44,820 INFO maxContent:10485760

2024-12-02 15:05:00,312 INFO notifyConnectTimeout:100

2024-12-02 15:05:00,315 INFO notifySocketTimeout:200

2024-12-02 15:05:00,316 INFO isHealthCheck:true

2024-12-02 15:05:00,316 INFO maxHealthCheckFailCount:12

2024-12-02 15:05:00,317 INFO maxContent:10485760

2024-12-02 15:05:15,890 INFO notifyConnectTimeout:100

2024-12-02 15:05:15,893 INFO notifySocketTimeout:200

2024-12-02 15:05:15,894 INFO isHealthCheck:true

2024-12-02 15:05:15,894 INFO maxHealthCheckFailCount:12

2024-12-02 15:05:15,894 INFO maxContent:10485760

2024-12-02 15:05:31,425 INFO notifyConnectTimeout:100

2024-12-02 15:05:31,428 INFO notifySocketTimeout:200

2024-12-02 15:05:31,428 INFO isHealthCheck:true

2024-12-02 15:05:31,429 INFO maxHealthCheckFailCount:12

2024-12-02 15:05:31,429 INFO maxContent:10485760

2024-12-02 15:05:47,033 INFO notifyConnectTimeout:100

2024-12-02 15:05:47,036 INFO notifySocketTimeout:200

2024-12-02 15:05:47,037 INFO isHealthCheck:true

2024-12-02 15:05:47,037 INFO maxHealthCheckFailCount:12

2024-12-02 15:05:47,038 INFO maxContent:10485760

2024-12-02 15:06:02,483 INFO notifyConnectTimeout:100

2024-12-02 15:06:02,486 INFO notifySocketTimeout:200

2024-12-02 15:06:02,487 INFO isHealthCheck:true

2024-12-02 15:06:02,487 INFO maxHealthCheckFailCount:12

2024-12-02 15:06:02,488 INFO maxContent:10485760

2024-12-02 15:06:18,111 INFO notifyConnectTimeout:100

2024-12-02 15:06:18,115 INFO notifySocketTimeout:200

2024-12-02 15:06:18,115 INFO isHealthCheck:true

2024-12-02 15:06:18,116 INFO maxHealthCheckFailCount:12

2024-12-02 15:06:18,116 INFO maxContent:10485760

2024-12-02 15:06:33,651 INFO notifyConnectTimeout:100

2024-12-02 15:06:33,654 INFO notifySocketTimeout:200

2024-12-02 15:06:33,654 INFO isHealthCheck:true

2024-12-02 15:06:33,655 INFO maxHealthCheckFailCount:12

2024-12-02 15:06:33,655 INFO maxContent:10485760

2024-12-02 15:06:49,126 INFO notifyConnectTimeout:100

2024-12-02 15:06:49,129 INFO notifySocketTimeout:200

2024-12-02 15:06:49,130 INFO isHealthCheck:true

2024-12-02 15:06:49,130 INFO maxHealthCheckFailCount:12

2024-12-02 15:06:49,131 INFO maxContent:10485760

2024-12-02 15:07:04,608 INFO notifyConnectTimeout:100

2024-12-02 15:07:04,611 INFO notifySocketTimeout:200

2024-12-02 15:07:04,611 INFO isHealthCheck:true

2024-12-02 15:07:04,612 INFO maxHealthCheckFailCount:12

2024-12-02 15:07:04,612 INFO maxContent:10485760

2024-12-02 15:07:20,015 INFO notifyConnectTimeout:100

2024-12-02 15:07:20,018 INFO notifySocketTimeout:200

2024-12-02 15:07:20,019 INFO isHealthCheck:true

2024-12-02 15:07:20,019 INFO maxHealthCheckFailCount:12

2024-12-02 15:07:20,019 INFO maxContent:10485760

2024-12-02 15:07:35,562 INFO notifyConnectTimeout:100

2024-12-02 15:07:35,565 INFO notifySocketTimeout:200

2024-12-02 15:07:35,566 INFO isHealthCheck:true

2024-12-02 15:07:35,566 INFO maxHealthCheckFailCount:12

2024-12-02 15:07:35,567 INFO maxContent:10485760

2024-12-02 15:07:51,227 INFO notifyConnectTimeout:100

2024-12-02 15:07:51,231 INFO notifySocketTimeout:200

2024-12-02 15:07:51,232 INFO isHealthCheck:true

2024-12-02 15:07:51,232 INFO maxHealthCheckFailCount:12

2024-12-02 15:07:51,233 INFO maxContent:10485760

2024-12-02 15:08:06,945 INFO notifyConnectTimeout:100

2024-12-02 15:08:06,949 INFO notifySocketTimeout:200

2024-12-02 15:08:06,949 INFO isHealthCheck:true

2024-12-02 15:08:06,950 INFO maxHealthCheckFailCount:12

2024-12-02 15:08:06,950 INFO maxContent:10485760

2024-12-02 15:08:22,646 INFO notifyConnectTimeout:100

2024-12-02 15:08:22,649 INFO notifySocketTimeout:200

2024-12-02 15:08:22,649 INFO isHealthCheck:true

2024-12-02 15:08:22,650 INFO maxHealthCheckFailCount:12

2024-12-02 15:08:22,650 INFO maxContent:10485760

2024-12-02 15:08:38,308 INFO notifyConnectTimeout:100

2024-12-02 15:08:38,312 INFO notifySocketTimeout:200

2024-12-02 15:08:38,313 INFO isHealthCheck:true

2024-12-02 15:08:38,313 INFO maxHealthCheckFailCount:12

2024-12-02 15:08:38,314 INFO maxContent:10485760

2024-12-02 15:08:54,082 INFO notifyConnectTimeout:100

2024-12-02 15:08:54,085 INFO notifySocketTimeout:200

2024-12-02 15:08:54,086 INFO isHealthCheck:true

2024-12-02 15:08:54,086 INFO maxHealthCheckFailCount:12

2024-12-02 15:08:54,087 INFO maxContent:10485760

2024-12-02 15:09:09,734 INFO notifyConnectTimeout:100

2024-12-02 15:09:09,738 INFO notifySocketTimeout:200

2024-12-02 15:09:09,738 INFO isHealthCheck:true

2024-12-02 15:09:09,739 INFO maxHealthCheckFailCount:12

2024-12-02 15:09:09,739 INFO maxContent:10485760

2024-12-02 15:09:25,338 INFO notifyConnectTimeout:100

2024-12-02 15:09:25,342 INFO notifySocketTimeout:200

2024-12-02 15:09:25,343 INFO isHealthCheck:true

2024-12-02 15:09:25,343 INFO maxHealthCheckFailCount:12

2024-12-02 15:09:25,343 INFO maxContent:10485760

2024-12-02 15:09:41,018 INFO notifyConnectTimeout:100

2024-12-02 15:09:41,021 INFO notifySocketTimeout:200

2024-12-02 15:09:41,022 INFO isHealthCheck:true

2024-12-02 15:09:41,022 INFO maxHealthCheckFailCount:12

2024-12-02 15:09:41,023 INFO maxContent:10485760

2024-12-02 15:09:56,744 INFO notifyConnectTimeout:100

2024-12-02 15:09:56,747 INFO notifySocketTimeout:200

2024-12-02 15:09:56,747 INFO isHealthCheck:true

2024-12-02 15:09:56,748 INFO maxHealthCheckFailCount:12

2024-12-02 15:09:56,748 INFO maxContent:10485760

2024-12-02 15:10:12,397 INFO notifyConnectTimeout:100

2024-12-02 15:10:12,400 INFO notifySocketTimeout:200

2024-12-02 15:10:12,401 INFO isHealthCheck:true

2024-12-02 15:10:12,401 INFO maxHealthCheckFailCount:12

2024-12-02 15:10:12,402 INFO maxContent:10485760

2024-12-02 15:10:27,915 INFO notifyConnectTimeout:100

2024-12-02 15:10:27,919 INFO notifySocketTimeout:200

2024-12-02 15:10:27,920 INFO isHealthCheck:true

2024-12-02 15:10:27,920 INFO maxHealthCheckFailCount:12

2024-12-02 15:10:27,921 INFO maxContent:10485760

2024-12-02 15:10:43,462 INFO notifyConnectTimeout:100

2024-12-02 15:10:43,465 INFO notifySocketTimeout:200

2024-12-02 15:10:43,466 INFO isHealthCheck:true

2024-12-02 15:10:43,467 INFO maxHealthCheckFailCount:12

2024-12-02 15:10:43,467 INFO maxContent:10485760

2024-12-02 15:10:58,980 INFO notifyConnectTimeout:100

2024-12-02 15:10:58,984 INFO notifySocketTimeout:200

2024-12-02 15:10:58,985 INFO isHealthCheck:true

2024-12-02 15:10:58,985 INFO maxHealthCheckFailCount:12

2024-12-02 15:10:58,985 INFO maxContent:10485760

2024-12-02 15:11:14,471 INFO notifyConnectTimeout:100

2024-12-02 15:11:14,474 INFO notifySocketTimeout:200

2024-12-02 15:11:14,474 INFO isHealthCheck:true

2024-12-02 15:11:14,475 INFO maxHealthCheckFailCount:12

2024-12-02 15:11:14,475 INFO maxContent:10485760

2024-12-02 15:11:29,886 INFO notifyConnectTimeout:100

2024-12-02 15:11:29,889 INFO notifySocketTimeout:200

2024-12-02 15:11:29,889 INFO isHealthCheck:true

2024-12-02 15:11:29,890 INFO maxHealthCheckFailCount:12

2024-12-02 15:11:29,890 INFO maxContent:10485760

2024-12-02 15:11:45,341 INFO notifyConnectTimeout:100

2024-12-02 15:11:45,345 INFO notifySocketTimeout:200

2024-12-02 15:11:45,345 INFO isHealthCheck:true

2024-12-02 15:11:45,345 INFO maxHealthCheckFailCount:12

2024-12-02 15:11:45,346 INFO maxContent:10485760

2024-12-02 15:12:00,862 INFO notifyConnectTimeout:100

2024-12-02 15:12:00,866 INFO notifySocketTimeout:200

2024-12-02 15:12:00,867 INFO isHealthCheck:true

2024-12-02 15:12:00,867 INFO maxHealthCheckFailCount:12

2024-12-02 15:12:00,867 INFO maxContent:10485760

2024-12-02 15:12:16,616 INFO notifyConnectTimeout:100

2024-12-02 15:12:16,619 INFO notifySocketTimeout:200

2024-12-02 15:12:16,619 INFO isHealthCheck:true

2024-12-02 15:12:16,620 INFO maxHealthCheckFailCount:12

2024-12-02 15:12:16,620 INFO maxContent:10485760

2024-12-02 15:12:31,893 INFO notifyConnectTimeout:100

2024-12-02 15:12:31,897 INFO notifySocketTimeout:200

2024-12-02 15:12:31,897 INFO isHealthCheck:true

2024-12-02 15:12:31,898 INFO maxHealthCheckFailCount:12

2024-12-02 15:12:31,898 INFO maxContent:10485760

2024-12-02 15:12:47,258 INFO notifyConnectTimeout:100

2024-12-02 15:12:47,261 INFO notifySocketTimeout:200

2024-12-02 15:12:47,262 INFO isHealthCheck:true

2024-12-02 15:12:47,262 INFO maxHealthCheckFailCount:12

2024-12-02 15:12:47,263 INFO maxContent:10485760

2024-12-02 15:13:02,696 INFO notifyConnectTimeout:100

2024-12-02 15:13:02,699 INFO notifySocketTimeout:200

2024-12-02 15:13:02,699 INFO isHealthCheck:true

2024-12-02 15:13:02,700 INFO maxHealthCheckFailCount:12

2024-12-02 15:13:02,700 INFO maxContent:10485760

2024-12-02 15:13:17,993 INFO notifyConnectTimeout:100

2024-12-02 15:13:17,996 INFO notifySocketTimeout:200

2024-12-02 15:13:17,997 INFO isHealthCheck:true

2024-12-02 15:13:17,998 INFO maxHealthCheckFailCount:12

2024-12-02 15:13:17,999 INFO maxContent:10485760

2024-12-02 15:13:33,345 INFO notifyConnectTimeout:100

2024-12-02 15:13:33,348 INFO notifySocketTimeout:200

2024-12-02 15:13:33,348 INFO isHealthCheck:true

2024-12-02 15:13:33,349 INFO maxHealthCheckFailCount:12

2024-12-02 15:13:33,349 INFO maxContent:10485760

2024-12-02 15:13:48,717 INFO notifyConnectTimeout:100

2024-12-02 15:13:48,720 INFO notifySocketTimeout:200

2024-12-02 15:13:48,721 INFO isHealthCheck:true

2024-12-02 15:13:48,721 INFO maxHealthCheckFailCount:12

2024-12-02 15:13:48,722 INFO maxContent:10485760

2024-12-02 15:14:04,125 INFO notifyConnectTimeout:100

2024-12-02 15:14:04,128 INFO notifySocketTimeout:200

2024-12-02 15:14:04,128 INFO isHealthCheck:true

2024-12-02 15:14:04,129 INFO maxHealthCheckFailCount:12

2024-12-02 15:14:04,129 INFO maxContent:10485760

2024-12-02 15:14:19,656 INFO notifyConnectTimeout:100

2024-12-02 15:14:19,659 INFO notifySocketTimeout:200

2024-12-02 15:14:19,660 INFO isHealthCheck:true

2024-12-02 15:14:19,660 INFO maxHealthCheckFailCount:12

2024-12-02 15:14:19,661 INFO maxContent:10485760

2024-12-02 15:14:35,078 INFO notifyConnectTimeout:100

2024-12-02 15:14:35,082 INFO notifySocketTimeout:200

2024-12-02 15:14:35,082 INFO isHealthCheck:true

2024-12-02 15:14:35,083 INFO maxHealthCheckFailCount:12

2024-12-02 15:14:35,084 INFO maxContent:10485760

2024-12-02 15:14:50,579 INFO notifyConnectTimeout:100

2024-12-02 15:14:50,583 INFO notifySocketTimeout:200

2024-12-02 15:14:50,583 INFO isHealthCheck:true

2024-12-02 15:14:50,583 INFO maxHealthCheckFailCount:12

2024-12-02 15:14:50,584 INFO maxContent:10485760

2024-12-02 15:15:06,042 INFO notifyConnectTimeout:100

2024-12-02 15:15:06,045 INFO notifySocketTimeout:200

2024-12-02 15:15:06,046 INFO isHealthCheck:true

2024-12-02 15:15:06,047 INFO maxHealthCheckFailCount:12

2024-12-02 15:15:06,047 INFO maxContent:10485760

2024-12-02 15:15:21,589 INFO notifyConnectTimeout:100

2024-12-02 15:15:21,593 INFO notifySocketTimeout:200

2024-12-02 15:15:21,594 INFO isHealthCheck:true

2024-12-02 15:15:21,594 INFO maxHealthCheckFailCount:12

2024-12-02 15:15:21,595 INFO maxContent:10485760

2024-12-02 15:15:37,017 INFO notifyConnectTimeout:100

2024-12-02 15:15:37,020 INFO notifySocketTimeout:200

2024-12-02 15:15:37,021 INFO isHealthCheck:true

2024-12-02 15:15:37,021 INFO maxHealthCheckFailCount:12

2024-12-02 15:15:37,022 INFO maxContent:10485760

2024-12-02 15:15:52,506 INFO notifyConnectTimeout:100

2024-12-02 15:15:52,510 INFO notifySocketTimeout:200

2024-12-02 15:15:52,511 INFO isHealthCheck:true

2024-12-02 15:15:52,511 INFO maxHealthCheckFailCount:12

2024-12-02 15:15:52,512 INFO maxContent:10485760

2024-12-02 15:16:07,891 INFO notifyConnectTimeout:100

2024-12-02 15:16:07,895 INFO notifySocketTimeout:200

2024-12-02 15:16:07,895 INFO isHealthCheck:true

2024-12-02 15:16:07,896 INFO maxHealthCheckFailCount:12

2024-12-02 15:16:07,896 INFO maxContent:10485760

2024-12-02 15:16:23,366 INFO notifyConnectTimeout:100

2024-12-02 15:16:23,370 INFO notifySocketTimeout:200

2024-12-02 15:16:23,370 INFO isHealthCheck:true

2024-12-02 15:16:23,371 INFO maxHealthCheckFailCount:12

2024-12-02 15:16:23,371 INFO maxContent:10485760

2024-12-02 15:16:38,858 INFO notifyConnectTimeout:100

2024-12-02 15:16:38,861 INFO notifySocketTimeout:200

2024-12-02 15:16:38,862 INFO isHealthCheck:true

2024-12-02 15:16:38,862 INFO maxHealthCheckFailCount:12

2024-12-02 15:16:38,863 INFO maxContent:10485760

2024-12-02 15:16:54,288 INFO notifyConnectTimeout:100

2024-12-02 15:16:54,291 INFO notifySocketTimeout:200

2024-12-02 15:16:54,292 INFO isHealthCheck:true

2024-12-02 15:16:54,292 INFO maxHealthCheckFailCount:12

2024-12-02 15:16:54,292 INFO maxContent:10485760

2024-12-02 15:17:09,634 INFO notifyConnectTimeout:100

2024-12-02 15:17:09,638 INFO notifySocketTimeout:200

2024-12-02 15:17:09,638 INFO isHealthCheck:true

2024-12-02 15:17:09,639 INFO maxHealthCheckFailCount:12

2024-12-02 15:17:09,639 INFO maxContent:10485760

2024-12-02 15:17:25,166 INFO notifyConnectTimeout:100

2024-12-02 15:17:25,169 INFO notifySocketTimeout:200

2024-12-02 15:17:25,169 INFO isHealthCheck:true

2024-12-02 15:17:25,170 INFO maxHealthCheckFailCount:12

2024-12-02 15:17:25,170 INFO maxContent:10485760

2024-12-02 15:17:40,622 INFO notifyConnectTimeout:100

2024-12-02 15:17:40,625 INFO notifySocketTimeout:200

2024-12-02 15:17:40,626 INFO isHealthCheck:true

2024-12-02 15:17:40,626 INFO maxHealthCheckFailCount:12

2024-12-02 15:17:40,627 INFO maxContent:10485760

2024-12-02 15:17:56,056 INFO notifyConnectTimeout:100

2024-12-02 15:17:56,059 INFO notifySocketTimeout:200

2024-12-02 15:17:56,059 INFO isHealthCheck:true

2024-12-02 15:17:56,060 INFO maxHealthCheckFailCount:12

2024-12-02 15:17:56,060 INFO maxContent:10485760

2024-12-02 15:18:11,525 INFO notifyConnectTimeout:100

2024-12-02 15:18:11,528 INFO notifySocketTimeout:200

2024-12-02 15:18:11,529 INFO isHealthCheck:true

2024-12-02 15:18:11,529 INFO maxHealthCheckFailCount:12

2024-12-02 15:18:11,530 INFO maxContent:10485760

2024-12-02 15:18:26,970 INFO notifyConnectTimeout:100

2024-12-02 15:18:26,974 INFO notifySocketTimeout:200

2024-12-02 15:18:26,974 INFO isHealthCheck:true

2024-12-02 15:18:26,975 INFO maxHealthCheckFailCount:12

2024-12-02 15:18:26,975 INFO maxContent:10485760

2024-12-02 15:18:42,434 INFO notifyConnectTimeout:100

2024-12-02 15:18:42,438 INFO notifySocketTimeout:200

2024-12-02 15:18:42,439 INFO isHealthCheck:true

2024-12-02 15:18:42,439 INFO maxHealthCheckFailCount:12

2024-12-02 15:18:42,440 INFO maxContent:10485760

2024-12-02 15:18:57,820 INFO notifyConnectTimeout:100

2024-12-02 15:18:57,823 INFO notifySocketTimeout:200

2024-12-02 15:18:57,824 INFO isHealthCheck:true

2024-12-02 15:18:57,825 INFO maxHealthCheckFailCount:12

2024-12-02 15:18:57,825 INFO maxContent:10485760

2024-12-02 15:19:13,323 INFO notifyConnectTimeout:100

2024-12-02 15:19:13,326 INFO notifySocketTimeout:200

2024-12-02 15:19:13,327 INFO isHealthCheck:true

2024-12-02 15:19:13,327 INFO maxHealthCheckFailCount:12

2024-12-02 15:19:13,328 INFO maxContent:10485760

2024-12-02 15:19:28,887 INFO notifyConnectTimeout:100

2024-12-02 15:19:28,891 INFO notifySocketTimeout:200

2024-12-02 15:19:28,891 INFO isHealthCheck:true

2024-12-02 15:19:28,892 INFO maxHealthCheckFailCount:12

2024-12-02 15:19:28,892 INFO maxContent:10485760

2024-12-02 15:19:44,358 INFO notifyConnectTimeout:100

2024-12-02 15:19:44,360 INFO notifySocketTimeout:200

2024-12-02 15:19:44,361 INFO isHealthCheck:true

2024-12-02 15:19:44,361 INFO maxHealthCheckFailCount:12

2024-12-02 15:19:44,362 INFO maxContent:10485760

2024-12-02 15:19:59,782 INFO notifyConnectTimeout:100

2024-12-02 15:19:59,786 INFO notifySocketTimeout:200

2024-12-02 15:19:59,786 INFO isHealthCheck:true

2024-12-02 15:19:59,787 INFO maxHealthCheckFailCount:12

2024-12-02 15:19:59,787 INFO maxContent:10485760

2024-12-02 15:20:15,335 INFO notifyConnectTimeout:100

2024-12-02 15:20:15,339 INFO notifySocketTimeout:200

2024-12-02 15:20:15,340 INFO isHealthCheck:true

2024-12-02 15:20:15,341 INFO maxHealthCheckFailCount:12

2024-12-02 15:20:15,341 INFO maxContent:10485760

2024-12-02 15:20:30,901 INFO notifyConnectTimeout:100

2024-12-02 15:20:30,905 INFO notifySocketTimeout:200

2024-12-02 15:20:30,905 INFO isHealthCheck:true

2024-12-02 15:20:30,906 INFO maxHealthCheckFailCount:12

2024-12-02 15:20:30,906 INFO maxContent:10485760

2024-12-02 15:20:46,566 INFO notifyConnectTimeout:100

2024-12-02 15:20:46,569 INFO notifySocketTimeout:200

2024-12-02 15:20:46,570 INFO isHealthCheck:true

2024-12-02 15:20:46,570 INFO maxHealthCheckFailCount:12

2024-12-02 15:20:46,571 INFO maxContent:10485760

2024-12-02 15:21:02,264 INFO notifyConnectTimeout:100

2024-12-02 15:21:02,268 INFO notifySocketTimeout:200

2024-12-02 15:21:02,269 INFO isHealthCheck:true

2024-12-02 15:21:02,269 INFO maxHealthCheckFailCount:12

2024-12-02 15:21:02,270 INFO maxContent:10485760

2024-12-02 15:21:18,187 INFO notifyConnectTimeout:100

2024-12-02 15:21:18,190 INFO notifySocketTimeout:200

2024-12-02 15:21:18,191 INFO isHealthCheck:true

2024-12-02 15:21:18,191 INFO maxHealthCheckFailCount:12

2024-12-02 15:21:18,192 INFO maxContent:10485760

2024-12-02 15:21:33,809 INFO notifyConnectTimeout:100

2024-12-02 15:21:33,814 INFO notifySocketTimeout:200

2024-12-02 15:21:33,815 INFO isHealthCheck:true

2024-12-02 15:21:33,816 INFO maxHealthCheckFailCount:12

2024-12-02 15:21:33,817 INFO maxContent:10485760

2024-12-02 15:21:49,708 INFO notifyConnectTimeout:100

2024-12-02 15:21:49,711 INFO notifySocketTimeout:200

2024-12-02 15:21:49,712 INFO isHealthCheck:true

2024-12-02 15:21:49,712 INFO maxHealthCheckFailCount:12

2024-12-02 15:21:49,712 INFO maxContent:10485760

