2024-11-26 12:30:09,850 INFO [dump] md5 changed, save to disk cache ,groupKey=nacos-payment-provider-dev.yaml+group-dev+c9e3be4d-5169-46ab-aed9-3e2c94165578, newMd5=82259468b2e24801794092ae390e3318,oldMd5=

2024-11-26 12:30:09,850 INFO [dump] md5 changed, save to disk cache ,groupKey=nacos-payment-provider-prod.yaml+group-prod+a40464ac-f1c6-4c33-9650-5c576e4bc3ee, newMd5=3550503e8e85edb174ba5295cabf572c,oldMd5=

2024-11-26 12:30:09,850 INFO [dump] md5 changed, save to disk cache ,groupKey=nacos-qxmain-nacos.yaml+qxmain+c9e3be4d-5169-46ab-aed9-3e2c94165578, newMd5=cdfd20c8bc36de4de1bd95397fff1669,oldMd5=

2024-11-26 12:30:09,850 INFO [dump] md5 changed, save to disk cache ,groupKey=nacos-cloud-gateway-dev.yaml+group-dev+c9e3be4d-5169-46ab-aed9-3e2c94165578, newMd5=a7defe9b87fb4b8c13a6c48bcb76120a,oldMd5=

2024-11-26 12:30:09,850 INFO [dump] md5 changed, save to disk cache ,groupKey=qxdata-cloud-gateway-dev+qxdatacloud+c9e3be4d-5169-46ab-aed9-3e2c94165578, newMd5=3e08ded6dcb9f9acf05bcd10669e031a,oldMd5=

2024-11-26 12:30:09,885 INFO [dump] md5 changed, update md5 and timestamp in jvm cache ,groupKey=nacos-cloud-gateway-dev.yaml+group-dev+c9e3be4d-5169-46ab-aed9-3e2c94165578, newMd5=a7defe9b87fb4b8c13a6c48bcb76120a,oldMd5=,lastModifiedTs=1732244538000

2024-11-26 12:30:09,885 INFO [dump] md5 changed, update md5 and timestamp in jvm cache ,groupKey=nacos-payment-provider-prod.yaml+group-prod+a40464ac-f1c6-4c33-9650-5c576e4bc3ee, newMd5=3550503e8e85edb174ba5295cabf572c,oldMd5=,lastModifiedTs=1732235833000

2024-11-26 12:30:09,885 INFO [dump] md5 changed, update md5 and timestamp in jvm cache ,groupKey=nacos-payment-provider-dev.yaml+group-dev+c9e3be4d-5169-46ab-aed9-3e2c94165578, newMd5=82259468b2e24801794092ae390e3318,oldMd5=,lastModifiedTs=1732235639000

2024-11-26 12:30:09,896 INFO [dump-all-ok] nacos-payment-provider-dev.yaml+group-dev, 1732235639000, length=2315,md5UTF8=82259468b2e24801794092ae390e3318

2024-11-26 12:30:09,892 INFO [dump] md5 changed, update md5 and timestamp in jvm cache ,groupKey=nacos-qxmain-nacos.yaml+qxmain+c9e3be4d-5169-46ab-aed9-3e2c94165578, newMd5=cdfd20c8bc36de4de1bd95397fff1669,oldMd5=,lastModifiedTs=1721678751000

2024-11-26 12:30:09,885 INFO [dump-all-ok] nacos-cloud-gateway-dev.yaml+group-dev, 1732244538000, length=128,md5UTF8=a7defe9b87fb4b8c13a6c48bcb76120a

2024-11-26 12:30:09,898 INFO [dump-all-ok] nacos-qxmain-nacos.yaml+qxmain, 1721678751000, length=7191,md5UTF8=cdfd20c8bc36de4de1bd95397fff1669

2024-11-26 12:30:09,885 INFO [dump] md5 changed, update md5 and timestamp in jvm cache ,groupKey=qxdata-cloud-gateway-dev+qxdatacloud+c9e3be4d-5169-46ab-aed9-3e2c94165578, newMd5=3e08ded6dcb9f9acf05bcd10669e031a,oldMd5=,lastModifiedTs=1732562292000

2024-11-26 12:30:09,902 INFO [dump-all-ok] qxdata-cloud-gateway-dev+qxdatacloud, 1732562292000, length=137,md5UTF8=3e08ded6dcb9f9acf05bcd10669e031a

2024-11-26 12:30:09,886 INFO [dump-all-ok] nacos-payment-provider-prod.yaml+group-prod, 1732235833000, length=2317,md5UTF8=3550503e8e85edb174ba5295cabf572c

2024-11-26 12:34:00,297 INFO [dump] md5 changed, save to disk cache ,groupKey=nacos-payment-provider-prod.yaml+group-prod+a40464ac-f1c6-4c33-9650-5c576e4bc3ee, newMd5=3550503e8e85edb174ba5295cabf572c,oldMd5=

2024-11-26 12:34:00,297 INFO [dump] md5 changed, save to disk cache ,groupKey=nacos-cloud-gateway-dev.yaml+group-dev+c9e3be4d-5169-46ab-aed9-3e2c94165578, newMd5=a7defe9b87fb4b8c13a6c48bcb76120a,oldMd5=

2024-11-26 12:34:00,297 INFO [dump] md5 changed, save to disk cache ,groupKey=qxdata-cloud-gateway-dev+qxdatacloud+c9e3be4d-5169-46ab-aed9-3e2c94165578, newMd5=3e08ded6dcb9f9acf05bcd10669e031a,oldMd5=

2024-11-26 12:34:00,297 INFO [dump] md5 changed, save to disk cache ,groupKey=nacos-qxmain-nacos.yaml+qxmain+c9e3be4d-5169-46ab-aed9-3e2c94165578, newMd5=cdfd20c8bc36de4de1bd95397fff1669,oldMd5=

2024-11-26 12:34:00,297 INFO [dump] md5 changed, save to disk cache ,groupKey=nacos-payment-provider-dev.yaml+group-dev+c9e3be4d-5169-46ab-aed9-3e2c94165578, newMd5=82259468b2e24801794092ae390e3318,oldMd5=

2024-11-26 12:34:00,312 INFO [dump] md5 changed, update md5 and timestamp in jvm cache ,groupKey=qxdata-cloud-gateway-dev+qxdatacloud+c9e3be4d-5169-46ab-aed9-3e2c94165578, newMd5=3e08ded6dcb9f9acf05bcd10669e031a,oldMd5=,lastModifiedTs=1732562292000

2024-11-26 12:34:00,312 INFO [dump] md5 changed, update md5 and timestamp in jvm cache ,groupKey=nacos-cloud-gateway-dev.yaml+group-dev+c9e3be4d-5169-46ab-aed9-3e2c94165578, newMd5=a7defe9b87fb4b8c13a6c48bcb76120a,oldMd5=,lastModifiedTs=1732244538000

2024-11-26 12:34:00,312 INFO [dump] md5 changed, update md5 and timestamp in jvm cache ,groupKey=nacos-payment-provider-prod.yaml+group-prod+a40464ac-f1c6-4c33-9650-5c576e4bc3ee, newMd5=3550503e8e85edb174ba5295cabf572c,oldMd5=,lastModifiedTs=1732235833000

2024-11-26 12:34:00,312 INFO [dump] md5 changed, update md5 and timestamp in jvm cache ,groupKey=nacos-payment-provider-dev.yaml+group-dev+c9e3be4d-5169-46ab-aed9-3e2c94165578, newMd5=82259468b2e24801794092ae390e3318,oldMd5=,lastModifiedTs=1732235639000

2024-11-26 12:34:00,313 INFO [dump] md5 changed, update md5 and timestamp in jvm cache ,groupKey=nacos-qxmain-nacos.yaml+qxmain+c9e3be4d-5169-46ab-aed9-3e2c94165578, newMd5=cdfd20c8bc36de4de1bd95397fff1669,oldMd5=,lastModifiedTs=1721678751000

2024-11-26 12:34:00,313 INFO [dump-all-ok] qxdata-cloud-gateway-dev+qxdatacloud, 1732562292000, length=137,md5UTF8=3e08ded6dcb9f9acf05bcd10669e031a

2024-11-26 12:34:00,313 INFO [dump-all-ok] nacos-cloud-gateway-dev.yaml+group-dev, 1732244538000, length=128,md5UTF8=a7defe9b87fb4b8c13a6c48bcb76120a

2024-11-26 12:34:00,313 INFO [dump-all-ok] nacos-payment-provider-prod.yaml+group-prod, 1732235833000, length=2317,md5UTF8=3550503e8e85edb174ba5295cabf572c

2024-11-26 12:34:00,314 INFO [dump-all-ok] nacos-payment-provider-dev.yaml+group-dev, 1732235639000, length=2315,md5UTF8=82259468b2e24801794092ae390e3318

2024-11-26 12:34:00,314 INFO [dump-all-ok] nacos-qxmain-nacos.yaml+qxmain, 1721678751000, length=7191,md5UTF8=cdfd20c8bc36de4de1bd95397fff1669

2024-11-26 12:38:20,522 INFO [dump] md5 changed, save to disk cache ,groupKey=nacos-payment-provider-prod.yaml+group-prod+a40464ac-f1c6-4c33-9650-5c576e4bc3ee, newMd5=3550503e8e85edb174ba5295cabf572c,oldMd5=

2024-11-26 12:38:20,524 INFO [dump] md5 changed, save to disk cache ,groupKey=nacos-payment-provider-dev.yaml+group-dev+c9e3be4d-5169-46ab-aed9-3e2c94165578, newMd5=82259468b2e24801794092ae390e3318,oldMd5=

2024-11-26 12:38:20,522 INFO [dump] md5 changed, save to disk cache ,groupKey=nacos-qxmain-nacos.yaml+qxmain+c9e3be4d-5169-46ab-aed9-3e2c94165578, newMd5=cdfd20c8bc36de4de1bd95397fff1669,oldMd5=

2024-11-26 12:38:20,523 INFO [dump] md5 changed, save to disk cache ,groupKey=nacos-cloud-gateway-dev.yaml+group-dev+c9e3be4d-5169-46ab-aed9-3e2c94165578, newMd5=a7defe9b87fb4b8c13a6c48bcb76120a,oldMd5=

2024-11-26 12:38:20,523 INFO [dump] md5 changed, save to disk cache ,groupKey=qxdata-cloud-gateway-dev+qxdatacloud+c9e3be4d-5169-46ab-aed9-3e2c94165578, newMd5=3e08ded6dcb9f9acf05bcd10669e031a,oldMd5=

2024-11-26 12:38:20,547 INFO [dump] md5 changed, update md5 and timestamp in jvm cache ,groupKey=qxdata-cloud-gateway-dev+qxdatacloud+c9e3be4d-5169-46ab-aed9-3e2c94165578, newMd5=3e08ded6dcb9f9acf05bcd10669e031a,oldMd5=,lastModifiedTs=1732562292000

2024-11-26 12:38:20,547 INFO [dump] md5 changed, update md5 and timestamp in jvm cache ,groupKey=nacos-payment-provider-prod.yaml+group-prod+a40464ac-f1c6-4c33-9650-5c576e4bc3ee, newMd5=3550503e8e85edb174ba5295cabf572c,oldMd5=,lastModifiedTs=1732235833000

2024-11-26 12:38:20,549 INFO [dump-all-ok] nacos-payment-provider-prod.yaml+group-prod, 1732235833000, length=2317,md5UTF8=3550503e8e85edb174ba5295cabf572c

2024-11-26 12:38:20,547 INFO [dump] md5 changed, update md5 and timestamp in jvm cache ,groupKey=nacos-cloud-gateway-dev.yaml+group-dev+c9e3be4d-5169-46ab-aed9-3e2c94165578, newMd5=a7defe9b87fb4b8c13a6c48bcb76120a,oldMd5=,lastModifiedTs=1732244538000

2024-11-26 12:38:20,550 INFO [dump-all-ok] nacos-cloud-gateway-dev.yaml+group-dev, 1732244538000, length=128,md5UTF8=a7defe9b87fb4b8c13a6c48bcb76120a

2024-11-26 12:38:20,548 INFO [dump] md5 changed, update md5 and timestamp in jvm cache ,groupKey=nacos-payment-provider-dev.yaml+group-dev+c9e3be4d-5169-46ab-aed9-3e2c94165578, newMd5=82259468b2e24801794092ae390e3318,oldMd5=,lastModifiedTs=1732235639000

2024-11-26 12:38:20,551 INFO [dump-all-ok] qxdata-cloud-gateway-dev+qxdatacloud, 1732562292000, length=137,md5UTF8=3e08ded6dcb9f9acf05bcd10669e031a

2024-11-26 12:38:20,549 INFO [dump] md5 changed, update md5 and timestamp in jvm cache ,groupKey=nacos-qxmain-nacos.yaml+qxmain+c9e3be4d-5169-46ab-aed9-3e2c94165578, newMd5=cdfd20c8bc36de4de1bd95397fff1669,oldMd5=,lastModifiedTs=1721678751000

2024-11-26 12:38:20,552 INFO [dump-all-ok] nacos-qxmain-nacos.yaml+qxmain, 1721678751000, length=7191,md5UTF8=cdfd20c8bc36de4de1bd95397fff1669

2024-11-26 12:38:20,551 INFO [dump-all-ok] nacos-payment-provider-dev.yaml+group-dev, 1732235639000, length=2315,md5UTF8=82259468b2e24801794092ae390e3318

2024-11-26 16:02:49,714 INFO [dump] md5 changed, save to disk cache ,groupKey=nacos-cloud-gateway-dev.yaml+group-dev+c9e3be4d-5169-46ab-aed9-3e2c94165578, newMd5=a7defe9b87fb4b8c13a6c48bcb76120a,oldMd5=

2024-11-26 16:02:49,714 INFO [dump] md5 changed, save to disk cache ,groupKey=qxdata-cloud-gateway-dev+qxdatacloud+c9e3be4d-5169-46ab-aed9-3e2c94165578, newMd5=3e08ded6dcb9f9acf05bcd10669e031a,oldMd5=

2024-11-26 16:02:49,714 INFO [dump] md5 changed, save to disk cache ,groupKey=nacos-qxmain-nacos.yaml+qxmain+c9e3be4d-5169-46ab-aed9-3e2c94165578, newMd5=cdfd20c8bc36de4de1bd95397fff1669,oldMd5=

2024-11-26 16:02:49,714 INFO [dump] md5 changed, save to disk cache ,groupKey=nacos-payment-provider-dev.yaml+group-dev+c9e3be4d-5169-46ab-aed9-3e2c94165578, newMd5=82259468b2e24801794092ae390e3318,oldMd5=

2024-11-26 16:02:49,715 INFO [dump] md5 changed, save to disk cache ,groupKey=nacos-payment-provider-prod.yaml+group-prod+a40464ac-f1c6-4c33-9650-5c576e4bc3ee, newMd5=3550503e8e85edb174ba5295cabf572c,oldMd5=

2024-11-26 16:02:49,731 INFO [dump] md5 changed, update md5 and timestamp in jvm cache ,groupKey=qxdata-cloud-gateway-dev+qxdatacloud+c9e3be4d-5169-46ab-aed9-3e2c94165578, newMd5=3e08ded6dcb9f9acf05bcd10669e031a,oldMd5=,lastModifiedTs=1732562292000

2024-11-26 16:02:49,732 INFO [dump] md5 changed, update md5 and timestamp in jvm cache ,groupKey=nacos-payment-provider-dev.yaml+group-dev+c9e3be4d-5169-46ab-aed9-3e2c94165578, newMd5=82259468b2e24801794092ae390e3318,oldMd5=,lastModifiedTs=1732235639000

2024-11-26 16:02:49,732 INFO [dump] md5 changed, update md5 and timestamp in jvm cache ,groupKey=nacos-cloud-gateway-dev.yaml+group-dev+c9e3be4d-5169-46ab-aed9-3e2c94165578, newMd5=a7defe9b87fb4b8c13a6c48bcb76120a,oldMd5=,lastModifiedTs=1732244538000

2024-11-26 16:02:49,732 INFO [dump-all-ok] qxdata-cloud-gateway-dev+qxdatacloud, 1732562292000, length=137,md5UTF8=3e08ded6dcb9f9acf05bcd10669e031a

2024-11-26 16:02:49,732 INFO [dump-all-ok] nacos-payment-provider-dev.yaml+group-dev, 1732235639000, length=2315,md5UTF8=82259468b2e24801794092ae390e3318

2024-11-26 16:02:49,732 INFO [dump-all-ok] nacos-cloud-gateway-dev.yaml+group-dev, 1732244538000, length=128,md5UTF8=a7defe9b87fb4b8c13a6c48bcb76120a

2024-11-26 16:02:49,733 INFO [dump] md5 changed, update md5 and timestamp in jvm cache ,groupKey=nacos-qxmain-nacos.yaml+qxmain+c9e3be4d-5169-46ab-aed9-3e2c94165578, newMd5=cdfd20c8bc36de4de1bd95397fff1669,oldMd5=,lastModifiedTs=1721678751000

2024-11-26 16:02:49,733 INFO [dump] md5 changed, update md5 and timestamp in jvm cache ,groupKey=nacos-payment-provider-prod.yaml+group-prod+a40464ac-f1c6-4c33-9650-5c576e4bc3ee, newMd5=3550503e8e85edb174ba5295cabf572c,oldMd5=,lastModifiedTs=1732235833000

2024-11-26 16:02:49,734 INFO [dump-all-ok] nacos-qxmain-nacos.yaml+qxmain, 1721678751000, length=7191,md5UTF8=cdfd20c8bc36de4de1bd95397fff1669

2024-11-26 16:02:49,734 INFO [dump-all-ok] nacos-payment-provider-prod.yaml+group-prod, 1732235833000, length=2317,md5UTF8=3550503e8e85edb174ba5295cabf572c

2024-11-26 16:09:12,715 INFO [dump] md5 changed, save to disk cache ,groupKey=qxdata-cloud-gateway-dev+qxdatacloud+c9e3be4d-5169-46ab-aed9-3e2c94165578, newMd5=3e08ded6dcb9f9acf05bcd10669e031a,oldMd5=

2024-11-26 16:09:12,715 INFO [dump] md5 changed, save to disk cache ,groupKey=nacos-qxmain-nacos.yaml+qxmain+c9e3be4d-5169-46ab-aed9-3e2c94165578, newMd5=cdfd20c8bc36de4de1bd95397fff1669,oldMd5=

2024-11-26 16:09:12,716 INFO [dump] md5 changed, save to disk cache ,groupKey=nacos-cloud-gateway-dev.yaml+group-dev+c9e3be4d-5169-46ab-aed9-3e2c94165578, newMd5=a7defe9b87fb4b8c13a6c48bcb76120a,oldMd5=

2024-11-26 16:09:12,716 INFO [dump] md5 changed, save to disk cache ,groupKey=nacos-payment-provider-dev.yaml+group-dev+c9e3be4d-5169-46ab-aed9-3e2c94165578, newMd5=82259468b2e24801794092ae390e3318,oldMd5=

2024-11-26 16:09:12,716 INFO [dump] md5 changed, save to disk cache ,groupKey=nacos-payment-provider-prod.yaml+group-prod+a40464ac-f1c6-4c33-9650-5c576e4bc3ee, newMd5=3550503e8e85edb174ba5295cabf572c,oldMd5=

2024-11-26 16:09:12,732 INFO [dump] md5 changed, update md5 and timestamp in jvm cache ,groupKey=nacos-cloud-gateway-dev.yaml+group-dev+c9e3be4d-5169-46ab-aed9-3e2c94165578, newMd5=a7defe9b87fb4b8c13a6c48bcb76120a,oldMd5=,lastModifiedTs=1732244538000

2024-11-26 16:09:12,732 INFO [dump] md5 changed, update md5 and timestamp in jvm cache ,groupKey=nacos-payment-provider-dev.yaml+group-dev+c9e3be4d-5169-46ab-aed9-3e2c94165578, newMd5=82259468b2e24801794092ae390e3318,oldMd5=,lastModifiedTs=1732235639000

2024-11-26 16:09:12,733 INFO [dump-all-ok] nacos-cloud-gateway-dev.yaml+group-dev, 1732244538000, length=128,md5UTF8=a7defe9b87fb4b8c13a6c48bcb76120a

2024-11-26 16:09:12,734 INFO [dump] md5 changed, update md5 and timestamp in jvm cache ,groupKey=nacos-qxmain-nacos.yaml+qxmain+c9e3be4d-5169-46ab-aed9-3e2c94165578, newMd5=cdfd20c8bc36de4de1bd95397fff1669,oldMd5=,lastModifiedTs=1721678751000

2024-11-26 16:09:12,734 INFO [dump-all-ok] nacos-qxmain-nacos.yaml+qxmain, 1721678751000, length=7191,md5UTF8=cdfd20c8bc36de4de1bd95397fff1669

2024-11-26 16:09:12,733 INFO [dump] md5 changed, update md5 and timestamp in jvm cache ,groupKey=qxdata-cloud-gateway-dev+qxdatacloud+c9e3be4d-5169-46ab-aed9-3e2c94165578, newMd5=3e08ded6dcb9f9acf05bcd10669e031a,oldMd5=,lastModifiedTs=1732562292000

2024-11-26 16:09:12,733 INFO [dump-all-ok] nacos-payment-provider-dev.yaml+group-dev, 1732235639000, length=2315,md5UTF8=82259468b2e24801794092ae390e3318

2024-11-26 16:09:12,734 INFO [dump] md5 changed, update md5 and timestamp in jvm cache ,groupKey=nacos-payment-provider-prod.yaml+group-prod+a40464ac-f1c6-4c33-9650-5c576e4bc3ee, newMd5=3550503e8e85edb174ba5295cabf572c,oldMd5=,lastModifiedTs=1732235833000

2024-11-26 16:09:12,738 INFO [dump-all-ok] nacos-payment-provider-prod.yaml+group-prod, 1732235833000, length=2317,md5UTF8=3550503e8e85edb174ba5295cabf572c

2024-11-26 16:09:12,736 INFO [dump-all-ok] qxdata-cloud-gateway-dev+qxdatacloud, 1732562292000, length=137,md5UTF8=3e08ded6dcb9f9acf05bcd10669e031a

2024-11-26 16:11:11,415 INFO [dump] md5 changed, save to disk cache ,groupKey=nacos-cloud-gateway-dev.yaml+group-dev+c9e3be4d-5169-46ab-aed9-3e2c94165578, newMd5=a7defe9b87fb4b8c13a6c48bcb76120a,oldMd5=

2024-11-26 16:11:11,416 INFO [dump] md5 changed, save to disk cache ,groupKey=nacos-payment-provider-prod.yaml+group-prod+a40464ac-f1c6-4c33-9650-5c576e4bc3ee, newMd5=3550503e8e85edb174ba5295cabf572c,oldMd5=

2024-11-26 16:11:11,415 INFO [dump] md5 changed, save to disk cache ,groupKey=nacos-payment-provider-dev.yaml+group-dev+c9e3be4d-5169-46ab-aed9-3e2c94165578, newMd5=82259468b2e24801794092ae390e3318,oldMd5=

2024-11-26 16:11:11,415 INFO [dump] md5 changed, save to disk cache ,groupKey=nacos-qxmain-nacos.yaml+qxmain+c9e3be4d-5169-46ab-aed9-3e2c94165578, newMd5=cdfd20c8bc36de4de1bd95397fff1669,oldMd5=

2024-11-26 16:11:11,416 INFO [dump] md5 changed, save to disk cache ,groupKey=qxdata-cloud-gateway-dev+qxdatacloud+c9e3be4d-5169-46ab-aed9-3e2c94165578, newMd5=3e08ded6dcb9f9acf05bcd10669e031a,oldMd5=

2024-11-26 16:11:11,451 INFO [dump] md5 changed, update md5 and timestamp in jvm cache ,groupKey=qxdata-cloud-gateway-dev+qxdatacloud+c9e3be4d-5169-46ab-aed9-3e2c94165578, newMd5=3e08ded6dcb9f9acf05bcd10669e031a,oldMd5=,lastModifiedTs=1732562292000

2024-11-26 16:11:11,452 INFO [dump] md5 changed, update md5 and timestamp in jvm cache ,groupKey=nacos-cloud-gateway-dev.yaml+group-dev+c9e3be4d-5169-46ab-aed9-3e2c94165578, newMd5=a7defe9b87fb4b8c13a6c48bcb76120a,oldMd5=,lastModifiedTs=1732244538000

2024-11-26 16:11:11,452 INFO [dump-all-ok] qxdata-cloud-gateway-dev+qxdatacloud, 1732562292000, length=137,md5UTF8=3e08ded6dcb9f9acf05bcd10669e031a

2024-11-26 16:11:11,453 INFO [dump] md5 changed, update md5 and timestamp in jvm cache ,groupKey=nacos-payment-provider-dev.yaml+group-dev+c9e3be4d-5169-46ab-aed9-3e2c94165578, newMd5=82259468b2e24801794092ae390e3318,oldMd5=,lastModifiedTs=1732235639000

2024-11-26 16:11:11,452 INFO [dump-all-ok] nacos-cloud-gateway-dev.yaml+group-dev, 1732244538000, length=128,md5UTF8=a7defe9b87fb4b8c13a6c48bcb76120a

2024-11-26 16:11:11,453 INFO [dump] md5 changed, update md5 and timestamp in jvm cache ,groupKey=nacos-payment-provider-prod.yaml+group-prod+a40464ac-f1c6-4c33-9650-5c576e4bc3ee, newMd5=3550503e8e85edb174ba5295cabf572c,oldMd5=,lastModifiedTs=1732235833000

2024-11-26 16:11:11,453 INFO [dump-all-ok] nacos-payment-provider-dev.yaml+group-dev, 1732235639000, length=2315,md5UTF8=82259468b2e24801794092ae390e3318

2024-11-26 16:11:11,454 INFO [dump-all-ok] nacos-payment-provider-prod.yaml+group-prod, 1732235833000, length=2317,md5UTF8=3550503e8e85edb174ba5295cabf572c

2024-11-26 16:11:11,455 INFO [dump] md5 changed, update md5 and timestamp in jvm cache ,groupKey=nacos-qxmain-nacos.yaml+qxmain+c9e3be4d-5169-46ab-aed9-3e2c94165578, newMd5=cdfd20c8bc36de4de1bd95397fff1669,oldMd5=,lastModifiedTs=1721678751000

2024-11-26 16:11:11,455 INFO [dump-all-ok] nacos-qxmain-nacos.yaml+qxmain, 1721678751000, length=7191,md5UTF8=cdfd20c8bc36de4de1bd95397fff1669

2024-11-26 17:24:27,180 INFO [dump] add formal task. groupKey=system-server-dev+qxdatacloud+c9e3be4d-5169-46ab-aed9-3e2c94165578

2024-11-26 17:24:27,188 INFO [dump] process formal task. groupKey=system-server-dev+qxdatacloud+c9e3be4d-5169-46ab-aed9-3e2c94165578

2024-11-26 17:24:27,191 INFO [dump] md5 changed, save to disk cache ,groupKey=system-server-dev+qxdatacloud+c9e3be4d-5169-46ab-aed9-3e2c94165578, newMd5=8fa14cdd754f91cc6554c9e71929cce7,oldMd5=

2024-11-26 17:24:27,192 INFO [dump] md5 changed, update md5 and timestamp in jvm cache ,groupKey=system-server-dev+qxdatacloud+c9e3be4d-5169-46ab-aed9-3e2c94165578, newMd5=8fa14cdd754f91cc6554c9e71929cce7,oldMd5=,lastModifiedTs=1732584267000

2024-11-26 17:25:53,870 INFO [dump] add formal task. groupKey=system-server-dev+qxdatacloud+c9e3be4d-5169-46ab-aed9-3e2c94165578

2024-11-26 17:25:53,963 INFO [dump] process formal task. groupKey=system-server-dev+qxdatacloud+c9e3be4d-5169-46ab-aed9-3e2c94165578

2024-11-26 17:25:53,965 INFO [dump] md5 changed, save to disk cache ,groupKey=system-server-dev+qxdatacloud+c9e3be4d-5169-46ab-aed9-3e2c94165578, newMd5=bac7de78bf4aa0ececd310e92e7801d4,oldMd5=8fa14cdd754f91cc6554c9e71929cce7

2024-11-26 17:25:53,965 INFO [dump] md5 changed, update md5 and timestamp in jvm cache ,groupKey=system-server-dev+qxdatacloud+c9e3be4d-5169-46ab-aed9-3e2c94165578, newMd5=bac7de78bf4aa0ececd310e92e7801d4,oldMd5=8fa14cdd754f91cc6554c9e71929cce7,lastModifiedTs=1732584354000

2024-11-26 17:32:08,660 INFO [dump] add formal task. groupKey=qxdata-system-server-dev+qxdata+c9e3be4d-5169-46ab-aed9-3e2c94165578

2024-11-26 17:32:08,674 INFO [dump] process formal task. groupKey=qxdata-system-server-dev+qxdata+c9e3be4d-5169-46ab-aed9-3e2c94165578

2024-11-26 17:32:08,676 INFO [dump] md5 changed, save to disk cache ,groupKey=qxdata-system-server-dev+qxdata+c9e3be4d-5169-46ab-aed9-3e2c94165578, newMd5=c4ca4238a0b923820dcc509a6f75849b,oldMd5=

2024-11-26 17:32:08,677 INFO [dump] md5 changed, update md5 and timestamp in jvm cache ,groupKey=qxdata-system-server-dev+qxdata+c9e3be4d-5169-46ab-aed9-3e2c94165578, newMd5=c4ca4238a0b923820dcc509a6f75849b,oldMd5=,lastModifiedTs=1732584729000

2024-11-26 17:32:33,349 INFO [dump] add formal task. groupKey=qxdata-system-server-dev+qxdata+c9e3be4d-5169-46ab-aed9-3e2c94165578

2024-11-26 17:32:33,398 INFO [dump] process formal task. groupKey=qxdata-system-server-dev+qxdata+c9e3be4d-5169-46ab-aed9-3e2c94165578

2024-11-26 17:32:33,399 INFO [dump] remove  local disk cache,groupKey=qxdata-system-server-dev+qxdata+c9e3be4d-5169-46ab-aed9-3e2c94165578 

2024-11-26 17:32:33,400 INFO [dump] remove  local jvm cache,groupKey=qxdata-system-server-dev+qxdata+c9e3be4d-5169-46ab-aed9-3e2c94165578 

2024-11-26 17:32:37,987 INFO [remove-ok] qxdata-system-server-dev+qxdata+c9e3be4d-5169-46ab-aed9-3e2c94165578 not exist.

2024-11-26 17:33:04,667 INFO [dump] add formal task. groupKey=qxdata-system-server-dev+qxdatacloud+c9e3be4d-5169-46ab-aed9-3e2c94165578

2024-11-26 17:33:04,727 INFO [dump] process formal task. groupKey=qxdata-system-server-dev+qxdatacloud+c9e3be4d-5169-46ab-aed9-3e2c94165578

2024-11-26 17:33:04,729 INFO [dump] md5 changed, save to disk cache ,groupKey=qxdata-system-server-dev+qxdatacloud+c9e3be4d-5169-46ab-aed9-3e2c94165578, newMd5=c4ca4238a0b923820dcc509a6f75849b,oldMd5=

2024-11-26 17:33:04,730 INFO [dump] md5 changed, update md5 and timestamp in jvm cache ,groupKey=qxdata-system-server-dev+qxdatacloud+c9e3be4d-5169-46ab-aed9-3e2c94165578, newMd5=c4ca4238a0b923820dcc509a6f75849b,oldMd5=,lastModifiedTs=1732584785000

2024-11-26 17:33:24,948 INFO [dump] add formal task. groupKey=qxdata-system-server-dev+qxdatacloud+c9e3be4d-5169-46ab-aed9-3e2c94165578

2024-11-26 17:33:24,949 INFO [dump] process formal task. groupKey=qxdata-system-server-dev+qxdatacloud+c9e3be4d-5169-46ab-aed9-3e2c94165578

2024-11-26 17:33:24,950 INFO [dump] md5 changed, save to disk cache ,groupKey=qxdata-system-server-dev+qxdatacloud+c9e3be4d-5169-46ab-aed9-3e2c94165578, newMd5=bac7de78bf4aa0ececd310e92e7801d4,oldMd5=c4ca4238a0b923820dcc509a6f75849b

2024-11-26 17:33:24,951 INFO [dump] md5 changed, update md5 and timestamp in jvm cache ,groupKey=qxdata-system-server-dev+qxdatacloud+c9e3be4d-5169-46ab-aed9-3e2c94165578, newMd5=bac7de78bf4aa0ececd310e92e7801d4,oldMd5=c4ca4238a0b923820dcc509a6f75849b,lastModifiedTs=1732584805000

2024-11-26 17:34:06,415 INFO [dump] add formal task. groupKey=qxdata-gateway-server-dev+qxdatacloud+c9e3be4d-5169-46ab-aed9-3e2c94165578

2024-11-26 17:34:06,487 INFO [dump] process formal task. groupKey=qxdata-gateway-server-dev+qxdatacloud+c9e3be4d-5169-46ab-aed9-3e2c94165578

2024-11-26 17:34:06,489 INFO [dump] md5 changed, save to disk cache ,groupKey=qxdata-gateway-server-dev+qxdatacloud+c9e3be4d-5169-46ab-aed9-3e2c94165578, newMd5=c4ca4238a0b923820dcc509a6f75849b,oldMd5=

2024-11-26 17:34:06,491 INFO [dump] md5 changed, update md5 and timestamp in jvm cache ,groupKey=qxdata-gateway-server-dev+qxdatacloud+c9e3be4d-5169-46ab-aed9-3e2c94165578, newMd5=c4ca4238a0b923820dcc509a6f75849b,oldMd5=,lastModifiedTs=1732584846000

2024-11-26 17:37:50,726 INFO [dump] add formal task. groupKey=qxdata-gateway-server-dev+qxdatacloud+c9e3be4d-5169-46ab-aed9-3e2c94165578

2024-11-26 17:37:50,785 INFO [dump] process formal task. groupKey=qxdata-gateway-server-dev+qxdatacloud+c9e3be4d-5169-46ab-aed9-3e2c94165578

2024-11-26 17:37:50,787 INFO [dump] md5 changed, save to disk cache ,groupKey=qxdata-gateway-server-dev+qxdatacloud+c9e3be4d-5169-46ab-aed9-3e2c94165578, newMd5=d05785e78e6858508ef20c303aad19b8,oldMd5=c4ca4238a0b923820dcc509a6f75849b

2024-11-26 17:37:50,787 INFO [dump] md5 changed, update md5 and timestamp in jvm cache ,groupKey=qxdata-gateway-server-dev+qxdatacloud+c9e3be4d-5169-46ab-aed9-3e2c94165578, newMd5=d05785e78e6858508ef20c303aad19b8,oldMd5=c4ca4238a0b923820dcc509a6f75849b,lastModifiedTs=1732585071000

2024-11-26 17:52:23,094 INFO [dump] add formal task. groupKey=qxdata-system-server-dev+qxdatacloud+c9e3be4d-5169-46ab-aed9-3e2c94165578

2024-11-26 17:52:23,174 INFO [dump] process formal task. groupKey=qxdata-system-server-dev+qxdatacloud+c9e3be4d-5169-46ab-aed9-3e2c94165578

2024-11-26 17:52:23,178 INFO [dump] md5 changed, save to disk cache ,groupKey=qxdata-system-server-dev+qxdatacloud+c9e3be4d-5169-46ab-aed9-3e2c94165578, newMd5=7e142a4095ff5013c532e7aceaa649e3,oldMd5=bac7de78bf4aa0ececd310e92e7801d4

2024-11-26 17:52:23,178 INFO [dump] md5 changed, update md5 and timestamp in jvm cache ,groupKey=qxdata-system-server-dev+qxdatacloud+c9e3be4d-5169-46ab-aed9-3e2c94165578, newMd5=7e142a4095ff5013c532e7aceaa649e3,oldMd5=bac7de78bf4aa0ececd310e92e7801d4,lastModifiedTs=1732585943000

2024-11-26 18:00:29,058 INFO [dump] add formal task. groupKey=qxdata-system-server-dev+qxdatacloud+c9e3be4d-5169-46ab-aed9-3e2c94165578

2024-11-26 18:00:29,095 INFO [dump] process formal task. groupKey=qxdata-system-server-dev+qxdatacloud+c9e3be4d-5169-46ab-aed9-3e2c94165578

2024-11-26 18:00:29,096 INFO [dump] remove  local disk cache,groupKey=qxdata-system-server-dev+qxdatacloud+c9e3be4d-5169-46ab-aed9-3e2c94165578 

2024-11-26 18:00:29,096 INFO [dump] remove  local jvm cache,groupKey=qxdata-system-server-dev+qxdatacloud+c9e3be4d-5169-46ab-aed9-3e2c94165578 

2024-11-26 18:00:38,273 INFO [remove-ok] qxdata-system-server-dev+qxdatacloud+c9e3be4d-5169-46ab-aed9-3e2c94165578 not exist.

2024-11-26 18:01:39,864 INFO [dump] add formal task. groupKey=qxdata-system-server-dev.yaml+qxdatacloud+c9e3be4d-5169-46ab-aed9-3e2c94165578

2024-11-26 18:01:39,959 INFO [dump] process formal task. groupKey=qxdata-system-server-dev.yaml+qxdatacloud+c9e3be4d-5169-46ab-aed9-3e2c94165578

2024-11-26 18:01:39,960 INFO [dump] md5 changed, save to disk cache ,groupKey=qxdata-system-server-dev.yaml+qxdatacloud+c9e3be4d-5169-46ab-aed9-3e2c94165578, newMd5=e4f58cfb9534816f1cc604616fdd15f8,oldMd5=

2024-11-26 18:01:39,961 INFO [dump] md5 changed, update md5 and timestamp in jvm cache ,groupKey=qxdata-system-server-dev.yaml+qxdatacloud+c9e3be4d-5169-46ab-aed9-3e2c94165578, newMd5=e4f58cfb9534816f1cc604616fdd15f8,oldMd5=,lastModifiedTs=1732586500000

2024-11-26 18:03:09,457 INFO [dump] add formal task. groupKey=qxdata-system-server-dev.yaml+qxdatacloud+c9e3be4d-5169-46ab-aed9-3e2c94165578

2024-11-26 18:03:09,538 INFO [dump] process formal task. groupKey=qxdata-system-server-dev.yaml+qxdatacloud+c9e3be4d-5169-46ab-aed9-3e2c94165578

2024-11-26 18:03:09,540 INFO [dump] md5 changed, save to disk cache ,groupKey=qxdata-system-server-dev.yaml+qxdatacloud+c9e3be4d-5169-46ab-aed9-3e2c94165578, newMd5=4ad6ab766fc746c781f78affcd682c4e,oldMd5=e4f58cfb9534816f1cc604616fdd15f8

2024-11-26 18:03:09,541 INFO [dump] md5 changed, update md5 and timestamp in jvm cache ,groupKey=qxdata-system-server-dev.yaml+qxdatacloud+c9e3be4d-5169-46ab-aed9-3e2c94165578, newMd5=4ad6ab766fc746c781f78affcd682c4e,oldMd5=e4f58cfb9534816f1cc604616fdd15f8,lastModifiedTs=1732586589000

2024-11-26 18:04:25,528 INFO [dump] add formal task. groupKey=qxdata-gateway-server-dev.yaml+qxdatacloud+c9e3be4d-5169-46ab-aed9-3e2c94165578

2024-11-26 18:04:25,612 INFO [dump] process formal task. groupKey=qxdata-gateway-server-dev.yaml+qxdatacloud+c9e3be4d-5169-46ab-aed9-3e2c94165578

2024-11-26 18:04:25,613 INFO [dump] md5 changed, save to disk cache ,groupKey=qxdata-gateway-server-dev.yaml+qxdatacloud+c9e3be4d-5169-46ab-aed9-3e2c94165578, newMd5=4f1e0e662b61b22c04e768cf46b1294f,oldMd5=

2024-11-26 18:04:25,614 INFO [dump] md5 changed, update md5 and timestamp in jvm cache ,groupKey=qxdata-gateway-server-dev.yaml+qxdatacloud+c9e3be4d-5169-46ab-aed9-3e2c94165578, newMd5=4f1e0e662b61b22c04e768cf46b1294f,oldMd5=,lastModifiedTs=1732586666000

2024-11-26 18:04:35,027 INFO [dump] add formal task. groupKey=qxdata-cloud-gateway-dev+qxdatacloud+c9e3be4d-5169-46ab-aed9-3e2c94165578

2024-11-26 18:04:35,123 INFO [dump] process formal task. groupKey=qxdata-cloud-gateway-dev+qxdatacloud+c9e3be4d-5169-46ab-aed9-3e2c94165578

2024-11-26 18:04:35,125 INFO [dump] remove  local disk cache,groupKey=qxdata-cloud-gateway-dev+qxdatacloud+c9e3be4d-5169-46ab-aed9-3e2c94165578 

2024-11-26 18:04:35,126 INFO [dump] remove  local jvm cache,groupKey=qxdata-cloud-gateway-dev+qxdatacloud+c9e3be4d-5169-46ab-aed9-3e2c94165578 

2024-11-26 18:04:38,325 INFO [remove-ok] qxdata-cloud-gateway-dev+qxdatacloud+c9e3be4d-5169-46ab-aed9-3e2c94165578 not exist.

2024-11-26 18:04:43,534 INFO [dump] add formal task. groupKey=system-server-dev+qxdatacloud+c9e3be4d-5169-46ab-aed9-3e2c94165578

2024-11-26 18:04:43,534 INFO [dump] process formal task. groupKey=system-server-dev+qxdatacloud+c9e3be4d-5169-46ab-aed9-3e2c94165578

2024-11-26 18:04:43,536 INFO [dump] remove  local disk cache,groupKey=system-server-dev+qxdatacloud+c9e3be4d-5169-46ab-aed9-3e2c94165578 

2024-11-26 18:04:43,536 INFO [dump] remove  local jvm cache,groupKey=system-server-dev+qxdatacloud+c9e3be4d-5169-46ab-aed9-3e2c94165578 

2024-11-26 18:04:49,216 INFO [dump] add formal task. groupKey=qxdata-gateway-server-dev+qxdatacloud+c9e3be4d-5169-46ab-aed9-3e2c94165578

2024-11-26 18:04:49,243 INFO [dump] process formal task. groupKey=qxdata-gateway-server-dev+qxdatacloud+c9e3be4d-5169-46ab-aed9-3e2c94165578

2024-11-26 18:04:49,245 INFO [dump] remove  local disk cache,groupKey=qxdata-gateway-server-dev+qxdatacloud+c9e3be4d-5169-46ab-aed9-3e2c94165578 

2024-11-26 18:04:49,245 INFO [dump] remove  local jvm cache,groupKey=qxdata-gateway-server-dev+qxdatacloud+c9e3be4d-5169-46ab-aed9-3e2c94165578 

2024-11-26 18:05:08,330 INFO [remove-ok] system-server-dev+qxdatacloud+c9e3be4d-5169-46ab-aed9-3e2c94165578 not exist.

2024-11-26 18:05:08,331 INFO [remove-ok] qxdata-gateway-server-dev+qxdatacloud+c9e3be4d-5169-46ab-aed9-3e2c94165578 not exist.

2024-11-26 18:05:33,260 INFO [dump] add formal task. groupKey=qxdata-system-server-dev.yaml+qxdatacloud+c9e3be4d-5169-46ab-aed9-3e2c94165578

2024-11-26 18:05:33,286 INFO [dump] process formal task. groupKey=qxdata-system-server-dev.yaml+qxdatacloud+c9e3be4d-5169-46ab-aed9-3e2c94165578

2024-11-26 18:05:33,287 INFO [dump] md5 changed, save to disk cache ,groupKey=qxdata-system-server-dev.yaml+qxdatacloud+c9e3be4d-5169-46ab-aed9-3e2c94165578, newMd5=661fbe114cb724e40f8d438ff9d7af10,oldMd5=4ad6ab766fc746c781f78affcd682c4e

2024-11-26 18:05:33,288 INFO [dump] md5 changed, update md5 and timestamp in jvm cache ,groupKey=qxdata-system-server-dev.yaml+qxdatacloud+c9e3be4d-5169-46ab-aed9-3e2c94165578, newMd5=661fbe114cb724e40f8d438ff9d7af10,oldMd5=4ad6ab766fc746c781f78affcd682c4e,lastModifiedTs=1732586733000

2024-11-26 18:06:41,292 INFO [dump] add formal task. groupKey=qxdata-system-server-dev.yaml+qxdatacloud+c9e3be4d-5169-46ab-aed9-3e2c94165578

2024-11-26 18:06:41,354 INFO [dump] process formal task. groupKey=qxdata-system-server-dev.yaml+qxdatacloud+c9e3be4d-5169-46ab-aed9-3e2c94165578

2024-11-26 18:06:41,356 INFO [dump] md5 changed, save to disk cache ,groupKey=qxdata-system-server-dev.yaml+qxdatacloud+c9e3be4d-5169-46ab-aed9-3e2c94165578, newMd5=65208f1b31c0fb807116cf831a4debd2,oldMd5=661fbe114cb724e40f8d438ff9d7af10

2024-11-26 18:06:41,357 INFO [dump] md5 changed, update md5 and timestamp in jvm cache ,groupKey=qxdata-system-server-dev.yaml+qxdatacloud+c9e3be4d-5169-46ab-aed9-3e2c94165578, newMd5=65208f1b31c0fb807116cf831a4debd2,oldMd5=661fbe114cb724e40f8d438ff9d7af10,lastModifiedTs=1732586801000

