2024-11-26 16:02:56,515 DEBUG auth start, request: InstanceRequest

2024-11-26 16:02:56,522 DEBUG access denied, request: InstanceRequest, reason: user not found!

2024-11-26 16:02:59,530 DEBUG auth start, request: InstanceRequest

2024-11-26 16:02:59,531 DEBUG access denied, request: InstanceRequest, reason: user not found!

2024-11-26 16:03:02,537 DEBUG auth start, request: InstanceRequest

2024-11-26 16:03:02,538 DEBUG access denied, request: InstanceRequest, reason: user not found!

2024-11-26 16:03:05,544 DEBUG auth start, request: InstanceRequest

2024-11-26 16:03:05,545 DEBUG access denied, request: InstanceRequest, reason: user not found!

2024-11-26 16:03:08,552 DEBUG auth start, request: InstanceRequest

2024-11-26 16:03:08,553 DEBUG access denied, request: InstanceRequest, reason: user not found!

2024-11-26 16:03:11,559 DEBUG auth start, request: InstanceRequest

2024-11-26 16:03:11,560 DEBUG access denied, request: InstanceRequest, reason: user not found!

2024-11-26 16:03:14,566 DEBUG auth start, request: InstanceRequest

2024-11-26 16:03:14,566 DEBUG access denied, request: InstanceRequest, reason: user not found!

2024-11-26 16:03:17,573 DEBUG auth start, request: InstanceRequest

2024-11-26 16:03:17,573 DEBUG access denied, request: InstanceRequest, reason: user not found!

2024-11-26 16:03:20,580 DEBUG auth start, request: InstanceRequest

2024-11-26 16:03:20,581 DEBUG access denied, request: InstanceRequest, reason: user not found!

2024-11-26 16:03:23,587 DEBUG auth start, request: InstanceRequest

2024-11-26 16:03:23,588 DEBUG access denied, request: InstanceRequest, reason: user not found!

2024-11-26 16:03:26,594 DEBUG auth start, request: InstanceRequest

2024-11-26 16:03:26,595 DEBUG access denied, request: InstanceRequest, reason: user not found!

2024-11-26 16:03:29,601 DEBUG auth start, request: InstanceRequest

2024-11-26 16:03:29,602 DEBUG access denied, request: InstanceRequest, reason: user not found!

2024-11-26 16:03:32,608 DEBUG auth start, request: InstanceRequest

2024-11-26 16:03:32,609 DEBUG access denied, request: InstanceRequest, reason: user not found!

2024-11-26 16:03:32,956 DEBUG auth start, request: GET /nacos/v1/cs/configs

2024-11-26 16:03:32,964 DEBUG auth permission: Permission{resource='Resource{namespaceId='', group='', name='', type='config', properties={action=r}}', action='r'}, nacosUser: NacosUser{token='eyJhbGciOiJIUzM4NCJ9.eyJzdWIiOiJuYWNvcyIsImV4cCI6MTczMjYyNjIxMn0.GjP2XySNQSq7-bSLmvdzS3CQAxa4VnF9Vdk8cqc-ctQ5IwshBGPdLMhxtk_vhW_3', globalAdmin=false}

2024-11-26 16:03:35,616 DEBUG auth start, request: InstanceRequest

2024-11-26 16:03:35,617 DEBUG access denied, request: InstanceRequest, reason: user not found!

2024-11-26 16:03:38,624 DEBUG auth start, request: InstanceRequest

2024-11-26 16:03:38,625 DEBUG access denied, request: InstanceRequest, reason: user not found!

2024-11-26 16:03:41,633 DEBUG auth start, request: InstanceRequest

2024-11-26 16:03:41,634 DEBUG access denied, request: InstanceRequest, reason: user not found!

2024-11-26 16:03:44,641 DEBUG auth start, request: InstanceRequest

2024-11-26 16:03:44,641 DEBUG access denied, request: InstanceRequest, reason: user not found!

2024-11-26 16:03:47,647 DEBUG auth start, request: InstanceRequest

2024-11-26 16:03:47,648 DEBUG access denied, request: InstanceRequest, reason: user not found!

2024-11-26 16:03:50,655 DEBUG auth start, request: InstanceRequest

2024-11-26 16:03:50,656 DEBUG access denied, request: InstanceRequest, reason: user not found!

2024-11-26 16:03:53,662 DEBUG auth start, request: InstanceRequest

2024-11-26 16:03:53,663 DEBUG access denied, request: InstanceRequest, reason: user not found!

2024-11-26 16:03:56,669 DEBUG auth start, request: InstanceRequest

2024-11-26 16:03:56,670 DEBUG access denied, request: InstanceRequest, reason: user not found!

2024-11-26 16:03:59,675 DEBUG auth start, request: InstanceRequest

2024-11-26 16:03:59,676 DEBUG access denied, request: InstanceRequest, reason: user not found!

2024-11-26 16:04:02,682 DEBUG auth start, request: InstanceRequest

2024-11-26 16:04:02,683 DEBUG access denied, request: InstanceRequest, reason: user not found!

2024-11-26 16:04:05,689 DEBUG auth start, request: InstanceRequest

2024-11-26 16:04:05,690 DEBUG access denied, request: InstanceRequest, reason: user not found!

2024-11-26 16:04:08,272 DEBUG auth start, request: GET /nacos/v1/cs/configs

2024-11-26 16:04:08,274 DEBUG auth permission: Permission{resource='Resource{namespaceId='', group='', name='', type='config', properties={action=r}}', action='r'}, nacosUser: NacosUser{token='eyJhbGciOiJIUzM4NCJ9.eyJzdWIiOiJuYWNvcyIsImV4cCI6MTczMjYyNjI0OH0.Xxtcm3mknrBHfrRyWtt21fV1VcGvTuk5uazDtB2v6XgxQofTyEYHGsflBdB52nWU', globalAdmin=false}

2024-11-26 16:04:08,695 DEBUG auth start, request: InstanceRequest

2024-11-26 16:04:08,696 DEBUG access denied, request: InstanceRequest, reason: user not found!

2024-11-26 16:04:11,701 DEBUG auth start, request: InstanceRequest

2024-11-26 16:04:11,702 DEBUG access denied, request: InstanceRequest, reason: user not found!

2024-11-26 16:04:14,707 DEBUG auth start, request: InstanceRequest

2024-11-26 16:04:14,708 DEBUG access denied, request: InstanceRequest, reason: user not found!

2024-11-26 16:04:17,713 DEBUG auth start, request: InstanceRequest

2024-11-26 16:04:17,714 DEBUG access denied, request: InstanceRequest, reason: user not found!

2024-11-26 16:04:20,720 DEBUG auth start, request: InstanceRequest

2024-11-26 16:04:20,721 DEBUG access denied, request: InstanceRequest, reason: user not found!

2024-11-26 16:04:23,726 DEBUG auth start, request: InstanceRequest

2024-11-26 16:04:23,727 DEBUG access denied, request: InstanceRequest, reason: user not found!

2024-11-26 16:04:26,732 DEBUG auth start, request: InstanceRequest

2024-11-26 16:04:26,733 DEBUG access denied, request: InstanceRequest, reason: user not found!

2024-11-26 16:04:29,739 DEBUG auth start, request: InstanceRequest

2024-11-26 16:04:29,740 DEBUG access denied, request: InstanceRequest, reason: user not found!

2024-11-26 16:04:32,746 DEBUG auth start, request: InstanceRequest

2024-11-26 16:04:32,746 DEBUG access denied, request: InstanceRequest, reason: user not found!

2024-11-26 16:04:35,752 DEBUG auth start, request: InstanceRequest

2024-11-26 16:04:35,753 DEBUG access denied, request: InstanceRequest, reason: user not found!

2024-11-26 16:04:38,758 DEBUG auth start, request: InstanceRequest

2024-11-26 16:04:38,759 DEBUG access denied, request: InstanceRequest, reason: user not found!

2024-11-26 16:04:41,764 DEBUG auth start, request: InstanceRequest

2024-11-26 16:04:41,765 DEBUG access denied, request: InstanceRequest, reason: user not found!

2024-11-26 16:04:44,724 DEBUG auth start, request: POST /nacos/v1/core/cluster/server/leave

2024-11-26 16:04:44,725 DEBUG auth permission: Permission{resource='Resource{namespaceId='null', group='null', name='/v1/core/cluster', type='specified', properties=null}', action='w'}, nacosUser: NacosUser{token='eyJhbGciOiJIUzM4NCJ9.eyJzdWIiOiJuYWNvcyIsImV4cCI6MTczMjYyNjI0OH0.Xxtcm3mknrBHfrRyWtt21fV1VcGvTuk5uazDtB2v6XgxQofTyEYHGsflBdB52nWU', globalAdmin=false}

2024-11-26 16:04:44,771 DEBUG auth start, request: InstanceRequest

2024-11-26 16:04:44,772 DEBUG access denied, request: InstanceRequest, reason: user not found!

2024-11-26 16:04:47,778 DEBUG auth start, request: InstanceRequest

2024-11-26 16:04:47,778 DEBUG access denied, request: InstanceRequest, reason: user not found!

2024-11-26 16:04:50,784 DEBUG auth start, request: InstanceRequest

2024-11-26 16:04:50,785 DEBUG access denied, request: InstanceRequest, reason: user not found!

2024-11-26 16:04:53,791 DEBUG auth start, request: InstanceRequest

2024-11-26 16:04:53,791 DEBUG access denied, request: InstanceRequest, reason: user not found!

2024-11-26 16:04:56,797 DEBUG auth start, request: InstanceRequest

2024-11-26 16:04:56,798 DEBUG access denied, request: InstanceRequest, reason: user not found!

2024-11-26 16:04:59,803 DEBUG auth start, request: InstanceRequest

2024-11-26 16:04:59,804 DEBUG access denied, request: InstanceRequest, reason: user not found!

2024-11-26 16:05:02,810 DEBUG auth start, request: InstanceRequest

2024-11-26 16:05:02,810 DEBUG access denied, request: InstanceRequest, reason: user not found!

2024-11-26 16:05:05,816 DEBUG auth start, request: InstanceRequest

2024-11-26 16:05:05,816 DEBUG access denied, request: InstanceRequest, reason: user not found!

2024-11-26 16:05:06,905 DEBUG auth start, request: GET /nacos/v1/auth/permissions

2024-11-26 16:05:06,906 DEBUG auth permission: Permission{resource='Resource{namespaceId='null', group='null', name='console/permissions', type='specified', properties=null}', action='r'}, nacosUser: NacosUser{token='eyJhbGciOiJIUzM4NCJ9.eyJzdWIiOiJuYWNvcyIsImV4cCI6MTczMjYyNjI0OH0.Xxtcm3mknrBHfrRyWtt21fV1VcGvTuk5uazDtB2v6XgxQofTyEYHGsflBdB52nWU', globalAdmin=false}

2024-11-26 16:05:08,822 DEBUG auth start, request: InstanceRequest

2024-11-26 16:05:08,823 DEBUG access denied, request: InstanceRequest, reason: user not found!

2024-11-26 16:05:10,011 DEBUG auth start, request: GET /nacos/v1/ns/catalog/services

2024-11-26 16:05:10,013 DEBUG auth permission: Permission{resource='Resource{namespaceId='', group='', name='', type='naming', properties={action=r}}', action='r'}, nacosUser: NacosUser{token='eyJhbGciOiJIUzM4NCJ9.eyJzdWIiOiJuYWNvcyIsImV4cCI6MTczMjYyNjI0OH0.Xxtcm3mknrBHfrRyWtt21fV1VcGvTuk5uazDtB2v6XgxQofTyEYHGsflBdB52nWU', globalAdmin=false}

2024-11-26 16:05:11,828 DEBUG auth start, request: InstanceRequest

2024-11-26 16:05:11,829 DEBUG access denied, request: InstanceRequest, reason: user not found!

2024-11-26 16:05:12,714 DEBUG auth start, request: GET /nacos/v1/ns/catalog/services

2024-11-26 16:05:12,716 DEBUG auth permission: Permission{resource='Resource{namespaceId='', group='', name='', type='naming', properties={action=r}}', action='r'}, nacosUser: NacosUser{token='eyJhbGciOiJIUzM4NCJ9.eyJzdWIiOiJuYWNvcyIsImV4cCI6MTczMjYyNjI0OH0.Xxtcm3mknrBHfrRyWtt21fV1VcGvTuk5uazDtB2v6XgxQofTyEYHGsflBdB52nWU', globalAdmin=false}

2024-11-26 16:05:13,315 DEBUG auth start, request: GET /nacos/v1/ns/catalog/services

2024-11-26 16:05:13,316 DEBUG auth permission: Permission{resource='Resource{namespaceId='', group='', name='', type='naming', properties={action=r}}', action='r'}, nacosUser: NacosUser{token='eyJhbGciOiJIUzM4NCJ9.eyJzdWIiOiJuYWNvcyIsImV4cCI6MTczMjYyNjI0OH0.Xxtcm3mknrBHfrRyWtt21fV1VcGvTuk5uazDtB2v6XgxQofTyEYHGsflBdB52nWU', globalAdmin=false}

2024-11-26 16:05:14,835 DEBUG auth start, request: InstanceRequest

2024-11-26 16:05:14,835 DEBUG access denied, request: InstanceRequest, reason: user not found!

2024-11-26 16:05:17,841 DEBUG auth start, request: InstanceRequest

2024-11-26 16:05:17,842 DEBUG access denied, request: InstanceRequest, reason: user not found!

2024-11-26 16:05:20,848 DEBUG auth start, request: InstanceRequest

2024-11-26 16:05:20,849 DEBUG access denied, request: InstanceRequest, reason: user not found!

2024-11-26 16:05:22,078 DEBUG auth start, request: InstanceRequest

2024-11-26 16:05:22,078 DEBUG access denied, request: InstanceRequest, reason: user not found!

2024-11-26 16:05:42,192 DEBUG auth start, request: InstanceRequest

2024-11-26 16:05:42,193 DEBUG access denied, request: InstanceRequest, reason: user not found!

