2024-11-26 12:30:09,726 INFO Not configure type of control plugin, no limit control for current node.

2024-11-26 12:30:09,729 INFO Load connection metrics collector,size=2,[com.alibaba.nacos.config.server.service.LongPollingConnectionMetricsCollector@2c1dc8e, com.alibaba.nacos.core.remote.LongConnectionMetricsCollector@4e7095ac]

2024-11-26 12:30:09,730 INFO No connection rule content found ,use default empty rule 

2024-11-26 12:30:09,746 INFO No tps control rule of CONFIG_PUSH_COUNT found,content =null  

2024-11-26 12:30:09,747 WARN Tps point for CONFIG_PUSH_COUNT registered, But tps control manager is no limit implementation.

2024-11-26 12:30:09,748 INFO No tps control rule of CONFIG_PUSH_SUCCESS found,content =null  

2024-11-26 12:30:09,749 WARN Tps point for CONFIG_PUSH_SUCCESS registered, But tps control manager is no limit implementation.

2024-11-26 12:30:09,749 INFO No tps control rule of CONFIG_PUSH_FAIL found,content =null  

2024-11-26 12:30:09,750 WARN Tps point for CONFIG_PUSH_FAIL registered, But tps control manager is no limit implementation.

2024-11-26 12:30:14,071 INFO No tps control rule of ConfigQuery found,content =null  

2024-11-26 12:30:14,079 WARN Tps point for ConfigQuery registered, But tps control manager is no limit implementation.

2024-11-26 12:30:14,080 INFO No tps control rule of ClusterConfigChangeNotify found,content =null  

2024-11-26 12:30:14,081 WARN Tps point for ClusterConfigChangeNotify registered, But tps control manager is no limit implementation.

2024-11-26 12:30:14,095 INFO No tps control rule of ConfigListen found,content =null  

2024-11-26 12:30:14,097 WARN Tps point for ConfigListen registered, But tps control manager is no limit implementation.

2024-11-26 12:30:14,098 INFO No tps control rule of ConfigRemove found,content =null  

2024-11-26 12:30:14,099 WARN Tps point for ConfigRemove registered, But tps control manager is no limit implementation.

2024-11-26 12:30:14,100 INFO No tps control rule of ConfigPublish found,content =null  

2024-11-26 12:30:14,102 WARN Tps point for ConfigPublish registered, But tps control manager is no limit implementation.

2024-11-26 12:30:14,104 INFO No tps control rule of HealthCheck found,content =null  

2024-11-26 12:30:14,105 WARN Tps point for HealthCheck registered, But tps control manager is no limit implementation.

2024-11-26 12:30:14,106 INFO No tps control rule of RemoteNamingServiceQuery found,content =null  

2024-11-26 12:30:14,106 WARN Tps point for RemoteNamingServiceQuery registered, But tps control manager is no limit implementation.

2024-11-26 12:30:14,107 INFO No tps control rule of RemoteNamingInstanceBatchRegister found,content =null  

2024-11-26 12:30:14,107 WARN Tps point for RemoteNamingInstanceBatchRegister registered, But tps control manager is no limit implementation.

2024-11-26 12:30:14,108 INFO No tps control rule of RemoteNamingInstanceRegisterDeregister found,content =null  

2024-11-26 12:30:14,108 WARN Tps point for RemoteNamingInstanceRegisterDeregister registered, But tps control manager is no limit implementation.

2024-11-26 12:30:14,109 INFO No tps control rule of RemoteNamingServiceListQuery found,content =null  

2024-11-26 12:30:14,109 WARN Tps point for RemoteNamingServiceListQuery registered, But tps control manager is no limit implementation.

2024-11-26 12:30:14,111 INFO No tps control rule of RemoteNamingServiceSubscribeUnSubscribe found,content =null  

2024-11-26 12:30:14,112 WARN Tps point for RemoteNamingServiceSubscribeUnSubscribe registered, But tps control manager is no limit implementation.

2024-11-26 12:30:14,113 WARN Tps point for RemoteNamingInstanceRegisterDeregister registered, But tps control manager is no limit implementation.

2024-11-26 12:30:14,116 WARN Tps point for ConfigPublish registered, But tps control manager is no limit implementation.

2024-11-26 12:30:14,118 INFO No tps control rule of NamingServiceDeregister found,content =null  

2024-11-26 12:30:14,118 WARN Tps point for NamingServiceDeregister registered, But tps control manager is no limit implementation.

2024-11-26 12:30:14,119 INFO No tps control rule of NamingInstanceRegister found,content =null  

2024-11-26 12:30:14,119 WARN Tps point for NamingInstanceRegister registered, But tps control manager is no limit implementation.

2024-11-26 12:30:14,120 INFO No tps control rule of NamingInstanceUpdate found,content =null  

2024-11-26 12:30:14,120 WARN Tps point for NamingInstanceUpdate registered, But tps control manager is no limit implementation.

2024-11-26 12:30:14,120 INFO No tps control rule of NamingServiceListQuery found,content =null  

2024-11-26 12:30:14,121 WARN Tps point for NamingServiceListQuery registered, But tps control manager is no limit implementation.

2024-11-26 12:30:14,121 INFO No tps control rule of NamingServiceQuery found,content =null  

2024-11-26 12:30:14,121 WARN Tps point for NamingServiceQuery registered, But tps control manager is no limit implementation.

2024-11-26 12:30:14,122 INFO No tps control rule of NamingServiceSubscribe found,content =null  

2024-11-26 12:30:14,122 WARN Tps point for NamingServiceSubscribe registered, But tps control manager is no limit implementation.

2024-11-26 12:30:14,123 INFO No tps control rule of HttpHealthCheck found,content =null  

2024-11-26 12:30:14,123 WARN Tps point for HttpHealthCheck registered, But tps control manager is no limit implementation.

2024-11-26 12:30:14,123 INFO No tps control rule of NamingInstanceDeregister found,content =null  

2024-11-26 12:30:14,124 WARN Tps point for NamingInstanceDeregister registered, But tps control manager is no limit implementation.

2024-11-26 12:30:14,124 WARN Tps point for NamingServiceQuery registered, But tps control manager is no limit implementation.

2024-11-26 12:30:14,124 INFO No tps control rule of NamingInstanceMetadataUpdate found,content =null  

2024-11-26 12:30:14,125 WARN Tps point for NamingInstanceMetadataUpdate registered, But tps control manager is no limit implementation.

2024-11-26 12:30:14,126 INFO No tps control rule of NamingServiceUpdate found,content =null  

2024-11-26 12:30:14,126 WARN Tps point for NamingServiceUpdate registered, But tps control manager is no limit implementation.

2024-11-26 12:30:14,126 INFO No tps control rule of NamingServiceRegister found,content =null  

2024-11-26 12:30:14,127 WARN Tps point for NamingServiceRegister registered, But tps control manager is no limit implementation.

2024-11-26 12:30:14,127 WARN Tps point for NamingInstanceMetadataUpdate registered, But tps control manager is no limit implementation.

2024-11-26 12:30:14,127 WARN Tps point for NamingInstanceMetadataUpdate registered, But tps control manager is no limit implementation.

2024-11-26 12:30:14,127 WARN Tps point for NamingInstanceDeregister registered, But tps control manager is no limit implementation.

2024-11-26 12:30:14,128 WARN Tps point for NamingServiceRegister registered, But tps control manager is no limit implementation.

2024-11-26 12:30:14,129 INFO No tps control rule of NamingInstanceQuery found,content =null  

2024-11-26 12:30:14,130 WARN Tps point for NamingInstanceQuery registered, But tps control manager is no limit implementation.

2024-11-26 12:30:14,130 WARN Tps point for NamingServiceSubscribe registered, But tps control manager is no limit implementation.

2024-11-26 12:30:14,131 WARN Tps point for HttpHealthCheck registered, But tps control manager is no limit implementation.

2024-11-26 12:30:14,132 WARN Tps point for NamingServiceUpdate registered, But tps control manager is no limit implementation.

2024-11-26 12:30:14,132 WARN Tps point for NamingInstanceUpdate registered, But tps control manager is no limit implementation.

2024-11-26 12:30:14,133 WARN Tps point for NamingInstanceRegister registered, But tps control manager is no limit implementation.

2024-11-26 12:30:14,133 WARN Tps point for NamingServiceDeregister registered, But tps control manager is no limit implementation.

2024-11-26 12:30:14,133 WARN Tps point for NamingInstanceMetadataUpdate registered, But tps control manager is no limit implementation.

2024-11-26 12:30:14,134 WARN Tps point for ConfigQuery registered, But tps control manager is no limit implementation.

2024-11-26 12:30:14,135 WARN Tps point for NamingInstanceQuery registered, But tps control manager is no limit implementation.

2024-11-26 12:30:14,136 WARN Tps point for NamingServiceListQuery registered, But tps control manager is no limit implementation.

2024-11-26 12:34:00,089 INFO Not configure type of control plugin, no limit control for current node.

2024-11-26 12:34:00,092 INFO Load connection metrics collector,size=2,[com.alibaba.nacos.config.server.service.LongPollingConnectionMetricsCollector@2237bada, com.alibaba.nacos.core.remote.LongConnectionMetricsCollector@5710768a]

2024-11-26 12:34:00,094 INFO No connection rule content found ,use default empty rule 

2024-11-26 12:34:00,122 INFO No tps control rule of CONFIG_PUSH_COUNT found,content =null  

2024-11-26 12:34:00,132 WARN Tps point for CONFIG_PUSH_COUNT registered, But tps control manager is no limit implementation.

2024-11-26 12:34:00,132 INFO No tps control rule of CONFIG_PUSH_SUCCESS found,content =null  

2024-11-26 12:34:00,132 WARN Tps point for CONFIG_PUSH_SUCCESS registered, But tps control manager is no limit implementation.

2024-11-26 12:34:00,133 INFO No tps control rule of CONFIG_PUSH_FAIL found,content =null  

2024-11-26 12:34:00,134 WARN Tps point for CONFIG_PUSH_FAIL registered, But tps control manager is no limit implementation.

2024-11-26 12:34:05,134 INFO No tps control rule of ConfigQuery found,content =null  

2024-11-26 12:34:05,136 WARN Tps point for ConfigQuery registered, But tps control manager is no limit implementation.

2024-11-26 12:34:05,137 INFO No tps control rule of ClusterConfigChangeNotify found,content =null  

2024-11-26 12:34:05,139 WARN Tps point for ClusterConfigChangeNotify registered, But tps control manager is no limit implementation.

2024-11-26 12:34:05,151 INFO No tps control rule of ConfigListen found,content =null  

2024-11-26 12:34:05,152 WARN Tps point for ConfigListen registered, But tps control manager is no limit implementation.

2024-11-26 12:34:05,153 INFO No tps control rule of ConfigRemove found,content =null  

2024-11-26 12:34:05,155 WARN Tps point for ConfigRemove registered, But tps control manager is no limit implementation.

2024-11-26 12:34:05,156 INFO No tps control rule of ConfigPublish found,content =null  

2024-11-26 12:34:05,156 WARN Tps point for ConfigPublish registered, But tps control manager is no limit implementation.

2024-11-26 12:34:05,157 INFO No tps control rule of HealthCheck found,content =null  

2024-11-26 12:34:05,158 WARN Tps point for HealthCheck registered, But tps control manager is no limit implementation.

2024-11-26 12:34:05,159 INFO No tps control rule of RemoteNamingServiceQuery found,content =null  

2024-11-26 12:34:05,159 WARN Tps point for RemoteNamingServiceQuery registered, But tps control manager is no limit implementation.

2024-11-26 12:34:05,160 INFO No tps control rule of RemoteNamingInstanceBatchRegister found,content =null  

2024-11-26 12:34:05,160 WARN Tps point for RemoteNamingInstanceBatchRegister registered, But tps control manager is no limit implementation.

2024-11-26 12:34:05,161 INFO No tps control rule of RemoteNamingInstanceRegisterDeregister found,content =null  

2024-11-26 12:34:05,161 WARN Tps point for RemoteNamingInstanceRegisterDeregister registered, But tps control manager is no limit implementation.

2024-11-26 12:34:05,162 INFO No tps control rule of RemoteNamingServiceListQuery found,content =null  

2024-11-26 12:34:05,162 WARN Tps point for RemoteNamingServiceListQuery registered, But tps control manager is no limit implementation.

2024-11-26 12:34:05,162 INFO No tps control rule of RemoteNamingServiceSubscribeUnSubscribe found,content =null  

2024-11-26 12:34:05,163 WARN Tps point for RemoteNamingServiceSubscribeUnSubscribe registered, But tps control manager is no limit implementation.

2024-11-26 12:34:05,163 WARN Tps point for RemoteNamingInstanceRegisterDeregister registered, But tps control manager is no limit implementation.

2024-11-26 12:34:05,165 INFO No tps control rule of NamingServiceDeregister found,content =null  

2024-11-26 12:34:05,168 WARN Tps point for NamingServiceDeregister registered, But tps control manager is no limit implementation.

2024-11-26 12:34:05,176 INFO No tps control rule of NamingServiceSubscribe found,content =null  

2024-11-26 12:34:05,177 WARN Tps point for NamingServiceSubscribe registered, But tps control manager is no limit implementation.

2024-11-26 12:34:05,179 INFO No tps control rule of NamingServiceRegister found,content =null  

2024-11-26 12:34:05,179 WARN Tps point for NamingServiceRegister registered, But tps control manager is no limit implementation.

2024-11-26 12:34:05,180 WARN Tps point for NamingServiceDeregister registered, But tps control manager is no limit implementation.

2024-11-26 12:34:05,181 INFO No tps control rule of NamingInstanceMetadataUpdate found,content =null  

2024-11-26 12:34:05,185 WARN Tps point for NamingInstanceMetadataUpdate registered, But tps control manager is no limit implementation.

2024-11-26 12:34:05,186 INFO No tps control rule of HttpHealthCheck found,content =null  

2024-11-26 12:34:05,187 WARN Tps point for HttpHealthCheck registered, But tps control manager is no limit implementation.

2024-11-26 12:34:05,187 INFO No tps control rule of NamingServiceQuery found,content =null  

2024-11-26 12:34:05,188 WARN Tps point for NamingServiceQuery registered, But tps control manager is no limit implementation.

2024-11-26 12:34:05,188 INFO No tps control rule of NamingInstanceQuery found,content =null  

2024-11-26 12:34:05,188 WARN Tps point for NamingInstanceQuery registered, But tps control manager is no limit implementation.

2024-11-26 12:34:05,189 INFO No tps control rule of NamingServiceListQuery found,content =null  

2024-11-26 12:34:05,189 WARN Tps point for NamingServiceListQuery registered, But tps control manager is no limit implementation.

2024-11-26 12:34:05,190 WARN Tps point for NamingServiceRegister registered, But tps control manager is no limit implementation.

2024-11-26 12:34:05,192 WARN Tps point for NamingInstanceMetadataUpdate registered, But tps control manager is no limit implementation.

2024-11-26 12:34:05,193 WARN Tps point for NamingInstanceMetadataUpdate registered, But tps control manager is no limit implementation.

2024-11-26 12:34:05,194 INFO No tps control rule of NamingServiceUpdate found,content =null  

2024-11-26 12:34:05,196 WARN Tps point for NamingServiceUpdate registered, But tps control manager is no limit implementation.

2024-11-26 12:34:05,197 INFO No tps control rule of NamingInstanceDeregister found,content =null  

2024-11-26 12:34:05,197 WARN Tps point for NamingInstanceDeregister registered, But tps control manager is no limit implementation.

2024-11-26 12:34:05,198 WARN Tps point for NamingInstanceDeregister registered, But tps control manager is no limit implementation.

2024-11-26 12:34:05,199 WARN Tps point for NamingServiceSubscribe registered, But tps control manager is no limit implementation.

2024-11-26 12:34:05,199 INFO No tps control rule of NamingInstanceRegister found,content =null  

2024-11-26 12:34:05,199 WARN Tps point for NamingInstanceRegister registered, But tps control manager is no limit implementation.

2024-11-26 12:34:05,200 WARN Tps point for NamingInstanceQuery registered, But tps control manager is no limit implementation.

2024-11-26 12:34:05,200 INFO No tps control rule of NamingInstanceUpdate found,content =null  

2024-11-26 12:34:05,201 WARN Tps point for NamingInstanceUpdate registered, But tps control manager is no limit implementation.

2024-11-26 12:34:05,201 WARN Tps point for ConfigQuery registered, But tps control manager is no limit implementation.

2024-11-26 12:34:05,202 WARN Tps point for NamingInstanceMetadataUpdate registered, But tps control manager is no limit implementation.

2024-11-26 12:34:05,203 WARN Tps point for HttpHealthCheck registered, But tps control manager is no limit implementation.

2024-11-26 12:34:05,203 WARN Tps point for NamingServiceUpdate registered, But tps control manager is no limit implementation.

2024-11-26 12:34:05,204 WARN Tps point for NamingInstanceUpdate registered, But tps control manager is no limit implementation.

2024-11-26 12:34:05,205 WARN Tps point for NamingInstanceRegister registered, But tps control manager is no limit implementation.

2024-11-26 12:34:05,205 WARN Tps point for NamingServiceListQuery registered, But tps control manager is no limit implementation.

2024-11-26 12:34:05,206 WARN Tps point for ConfigPublish registered, But tps control manager is no limit implementation.

2024-11-26 12:34:05,207 WARN Tps point for NamingServiceQuery registered, But tps control manager is no limit implementation.

2024-11-26 12:38:20,408 INFO Not configure type of control plugin, no limit control for current node.

2024-11-26 12:38:20,411 INFO Load connection metrics collector,size=2,[com.alibaba.nacos.config.server.service.LongPollingConnectionMetricsCollector@2bffa76d, com.alibaba.nacos.core.remote.LongConnectionMetricsCollector@6d2260db]

2024-11-26 12:38:20,412 INFO No connection rule content found ,use default empty rule 

2024-11-26 12:38:20,427 INFO No tps control rule of CONFIG_PUSH_COUNT found,content =null  

2024-11-26 12:38:20,428 WARN Tps point for CONFIG_PUSH_COUNT registered, But tps control manager is no limit implementation.

2024-11-26 12:38:20,429 INFO No tps control rule of CONFIG_PUSH_SUCCESS found,content =null  

2024-11-26 12:38:20,429 WARN Tps point for CONFIG_PUSH_SUCCESS registered, But tps control manager is no limit implementation.

2024-11-26 12:38:20,430 INFO No tps control rule of CONFIG_PUSH_FAIL found,content =null  

2024-11-26 12:38:20,431 WARN Tps point for CONFIG_PUSH_FAIL registered, But tps control manager is no limit implementation.

2024-11-26 12:38:24,866 INFO No tps control rule of ConfigQuery found,content =null  

2024-11-26 12:38:24,868 WARN Tps point for ConfigQuery registered, But tps control manager is no limit implementation.

2024-11-26 12:38:24,868 INFO No tps control rule of ClusterConfigChangeNotify found,content =null  

2024-11-26 12:38:24,870 WARN Tps point for ClusterConfigChangeNotify registered, But tps control manager is no limit implementation.

2024-11-26 12:38:24,880 INFO No tps control rule of ConfigListen found,content =null  

2024-11-26 12:38:24,880 WARN Tps point for ConfigListen registered, But tps control manager is no limit implementation.

2024-11-26 12:38:24,882 INFO No tps control rule of ConfigRemove found,content =null  

2024-11-26 12:38:24,883 WARN Tps point for ConfigRemove registered, But tps control manager is no limit implementation.

2024-11-26 12:38:24,883 INFO No tps control rule of ConfigPublish found,content =null  

2024-11-26 12:38:24,884 WARN Tps point for ConfigPublish registered, But tps control manager is no limit implementation.

2024-11-26 12:38:24,884 INFO No tps control rule of HealthCheck found,content =null  

2024-11-26 12:38:24,885 WARN Tps point for HealthCheck registered, But tps control manager is no limit implementation.

2024-11-26 12:38:24,885 INFO No tps control rule of RemoteNamingServiceQuery found,content =null  

2024-11-26 12:38:24,886 WARN Tps point for RemoteNamingServiceQuery registered, But tps control manager is no limit implementation.

2024-11-26 12:38:24,886 INFO No tps control rule of RemoteNamingInstanceBatchRegister found,content =null  

2024-11-26 12:38:24,887 WARN Tps point for RemoteNamingInstanceBatchRegister registered, But tps control manager is no limit implementation.

2024-11-26 12:38:24,887 INFO No tps control rule of RemoteNamingInstanceRegisterDeregister found,content =null  

2024-11-26 12:38:24,888 WARN Tps point for RemoteNamingInstanceRegisterDeregister registered, But tps control manager is no limit implementation.

2024-11-26 12:38:24,888 INFO No tps control rule of RemoteNamingServiceListQuery found,content =null  

2024-11-26 12:38:24,888 WARN Tps point for RemoteNamingServiceListQuery registered, But tps control manager is no limit implementation.

2024-11-26 12:38:24,889 INFO No tps control rule of RemoteNamingServiceSubscribeUnSubscribe found,content =null  

2024-11-26 12:38:24,890 WARN Tps point for RemoteNamingServiceSubscribeUnSubscribe registered, But tps control manager is no limit implementation.

2024-11-26 12:38:24,890 WARN Tps point for RemoteNamingInstanceRegisterDeregister registered, But tps control manager is no limit implementation.

2024-11-26 12:38:24,891 INFO No tps control rule of HttpHealthCheck found,content =null  

2024-11-26 12:38:24,892 WARN Tps point for HttpHealthCheck registered, But tps control manager is no limit implementation.

2024-11-26 12:38:24,892 INFO No tps control rule of NamingInstanceDeregister found,content =null  

2024-11-26 12:38:24,893 WARN Tps point for NamingInstanceDeregister registered, But tps control manager is no limit implementation.

2024-11-26 12:38:24,894 INFO No tps control rule of NamingInstanceMetadataUpdate found,content =null  

2024-11-26 12:38:24,894 WARN Tps point for NamingInstanceMetadataUpdate registered, But tps control manager is no limit implementation.

2024-11-26 12:38:24,894 INFO No tps control rule of NamingInstanceUpdate found,content =null  

2024-11-26 12:38:24,895 WARN Tps point for NamingInstanceUpdate registered, But tps control manager is no limit implementation.

2024-11-26 12:38:24,895 INFO No tps control rule of NamingServiceSubscribe found,content =null  

2024-11-26 12:38:24,895 WARN Tps point for NamingServiceSubscribe registered, But tps control manager is no limit implementation.

2024-11-26 12:38:24,896 INFO No tps control rule of NamingServiceListQuery found,content =null  

2024-11-26 12:38:24,896 WARN Tps point for NamingServiceListQuery registered, But tps control manager is no limit implementation.

2024-11-26 12:38:24,897 INFO No tps control rule of NamingInstanceQuery found,content =null  

2024-11-26 12:38:24,897 WARN Tps point for NamingInstanceQuery registered, But tps control manager is no limit implementation.

2024-11-26 12:38:24,898 INFO No tps control rule of NamingServiceRegister found,content =null  

2024-11-26 12:38:24,898 WARN Tps point for NamingServiceRegister registered, But tps control manager is no limit implementation.

2024-11-26 12:38:24,898 WARN Tps point for NamingInstanceDeregister registered, But tps control manager is no limit implementation.

2024-11-26 12:38:24,899 WARN Tps point for NamingInstanceMetadataUpdate registered, But tps control manager is no limit implementation.

2024-11-26 12:38:24,899 WARN Tps point for NamingInstanceQuery registered, But tps control manager is no limit implementation.

2024-11-26 12:38:24,900 WARN Tps point for NamingServiceListQuery registered, But tps control manager is no limit implementation.

2024-11-26 12:38:24,900 INFO No tps control rule of NamingInstanceRegister found,content =null  

2024-11-26 12:38:24,900 WARN Tps point for NamingInstanceRegister registered, But tps control manager is no limit implementation.

2024-11-26 12:38:24,901 WARN Tps point for NamingInstanceMetadataUpdate registered, But tps control manager is no limit implementation.

2024-11-26 12:38:24,901 WARN Tps point for NamingInstanceMetadataUpdate registered, But tps control manager is no limit implementation.

2024-11-26 12:38:24,901 WARN Tps point for NamingInstanceUpdate registered, But tps control manager is no limit implementation.

2024-11-26 12:38:24,902 WARN Tps point for ConfigQuery registered, But tps control manager is no limit implementation.

2024-11-26 12:38:24,902 WARN Tps point for HttpHealthCheck registered, But tps control manager is no limit implementation.

2024-11-26 12:38:24,902 WARN Tps point for NamingServiceSubscribe registered, But tps control manager is no limit implementation.

2024-11-26 12:38:24,903 INFO No tps control rule of NamingServiceQuery found,content =null  

2024-11-26 12:38:24,903 WARN Tps point for NamingServiceQuery registered, But tps control manager is no limit implementation.

2024-11-26 12:38:24,903 WARN Tps point for ConfigPublish registered, But tps control manager is no limit implementation.

2024-11-26 12:38:24,904 INFO No tps control rule of NamingServiceUpdate found,content =null  

2024-11-26 12:38:24,904 WARN Tps point for NamingServiceUpdate registered, But tps control manager is no limit implementation.

2024-11-26 12:38:24,905 WARN Tps point for NamingInstanceRegister registered, But tps control manager is no limit implementation.

2024-11-26 12:38:24,905 WARN Tps point for NamingServiceUpdate registered, But tps control manager is no limit implementation.

2024-11-26 12:38:24,906 INFO No tps control rule of NamingServiceDeregister found,content =null  

2024-11-26 12:38:24,906 WARN Tps point for NamingServiceDeregister registered, But tps control manager is no limit implementation.

2024-11-26 12:38:24,906 WARN Tps point for NamingServiceDeregister registered, But tps control manager is no limit implementation.

2024-11-26 12:38:24,907 WARN Tps point for NamingServiceQuery registered, But tps control manager is no limit implementation.

2024-11-26 12:38:24,907 WARN Tps point for NamingServiceRegister registered, But tps control manager is no limit implementation.

2024-11-26 15:36:07,648 INFO No tps control rule of NAMING_RPC_PUSH found,content =null  

2024-11-26 15:36:07,649 WARN Tps point for NAMING_RPC_PUSH registered, But tps control manager is no limit implementation.

2024-11-26 15:36:07,649 INFO No tps control rule of NAMING_RPC_PUSH_SUCCESS found,content =null  

2024-11-26 15:36:07,649 WARN Tps point for NAMING_RPC_PUSH_SUCCESS registered, But tps control manager is no limit implementation.

2024-11-26 15:36:07,650 INFO No tps control rule of NAMING_RPC_PUSH_FAIL found,content =null  

2024-11-26 15:36:07,650 WARN Tps point for NAMING_RPC_PUSH_FAIL registered, But tps control manager is no limit implementation.

2024-11-26 15:36:07,650 INFO No tps control rule of NAMING_UDP_PUSH found,content =null  

2024-11-26 15:36:07,650 WARN Tps point for NAMING_UDP_PUSH registered, But tps control manager is no limit implementation.

2024-11-26 15:36:07,651 INFO No tps control rule of NAMING_UDP_PUSH_SUCCESS found,content =null  

2024-11-26 15:36:07,651 WARN Tps point for NAMING_UDP_PUSH_SUCCESS registered, But tps control manager is no limit implementation.

2024-11-26 15:36:07,651 INFO No tps control rule of NAMING_UDP_PUSH_FAIL found,content =null  

2024-11-26 15:36:07,652 WARN Tps point for NAMING_UDP_PUSH_FAIL registered, But tps control manager is no limit implementation.

2024-11-26 15:36:07,652 INFO No tps control rule of NAMING_DISTRO_SYNC found,content =null  

2024-11-26 15:36:07,652 WARN Tps point for NAMING_DISTRO_SYNC registered, But tps control manager is no limit implementation.

2024-11-26 15:36:07,652 INFO No tps control rule of NAMING_DISTRO_SYNC_SUCCESS found,content =null  

2024-11-26 15:36:07,652 WARN Tps point for NAMING_DISTRO_SYNC_SUCCESS registered, But tps control manager is no limit implementation.

2024-11-26 15:36:07,653 INFO No tps control rule of NAMING_DISTRO_SYNC_FAIL found,content =null  

2024-11-26 15:36:07,653 WARN Tps point for NAMING_DISTRO_SYNC_FAIL registered, But tps control manager is no limit implementation.

2024-11-26 15:36:07,653 INFO No tps control rule of NAMING_DISTRO_VERIFY found,content =null  

2024-11-26 15:36:07,654 WARN Tps point for NAMING_DISTRO_VERIFY registered, But tps control manager is no limit implementation.

2024-11-26 15:36:07,654 INFO No tps control rule of NAMING_DISTRO_VERIFY_SUCCESS found,content =null  

2024-11-26 15:36:07,654 WARN Tps point for NAMING_DISTRO_VERIFY_SUCCESS registered, But tps control manager is no limit implementation.

2024-11-26 15:36:07,654 INFO No tps control rule of NAMING_DISTRO_VERIFY_FAIL found,content =null  

2024-11-26 15:36:07,654 WARN Tps point for NAMING_DISTRO_VERIFY_FAIL registered, But tps control manager is no limit implementation.

2024-11-26 16:02:49,611 INFO Not configure type of control plugin, no limit control for current node.

2024-11-26 16:02:49,613 INFO Load connection metrics collector,size=2,[com.alibaba.nacos.config.server.service.LongPollingConnectionMetricsCollector@51671b08, com.alibaba.nacos.core.remote.LongConnectionMetricsCollector@1162410a]

2024-11-26 16:02:49,615 INFO No connection rule content found ,use default empty rule 

2024-11-26 16:02:49,629 INFO No tps control rule of CONFIG_PUSH_COUNT found,content =null  

2024-11-26 16:02:49,630 WARN Tps point for CONFIG_PUSH_COUNT registered, But tps control manager is no limit implementation.

2024-11-26 16:02:49,630 INFO No tps control rule of CONFIG_PUSH_SUCCESS found,content =null  

2024-11-26 16:02:49,631 WARN Tps point for CONFIG_PUSH_SUCCESS registered, But tps control manager is no limit implementation.

2024-11-26 16:02:49,631 INFO No tps control rule of CONFIG_PUSH_FAIL found,content =null  

2024-11-26 16:02:49,632 WARN Tps point for CONFIG_PUSH_FAIL registered, But tps control manager is no limit implementation.

2024-11-26 16:02:54,021 INFO No tps control rule of ConfigQuery found,content =null  

2024-11-26 16:02:54,022 WARN Tps point for ConfigQuery registered, But tps control manager is no limit implementation.

2024-11-26 16:02:54,022 INFO No tps control rule of ClusterConfigChangeNotify found,content =null  

2024-11-26 16:02:54,023 WARN Tps point for ClusterConfigChangeNotify registered, But tps control manager is no limit implementation.

2024-11-26 16:02:54,033 INFO No tps control rule of ConfigListen found,content =null  

2024-11-26 16:02:54,034 WARN Tps point for ConfigListen registered, But tps control manager is no limit implementation.

2024-11-26 16:02:54,034 INFO No tps control rule of ConfigRemove found,content =null  

2024-11-26 16:02:54,035 WARN Tps point for ConfigRemove registered, But tps control manager is no limit implementation.

2024-11-26 16:02:54,035 INFO No tps control rule of ConfigPublish found,content =null  

2024-11-26 16:02:54,036 WARN Tps point for ConfigPublish registered, But tps control manager is no limit implementation.

2024-11-26 16:02:54,036 INFO No tps control rule of HealthCheck found,content =null  

2024-11-26 16:02:54,037 WARN Tps point for HealthCheck registered, But tps control manager is no limit implementation.

2024-11-26 16:02:54,037 INFO No tps control rule of RemoteNamingServiceQuery found,content =null  

2024-11-26 16:02:54,037 WARN Tps point for RemoteNamingServiceQuery registered, But tps control manager is no limit implementation.

2024-11-26 16:02:54,038 INFO No tps control rule of RemoteNamingInstanceBatchRegister found,content =null  

2024-11-26 16:02:54,038 WARN Tps point for RemoteNamingInstanceBatchRegister registered, But tps control manager is no limit implementation.

2024-11-26 16:02:54,039 INFO No tps control rule of RemoteNamingInstanceRegisterDeregister found,content =null  

2024-11-26 16:02:54,039 WARN Tps point for RemoteNamingInstanceRegisterDeregister registered, But tps control manager is no limit implementation.

2024-11-26 16:02:54,040 INFO No tps control rule of RemoteNamingServiceListQuery found,content =null  

2024-11-26 16:02:54,040 WARN Tps point for RemoteNamingServiceListQuery registered, But tps control manager is no limit implementation.

2024-11-26 16:02:54,040 INFO No tps control rule of RemoteNamingServiceSubscribeUnSubscribe found,content =null  

2024-11-26 16:02:54,040 WARN Tps point for RemoteNamingServiceSubscribeUnSubscribe registered, But tps control manager is no limit implementation.

2024-11-26 16:02:54,041 WARN Tps point for RemoteNamingInstanceRegisterDeregister registered, But tps control manager is no limit implementation.

2024-11-26 16:02:54,043 INFO No tps control rule of NamingInstanceDeregister found,content =null  

2024-11-26 16:02:54,043 WARN Tps point for NamingInstanceDeregister registered, But tps control manager is no limit implementation.

2024-11-26 16:02:54,043 INFO No tps control rule of NamingServiceRegister found,content =null  

2024-11-26 16:02:54,044 WARN Tps point for NamingServiceRegister registered, But tps control manager is no limit implementation.

2024-11-26 16:02:54,044 INFO No tps control rule of NamingInstanceMetadataUpdate found,content =null  

2024-11-26 16:02:54,044 WARN Tps point for NamingInstanceMetadataUpdate registered, But tps control manager is no limit implementation.

2024-11-26 16:02:54,045 INFO No tps control rule of NamingInstanceRegister found,content =null  

2024-11-26 16:02:54,045 WARN Tps point for NamingInstanceRegister registered, But tps control manager is no limit implementation.

2024-11-26 16:02:54,045 INFO No tps control rule of HttpHealthCheck found,content =null  

2024-11-26 16:02:54,046 WARN Tps point for HttpHealthCheck registered, But tps control manager is no limit implementation.

2024-11-26 16:02:54,046 INFO No tps control rule of NamingServiceQuery found,content =null  

2024-11-26 16:02:54,046 WARN Tps point for NamingServiceQuery registered, But tps control manager is no limit implementation.

2024-11-26 16:02:54,047 INFO No tps control rule of NamingServiceUpdate found,content =null  

2024-11-26 16:02:54,047 WARN Tps point for NamingServiceUpdate registered, But tps control manager is no limit implementation.

2024-11-26 16:02:54,047 WARN Tps point for NamingInstanceMetadataUpdate registered, But tps control manager is no limit implementation.

2024-11-26 16:02:54,048 WARN Tps point for NamingServiceQuery registered, But tps control manager is no limit implementation.

2024-11-26 16:02:54,048 INFO No tps control rule of NamingInstanceUpdate found,content =null  

2024-11-26 16:02:54,048 WARN Tps point for NamingInstanceUpdate registered, But tps control manager is no limit implementation.

2024-11-26 16:02:54,049 INFO No tps control rule of NamingInstanceQuery found,content =null  

2024-11-26 16:02:54,049 WARN Tps point for NamingInstanceQuery registered, But tps control manager is no limit implementation.

2024-11-26 16:02:54,049 INFO No tps control rule of NamingServiceDeregister found,content =null  

2024-11-26 16:02:54,050 WARN Tps point for NamingServiceDeregister registered, But tps control manager is no limit implementation.

2024-11-26 16:02:54,050 WARN Tps point for NamingInstanceQuery registered, But tps control manager is no limit implementation.

2024-11-26 16:02:54,050 WARN Tps point for NamingServiceDeregister registered, But tps control manager is no limit implementation.

2024-11-26 16:02:54,050 INFO No tps control rule of NamingServiceSubscribe found,content =null  

2024-11-26 16:02:54,051 WARN Tps point for NamingServiceSubscribe registered, But tps control manager is no limit implementation.

2024-11-26 16:02:54,051 INFO No tps control rule of NamingServiceListQuery found,content =null  

2024-11-26 16:02:54,051 WARN Tps point for NamingServiceListQuery registered, But tps control manager is no limit implementation.

2024-11-26 16:02:54,051 WARN Tps point for NamingInstanceUpdate registered, But tps control manager is no limit implementation.

2024-11-26 16:02:54,052 WARN Tps point for NamingInstanceMetadataUpdate registered, But tps control manager is no limit implementation.

2024-11-26 16:02:54,052 WARN Tps point for ConfigPublish registered, But tps control manager is no limit implementation.

2024-11-26 16:02:54,052 WARN Tps point for NamingInstanceDeregister registered, But tps control manager is no limit implementation.

2024-11-26 16:02:54,053 WARN Tps point for NamingServiceListQuery registered, But tps control manager is no limit implementation.

2024-11-26 16:02:54,053 WARN Tps point for ConfigQuery registered, But tps control manager is no limit implementation.

2024-11-26 16:02:54,053 WARN Tps point for NamingServiceRegister registered, But tps control manager is no limit implementation.

2024-11-26 16:02:54,054 WARN Tps point for NamingInstanceMetadataUpdate registered, But tps control manager is no limit implementation.

2024-11-26 16:02:54,054 WARN Tps point for HttpHealthCheck registered, But tps control manager is no limit implementation.

2024-11-26 16:02:54,054 WARN Tps point for NamingServiceUpdate registered, But tps control manager is no limit implementation.

2024-11-26 16:02:54,054 WARN Tps point for NamingServiceSubscribe registered, But tps control manager is no limit implementation.

2024-11-26 16:02:54,055 WARN Tps point for NamingInstanceRegister registered, But tps control manager is no limit implementation.

2024-11-26 16:03:26,909 INFO No tps control rule of NAMING_RPC_PUSH found,content =null  

2024-11-26 16:03:26,909 WARN Tps point for NAMING_RPC_PUSH registered, But tps control manager is no limit implementation.

2024-11-26 16:03:26,910 INFO No tps control rule of NAMING_RPC_PUSH_SUCCESS found,content =null  

2024-11-26 16:03:26,910 WARN Tps point for NAMING_RPC_PUSH_SUCCESS registered, But tps control manager is no limit implementation.

2024-11-26 16:03:26,910 INFO No tps control rule of NAMING_RPC_PUSH_FAIL found,content =null  

2024-11-26 16:03:26,910 WARN Tps point for NAMING_RPC_PUSH_FAIL registered, But tps control manager is no limit implementation.

2024-11-26 16:03:26,911 INFO No tps control rule of NAMING_UDP_PUSH found,content =null  

2024-11-26 16:03:26,911 WARN Tps point for NAMING_UDP_PUSH registered, But tps control manager is no limit implementation.

2024-11-26 16:03:26,911 INFO No tps control rule of NAMING_UDP_PUSH_SUCCESS found,content =null  

2024-11-26 16:03:26,912 WARN Tps point for NAMING_UDP_PUSH_SUCCESS registered, But tps control manager is no limit implementation.

2024-11-26 16:03:26,912 INFO No tps control rule of NAMING_UDP_PUSH_FAIL found,content =null  

2024-11-26 16:03:26,912 WARN Tps point for NAMING_UDP_PUSH_FAIL registered, But tps control manager is no limit implementation.

2024-11-26 16:03:26,913 INFO No tps control rule of NAMING_DISTRO_SYNC found,content =null  

2024-11-26 16:03:26,913 WARN Tps point for NAMING_DISTRO_SYNC registered, But tps control manager is no limit implementation.

2024-11-26 16:03:26,913 INFO No tps control rule of NAMING_DISTRO_SYNC_SUCCESS found,content =null  

2024-11-26 16:03:26,914 WARN Tps point for NAMING_DISTRO_SYNC_SUCCESS registered, But tps control manager is no limit implementation.

2024-11-26 16:03:26,914 INFO No tps control rule of NAMING_DISTRO_SYNC_FAIL found,content =null  

2024-11-26 16:03:26,914 WARN Tps point for NAMING_DISTRO_SYNC_FAIL registered, But tps control manager is no limit implementation.

2024-11-26 16:03:26,914 INFO No tps control rule of NAMING_DISTRO_VERIFY found,content =null  

2024-11-26 16:03:26,915 WARN Tps point for NAMING_DISTRO_VERIFY registered, But tps control manager is no limit implementation.

2024-11-26 16:03:26,915 INFO No tps control rule of NAMING_DISTRO_VERIFY_SUCCESS found,content =null  

2024-11-26 16:03:26,915 WARN Tps point for NAMING_DISTRO_VERIFY_SUCCESS registered, But tps control manager is no limit implementation.

2024-11-26 16:03:26,916 INFO No tps control rule of NAMING_DISTRO_VERIFY_FAIL found,content =null  

2024-11-26 16:03:26,916 WARN Tps point for NAMING_DISTRO_VERIFY_FAIL registered, But tps control manager is no limit implementation.

2024-11-26 16:09:12,597 INFO Not configure type of control plugin, no limit control for current node.

2024-11-26 16:09:12,600 INFO Load connection metrics collector,size=2,[com.alibaba.nacos.config.server.service.LongPollingConnectionMetricsCollector@18ca3c62, com.alibaba.nacos.core.remote.LongConnectionMetricsCollector@44d70181]

2024-11-26 16:09:12,601 INFO No connection rule content found ,use default empty rule 

2024-11-26 16:09:12,616 INFO No tps control rule of CONFIG_PUSH_COUNT found,content =null  

2024-11-26 16:09:12,617 WARN Tps point for CONFIG_PUSH_COUNT registered, But tps control manager is no limit implementation.

2024-11-26 16:09:12,618 INFO No tps control rule of CONFIG_PUSH_SUCCESS found,content =null  

2024-11-26 16:09:12,618 WARN Tps point for CONFIG_PUSH_SUCCESS registered, But tps control manager is no limit implementation.

2024-11-26 16:09:12,619 INFO No tps control rule of CONFIG_PUSH_FAIL found,content =null  

2024-11-26 16:09:12,620 WARN Tps point for CONFIG_PUSH_FAIL registered, But tps control manager is no limit implementation.

2024-11-26 16:09:16,706 INFO No tps control rule of ConfigQuery found,content =null  

2024-11-26 16:09:16,708 WARN Tps point for ConfigQuery registered, But tps control manager is no limit implementation.

2024-11-26 16:09:16,709 INFO No tps control rule of ClusterConfigChangeNotify found,content =null  

2024-11-26 16:09:16,709 WARN Tps point for ClusterConfigChangeNotify registered, But tps control manager is no limit implementation.

2024-11-26 16:09:16,729 INFO No tps control rule of ConfigListen found,content =null  

2024-11-26 16:09:16,729 WARN Tps point for ConfigListen registered, But tps control manager is no limit implementation.

2024-11-26 16:09:16,729 INFO No tps control rule of ConfigRemove found,content =null  

2024-11-26 16:09:16,730 WARN Tps point for ConfigRemove registered, But tps control manager is no limit implementation.

2024-11-26 16:09:16,731 INFO No tps control rule of ConfigPublish found,content =null  

2024-11-26 16:09:16,731 WARN Tps point for ConfigPublish registered, But tps control manager is no limit implementation.

2024-11-26 16:09:16,731 INFO No tps control rule of HealthCheck found,content =null  

2024-11-26 16:09:16,732 WARN Tps point for HealthCheck registered, But tps control manager is no limit implementation.

2024-11-26 16:09:16,732 INFO No tps control rule of RemoteNamingServiceQuery found,content =null  

2024-11-26 16:09:16,733 WARN Tps point for RemoteNamingServiceQuery registered, But tps control manager is no limit implementation.

2024-11-26 16:09:16,733 INFO No tps control rule of RemoteNamingInstanceBatchRegister found,content =null  

2024-11-26 16:09:16,734 WARN Tps point for RemoteNamingInstanceBatchRegister registered, But tps control manager is no limit implementation.

2024-11-26 16:09:16,734 INFO No tps control rule of RemoteNamingInstanceRegisterDeregister found,content =null  

2024-11-26 16:09:16,734 WARN Tps point for RemoteNamingInstanceRegisterDeregister registered, But tps control manager is no limit implementation.

2024-11-26 16:09:16,736 INFO No tps control rule of RemoteNamingServiceListQuery found,content =null  

2024-11-26 16:09:16,736 WARN Tps point for RemoteNamingServiceListQuery registered, But tps control manager is no limit implementation.

2024-11-26 16:09:16,737 INFO No tps control rule of RemoteNamingServiceSubscribeUnSubscribe found,content =null  

2024-11-26 16:09:16,738 WARN Tps point for RemoteNamingServiceSubscribeUnSubscribe registered, But tps control manager is no limit implementation.

2024-11-26 16:09:16,739 WARN Tps point for RemoteNamingInstanceRegisterDeregister registered, But tps control manager is no limit implementation.

2024-11-26 16:09:16,740 INFO No tps control rule of NamingServiceUpdate found,content =null  

2024-11-26 16:09:16,741 WARN Tps point for NamingServiceUpdate registered, But tps control manager is no limit implementation.

2024-11-26 16:09:16,742 INFO No tps control rule of NamingInstanceMetadataUpdate found,content =null  

2024-11-26 16:09:16,742 WARN Tps point for NamingInstanceMetadataUpdate registered, But tps control manager is no limit implementation.

2024-11-26 16:09:16,744 INFO No tps control rule of NamingServiceRegister found,content =null  

2024-11-26 16:09:16,745 WARN Tps point for NamingServiceRegister registered, But tps control manager is no limit implementation.

2024-11-26 16:09:16,746 INFO No tps control rule of NamingInstanceUpdate found,content =null  

2024-11-26 16:09:16,746 WARN Tps point for NamingInstanceUpdate registered, But tps control manager is no limit implementation.

2024-11-26 16:09:16,747 WARN Tps point for NamingServiceUpdate registered, But tps control manager is no limit implementation.

2024-11-26 16:09:16,747 INFO No tps control rule of NamingInstanceRegister found,content =null  

2024-11-26 16:09:16,747 WARN Tps point for NamingInstanceRegister registered, But tps control manager is no limit implementation.

2024-11-26 16:09:16,748 INFO No tps control rule of NamingInstanceDeregister found,content =null  

2024-11-26 16:09:16,753 WARN Tps point for NamingInstanceDeregister registered, But tps control manager is no limit implementation.

2024-11-26 16:09:16,753 WARN Tps point for NamingInstanceMetadataUpdate registered, But tps control manager is no limit implementation.

2024-11-26 16:09:16,754 INFO No tps control rule of HttpHealthCheck found,content =null  

2024-11-26 16:09:16,754 WARN Tps point for HttpHealthCheck registered, But tps control manager is no limit implementation.

2024-11-26 16:09:16,755 WARN Tps point for NamingInstanceMetadataUpdate registered, But tps control manager is no limit implementation.

2024-11-26 16:09:16,757 INFO No tps control rule of NamingServiceDeregister found,content =null  

2024-11-26 16:09:16,757 WARN Tps point for NamingServiceDeregister registered, But tps control manager is no limit implementation.

2024-11-26 16:09:16,757 INFO No tps control rule of NamingServiceSubscribe found,content =null  

2024-11-26 16:09:16,758 WARN Tps point for NamingServiceSubscribe registered, But tps control manager is no limit implementation.

2024-11-26 16:09:16,758 WARN Tps point for NamingServiceSubscribe registered, But tps control manager is no limit implementation.

2024-11-26 16:09:16,758 INFO No tps control rule of NamingServiceQuery found,content =null  

2024-11-26 16:09:16,759 WARN Tps point for NamingServiceQuery registered, But tps control manager is no limit implementation.

2024-11-26 16:09:16,760 INFO No tps control rule of NamingServiceListQuery found,content =null  

2024-11-26 16:09:16,760 WARN Tps point for NamingServiceListQuery registered, But tps control manager is no limit implementation.

2024-11-26 16:09:16,761 INFO No tps control rule of NamingInstanceQuery found,content =null  

2024-11-26 16:09:16,761 WARN Tps point for NamingInstanceQuery registered, But tps control manager is no limit implementation.

2024-11-26 16:09:16,761 WARN Tps point for NamingInstanceMetadataUpdate registered, But tps control manager is no limit implementation.

2024-11-26 16:09:16,763 WARN Tps point for ConfigPublish registered, But tps control manager is no limit implementation.

2024-11-26 16:09:16,763 WARN Tps point for NamingServiceListQuery registered, But tps control manager is no limit implementation.

2024-11-26 16:09:16,764 WARN Tps point for NamingInstanceQuery registered, But tps control manager is no limit implementation.

2024-11-26 16:09:16,766 WARN Tps point for ConfigQuery registered, But tps control manager is no limit implementation.

2024-11-26 16:09:16,766 WARN Tps point for NamingServiceQuery registered, But tps control manager is no limit implementation.

2024-11-26 16:09:16,767 WARN Tps point for NamingInstanceRegister registered, But tps control manager is no limit implementation.

2024-11-26 16:09:16,767 WARN Tps point for HttpHealthCheck registered, But tps control manager is no limit implementation.

2024-11-26 16:09:16,767 WARN Tps point for NamingServiceDeregister registered, But tps control manager is no limit implementation.

2024-11-26 16:09:16,768 WARN Tps point for NamingServiceRegister registered, But tps control manager is no limit implementation.

2024-11-26 16:09:16,768 WARN Tps point for NamingInstanceUpdate registered, But tps control manager is no limit implementation.

2024-11-26 16:09:16,769 WARN Tps point for NamingInstanceDeregister registered, But tps control manager is no limit implementation.

2024-11-26 16:11:11,306 INFO Not configure type of control plugin, no limit control for current node.

2024-11-26 16:11:11,309 INFO Load connection metrics collector,size=2,[com.alibaba.nacos.config.server.service.LongPollingConnectionMetricsCollector@71ea1fda, com.alibaba.nacos.core.remote.LongConnectionMetricsCollector@420745d7]

2024-11-26 16:11:11,310 INFO No connection rule content found ,use default empty rule 

2024-11-26 16:11:11,323 INFO No tps control rule of CONFIG_PUSH_COUNT found,content =null  

2024-11-26 16:11:11,324 WARN Tps point for CONFIG_PUSH_COUNT registered, But tps control manager is no limit implementation.

2024-11-26 16:11:11,325 INFO No tps control rule of CONFIG_PUSH_SUCCESS found,content =null  

2024-11-26 16:11:11,325 WARN Tps point for CONFIG_PUSH_SUCCESS registered, But tps control manager is no limit implementation.

2024-11-26 16:11:11,326 INFO No tps control rule of CONFIG_PUSH_FAIL found,content =null  

2024-11-26 16:11:11,327 WARN Tps point for CONFIG_PUSH_FAIL registered, But tps control manager is no limit implementation.

2024-11-26 16:11:15,984 INFO No tps control rule of ConfigQuery found,content =null  

2024-11-26 16:11:15,986 WARN Tps point for ConfigQuery registered, But tps control manager is no limit implementation.

2024-11-26 16:11:15,990 INFO No tps control rule of ClusterConfigChangeNotify found,content =null  

2024-11-26 16:11:15,991 WARN Tps point for ClusterConfigChangeNotify registered, But tps control manager is no limit implementation.

2024-11-26 16:11:16,012 INFO No tps control rule of ConfigListen found,content =null  

2024-11-26 16:11:16,020 WARN Tps point for ConfigListen registered, But tps control manager is no limit implementation.

2024-11-26 16:11:16,021 INFO No tps control rule of ConfigRemove found,content =null  

2024-11-26 16:11:16,023 WARN Tps point for ConfigRemove registered, But tps control manager is no limit implementation.

2024-11-26 16:11:16,023 INFO No tps control rule of ConfigPublish found,content =null  

2024-11-26 16:11:16,024 WARN Tps point for ConfigPublish registered, But tps control manager is no limit implementation.

2024-11-26 16:11:16,024 INFO No tps control rule of HealthCheck found,content =null  

2024-11-26 16:11:16,025 WARN Tps point for HealthCheck registered, But tps control manager is no limit implementation.

2024-11-26 16:11:16,025 INFO No tps control rule of RemoteNamingServiceQuery found,content =null  

2024-11-26 16:11:16,026 WARN Tps point for RemoteNamingServiceQuery registered, But tps control manager is no limit implementation.

2024-11-26 16:11:16,026 INFO No tps control rule of RemoteNamingInstanceBatchRegister found,content =null  

2024-11-26 16:11:16,027 WARN Tps point for RemoteNamingInstanceBatchRegister registered, But tps control manager is no limit implementation.

2024-11-26 16:11:16,027 INFO No tps control rule of RemoteNamingInstanceRegisterDeregister found,content =null  

2024-11-26 16:11:16,027 WARN Tps point for RemoteNamingInstanceRegisterDeregister registered, But tps control manager is no limit implementation.

2024-11-26 16:11:16,028 INFO No tps control rule of RemoteNamingServiceListQuery found,content =null  

2024-11-26 16:11:16,028 WARN Tps point for RemoteNamingServiceListQuery registered, But tps control manager is no limit implementation.

2024-11-26 16:11:16,029 INFO No tps control rule of RemoteNamingServiceSubscribeUnSubscribe found,content =null  

2024-11-26 16:11:16,029 WARN Tps point for RemoteNamingServiceSubscribeUnSubscribe registered, But tps control manager is no limit implementation.

2024-11-26 16:11:16,030 WARN Tps point for RemoteNamingInstanceRegisterDeregister registered, But tps control manager is no limit implementation.

2024-11-26 16:11:16,031 INFO No tps control rule of NamingServiceListQuery found,content =null  

2024-11-26 16:11:16,032 WARN Tps point for NamingServiceListQuery registered, But tps control manager is no limit implementation.

2024-11-26 16:11:16,033 INFO No tps control rule of NamingServiceUpdate found,content =null  

2024-11-26 16:11:16,033 WARN Tps point for NamingServiceUpdate registered, But tps control manager is no limit implementation.

2024-11-26 16:11:16,035 WARN Tps point for ConfigQuery registered, But tps control manager is no limit implementation.

2024-11-26 16:11:16,036 INFO No tps control rule of NamingInstanceUpdate found,content =null  

2024-11-26 16:11:16,036 WARN Tps point for NamingInstanceUpdate registered, But tps control manager is no limit implementation.

2024-11-26 16:11:16,037 WARN Tps point for ConfigPublish registered, But tps control manager is no limit implementation.

2024-11-26 16:11:16,037 INFO No tps control rule of NamingInstanceMetadataUpdate found,content =null  

2024-11-26 16:11:16,038 WARN Tps point for NamingInstanceMetadataUpdate registered, But tps control manager is no limit implementation.

2024-11-26 16:11:16,039 INFO No tps control rule of NamingServiceDeregister found,content =null  

2024-11-26 16:11:16,040 WARN Tps point for NamingServiceDeregister registered, But tps control manager is no limit implementation.

2024-11-26 16:11:16,040 INFO No tps control rule of HttpHealthCheck found,content =null  

2024-11-26 16:11:16,041 WARN Tps point for HttpHealthCheck registered, But tps control manager is no limit implementation.

2024-11-26 16:11:16,041 INFO No tps control rule of NamingServiceRegister found,content =null  

2024-11-26 16:11:16,042 WARN Tps point for NamingServiceRegister registered, But tps control manager is no limit implementation.

2024-11-26 16:11:16,042 INFO No tps control rule of NamingInstanceRegister found,content =null  

2024-11-26 16:11:16,043 WARN Tps point for NamingInstanceRegister registered, But tps control manager is no limit implementation.

2024-11-26 16:11:16,043 WARN Tps point for NamingServiceListQuery registered, But tps control manager is no limit implementation.

2024-11-26 16:11:16,044 INFO No tps control rule of NamingInstanceQuery found,content =null  

2024-11-26 16:11:16,044 WARN Tps point for NamingInstanceQuery registered, But tps control manager is no limit implementation.

2024-11-26 16:11:16,046 WARN Tps point for NamingInstanceMetadataUpdate registered, But tps control manager is no limit implementation.

2024-11-26 16:11:16,046 WARN Tps point for NamingServiceDeregister registered, But tps control manager is no limit implementation.

2024-11-26 16:11:16,047 WARN Tps point for NamingInstanceRegister registered, But tps control manager is no limit implementation.

2024-11-26 16:11:16,047 INFO No tps control rule of NamingInstanceDeregister found,content =null  

2024-11-26 16:11:16,047 WARN Tps point for NamingInstanceDeregister registered, But tps control manager is no limit implementation.

2024-11-26 16:11:16,048 WARN Tps point for NamingInstanceMetadataUpdate registered, But tps control manager is no limit implementation.

2024-11-26 16:11:16,048 WARN Tps point for NamingInstanceMetadataUpdate registered, But tps control manager is no limit implementation.

2024-11-26 16:11:16,049 WARN Tps point for NamingInstanceDeregister registered, But tps control manager is no limit implementation.

2024-11-26 16:11:16,050 INFO No tps control rule of NamingServiceQuery found,content =null  

2024-11-26 16:11:16,050 WARN Tps point for NamingServiceQuery registered, But tps control manager is no limit implementation.

2024-11-26 16:11:16,050 WARN Tps point for NamingInstanceUpdate registered, But tps control manager is no limit implementation.

2024-11-26 16:11:16,051 WARN Tps point for NamingInstanceQuery registered, But tps control manager is no limit implementation.

2024-11-26 16:11:16,052 WARN Tps point for HttpHealthCheck registered, But tps control manager is no limit implementation.

2024-11-26 16:11:16,052 WARN Tps point for NamingServiceUpdate registered, But tps control manager is no limit implementation.

2024-11-26 16:11:16,054 INFO No tps control rule of NamingServiceSubscribe found,content =null  

2024-11-26 16:11:16,054 WARN Tps point for NamingServiceSubscribe registered, But tps control manager is no limit implementation.

2024-11-26 16:11:16,054 WARN Tps point for NamingServiceQuery registered, But tps control manager is no limit implementation.

2024-11-26 16:11:16,055 WARN Tps point for NamingServiceSubscribe registered, But tps control manager is no limit implementation.

2024-11-26 16:11:16,055 WARN Tps point for NamingServiceRegister registered, But tps control manager is no limit implementation.

2024-11-26 16:29:44,226 INFO No tps control rule of NAMING_RPC_PUSH found,content =null  

2024-11-26 16:29:44,226 WARN Tps point for NAMING_RPC_PUSH registered, But tps control manager is no limit implementation.

2024-11-26 16:29:44,227 INFO No tps control rule of NAMING_RPC_PUSH_SUCCESS found,content =null  

2024-11-26 16:29:44,227 WARN Tps point for NAMING_RPC_PUSH_SUCCESS registered, But tps control manager is no limit implementation.

2024-11-26 16:29:44,227 INFO No tps control rule of NAMING_RPC_PUSH_FAIL found,content =null  

2024-11-26 16:29:44,228 WARN Tps point for NAMING_RPC_PUSH_FAIL registered, But tps control manager is no limit implementation.

2024-11-26 16:29:44,228 INFO No tps control rule of NAMING_UDP_PUSH found,content =null  

2024-11-26 16:29:44,228 WARN Tps point for NAMING_UDP_PUSH registered, But tps control manager is no limit implementation.

2024-11-26 16:29:44,229 INFO No tps control rule of NAMING_UDP_PUSH_SUCCESS found,content =null  

2024-11-26 16:29:44,229 WARN Tps point for NAMING_UDP_PUSH_SUCCESS registered, But tps control manager is no limit implementation.

2024-11-26 16:29:44,229 INFO No tps control rule of NAMING_UDP_PUSH_FAIL found,content =null  

2024-11-26 16:29:44,230 WARN Tps point for NAMING_UDP_PUSH_FAIL registered, But tps control manager is no limit implementation.

2024-11-26 16:29:44,230 INFO No tps control rule of NAMING_DISTRO_SYNC found,content =null  

2024-11-26 16:29:44,230 WARN Tps point for NAMING_DISTRO_SYNC registered, But tps control manager is no limit implementation.

2024-11-26 16:29:44,231 INFO No tps control rule of NAMING_DISTRO_SYNC_SUCCESS found,content =null  

2024-11-26 16:29:44,231 WARN Tps point for NAMING_DISTRO_SYNC_SUCCESS registered, But tps control manager is no limit implementation.

2024-11-26 16:29:44,231 INFO No tps control rule of NAMING_DISTRO_SYNC_FAIL found,content =null  

2024-11-26 16:29:44,231 WARN Tps point for NAMING_DISTRO_SYNC_FAIL registered, But tps control manager is no limit implementation.

2024-11-26 16:29:44,232 INFO No tps control rule of NAMING_DISTRO_VERIFY found,content =null  

2024-11-26 16:29:44,232 WARN Tps point for NAMING_DISTRO_VERIFY registered, But tps control manager is no limit implementation.

2024-11-26 16:29:44,232 INFO No tps control rule of NAMING_DISTRO_VERIFY_SUCCESS found,content =null  

2024-11-26 16:29:44,233 WARN Tps point for NAMING_DISTRO_VERIFY_SUCCESS registered, But tps control manager is no limit implementation.

2024-11-26 16:29:44,233 INFO No tps control rule of NAMING_DISTRO_VERIFY_FAIL found,content =null  

2024-11-26 16:29:44,233 WARN Tps point for NAMING_DISTRO_VERIFY_FAIL registered, But tps control manager is no limit implementation.

2024-11-26 18:07:55,666 ERROR exception: metadata format incorrect:22222

2024-11-26 18:19:01,691 INFO Param check invalid,Param 'group' is illegal, illegal characters should not appear in the param.,request:InstanceRequest:

