2024-11-26 12:30:10,094 INFO [dump] md5 changed, save to disk cache ,groupKey=nacos-cloud-gateway-dev.yaml+group-dev+c9e3be4d-5169-46ab-aed9-3e2c94165578, newMd5=a7defe9b87fb4b8c13a6c48bcb76120a,oldMd5=

2024-11-26 12:30:10,094 INFO [dump] md5 changed, save to disk cache ,groupKey=nacos-qxmain-nacos.yaml+qxmain+c9e3be4d-5169-46ab-aed9-3e2c94165578, newMd5=cdfd20c8bc36de4de1bd95397fff1669,oldMd5=

2024-11-26 12:30:10,094 INFO [dump] md5 changed, save to disk cache ,groupKey=nacos-payment-provider-dev.yaml+group-dev+c9e3be4d-5169-46ab-aed9-3e2c94165578, newMd5=82259468b2e24801794092ae390e3318,oldMd5=

2024-11-26 12:30:10,094 INFO [dump] md5 changed, save to disk cache ,groupKey=qxdata-cloud-gateway-dev+qxdatacloud+c9e3be4d-5169-46ab-aed9-3e2c94165578, newMd5=3e08ded6dcb9f9acf05bcd10669e031a,oldMd5=

2024-11-26 12:30:10,094 INFO [dump] md5 changed, save to disk cache ,groupKey=nacos-payment-provider-prod.yaml+group-prod+a40464ac-f1c6-4c33-9650-5c576e4bc3ee, newMd5=3550503e8e85edb174ba5295cabf572c,oldMd5=

2024-11-26 12:30:10,114 INFO [dump] md5 changed, update md5 and timestamp in jvm cache ,groupKey=nacos-cloud-gateway-dev.yaml+group-dev+c9e3be4d-5169-46ab-aed9-3e2c94165578, newMd5=a7defe9b87fb4b8c13a6c48bcb76120a,oldMd5=,lastModifiedTs=1732244538000

2024-11-26 12:30:10,114 INFO [dump] md5 changed, update md5 and timestamp in jvm cache ,groupKey=qxdata-cloud-gateway-dev+qxdatacloud+c9e3be4d-5169-46ab-aed9-3e2c94165578, newMd5=3e08ded6dcb9f9acf05bcd10669e031a,oldMd5=,lastModifiedTs=1732562292000

2024-11-26 12:30:10,115 INFO [dump] md5 changed, update md5 and timestamp in jvm cache ,groupKey=nacos-payment-provider-prod.yaml+group-prod+a40464ac-f1c6-4c33-9650-5c576e4bc3ee, newMd5=3550503e8e85edb174ba5295cabf572c,oldMd5=,lastModifiedTs=1732235833000

2024-11-26 12:30:10,115 INFO [dump-all-ok] nacos-cloud-gateway-dev.yaml+group-dev, 1732244538000, length=128,md5UTF8=a7defe9b87fb4b8c13a6c48bcb76120a

2024-11-26 12:30:10,115 INFO [dump] md5 changed, update md5 and timestamp in jvm cache ,groupKey=nacos-payment-provider-dev.yaml+group-dev+c9e3be4d-5169-46ab-aed9-3e2c94165578, newMd5=82259468b2e24801794092ae390e3318,oldMd5=,lastModifiedTs=1732235639000

2024-11-26 12:30:10,115 INFO [dump-all-ok] qxdata-cloud-gateway-dev+qxdatacloud, 1732562292000, length=137,md5UTF8=3e08ded6dcb9f9acf05bcd10669e031a

2024-11-26 12:30:10,115 INFO [dump-all-ok] nacos-payment-provider-prod.yaml+group-prod, 1732235833000, length=2317,md5UTF8=3550503e8e85edb174ba5295cabf572c

2024-11-26 12:30:10,116 INFO [dump] md5 changed, update md5 and timestamp in jvm cache ,groupKey=nacos-qxmain-nacos.yaml+qxmain+c9e3be4d-5169-46ab-aed9-3e2c94165578, newMd5=cdfd20c8bc36de4de1bd95397fff1669,oldMd5=,lastModifiedTs=1721678751000

2024-11-26 12:30:10,116 INFO [dump-all-ok] nacos-payment-provider-dev.yaml+group-dev, 1732235639000, length=2315,md5UTF8=82259468b2e24801794092ae390e3318

2024-11-26 12:30:10,117 INFO [dump-all-ok] nacos-qxmain-nacos.yaml+qxmain, 1721678751000, length=7191,md5UTF8=cdfd20c8bc36de4de1bd95397fff1669

2024-11-26 12:34:00,270 INFO [dump] md5 changed, save to disk cache ,groupKey=nacos-payment-provider-dev.yaml+group-dev+c9e3be4d-5169-46ab-aed9-3e2c94165578, newMd5=82259468b2e24801794092ae390e3318,oldMd5=

2024-11-26 12:34:00,270 INFO [dump] md5 changed, save to disk cache ,groupKey=qxdata-cloud-gateway-dev+qxdatacloud+c9e3be4d-5169-46ab-aed9-3e2c94165578, newMd5=3e08ded6dcb9f9acf05bcd10669e031a,oldMd5=

2024-11-26 12:34:00,270 INFO [dump] md5 changed, save to disk cache ,groupKey=nacos-payment-provider-prod.yaml+group-prod+a40464ac-f1c6-4c33-9650-5c576e4bc3ee, newMd5=3550503e8e85edb174ba5295cabf572c,oldMd5=

2024-11-26 12:34:00,271 INFO [dump] md5 changed, save to disk cache ,groupKey=nacos-qxmain-nacos.yaml+qxmain+c9e3be4d-5169-46ab-aed9-3e2c94165578, newMd5=cdfd20c8bc36de4de1bd95397fff1669,oldMd5=

2024-11-26 12:34:00,271 INFO [dump] md5 changed, save to disk cache ,groupKey=nacos-cloud-gateway-dev.yaml+group-dev+c9e3be4d-5169-46ab-aed9-3e2c94165578, newMd5=a7defe9b87fb4b8c13a6c48bcb76120a,oldMd5=

2024-11-26 12:34:00,289 INFO [dump] md5 changed, update md5 and timestamp in jvm cache ,groupKey=nacos-cloud-gateway-dev.yaml+group-dev+c9e3be4d-5169-46ab-aed9-3e2c94165578, newMd5=a7defe9b87fb4b8c13a6c48bcb76120a,oldMd5=,lastModifiedTs=1732244538000

2024-11-26 12:34:00,290 INFO [dump] md5 changed, update md5 and timestamp in jvm cache ,groupKey=nacos-payment-provider-dev.yaml+group-dev+c9e3be4d-5169-46ab-aed9-3e2c94165578, newMd5=82259468b2e24801794092ae390e3318,oldMd5=,lastModifiedTs=1732235639000

2024-11-26 12:34:00,289 INFO [dump] md5 changed, update md5 and timestamp in jvm cache ,groupKey=qxdata-cloud-gateway-dev+qxdatacloud+c9e3be4d-5169-46ab-aed9-3e2c94165578, newMd5=3e08ded6dcb9f9acf05bcd10669e031a,oldMd5=,lastModifiedTs=1732562292000

2024-11-26 12:34:00,291 INFO [dump-all-ok] qxdata-cloud-gateway-dev+qxdatacloud, 1732562292000, length=137,md5UTF8=3e08ded6dcb9f9acf05bcd10669e031a

2024-11-26 12:34:00,291 INFO [dump-all-ok] nacos-cloud-gateway-dev.yaml+group-dev, 1732244538000, length=128,md5UTF8=a7defe9b87fb4b8c13a6c48bcb76120a

2024-11-26 12:34:00,290 INFO [dump] md5 changed, update md5 and timestamp in jvm cache ,groupKey=nacos-payment-provider-prod.yaml+group-prod+a40464ac-f1c6-4c33-9650-5c576e4bc3ee, newMd5=3550503e8e85edb174ba5295cabf572c,oldMd5=,lastModifiedTs=1732235833000

2024-11-26 12:34:00,291 INFO [dump] md5 changed, update md5 and timestamp in jvm cache ,groupKey=nacos-qxmain-nacos.yaml+qxmain+c9e3be4d-5169-46ab-aed9-3e2c94165578, newMd5=cdfd20c8bc36de4de1bd95397fff1669,oldMd5=,lastModifiedTs=1721678751000

2024-11-26 12:34:00,291 INFO [dump-all-ok] nacos-payment-provider-dev.yaml+group-dev, 1732235639000, length=2315,md5UTF8=82259468b2e24801794092ae390e3318

2024-11-26 12:34:00,293 INFO [dump-all-ok] nacos-payment-provider-prod.yaml+group-prod, 1732235833000, length=2317,md5UTF8=3550503e8e85edb174ba5295cabf572c

2024-11-26 12:34:00,293 INFO [dump-all-ok] nacos-qxmain-nacos.yaml+qxmain, 1721678751000, length=7191,md5UTF8=cdfd20c8bc36de4de1bd95397fff1669

2024-11-26 12:38:20,800 INFO [dump] md5 changed, save to disk cache ,groupKey=nacos-payment-provider-dev.yaml+group-dev+c9e3be4d-5169-46ab-aed9-3e2c94165578, newMd5=82259468b2e24801794092ae390e3318,oldMd5=

2024-11-26 12:38:20,800 INFO [dump] md5 changed, save to disk cache ,groupKey=nacos-cloud-gateway-dev.yaml+group-dev+c9e3be4d-5169-46ab-aed9-3e2c94165578, newMd5=a7defe9b87fb4b8c13a6c48bcb76120a,oldMd5=

2024-11-26 12:38:20,800 INFO [dump] md5 changed, save to disk cache ,groupKey=nacos-payment-provider-prod.yaml+group-prod+a40464ac-f1c6-4c33-9650-5c576e4bc3ee, newMd5=3550503e8e85edb174ba5295cabf572c,oldMd5=

2024-11-26 12:38:20,800 INFO [dump] md5 changed, save to disk cache ,groupKey=nacos-qxmain-nacos.yaml+qxmain+c9e3be4d-5169-46ab-aed9-3e2c94165578, newMd5=cdfd20c8bc36de4de1bd95397fff1669,oldMd5=

2024-11-26 12:38:20,800 INFO [dump] md5 changed, save to disk cache ,groupKey=qxdata-cloud-gateway-dev+qxdatacloud+c9e3be4d-5169-46ab-aed9-3e2c94165578, newMd5=3e08ded6dcb9f9acf05bcd10669e031a,oldMd5=

2024-11-26 12:38:20,813 INFO [dump] md5 changed, update md5 and timestamp in jvm cache ,groupKey=qxdata-cloud-gateway-dev+qxdatacloud+c9e3be4d-5169-46ab-aed9-3e2c94165578, newMd5=3e08ded6dcb9f9acf05bcd10669e031a,oldMd5=,lastModifiedTs=1732562292000

2024-11-26 12:38:20,813 INFO [dump] md5 changed, update md5 and timestamp in jvm cache ,groupKey=nacos-cloud-gateway-dev.yaml+group-dev+c9e3be4d-5169-46ab-aed9-3e2c94165578, newMd5=a7defe9b87fb4b8c13a6c48bcb76120a,oldMd5=,lastModifiedTs=1732244538000

2024-11-26 12:38:20,814 INFO [dump] md5 changed, update md5 and timestamp in jvm cache ,groupKey=nacos-payment-provider-dev.yaml+group-dev+c9e3be4d-5169-46ab-aed9-3e2c94165578, newMd5=82259468b2e24801794092ae390e3318,oldMd5=,lastModifiedTs=1732235639000

2024-11-26 12:38:20,815 INFO [dump] md5 changed, update md5 and timestamp in jvm cache ,groupKey=nacos-qxmain-nacos.yaml+qxmain+c9e3be4d-5169-46ab-aed9-3e2c94165578, newMd5=cdfd20c8bc36de4de1bd95397fff1669,oldMd5=,lastModifiedTs=1721678751000

2024-11-26 12:38:20,814 INFO [dump-all-ok] nacos-cloud-gateway-dev.yaml+group-dev, 1732244538000, length=128,md5UTF8=a7defe9b87fb4b8c13a6c48bcb76120a

2024-11-26 12:38:20,814 INFO [dump-all-ok] qxdata-cloud-gateway-dev+qxdatacloud, 1732562292000, length=137,md5UTF8=3e08ded6dcb9f9acf05bcd10669e031a

2024-11-26 12:38:20,815 INFO [dump] md5 changed, update md5 and timestamp in jvm cache ,groupKey=nacos-payment-provider-prod.yaml+group-prod+a40464ac-f1c6-4c33-9650-5c576e4bc3ee, newMd5=3550503e8e85edb174ba5295cabf572c,oldMd5=,lastModifiedTs=1732235833000

2024-11-26 12:38:20,815 INFO [dump-all-ok] nacos-payment-provider-dev.yaml+group-dev, 1732235639000, length=2315,md5UTF8=82259468b2e24801794092ae390e3318

2024-11-26 12:38:20,815 INFO [dump-all-ok] nacos-qxmain-nacos.yaml+qxmain, 1721678751000, length=7191,md5UTF8=cdfd20c8bc36de4de1bd95397fff1669

2024-11-26 12:38:20,816 INFO [dump-all-ok] nacos-payment-provider-prod.yaml+group-prod, 1732235833000, length=2317,md5UTF8=3550503e8e85edb174ba5295cabf572c

2024-11-26 16:02:49,499 INFO [dump] md5 changed, save to disk cache ,groupKey=nacos-cloud-gateway-dev.yaml+group-dev+c9e3be4d-5169-46ab-aed9-3e2c94165578, newMd5=a7defe9b87fb4b8c13a6c48bcb76120a,oldMd5=

2024-11-26 16:02:49,500 INFO [dump] md5 changed, save to disk cache ,groupKey=qxdata-cloud-gateway-dev+qxdatacloud+c9e3be4d-5169-46ab-aed9-3e2c94165578, newMd5=3e08ded6dcb9f9acf05bcd10669e031a,oldMd5=

2024-11-26 16:02:49,499 INFO [dump] md5 changed, save to disk cache ,groupKey=nacos-payment-provider-prod.yaml+group-prod+a40464ac-f1c6-4c33-9650-5c576e4bc3ee, newMd5=3550503e8e85edb174ba5295cabf572c,oldMd5=

2024-11-26 16:02:49,499 INFO [dump] md5 changed, save to disk cache ,groupKey=nacos-payment-provider-dev.yaml+group-dev+c9e3be4d-5169-46ab-aed9-3e2c94165578, newMd5=82259468b2e24801794092ae390e3318,oldMd5=

2024-11-26 16:02:49,500 INFO [dump] md5 changed, save to disk cache ,groupKey=nacos-qxmain-nacos.yaml+qxmain+c9e3be4d-5169-46ab-aed9-3e2c94165578, newMd5=cdfd20c8bc36de4de1bd95397fff1669,oldMd5=

2024-11-26 16:02:49,519 INFO [dump] md5 changed, update md5 and timestamp in jvm cache ,groupKey=qxdata-cloud-gateway-dev+qxdatacloud+c9e3be4d-5169-46ab-aed9-3e2c94165578, newMd5=3e08ded6dcb9f9acf05bcd10669e031a,oldMd5=,lastModifiedTs=1732562292000

2024-11-26 16:02:49,520 INFO [dump] md5 changed, update md5 and timestamp in jvm cache ,groupKey=nacos-payment-provider-dev.yaml+group-dev+c9e3be4d-5169-46ab-aed9-3e2c94165578, newMd5=82259468b2e24801794092ae390e3318,oldMd5=,lastModifiedTs=1732235639000

2024-11-26 16:02:49,521 INFO [dump-all-ok] qxdata-cloud-gateway-dev+qxdatacloud, 1732562292000, length=137,md5UTF8=3e08ded6dcb9f9acf05bcd10669e031a

2024-11-26 16:02:49,521 INFO [dump-all-ok] nacos-payment-provider-dev.yaml+group-dev, 1732235639000, length=2315,md5UTF8=82259468b2e24801794092ae390e3318

2024-11-26 16:02:49,523 INFO [dump] md5 changed, update md5 and timestamp in jvm cache ,groupKey=nacos-cloud-gateway-dev.yaml+group-dev+c9e3be4d-5169-46ab-aed9-3e2c94165578, newMd5=a7defe9b87fb4b8c13a6c48bcb76120a,oldMd5=,lastModifiedTs=1732244538000

2024-11-26 16:02:49,523 INFO [dump-all-ok] nacos-cloud-gateway-dev.yaml+group-dev, 1732244538000, length=128,md5UTF8=a7defe9b87fb4b8c13a6c48bcb76120a

2024-11-26 16:02:49,525 INFO [dump] md5 changed, update md5 and timestamp in jvm cache ,groupKey=nacos-qxmain-nacos.yaml+qxmain+c9e3be4d-5169-46ab-aed9-3e2c94165578, newMd5=cdfd20c8bc36de4de1bd95397fff1669,oldMd5=,lastModifiedTs=1721678751000

2024-11-26 16:02:49,525 INFO [dump-all-ok] nacos-qxmain-nacos.yaml+qxmain, 1721678751000, length=7191,md5UTF8=cdfd20c8bc36de4de1bd95397fff1669

2024-11-26 16:02:49,523 INFO [dump] md5 changed, update md5 and timestamp in jvm cache ,groupKey=nacos-payment-provider-prod.yaml+group-prod+a40464ac-f1c6-4c33-9650-5c576e4bc3ee, newMd5=3550503e8e85edb174ba5295cabf572c,oldMd5=,lastModifiedTs=1732235833000

2024-11-26 16:02:49,526 INFO [dump-all-ok] nacos-payment-provider-prod.yaml+group-prod, 1732235833000, length=2317,md5UTF8=3550503e8e85edb174ba5295cabf572c

2024-11-26 16:09:12,910 INFO [dump] md5 changed, save to disk cache ,groupKey=nacos-payment-provider-dev.yaml+group-dev+c9e3be4d-5169-46ab-aed9-3e2c94165578, newMd5=82259468b2e24801794092ae390e3318,oldMd5=

2024-11-26 16:09:12,910 INFO [dump] md5 changed, save to disk cache ,groupKey=nacos-payment-provider-prod.yaml+group-prod+a40464ac-f1c6-4c33-9650-5c576e4bc3ee, newMd5=3550503e8e85edb174ba5295cabf572c,oldMd5=

2024-11-26 16:09:12,910 INFO [dump] md5 changed, save to disk cache ,groupKey=nacos-qxmain-nacos.yaml+qxmain+c9e3be4d-5169-46ab-aed9-3e2c94165578, newMd5=cdfd20c8bc36de4de1bd95397fff1669,oldMd5=

2024-11-26 16:09:12,910 INFO [dump] md5 changed, save to disk cache ,groupKey=nacos-cloud-gateway-dev.yaml+group-dev+c9e3be4d-5169-46ab-aed9-3e2c94165578, newMd5=a7defe9b87fb4b8c13a6c48bcb76120a,oldMd5=

2024-11-26 16:09:12,910 INFO [dump] md5 changed, save to disk cache ,groupKey=qxdata-cloud-gateway-dev+qxdatacloud+c9e3be4d-5169-46ab-aed9-3e2c94165578, newMd5=3e08ded6dcb9f9acf05bcd10669e031a,oldMd5=

2024-11-26 16:09:12,926 INFO [dump] md5 changed, update md5 and timestamp in jvm cache ,groupKey=nacos-payment-provider-dev.yaml+group-dev+c9e3be4d-5169-46ab-aed9-3e2c94165578, newMd5=82259468b2e24801794092ae390e3318,oldMd5=,lastModifiedTs=1732235639000

2024-11-26 16:09:12,926 INFO [dump] md5 changed, update md5 and timestamp in jvm cache ,groupKey=nacos-payment-provider-prod.yaml+group-prod+a40464ac-f1c6-4c33-9650-5c576e4bc3ee, newMd5=3550503e8e85edb174ba5295cabf572c,oldMd5=,lastModifiedTs=1732235833000

2024-11-26 16:09:12,927 INFO [dump] md5 changed, update md5 and timestamp in jvm cache ,groupKey=nacos-cloud-gateway-dev.yaml+group-dev+c9e3be4d-5169-46ab-aed9-3e2c94165578, newMd5=a7defe9b87fb4b8c13a6c48bcb76120a,oldMd5=,lastModifiedTs=1732244538000

2024-11-26 16:09:12,927 INFO [dump] md5 changed, update md5 and timestamp in jvm cache ,groupKey=qxdata-cloud-gateway-dev+qxdatacloud+c9e3be4d-5169-46ab-aed9-3e2c94165578, newMd5=3e08ded6dcb9f9acf05bcd10669e031a,oldMd5=,lastModifiedTs=1732562292000

2024-11-26 16:09:12,928 INFO [dump-all-ok] qxdata-cloud-gateway-dev+qxdatacloud, 1732562292000, length=137,md5UTF8=3e08ded6dcb9f9acf05bcd10669e031a

2024-11-26 16:09:12,927 INFO [dump-all-ok] nacos-payment-provider-dev.yaml+group-dev, 1732235639000, length=2315,md5UTF8=82259468b2e24801794092ae390e3318

2024-11-26 16:09:12,928 INFO [dump-all-ok] nacos-payment-provider-prod.yaml+group-prod, 1732235833000, length=2317,md5UTF8=3550503e8e85edb174ba5295cabf572c

2024-11-26 16:09:12,928 INFO [dump-all-ok] nacos-cloud-gateway-dev.yaml+group-dev, 1732244538000, length=128,md5UTF8=a7defe9b87fb4b8c13a6c48bcb76120a

2024-11-26 16:09:12,930 INFO [dump] md5 changed, update md5 and timestamp in jvm cache ,groupKey=nacos-qxmain-nacos.yaml+qxmain+c9e3be4d-5169-46ab-aed9-3e2c94165578, newMd5=cdfd20c8bc36de4de1bd95397fff1669,oldMd5=,lastModifiedTs=1721678751000

2024-11-26 16:09:12,931 INFO [dump-all-ok] nacos-qxmain-nacos.yaml+qxmain, 1721678751000, length=7191,md5UTF8=cdfd20c8bc36de4de1bd95397fff1669

2024-11-26 16:11:11,846 INFO [dump] md5 changed, save to disk cache ,groupKey=nacos-qxmain-nacos.yaml+qxmain+c9e3be4d-5169-46ab-aed9-3e2c94165578, newMd5=cdfd20c8bc36de4de1bd95397fff1669,oldMd5=

2024-11-26 16:11:11,846 INFO [dump] md5 changed, save to disk cache ,groupKey=qxdata-cloud-gateway-dev+qxdatacloud+c9e3be4d-5169-46ab-aed9-3e2c94165578, newMd5=3e08ded6dcb9f9acf05bcd10669e031a,oldMd5=

2024-11-26 16:11:11,846 INFO [dump] md5 changed, save to disk cache ,groupKey=nacos-payment-provider-dev.yaml+group-dev+c9e3be4d-5169-46ab-aed9-3e2c94165578, newMd5=82259468b2e24801794092ae390e3318,oldMd5=

2024-11-26 16:11:11,846 INFO [dump] md5 changed, save to disk cache ,groupKey=nacos-cloud-gateway-dev.yaml+group-dev+c9e3be4d-5169-46ab-aed9-3e2c94165578, newMd5=a7defe9b87fb4b8c13a6c48bcb76120a,oldMd5=

2024-11-26 16:11:11,846 INFO [dump] md5 changed, save to disk cache ,groupKey=nacos-payment-provider-prod.yaml+group-prod+a40464ac-f1c6-4c33-9650-5c576e4bc3ee, newMd5=3550503e8e85edb174ba5295cabf572c,oldMd5=

2024-11-26 16:11:11,861 INFO [dump] md5 changed, update md5 and timestamp in jvm cache ,groupKey=nacos-cloud-gateway-dev.yaml+group-dev+c9e3be4d-5169-46ab-aed9-3e2c94165578, newMd5=a7defe9b87fb4b8c13a6c48bcb76120a,oldMd5=,lastModifiedTs=1732244538000

2024-11-26 16:11:11,861 INFO [dump] md5 changed, update md5 and timestamp in jvm cache ,groupKey=qxdata-cloud-gateway-dev+qxdatacloud+c9e3be4d-5169-46ab-aed9-3e2c94165578, newMd5=3e08ded6dcb9f9acf05bcd10669e031a,oldMd5=,lastModifiedTs=1732562292000

2024-11-26 16:11:11,862 INFO [dump] md5 changed, update md5 and timestamp in jvm cache ,groupKey=nacos-payment-provider-prod.yaml+group-prod+a40464ac-f1c6-4c33-9650-5c576e4bc3ee, newMd5=3550503e8e85edb174ba5295cabf572c,oldMd5=,lastModifiedTs=1732235833000

2024-11-26 16:11:11,862 INFO [dump] md5 changed, update md5 and timestamp in jvm cache ,groupKey=nacos-payment-provider-dev.yaml+group-dev+c9e3be4d-5169-46ab-aed9-3e2c94165578, newMd5=82259468b2e24801794092ae390e3318,oldMd5=,lastModifiedTs=1732235639000

2024-11-26 16:11:11,863 INFO [dump-all-ok] nacos-cloud-gateway-dev.yaml+group-dev, 1732244538000, length=128,md5UTF8=a7defe9b87fb4b8c13a6c48bcb76120a

2024-11-26 16:11:11,863 INFO [dump] md5 changed, update md5 and timestamp in jvm cache ,groupKey=nacos-qxmain-nacos.yaml+qxmain+c9e3be4d-5169-46ab-aed9-3e2c94165578, newMd5=cdfd20c8bc36de4de1bd95397fff1669,oldMd5=,lastModifiedTs=1721678751000

2024-11-26 16:11:11,863 INFO [dump-all-ok] qxdata-cloud-gateway-dev+qxdatacloud, 1732562292000, length=137,md5UTF8=3e08ded6dcb9f9acf05bcd10669e031a

2024-11-26 16:11:11,863 INFO [dump-all-ok] nacos-payment-provider-prod.yaml+group-prod, 1732235833000, length=2317,md5UTF8=3550503e8e85edb174ba5295cabf572c

2024-11-26 16:11:11,864 INFO [dump-all-ok] nacos-payment-provider-dev.yaml+group-dev, 1732235639000, length=2315,md5UTF8=82259468b2e24801794092ae390e3318

2024-11-26 16:11:11,865 INFO [dump-all-ok] nacos-qxmain-nacos.yaml+qxmain, 1721678751000, length=7191,md5UTF8=cdfd20c8bc36de4de1bd95397fff1669

2024-11-26 17:24:27,175 INFO [dump] add formal task. groupKey=system-server-dev+qxdatacloud+c9e3be4d-5169-46ab-aed9-3e2c94165578

2024-11-26 17:24:27,193 INFO [dump] process formal task. groupKey=system-server-dev+qxdatacloud+c9e3be4d-5169-46ab-aed9-3e2c94165578

2024-11-26 17:24:27,196 INFO [dump] md5 changed, save to disk cache ,groupKey=system-server-dev+qxdatacloud+c9e3be4d-5169-46ab-aed9-3e2c94165578, newMd5=8fa14cdd754f91cc6554c9e71929cce7,oldMd5=

2024-11-26 17:24:27,196 INFO [dump] md5 changed, update md5 and timestamp in jvm cache ,groupKey=system-server-dev+qxdatacloud+c9e3be4d-5169-46ab-aed9-3e2c94165578, newMd5=8fa14cdd754f91cc6554c9e71929cce7,oldMd5=,lastModifiedTs=1732584267000

2024-11-26 17:25:53,874 INFO [dump] add formal task. groupKey=system-server-dev+qxdatacloud+c9e3be4d-5169-46ab-aed9-3e2c94165578

2024-11-26 17:25:53,968 INFO [dump] process formal task. groupKey=system-server-dev+qxdatacloud+c9e3be4d-5169-46ab-aed9-3e2c94165578

2024-11-26 17:25:53,969 INFO [dump] md5 changed, save to disk cache ,groupKey=system-server-dev+qxdatacloud+c9e3be4d-5169-46ab-aed9-3e2c94165578, newMd5=bac7de78bf4aa0ececd310e92e7801d4,oldMd5=8fa14cdd754f91cc6554c9e71929cce7

2024-11-26 17:25:53,970 INFO [dump] md5 changed, update md5 and timestamp in jvm cache ,groupKey=system-server-dev+qxdatacloud+c9e3be4d-5169-46ab-aed9-3e2c94165578, newMd5=bac7de78bf4aa0ececd310e92e7801d4,oldMd5=8fa14cdd754f91cc6554c9e71929cce7,lastModifiedTs=1732584354000

2024-11-26 17:32:08,660 INFO [dump] add formal task. groupKey=qxdata-system-server-dev+qxdata+c9e3be4d-5169-46ab-aed9-3e2c94165578

2024-11-26 17:32:08,690 INFO [dump] process formal task. groupKey=qxdata-system-server-dev+qxdata+c9e3be4d-5169-46ab-aed9-3e2c94165578

2024-11-26 17:32:08,692 INFO [dump] md5 changed, save to disk cache ,groupKey=qxdata-system-server-dev+qxdata+c9e3be4d-5169-46ab-aed9-3e2c94165578, newMd5=c4ca4238a0b923820dcc509a6f75849b,oldMd5=

2024-11-26 17:32:08,693 INFO [dump] md5 changed, update md5 and timestamp in jvm cache ,groupKey=qxdata-system-server-dev+qxdata+c9e3be4d-5169-46ab-aed9-3e2c94165578, newMd5=c4ca4238a0b923820dcc509a6f75849b,oldMd5=,lastModifiedTs=1732584729000

2024-11-26 17:32:33,348 INFO [dump] add formal task. groupKey=qxdata-system-server-dev+qxdata+c9e3be4d-5169-46ab-aed9-3e2c94165578

2024-11-26 17:32:33,416 INFO [dump] process formal task. groupKey=qxdata-system-server-dev+qxdata+c9e3be4d-5169-46ab-aed9-3e2c94165578

2024-11-26 17:32:33,417 INFO [dump] remove  local disk cache,groupKey=qxdata-system-server-dev+qxdata+c9e3be4d-5169-46ab-aed9-3e2c94165578 

2024-11-26 17:32:33,418 INFO [dump] remove  local jvm cache,groupKey=qxdata-system-server-dev+qxdata+c9e3be4d-5169-46ab-aed9-3e2c94165578 

2024-11-26 17:32:47,728 INFO [remove-ok] qxdata-system-server-dev+qxdata+c9e3be4d-5169-46ab-aed9-3e2c94165578 not exist.

2024-11-26 17:33:04,667 INFO [dump] add formal task. groupKey=qxdata-system-server-dev+qxdatacloud+c9e3be4d-5169-46ab-aed9-3e2c94165578

2024-11-26 17:33:04,753 INFO [dump] process formal task. groupKey=qxdata-system-server-dev+qxdatacloud+c9e3be4d-5169-46ab-aed9-3e2c94165578

2024-11-26 17:33:04,755 INFO [dump] md5 changed, save to disk cache ,groupKey=qxdata-system-server-dev+qxdatacloud+c9e3be4d-5169-46ab-aed9-3e2c94165578, newMd5=c4ca4238a0b923820dcc509a6f75849b,oldMd5=

2024-11-26 17:33:04,756 INFO [dump] md5 changed, update md5 and timestamp in jvm cache ,groupKey=qxdata-system-server-dev+qxdatacloud+c9e3be4d-5169-46ab-aed9-3e2c94165578, newMd5=c4ca4238a0b923820dcc509a6f75849b,oldMd5=,lastModifiedTs=1732584785000

2024-11-26 17:33:24,949 INFO [dump] add formal task. groupKey=qxdata-system-server-dev+qxdatacloud+c9e3be4d-5169-46ab-aed9-3e2c94165578

2024-11-26 17:33:24,974 INFO [dump] process formal task. groupKey=qxdata-system-server-dev+qxdatacloud+c9e3be4d-5169-46ab-aed9-3e2c94165578

2024-11-26 17:33:24,978 INFO [dump] md5 changed, save to disk cache ,groupKey=qxdata-system-server-dev+qxdatacloud+c9e3be4d-5169-46ab-aed9-3e2c94165578, newMd5=bac7de78bf4aa0ececd310e92e7801d4,oldMd5=c4ca4238a0b923820dcc509a6f75849b

2024-11-26 17:33:24,980 INFO [dump] md5 changed, update md5 and timestamp in jvm cache ,groupKey=qxdata-system-server-dev+qxdatacloud+c9e3be4d-5169-46ab-aed9-3e2c94165578, newMd5=bac7de78bf4aa0ececd310e92e7801d4,oldMd5=c4ca4238a0b923820dcc509a6f75849b,lastModifiedTs=1732584805000

2024-11-26 17:34:06,415 INFO [dump] add formal task. groupKey=qxdata-gateway-server-dev+qxdatacloud+c9e3be4d-5169-46ab-aed9-3e2c94165578

2024-11-26 17:34:06,416 INFO [dump] process formal task. groupKey=qxdata-gateway-server-dev+qxdatacloud+c9e3be4d-5169-46ab-aed9-3e2c94165578

2024-11-26 17:34:06,419 INFO [dump] md5 changed, save to disk cache ,groupKey=qxdata-gateway-server-dev+qxdatacloud+c9e3be4d-5169-46ab-aed9-3e2c94165578, newMd5=c4ca4238a0b923820dcc509a6f75849b,oldMd5=

2024-11-26 17:34:06,419 INFO [dump] md5 changed, update md5 and timestamp in jvm cache ,groupKey=qxdata-gateway-server-dev+qxdatacloud+c9e3be4d-5169-46ab-aed9-3e2c94165578, newMd5=c4ca4238a0b923820dcc509a6f75849b,oldMd5=,lastModifiedTs=1732584846000

2024-11-26 17:37:50,724 INFO [dump] add formal task. groupKey=qxdata-gateway-server-dev+qxdatacloud+c9e3be4d-5169-46ab-aed9-3e2c94165578

2024-11-26 17:37:50,822 INFO [dump] process formal task. groupKey=qxdata-gateway-server-dev+qxdatacloud+c9e3be4d-5169-46ab-aed9-3e2c94165578

2024-11-26 17:37:50,824 INFO [dump] md5 changed, save to disk cache ,groupKey=qxdata-gateway-server-dev+qxdatacloud+c9e3be4d-5169-46ab-aed9-3e2c94165578, newMd5=d05785e78e6858508ef20c303aad19b8,oldMd5=c4ca4238a0b923820dcc509a6f75849b

2024-11-26 17:37:50,825 INFO [dump] md5 changed, update md5 and timestamp in jvm cache ,groupKey=qxdata-gateway-server-dev+qxdatacloud+c9e3be4d-5169-46ab-aed9-3e2c94165578, newMd5=d05785e78e6858508ef20c303aad19b8,oldMd5=c4ca4238a0b923820dcc509a6f75849b,lastModifiedTs=1732585071000

2024-11-26 17:52:23,094 INFO [dump] add formal task. groupKey=qxdata-system-server-dev+qxdatacloud+c9e3be4d-5169-46ab-aed9-3e2c94165578

2024-11-26 17:52:23,189 INFO [dump] process formal task. groupKey=qxdata-system-server-dev+qxdatacloud+c9e3be4d-5169-46ab-aed9-3e2c94165578

2024-11-26 17:52:23,190 INFO [dump] md5 changed, save to disk cache ,groupKey=qxdata-system-server-dev+qxdatacloud+c9e3be4d-5169-46ab-aed9-3e2c94165578, newMd5=7e142a4095ff5013c532e7aceaa649e3,oldMd5=bac7de78bf4aa0ececd310e92e7801d4

2024-11-26 17:52:23,191 INFO [dump] md5 changed, update md5 and timestamp in jvm cache ,groupKey=qxdata-system-server-dev+qxdatacloud+c9e3be4d-5169-46ab-aed9-3e2c94165578, newMd5=7e142a4095ff5013c532e7aceaa649e3,oldMd5=bac7de78bf4aa0ececd310e92e7801d4,lastModifiedTs=1732585943000

2024-11-26 18:00:29,057 INFO [dump] add formal task. groupKey=qxdata-system-server-dev+qxdatacloud+c9e3be4d-5169-46ab-aed9-3e2c94165578

2024-11-26 18:00:29,096 INFO [dump] process formal task. groupKey=qxdata-system-server-dev+qxdatacloud+c9e3be4d-5169-46ab-aed9-3e2c94165578

2024-11-26 18:00:29,097 INFO [dump] remove  local disk cache,groupKey=qxdata-system-server-dev+qxdatacloud+c9e3be4d-5169-46ab-aed9-3e2c94165578 

2024-11-26 18:00:29,098 INFO [dump] remove  local jvm cache,groupKey=qxdata-system-server-dev+qxdatacloud+c9e3be4d-5169-46ab-aed9-3e2c94165578 

2024-11-26 18:00:48,008 INFO [remove-ok] qxdata-system-server-dev+qxdatacloud+c9e3be4d-5169-46ab-aed9-3e2c94165578 not exist.

2024-11-26 18:01:39,864 INFO [dump] add formal task. groupKey=qxdata-system-server-dev.yaml+qxdatacloud+c9e3be4d-5169-46ab-aed9-3e2c94165578

2024-11-26 18:01:39,959 INFO [dump] process formal task. groupKey=qxdata-system-server-dev.yaml+qxdatacloud+c9e3be4d-5169-46ab-aed9-3e2c94165578

2024-11-26 18:01:39,960 INFO [dump] md5 changed, save to disk cache ,groupKey=qxdata-system-server-dev.yaml+qxdatacloud+c9e3be4d-5169-46ab-aed9-3e2c94165578, newMd5=e4f58cfb9534816f1cc604616fdd15f8,oldMd5=

2024-11-26 18:01:39,961 INFO [dump] md5 changed, update md5 and timestamp in jvm cache ,groupKey=qxdata-system-server-dev.yaml+qxdatacloud+c9e3be4d-5169-46ab-aed9-3e2c94165578, newMd5=e4f58cfb9534816f1cc604616fdd15f8,oldMd5=,lastModifiedTs=1732586500000

2024-11-26 18:03:09,457 INFO [dump] add formal task. groupKey=qxdata-system-server-dev.yaml+qxdatacloud+c9e3be4d-5169-46ab-aed9-3e2c94165578

2024-11-26 18:03:09,536 INFO [dump] process formal task. groupKey=qxdata-system-server-dev.yaml+qxdatacloud+c9e3be4d-5169-46ab-aed9-3e2c94165578

2024-11-26 18:03:09,538 INFO [dump] md5 changed, save to disk cache ,groupKey=qxdata-system-server-dev.yaml+qxdatacloud+c9e3be4d-5169-46ab-aed9-3e2c94165578, newMd5=4ad6ab766fc746c781f78affcd682c4e,oldMd5=e4f58cfb9534816f1cc604616fdd15f8

2024-11-26 18:03:09,539 INFO [dump] md5 changed, update md5 and timestamp in jvm cache ,groupKey=qxdata-system-server-dev.yaml+qxdatacloud+c9e3be4d-5169-46ab-aed9-3e2c94165578, newMd5=4ad6ab766fc746c781f78affcd682c4e,oldMd5=e4f58cfb9534816f1cc604616fdd15f8,lastModifiedTs=1732586589000

2024-11-26 18:04:25,529 INFO [dump] add formal task. groupKey=qxdata-gateway-server-dev.yaml+qxdatacloud+c9e3be4d-5169-46ab-aed9-3e2c94165578

2024-11-26 18:04:25,602 INFO [dump] process formal task. groupKey=qxdata-gateway-server-dev.yaml+qxdatacloud+c9e3be4d-5169-46ab-aed9-3e2c94165578

2024-11-26 18:04:25,604 INFO [dump] md5 changed, save to disk cache ,groupKey=qxdata-gateway-server-dev.yaml+qxdatacloud+c9e3be4d-5169-46ab-aed9-3e2c94165578, newMd5=4f1e0e662b61b22c04e768cf46b1294f,oldMd5=

2024-11-26 18:04:25,605 INFO [dump] md5 changed, update md5 and timestamp in jvm cache ,groupKey=qxdata-gateway-server-dev.yaml+qxdatacloud+c9e3be4d-5169-46ab-aed9-3e2c94165578, newMd5=4f1e0e662b61b22c04e768cf46b1294f,oldMd5=,lastModifiedTs=1732586666000

2024-11-26 18:04:35,025 INFO [dump] add formal task. groupKey=qxdata-cloud-gateway-dev+qxdatacloud+c9e3be4d-5169-46ab-aed9-3e2c94165578

2024-11-26 18:04:35,113 INFO [dump] process formal task. groupKey=qxdata-cloud-gateway-dev+qxdatacloud+c9e3be4d-5169-46ab-aed9-3e2c94165578

2024-11-26 18:04:35,116 INFO [dump] remove  local disk cache,groupKey=qxdata-cloud-gateway-dev+qxdatacloud+c9e3be4d-5169-46ab-aed9-3e2c94165578 

2024-11-26 18:04:35,117 INFO [dump] remove  local jvm cache,groupKey=qxdata-cloud-gateway-dev+qxdatacloud+c9e3be4d-5169-46ab-aed9-3e2c94165578 

2024-11-26 18:04:43,532 INFO [dump] add formal task. groupKey=system-server-dev+qxdatacloud+c9e3be4d-5169-46ab-aed9-3e2c94165578

2024-11-26 18:04:43,624 INFO [dump] process formal task. groupKey=system-server-dev+qxdatacloud+c9e3be4d-5169-46ab-aed9-3e2c94165578

2024-11-26 18:04:43,626 INFO [dump] remove  local disk cache,groupKey=system-server-dev+qxdatacloud+c9e3be4d-5169-46ab-aed9-3e2c94165578 

2024-11-26 18:04:43,627 INFO [dump] remove  local jvm cache,groupKey=system-server-dev+qxdatacloud+c9e3be4d-5169-46ab-aed9-3e2c94165578 

2024-11-26 18:04:48,054 INFO [remove-ok] qxdata-cloud-gateway-dev+qxdatacloud+c9e3be4d-5169-46ab-aed9-3e2c94165578 not exist.

2024-11-26 18:04:48,055 INFO [remove-ok] system-server-dev+qxdatacloud+c9e3be4d-5169-46ab-aed9-3e2c94165578 not exist.

2024-11-26 18:04:49,214 INFO [dump] add formal task. groupKey=qxdata-gateway-server-dev+qxdatacloud+c9e3be4d-5169-46ab-aed9-3e2c94165578

2024-11-26 18:04:49,233 INFO [dump] process formal task. groupKey=qxdata-gateway-server-dev+qxdatacloud+c9e3be4d-5169-46ab-aed9-3e2c94165578

2024-11-26 18:04:49,234 INFO [dump] remove  local disk cache,groupKey=qxdata-gateway-server-dev+qxdatacloud+c9e3be4d-5169-46ab-aed9-3e2c94165578 

2024-11-26 18:04:49,235 INFO [dump] remove  local jvm cache,groupKey=qxdata-gateway-server-dev+qxdatacloud+c9e3be4d-5169-46ab-aed9-3e2c94165578 

2024-11-26 18:05:18,060 INFO [remove-ok] qxdata-gateway-server-dev+qxdatacloud+c9e3be4d-5169-46ab-aed9-3e2c94165578 not exist.

2024-11-26 18:05:33,260 INFO [dump] add formal task. groupKey=qxdata-system-server-dev.yaml+qxdatacloud+c9e3be4d-5169-46ab-aed9-3e2c94165578

2024-11-26 18:05:33,282 INFO [dump] process formal task. groupKey=qxdata-system-server-dev.yaml+qxdatacloud+c9e3be4d-5169-46ab-aed9-3e2c94165578

2024-11-26 18:05:33,289 INFO [dump] md5 changed, save to disk cache ,groupKey=qxdata-system-server-dev.yaml+qxdatacloud+c9e3be4d-5169-46ab-aed9-3e2c94165578, newMd5=661fbe114cb724e40f8d438ff9d7af10,oldMd5=4ad6ab766fc746c781f78affcd682c4e

2024-11-26 18:05:33,291 INFO [dump] md5 changed, update md5 and timestamp in jvm cache ,groupKey=qxdata-system-server-dev.yaml+qxdatacloud+c9e3be4d-5169-46ab-aed9-3e2c94165578, newMd5=661fbe114cb724e40f8d438ff9d7af10,oldMd5=4ad6ab766fc746c781f78affcd682c4e,lastModifiedTs=1732586733000

2024-11-26 18:06:41,293 INFO [dump] add formal task. groupKey=qxdata-system-server-dev.yaml+qxdatacloud+c9e3be4d-5169-46ab-aed9-3e2c94165578

2024-11-26 18:06:41,354 INFO [dump] process formal task. groupKey=qxdata-system-server-dev.yaml+qxdatacloud+c9e3be4d-5169-46ab-aed9-3e2c94165578

2024-11-26 18:06:41,356 INFO [dump] md5 changed, save to disk cache ,groupKey=qxdata-system-server-dev.yaml+qxdatacloud+c9e3be4d-5169-46ab-aed9-3e2c94165578, newMd5=65208f1b31c0fb807116cf831a4debd2,oldMd5=661fbe114cb724e40f8d438ff9d7af10

2024-11-26 18:06:41,357 INFO [dump] md5 changed, update md5 and timestamp in jvm cache ,groupKey=qxdata-system-server-dev.yaml+qxdatacloud+c9e3be4d-5169-46ab-aed9-3e2c94165578, newMd5=65208f1b31c0fb807116cf831a4debd2,oldMd5=661fbe114cb724e40f8d438ff9d7af10,lastModifiedTs=1732586801000

