2024-11-29 00:01:16,802 INFO [capacityManagement] start correct usage

2024-11-29 00:01:16,820 INFO [capacityManagement] end correct usage, cost: 7.90316E-4s

2024-11-29 00:01:18,070 WARN clearHistoryConfig get scheduled

2024-11-29 00:01:18,072 WARN clearHistoryConfig is enable in current context, try to run cleaner

2024-11-29 00:01:18,073 WARN clearConfigHistory, getBeforeStamp:2024-10-30 00:01:18.0, pageSize:1000

2024-11-29 00:01:18,074 WARN history config cleaner successfully

2024-11-29 00:11:16,832 INFO [capacityManagement] start correct usage

2024-11-29 00:11:16,834 INFO [capacityManagement] end correct usage, cost: 8.23277E-4s

2024-11-29 00:11:18,086 WARN clearHistoryConfig get scheduled

2024-11-29 00:11:18,087 WARN clearHistoryConfig is enable in current context, try to run cleaner

2024-11-29 00:11:18,088 WARN clearConfigHistory, getBeforeStamp:2024-10-30 00:11:18.0, pageSize:1000

2024-11-29 00:11:18,088 WARN history config cleaner successfully

2024-11-29 00:21:16,846 INFO [capacityManagement] start correct usage

2024-11-29 00:21:16,847 INFO [capacityManagement] end correct usage, cost: 7.26136E-4s

2024-11-29 00:21:18,100 WARN clearHistoryConfig get scheduled

2024-11-29 00:21:18,101 WARN clearHistoryConfig is enable in current context, try to run cleaner

2024-11-29 00:21:18,102 WARN clearConfigHistory, getBeforeStamp:2024-10-30 00:21:18.0, pageSize:1000

2024-11-29 00:21:18,102 WARN history config cleaner successfully

2024-11-29 00:31:16,859 INFO [capacityManagement] start correct usage

2024-11-29 00:31:16,861 INFO [capacityManagement] end correct usage, cost: 8.83625E-4s

2024-11-29 00:31:18,115 WARN clearHistoryConfig get scheduled

2024-11-29 00:31:18,116 WARN clearHistoryConfig is enable in current context, try to run cleaner

2024-11-29 00:31:18,116 WARN clearConfigHistory, getBeforeStamp:2024-10-30 00:31:18.0, pageSize:1000

2024-11-29 00:31:18,117 WARN history config cleaner successfully

2024-11-29 00:41:16,873 INFO [capacityManagement] start correct usage

2024-11-29 00:41:16,875 INFO [capacityManagement] end correct usage, cost: 6.91682E-4s

2024-11-29 00:41:18,129 WARN clearHistoryConfig get scheduled

2024-11-29 00:41:18,130 WARN clearHistoryConfig is enable in current context, try to run cleaner

2024-11-29 00:41:18,130 WARN clearConfigHistory, getBeforeStamp:2024-10-30 00:41:18.0, pageSize:1000

2024-11-29 00:41:18,131 WARN history config cleaner successfully

2024-11-29 00:51:16,887 INFO [capacityManagement] start correct usage

2024-11-29 00:51:16,889 INFO [capacityManagement] end correct usage, cost: 8.83599E-4s

2024-11-29 00:51:18,143 WARN clearHistoryConfig get scheduled

2024-11-29 00:51:18,144 WARN clearHistoryConfig is enable in current context, try to run cleaner

2024-11-29 00:51:18,145 WARN clearConfigHistory, getBeforeStamp:2024-10-30 00:51:18.0, pageSize:1000

2024-11-29 00:51:18,146 WARN history config cleaner successfully

2024-11-29 01:01:16,902 INFO [capacityManagement] start correct usage

2024-11-29 01:01:16,904 INFO [capacityManagement] end correct usage, cost: 0.001741401s

2024-11-29 01:01:18,158 WARN clearHistoryConfig get scheduled

2024-11-29 01:01:18,159 WARN clearHistoryConfig is enable in current context, try to run cleaner

2024-11-29 01:01:18,159 WARN clearConfigHistory, getBeforeStamp:2024-10-30 01:01:18.0, pageSize:1000

2024-11-29 01:01:18,160 WARN history config cleaner successfully

2024-11-29 01:11:16,917 INFO [capacityManagement] start correct usage

2024-11-29 01:11:16,919 INFO [capacityManagement] end correct usage, cost: 8.45875E-4s

2024-11-29 01:11:18,172 WARN clearHistoryConfig get scheduled

2024-11-29 01:11:18,173 WARN clearHistoryConfig is enable in current context, try to run cleaner

2024-11-29 01:11:18,174 WARN clearConfigHistory, getBeforeStamp:2024-10-30 01:11:18.0, pageSize:1000

2024-11-29 01:11:18,175 WARN history config cleaner successfully

2024-11-29 01:21:16,933 INFO [capacityManagement] start correct usage

2024-11-29 01:21:16,935 INFO [capacityManagement] end correct usage, cost: 0.001011443s

2024-11-29 01:21:18,189 WARN clearHistoryConfig get scheduled

2024-11-29 01:21:18,191 WARN clearHistoryConfig is enable in current context, try to run cleaner

2024-11-29 01:21:18,191 WARN clearConfigHistory, getBeforeStamp:2024-10-30 01:21:18.0, pageSize:1000

2024-11-29 01:21:18,192 WARN history config cleaner successfully

2024-11-29 01:31:16,950 INFO [capacityManagement] start correct usage

2024-11-29 01:31:16,952 INFO [capacityManagement] end correct usage, cost: 7.79401E-4s

2024-11-29 01:31:18,207 WARN clearHistoryConfig get scheduled

2024-11-29 01:31:18,207 WARN clearHistoryConfig is enable in current context, try to run cleaner

2024-11-29 01:31:18,208 WARN clearConfigHistory, getBeforeStamp:2024-10-30 01:31:18.0, pageSize:1000

2024-11-29 01:31:18,209 WARN history config cleaner successfully

2024-11-29 01:41:16,966 INFO [capacityManagement] start correct usage

2024-11-29 01:41:16,968 INFO [capacityManagement] end correct usage, cost: 8.01451E-4s

2024-11-29 01:41:18,223 WARN clearHistoryConfig get scheduled

2024-11-29 01:41:18,224 WARN clearHistoryConfig is enable in current context, try to run cleaner

2024-11-29 01:41:18,225 WARN clearConfigHistory, getBeforeStamp:2024-10-30 01:41:18.0, pageSize:1000

2024-11-29 01:41:18,226 WARN history config cleaner successfully

2024-11-29 01:51:16,982 INFO [capacityManagement] start correct usage

2024-11-29 01:51:16,984 INFO [capacityManagement] end correct usage, cost: 8.57411E-4s

2024-11-29 01:51:18,240 WARN clearHistoryConfig get scheduled

2024-11-29 01:51:18,241 WARN clearHistoryConfig is enable in current context, try to run cleaner

2024-11-29 01:51:18,241 WARN clearConfigHistory, getBeforeStamp:2024-10-30 01:51:18.0, pageSize:1000

2024-11-29 01:51:18,243 WARN history config cleaner successfully

2024-11-29 02:01:16,999 INFO [capacityManagement] start correct usage

2024-11-29 02:01:17,000 INFO [capacityManagement] end correct usage, cost: 8.59934E-4s

2024-11-29 02:01:18,257 WARN clearHistoryConfig get scheduled

2024-11-29 02:01:18,258 WARN clearHistoryConfig is enable in current context, try to run cleaner

2024-11-29 02:01:18,258 WARN clearConfigHistory, getBeforeStamp:2024-10-30 02:01:18.0, pageSize:1000

2024-11-29 02:01:18,259 WARN history config cleaner successfully

2024-11-29 02:11:17,015 INFO [capacityManagement] start correct usage

2024-11-29 02:11:17,017 INFO [capacityManagement] end correct usage, cost: 7.7465E-4s

2024-11-29 02:11:18,274 WARN clearHistoryConfig get scheduled

2024-11-29 02:11:18,275 WARN clearHistoryConfig is enable in current context, try to run cleaner

2024-11-29 02:11:18,275 WARN clearConfigHistory, getBeforeStamp:2024-10-30 02:11:18.0, pageSize:1000

2024-11-29 02:11:18,276 WARN history config cleaner successfully

2024-11-29 02:21:17,029 INFO [capacityManagement] start correct usage

2024-11-29 02:21:17,031 INFO [capacityManagement] end correct usage, cost: 7.66481E-4s

2024-11-29 02:21:18,288 WARN clearHistoryConfig get scheduled

2024-11-29 02:21:18,289 WARN clearHistoryConfig is enable in current context, try to run cleaner

2024-11-29 02:21:18,289 WARN clearConfigHistory, getBeforeStamp:2024-10-30 02:21:18.0, pageSize:1000

2024-11-29 02:21:18,290 WARN history config cleaner successfully

2024-11-29 02:31:17,043 INFO [capacityManagement] start correct usage

2024-11-29 02:31:17,045 INFO [capacityManagement] end correct usage, cost: 7.30749E-4s

2024-11-29 02:31:18,303 WARN clearHistoryConfig get scheduled

2024-11-29 02:31:18,303 WARN clearHistoryConfig is enable in current context, try to run cleaner

2024-11-29 02:31:18,304 WARN clearConfigHistory, getBeforeStamp:2024-10-30 02:31:18.0, pageSize:1000

2024-11-29 02:31:18,305 WARN history config cleaner successfully

2024-11-29 02:41:17,057 INFO [capacityManagement] start correct usage

2024-11-29 02:41:17,059 INFO [capacityManagement] end correct usage, cost: 8.90003E-4s

2024-11-29 02:41:18,317 WARN clearHistoryConfig get scheduled

2024-11-29 02:41:18,318 WARN clearHistoryConfig is enable in current context, try to run cleaner

2024-11-29 02:41:18,318 WARN clearConfigHistory, getBeforeStamp:2024-10-30 02:41:18.0, pageSize:1000

2024-11-29 02:41:18,320 WARN history config cleaner successfully

2024-11-29 02:51:17,072 INFO [capacityManagement] start correct usage

2024-11-29 02:51:17,074 INFO [capacityManagement] end correct usage, cost: 7.98121E-4s

2024-11-29 02:51:18,332 WARN clearHistoryConfig get scheduled

2024-11-29 02:51:18,333 WARN clearHistoryConfig is enable in current context, try to run cleaner

2024-11-29 02:51:18,333 WARN clearConfigHistory, getBeforeStamp:2024-10-30 02:51:18.0, pageSize:1000

2024-11-29 02:51:18,335 WARN history config cleaner successfully

2024-11-29 03:01:17,086 INFO [capacityManagement] start correct usage

2024-11-29 03:01:17,088 INFO [capacityManagement] end correct usage, cost: 8.82076E-4s

2024-11-29 03:01:18,347 WARN clearHistoryConfig get scheduled

2024-11-29 03:01:18,347 WARN clearHistoryConfig is enable in current context, try to run cleaner

2024-11-29 03:01:18,348 WARN clearConfigHistory, getBeforeStamp:2024-10-30 03:01:18.0, pageSize:1000

2024-11-29 03:01:18,349 WARN history config cleaner successfully

2024-11-29 03:11:17,100 INFO [capacityManagement] start correct usage

2024-11-29 03:11:17,102 INFO [capacityManagement] end correct usage, cost: 8.84187E-4s

2024-11-29 03:11:18,361 WARN clearHistoryConfig get scheduled

2024-11-29 03:11:18,362 WARN clearHistoryConfig is enable in current context, try to run cleaner

2024-11-29 03:11:18,362 WARN clearConfigHistory, getBeforeStamp:2024-10-30 03:11:18.0, pageSize:1000

2024-11-29 03:11:18,363 WARN history config cleaner successfully

2024-11-29 03:21:17,115 INFO [capacityManagement] start correct usage

2024-11-29 03:21:17,116 INFO [capacityManagement] end correct usage, cost: 7.39811E-4s

2024-11-29 03:21:18,376 WARN clearHistoryConfig get scheduled

2024-11-29 03:21:18,377 WARN clearHistoryConfig is enable in current context, try to run cleaner

2024-11-29 03:21:18,377 WARN clearConfigHistory, getBeforeStamp:2024-10-30 03:21:18.0, pageSize:1000

2024-11-29 03:21:18,378 WARN history config cleaner successfully

2024-11-29 03:31:17,129 INFO [capacityManagement] start correct usage

2024-11-29 03:31:17,131 INFO [capacityManagement] end correct usage, cost: 7.44936E-4s

2024-11-29 03:31:18,391 WARN clearHistoryConfig get scheduled

2024-11-29 03:31:18,392 WARN clearHistoryConfig is enable in current context, try to run cleaner

2024-11-29 03:31:18,392 WARN clearConfigHistory, getBeforeStamp:2024-10-30 03:31:18.0, pageSize:1000

2024-11-29 03:31:18,393 WARN history config cleaner successfully

2024-11-29 03:41:17,143 INFO [capacityManagement] start correct usage

2024-11-29 03:41:17,145 INFO [capacityManagement] end correct usage, cost: 7.37572E-4s

2024-11-29 03:41:18,406 WARN clearHistoryConfig get scheduled

2024-11-29 03:41:18,407 WARN clearHistoryConfig is enable in current context, try to run cleaner

2024-11-29 03:41:18,407 WARN clearConfigHistory, getBeforeStamp:2024-10-30 03:41:18.0, pageSize:1000

2024-11-29 03:41:18,408 WARN history config cleaner successfully

2024-11-29 03:51:17,157 INFO [capacityManagement] start correct usage

2024-11-29 03:51:17,159 INFO [capacityManagement] end correct usage, cost: 7.91091E-4s

2024-11-29 03:51:18,420 WARN clearHistoryConfig get scheduled

2024-11-29 03:51:18,421 WARN clearHistoryConfig is enable in current context, try to run cleaner

2024-11-29 03:51:18,422 WARN clearConfigHistory, getBeforeStamp:2024-10-30 03:51:18.0, pageSize:1000

2024-11-29 03:51:18,423 WARN history config cleaner successfully

2024-11-29 04:01:17,171 INFO [capacityManagement] start correct usage

2024-11-29 04:01:17,173 INFO [capacityManagement] end correct usage, cost: 9.00669E-4s

2024-11-29 04:01:18,435 WARN clearHistoryConfig get scheduled

2024-11-29 04:01:18,436 WARN clearHistoryConfig is enable in current context, try to run cleaner

2024-11-29 04:01:18,436 WARN clearConfigHistory, getBeforeStamp:2024-10-30 04:01:18.0, pageSize:1000

2024-11-29 04:01:18,438 WARN history config cleaner successfully

2024-11-29 04:11:17,185 INFO [capacityManagement] start correct usage

2024-11-29 04:11:17,187 INFO [capacityManagement] end correct usage, cost: 7.63589E-4s

2024-11-29 04:11:18,450 WARN clearHistoryConfig get scheduled

2024-11-29 04:11:18,451 WARN clearHistoryConfig is enable in current context, try to run cleaner

2024-11-29 04:11:18,451 WARN clearConfigHistory, getBeforeStamp:2024-10-30 04:11:18.0, pageSize:1000

2024-11-29 04:11:18,452 WARN history config cleaner successfully

2024-11-29 04:21:17,199 INFO [capacityManagement] start correct usage

2024-11-29 04:21:17,201 INFO [capacityManagement] end correct usage, cost: 8.45108E-4s

2024-11-29 04:21:18,465 WARN clearHistoryConfig get scheduled

2024-11-29 04:21:18,466 WARN clearHistoryConfig is enable in current context, try to run cleaner

2024-11-29 04:21:18,466 WARN clearConfigHistory, getBeforeStamp:2024-10-30 04:21:18.0, pageSize:1000

2024-11-29 04:21:18,467 WARN history config cleaner successfully

2024-11-29 04:31:17,213 INFO [capacityManagement] start correct usage

2024-11-29 04:31:17,215 INFO [capacityManagement] end correct usage, cost: 8.5829E-4s

2024-11-29 04:31:18,479 WARN clearHistoryConfig get scheduled

2024-11-29 04:31:18,480 WARN clearHistoryConfig is enable in current context, try to run cleaner

2024-11-29 04:31:18,481 WARN clearConfigHistory, getBeforeStamp:2024-10-30 04:31:18.0, pageSize:1000

2024-11-29 04:31:18,482 WARN history config cleaner successfully

2024-11-29 04:41:17,227 INFO [capacityManagement] start correct usage

2024-11-29 04:41:17,229 INFO [capacityManagement] end correct usage, cost: 7.44948E-4s

2024-11-29 04:41:18,494 WARN clearHistoryConfig get scheduled

2024-11-29 04:41:18,495 WARN clearHistoryConfig is enable in current context, try to run cleaner

2024-11-29 04:41:18,495 WARN clearConfigHistory, getBeforeStamp:2024-10-30 04:41:18.0, pageSize:1000

2024-11-29 04:41:18,496 WARN history config cleaner successfully

2024-11-29 04:51:17,241 INFO [capacityManagement] start correct usage

2024-11-29 04:51:17,243 INFO [capacityManagement] end correct usage, cost: 7.20511E-4s

2024-11-29 04:51:18,509 WARN clearHistoryConfig get scheduled

2024-11-29 04:51:18,509 WARN clearHistoryConfig is enable in current context, try to run cleaner

2024-11-29 04:51:18,510 WARN clearConfigHistory, getBeforeStamp:2024-10-30 04:51:18.0, pageSize:1000

2024-11-29 04:51:18,511 WARN history config cleaner successfully

2024-11-29 05:01:17,254 INFO [capacityManagement] start correct usage

2024-11-29 05:01:17,256 INFO [capacityManagement] end correct usage, cost: 7.38216E-4s

2024-11-29 05:01:18,523 WARN clearHistoryConfig get scheduled

2024-11-29 05:01:18,524 WARN clearHistoryConfig is enable in current context, try to run cleaner

2024-11-29 05:01:18,524 WARN clearConfigHistory, getBeforeStamp:2024-10-30 05:01:18.0, pageSize:1000

2024-11-29 05:01:18,525 WARN history config cleaner successfully

2024-11-29 05:11:17,268 INFO [capacityManagement] start correct usage

2024-11-29 05:11:17,271 INFO [capacityManagement] end correct usage, cost: 9.51188E-4s

2024-11-29 05:11:18,537 WARN clearHistoryConfig get scheduled

2024-11-29 05:11:18,538 WARN clearHistoryConfig is enable in current context, try to run cleaner

2024-11-29 05:11:18,539 WARN clearConfigHistory, getBeforeStamp:2024-10-30 05:11:18.0, pageSize:1000

2024-11-29 05:11:18,540 WARN history config cleaner successfully

2024-11-29 05:21:17,283 INFO [capacityManagement] start correct usage

2024-11-29 05:21:17,285 INFO [capacityManagement] end correct usage, cost: 7.85006E-4s

2024-11-29 05:21:18,553 WARN clearHistoryConfig get scheduled

2024-11-29 05:21:18,553 WARN clearHistoryConfig is enable in current context, try to run cleaner

2024-11-29 05:21:18,554 WARN clearConfigHistory, getBeforeStamp:2024-10-30 05:21:18.0, pageSize:1000

2024-11-29 05:21:18,555 WARN history config cleaner successfully

2024-11-29 05:31:17,298 INFO [capacityManagement] start correct usage

2024-11-29 05:31:17,299 INFO [capacityManagement] end correct usage, cost: 8.07755E-4s

2024-11-29 05:31:18,567 WARN clearHistoryConfig get scheduled

2024-11-29 05:31:18,568 WARN clearHistoryConfig is enable in current context, try to run cleaner

2024-11-29 05:31:18,569 WARN clearConfigHistory, getBeforeStamp:2024-10-30 05:31:18.0, pageSize:1000

2024-11-29 05:31:18,570 WARN history config cleaner successfully

2024-11-29 05:41:17,312 INFO [capacityManagement] start correct usage

2024-11-29 05:41:17,313 INFO [capacityManagement] end correct usage, cost: 8.61289E-4s

2024-11-29 05:41:18,583 WARN clearHistoryConfig get scheduled

2024-11-29 05:41:18,583 WARN clearHistoryConfig is enable in current context, try to run cleaner

2024-11-29 05:41:18,584 WARN clearConfigHistory, getBeforeStamp:2024-10-30 05:41:18.0, pageSize:1000

2024-11-29 05:41:18,585 WARN history config cleaner successfully

2024-11-29 05:51:17,326 INFO [capacityManagement] start correct usage

2024-11-29 05:51:17,327 INFO [capacityManagement] end correct usage, cost: 7.46407E-4s

2024-11-29 05:51:18,597 WARN clearHistoryConfig get scheduled

2024-11-29 05:51:18,598 WARN clearHistoryConfig is enable in current context, try to run cleaner

2024-11-29 05:51:18,599 WARN clearConfigHistory, getBeforeStamp:2024-10-30 05:51:18.0, pageSize:1000

2024-11-29 05:51:18,600 WARN history config cleaner successfully

2024-11-29 06:01:17,340 INFO [capacityManagement] start correct usage

2024-11-29 06:01:17,342 INFO [capacityManagement] end correct usage, cost: 8.5737E-4s

2024-11-29 06:01:18,612 WARN clearHistoryConfig get scheduled

2024-11-29 06:01:18,613 WARN clearHistoryConfig is enable in current context, try to run cleaner

2024-11-29 06:01:18,613 WARN clearConfigHistory, getBeforeStamp:2024-10-30 06:01:18.0, pageSize:1000

2024-11-29 06:01:18,614 WARN history config cleaner successfully

2024-11-29 06:11:17,354 INFO [capacityManagement] start correct usage

2024-11-29 06:11:17,356 INFO [capacityManagement] end correct usage, cost: 8.42312E-4s

2024-11-29 06:11:18,627 WARN clearHistoryConfig get scheduled

2024-11-29 06:11:18,627 WARN clearHistoryConfig is enable in current context, try to run cleaner

2024-11-29 06:11:18,628 WARN clearConfigHistory, getBeforeStamp:2024-10-30 06:11:18.0, pageSize:1000

2024-11-29 06:11:18,629 WARN history config cleaner successfully

2024-11-29 06:21:17,368 INFO [capacityManagement] start correct usage

2024-11-29 06:21:17,370 INFO [capacityManagement] end correct usage, cost: 8.72216E-4s

2024-11-29 06:21:18,641 WARN clearHistoryConfig get scheduled

2024-11-29 06:21:18,642 WARN clearHistoryConfig is enable in current context, try to run cleaner

2024-11-29 06:21:18,643 WARN clearConfigHistory, getBeforeStamp:2024-10-30 06:21:18.0, pageSize:1000

2024-11-29 06:21:18,645 WARN history config cleaner successfully

2024-11-29 06:31:17,383 INFO [capacityManagement] start correct usage

2024-11-29 06:31:17,384 INFO [capacityManagement] end correct usage, cost: 8.53952E-4s

2024-11-29 06:31:18,657 WARN clearHistoryConfig get scheduled

2024-11-29 06:31:18,658 WARN clearHistoryConfig is enable in current context, try to run cleaner

2024-11-29 06:31:18,658 WARN clearConfigHistory, getBeforeStamp:2024-10-30 06:31:18.0, pageSize:1000

2024-11-29 06:31:18,660 WARN history config cleaner successfully

2024-11-29 06:41:17,397 INFO [capacityManagement] start correct usage

2024-11-29 06:41:17,399 INFO [capacityManagement] end correct usage, cost: 8.20735E-4s

2024-11-29 06:41:18,672 WARN clearHistoryConfig get scheduled

2024-11-29 06:41:18,673 WARN clearHistoryConfig is enable in current context, try to run cleaner

2024-11-29 06:41:18,673 WARN clearConfigHistory, getBeforeStamp:2024-10-30 06:41:18.0, pageSize:1000

2024-11-29 06:41:18,674 WARN history config cleaner successfully

2024-11-29 06:51:17,411 INFO [capacityManagement] start correct usage

2024-11-29 06:51:17,413 INFO [capacityManagement] end correct usage, cost: 7.78346E-4s

2024-11-29 06:51:18,686 WARN clearHistoryConfig get scheduled

2024-11-29 06:51:18,687 WARN clearHistoryConfig is enable in current context, try to run cleaner

2024-11-29 06:51:18,688 WARN clearConfigHistory, getBeforeStamp:2024-10-30 06:51:18.0, pageSize:1000

2024-11-29 06:51:18,689 WARN history config cleaner successfully

2024-11-29 07:01:17,425 INFO [capacityManagement] start correct usage

2024-11-29 07:01:17,427 INFO [capacityManagement] end correct usage, cost: 7.7217E-4s

2024-11-29 07:01:18,701 WARN clearHistoryConfig get scheduled

2024-11-29 07:01:18,702 WARN clearHistoryConfig is enable in current context, try to run cleaner

2024-11-29 07:01:18,703 WARN clearConfigHistory, getBeforeStamp:2024-10-30 07:01:18.0, pageSize:1000

2024-11-29 07:01:18,704 WARN history config cleaner successfully

2024-11-29 07:11:17,439 INFO [capacityManagement] start correct usage

2024-11-29 07:11:17,441 INFO [capacityManagement] end correct usage, cost: 7.47616E-4s

2024-11-29 07:11:18,716 WARN clearHistoryConfig get scheduled

2024-11-29 07:11:18,717 WARN clearHistoryConfig is enable in current context, try to run cleaner

2024-11-29 07:11:18,718 WARN clearConfigHistory, getBeforeStamp:2024-10-30 07:11:18.0, pageSize:1000

2024-11-29 07:11:18,719 WARN history config cleaner successfully

2024-11-29 07:21:17,453 INFO [capacityManagement] start correct usage

2024-11-29 07:21:17,455 INFO [capacityManagement] end correct usage, cost: 8.7964E-4s

2024-11-29 07:21:18,731 WARN clearHistoryConfig get scheduled

2024-11-29 07:21:18,732 WARN clearHistoryConfig is enable in current context, try to run cleaner

2024-11-29 07:21:18,732 WARN clearConfigHistory, getBeforeStamp:2024-10-30 07:21:18.0, pageSize:1000

2024-11-29 07:21:18,733 WARN history config cleaner successfully

2024-11-29 07:31:17,468 INFO [capacityManagement] start correct usage

2024-11-29 07:31:17,469 INFO [capacityManagement] end correct usage, cost: 8.6581E-4s

2024-11-29 07:31:18,746 WARN clearHistoryConfig get scheduled

2024-11-29 07:31:18,747 WARN clearHistoryConfig is enable in current context, try to run cleaner

2024-11-29 07:31:18,747 WARN clearConfigHistory, getBeforeStamp:2024-10-30 07:31:18.0, pageSize:1000

2024-11-29 07:31:18,748 WARN history config cleaner successfully

2024-11-29 07:41:17,481 INFO [capacityManagement] start correct usage

2024-11-29 07:41:17,483 INFO [capacityManagement] end correct usage, cost: 8.89283E-4s

2024-11-29 07:41:18,761 WARN clearHistoryConfig get scheduled

2024-11-29 07:41:18,761 WARN clearHistoryConfig is enable in current context, try to run cleaner

2024-11-29 07:41:18,762 WARN clearConfigHistory, getBeforeStamp:2024-10-30 07:41:18.0, pageSize:1000

2024-11-29 07:41:18,763 WARN history config cleaner successfully

2024-11-29 07:51:17,496 INFO [capacityManagement] start correct usage

2024-11-29 07:51:17,498 INFO [capacityManagement] end correct usage, cost: 8.03805E-4s

2024-11-29 07:51:18,775 WARN clearHistoryConfig get scheduled

2024-11-29 07:51:18,776 WARN clearHistoryConfig is enable in current context, try to run cleaner

2024-11-29 07:51:18,777 WARN clearConfigHistory, getBeforeStamp:2024-10-30 07:51:18.0, pageSize:1000

2024-11-29 07:51:18,778 WARN history config cleaner successfully

2024-11-29 08:01:17,510 INFO [capacityManagement] start correct usage

2024-11-29 08:01:17,512 INFO [capacityManagement] end correct usage, cost: 7.95846E-4s

2024-11-29 08:01:18,790 WARN clearHistoryConfig get scheduled

2024-11-29 08:01:18,790 WARN clearHistoryConfig is enable in current context, try to run cleaner

2024-11-29 08:01:18,791 WARN clearConfigHistory, getBeforeStamp:2024-10-30 08:01:18.0, pageSize:1000

2024-11-29 08:01:18,792 WARN history config cleaner successfully

2024-11-29 08:11:17,524 INFO [capacityManagement] start correct usage

2024-11-29 08:11:17,526 INFO [capacityManagement] end correct usage, cost: 9.77832E-4s

2024-11-29 08:11:18,804 WARN clearHistoryConfig get scheduled

2024-11-29 08:11:18,805 WARN clearHistoryConfig is enable in current context, try to run cleaner

2024-11-29 08:11:18,805 WARN clearConfigHistory, getBeforeStamp:2024-10-30 08:11:18.0, pageSize:1000

2024-11-29 08:11:18,806 WARN history config cleaner successfully

2024-11-29 08:21:17,538 INFO [capacityManagement] start correct usage

2024-11-29 08:21:17,540 INFO [capacityManagement] end correct usage, cost: 9.56478E-4s

2024-11-29 08:21:18,818 WARN clearHistoryConfig get scheduled

2024-11-29 08:21:18,819 WARN clearHistoryConfig is enable in current context, try to run cleaner

2024-11-29 08:21:18,820 WARN clearConfigHistory, getBeforeStamp:2024-10-30 08:21:18.0, pageSize:1000

2024-11-29 08:21:18,821 WARN history config cleaner successfully

2024-11-29 08:31:17,553 INFO [capacityManagement] start correct usage

2024-11-29 08:31:17,555 INFO [capacityManagement] end correct usage, cost: 8.41114E-4s

2024-11-29 08:31:18,833 WARN clearHistoryConfig get scheduled

2024-11-29 08:31:18,834 WARN clearHistoryConfig is enable in current context, try to run cleaner

2024-11-29 08:31:18,835 WARN clearConfigHistory, getBeforeStamp:2024-10-30 08:31:18.0, pageSize:1000

2024-11-29 08:31:18,836 WARN history config cleaner successfully

2024-11-29 08:41:17,567 INFO [capacityManagement] start correct usage

2024-11-29 08:41:17,569 INFO [capacityManagement] end correct usage, cost: 8.2383E-4s

2024-11-29 08:41:18,848 WARN clearHistoryConfig get scheduled

2024-11-29 08:41:18,849 WARN clearHistoryConfig is enable in current context, try to run cleaner

2024-11-29 08:41:18,849 WARN clearConfigHistory, getBeforeStamp:2024-10-30 08:41:18.0, pageSize:1000

2024-11-29 08:41:18,850 WARN history config cleaner successfully

2024-11-29 08:51:17,581 INFO [capacityManagement] start correct usage

2024-11-29 08:51:17,583 INFO [capacityManagement] end correct usage, cost: 8.64729E-4s

2024-11-29 08:51:18,862 WARN clearHistoryConfig get scheduled

2024-11-29 08:51:18,863 WARN clearHistoryConfig is enable in current context, try to run cleaner

2024-11-29 08:51:18,864 WARN clearConfigHistory, getBeforeStamp:2024-10-30 08:51:18.0, pageSize:1000

2024-11-29 08:51:18,865 WARN history config cleaner successfully

2024-11-29 09:01:17,595 INFO [capacityManagement] start correct usage

2024-11-29 09:01:17,597 INFO [capacityManagement] end correct usage, cost: 8.34815E-4s

2024-11-29 09:01:18,877 WARN clearHistoryConfig get scheduled

2024-11-29 09:01:18,878 WARN clearHistoryConfig is enable in current context, try to run cleaner

2024-11-29 09:01:18,878 WARN clearConfigHistory, getBeforeStamp:2024-10-30 09:01:18.0, pageSize:1000

2024-11-29 09:01:18,879 WARN history config cleaner successfully

2024-11-29 09:11:17,609 INFO [capacityManagement] start correct usage

2024-11-29 09:11:17,610 INFO [capacityManagement] end correct usage, cost: 7.26771E-4s

2024-11-29 09:11:18,891 WARN clearHistoryConfig get scheduled

2024-11-29 09:11:18,892 WARN clearHistoryConfig is enable in current context, try to run cleaner

2024-11-29 09:11:18,892 WARN clearConfigHistory, getBeforeStamp:2024-10-30 09:11:18.0, pageSize:1000

2024-11-29 09:11:18,893 WARN history config cleaner successfully

2024-11-29 09:21:17,623 INFO [capacityManagement] start correct usage

2024-11-29 09:21:17,625 INFO [capacityManagement] end correct usage, cost: 7.77485E-4s

2024-11-29 09:21:18,906 WARN clearHistoryConfig get scheduled

2024-11-29 09:21:18,907 WARN clearHistoryConfig is enable in current context, try to run cleaner

2024-11-29 09:21:18,907 WARN clearConfigHistory, getBeforeStamp:2024-10-30 09:21:18.0, pageSize:1000

2024-11-29 09:21:18,908 WARN history config cleaner successfully

2024-11-29 09:31:17,637 INFO [capacityManagement] start correct usage

2024-11-29 09:31:17,639 INFO [capacityManagement] end correct usage, cost: 8.61862E-4s

2024-11-29 09:31:18,920 WARN clearHistoryConfig get scheduled

2024-11-29 09:31:18,921 WARN clearHistoryConfig is enable in current context, try to run cleaner

2024-11-29 09:31:18,922 WARN clearConfigHistory, getBeforeStamp:2024-10-30 09:31:18.0, pageSize:1000

2024-11-29 09:31:18,923 WARN history config cleaner successfully

2024-11-29 09:41:17,651 INFO [capacityManagement] start correct usage

2024-11-29 09:41:17,653 INFO [capacityManagement] end correct usage, cost: 7.52691E-4s

2024-11-29 09:41:18,935 WARN clearHistoryConfig get scheduled

2024-11-29 09:41:18,936 WARN clearHistoryConfig is enable in current context, try to run cleaner

2024-11-29 09:41:18,936 WARN clearConfigHistory, getBeforeStamp:2024-10-30 09:41:18.0, pageSize:1000

2024-11-29 09:41:18,938 WARN history config cleaner successfully

2024-11-29 09:51:17,665 INFO [capacityManagement] start correct usage

2024-11-29 09:51:17,667 INFO [capacityManagement] end correct usage, cost: 8.53079E-4s

2024-11-29 09:51:18,950 WARN clearHistoryConfig get scheduled

2024-11-29 09:51:18,951 WARN clearHistoryConfig is enable in current context, try to run cleaner

2024-11-29 09:51:18,952 WARN clearConfigHistory, getBeforeStamp:2024-10-30 09:51:18.0, pageSize:1000

2024-11-29 09:51:18,953 WARN history config cleaner successfully

2024-11-29 10:01:17,679 INFO [capacityManagement] start correct usage

2024-11-29 10:01:17,681 INFO [capacityManagement] end correct usage, cost: 9.11095E-4s

2024-11-29 10:01:18,965 WARN clearHistoryConfig get scheduled

2024-11-29 10:01:18,966 WARN clearHistoryConfig is enable in current context, try to run cleaner

2024-11-29 10:01:18,966 WARN clearConfigHistory, getBeforeStamp:2024-10-30 10:01:18.0, pageSize:1000

2024-11-29 10:01:18,967 WARN history config cleaner successfully

2024-11-29 10:11:17,694 INFO [capacityManagement] start correct usage

2024-11-29 10:11:17,695 INFO [capacityManagement] end correct usage, cost: 8.84281E-4s

2024-11-29 10:11:18,980 WARN clearHistoryConfig get scheduled

2024-11-29 10:11:18,980 WARN clearHistoryConfig is enable in current context, try to run cleaner

2024-11-29 10:11:18,981 WARN clearConfigHistory, getBeforeStamp:2024-10-30 10:11:18.0, pageSize:1000

2024-11-29 10:11:18,982 WARN history config cleaner successfully

2024-11-29 10:21:17,708 INFO [capacityManagement] start correct usage

2024-11-29 10:21:17,710 INFO [capacityManagement] end correct usage, cost: 8.2233E-4s

2024-11-29 10:21:18,995 WARN clearHistoryConfig get scheduled

2024-11-29 10:21:18,996 WARN clearHistoryConfig is enable in current context, try to run cleaner

2024-11-29 10:21:18,997 WARN clearConfigHistory, getBeforeStamp:2024-10-30 10:21:18.0, pageSize:1000

2024-11-29 10:21:18,998 WARN history config cleaner successfully

2024-11-29 10:31:17,723 INFO [capacityManagement] start correct usage

2024-11-29 10:31:17,725 INFO [capacityManagement] end correct usage, cost: 7.77296E-4s

2024-11-29 10:31:19,011 WARN clearHistoryConfig get scheduled

2024-11-29 10:31:19,012 WARN clearHistoryConfig is enable in current context, try to run cleaner

2024-11-29 10:31:19,012 WARN clearConfigHistory, getBeforeStamp:2024-10-30 10:31:19.0, pageSize:1000

2024-11-29 10:31:19,013 WARN history config cleaner successfully

2024-11-29 10:41:17,738 INFO [capacityManagement] start correct usage

2024-11-29 10:41:17,740 INFO [capacityManagement] end correct usage, cost: 7.94316E-4s

2024-11-29 10:41:19,027 WARN clearHistoryConfig get scheduled

2024-11-29 10:41:19,027 WARN clearHistoryConfig is enable in current context, try to run cleaner

2024-11-29 10:41:19,028 WARN clearConfigHistory, getBeforeStamp:2024-10-30 10:41:19.0, pageSize:1000

2024-11-29 10:41:19,029 WARN history config cleaner successfully

2024-11-29 10:51:17,754 INFO [capacityManagement] start correct usage

2024-11-29 10:51:17,755 INFO [capacityManagement] end correct usage, cost: 7.04186E-4s

2024-11-29 10:51:19,042 WARN clearHistoryConfig get scheduled

2024-11-29 10:51:19,043 WARN clearHistoryConfig is enable in current context, try to run cleaner

2024-11-29 10:51:19,044 WARN clearConfigHistory, getBeforeStamp:2024-10-30 10:51:19.0, pageSize:1000

2024-11-29 10:51:19,045 WARN history config cleaner successfully

2024-11-29 11:01:17,768 INFO [capacityManagement] start correct usage

2024-11-29 11:01:17,769 INFO [capacityManagement] end correct usage, cost: 8.59708E-4s

2024-11-29 11:01:19,058 WARN clearHistoryConfig get scheduled

2024-11-29 11:01:19,059 WARN clearHistoryConfig is enable in current context, try to run cleaner

2024-11-29 11:01:19,059 WARN clearConfigHistory, getBeforeStamp:2024-10-30 11:01:19.0, pageSize:1000

2024-11-29 11:01:19,060 WARN history config cleaner successfully

2024-11-29 11:11:17,783 INFO [capacityManagement] start correct usage

2024-11-29 11:11:17,785 INFO [capacityManagement] end correct usage, cost: 9.1201E-4s

2024-11-29 11:11:19,074 WARN clearHistoryConfig get scheduled

2024-11-29 11:11:19,074 WARN clearHistoryConfig is enable in current context, try to run cleaner

2024-11-29 11:11:19,075 WARN clearConfigHistory, getBeforeStamp:2024-10-30 11:11:19.0, pageSize:1000

2024-11-29 11:11:19,076 WARN history config cleaner successfully

2024-11-29 11:21:17,798 INFO [capacityManagement] start correct usage

2024-11-29 11:21:17,800 INFO [capacityManagement] end correct usage, cost: 8.52489E-4s

2024-11-29 11:21:19,089 WARN clearHistoryConfig get scheduled

2024-11-29 11:21:19,090 WARN clearHistoryConfig is enable in current context, try to run cleaner

2024-11-29 11:21:19,090 WARN clearConfigHistory, getBeforeStamp:2024-10-30 11:21:19.0, pageSize:1000

2024-11-29 11:21:19,091 WARN history config cleaner successfully

2024-11-29 11:31:17,813 INFO [capacityManagement] start correct usage

2024-11-29 11:31:17,814 INFO [capacityManagement] end correct usage, cost: 7.74671E-4s

2024-11-29 11:31:19,103 WARN clearHistoryConfig get scheduled

2024-11-29 11:31:19,104 WARN clearHistoryConfig is enable in current context, try to run cleaner

2024-11-29 11:31:19,105 WARN clearConfigHistory, getBeforeStamp:2024-10-30 11:31:19.0, pageSize:1000

2024-11-29 11:31:19,106 WARN history config cleaner successfully

2024-11-29 11:41:17,825 INFO [capacityManagement] start correct usage

2024-11-29 11:41:17,827 INFO [capacityManagement] end correct usage, cost: 6.85952E-4s

2024-11-29 11:41:19,117 WARN clearHistoryConfig get scheduled

2024-11-29 11:41:19,118 WARN clearHistoryConfig is enable in current context, try to run cleaner

2024-11-29 11:41:19,118 WARN clearConfigHistory, getBeforeStamp:2024-10-30 11:41:19.0, pageSize:1000

2024-11-29 11:41:19,119 WARN history config cleaner successfully

2024-11-29 11:51:17,840 INFO [capacityManagement] start correct usage

2024-11-29 11:51:17,842 INFO [capacityManagement] end correct usage, cost: 7.7821E-4s

2024-11-29 11:51:19,133 WARN clearHistoryConfig get scheduled

2024-11-29 11:51:19,133 WARN clearHistoryConfig is enable in current context, try to run cleaner

2024-11-29 11:51:19,134 WARN clearConfigHistory, getBeforeStamp:2024-10-30 11:51:19.0, pageSize:1000

2024-11-29 11:51:19,135 WARN history config cleaner successfully

2024-11-29 12:01:17,855 INFO [capacityManagement] start correct usage

2024-11-29 12:01:17,856 INFO [capacityManagement] end correct usage, cost: 7.88371E-4s

2024-11-29 12:01:19,147 WARN clearHistoryConfig get scheduled

2024-11-29 12:01:19,148 WARN clearHistoryConfig is enable in current context, try to run cleaner

2024-11-29 12:01:19,148 WARN clearConfigHistory, getBeforeStamp:2024-10-30 12:01:19.0, pageSize:1000

2024-11-29 12:01:19,149 WARN history config cleaner successfully

2024-11-29 12:11:17,869 INFO [capacityManagement] start correct usage

2024-11-29 12:11:17,871 INFO [capacityManagement] end correct usage, cost: 7.46301E-4s

2024-11-29 12:11:19,162 WARN clearHistoryConfig get scheduled

2024-11-29 12:11:19,163 WARN clearHistoryConfig is enable in current context, try to run cleaner

2024-11-29 12:11:19,163 WARN clearConfigHistory, getBeforeStamp:2024-10-30 12:11:19.0, pageSize:1000

2024-11-29 12:11:19,164 WARN history config cleaner successfully

2024-11-29 12:21:17,883 INFO [capacityManagement] start correct usage

2024-11-29 12:21:17,886 INFO [capacityManagement] end correct usage, cost: 0.002887263s

2024-11-29 12:21:19,177 WARN clearHistoryConfig get scheduled

2024-11-29 12:21:19,177 WARN clearHistoryConfig is enable in current context, try to run cleaner

2024-11-29 12:21:19,178 WARN clearConfigHistory, getBeforeStamp:2024-10-30 12:21:19.0, pageSize:1000

2024-11-29 12:21:19,179 WARN history config cleaner successfully

2024-11-29 12:31:17,899 INFO [capacityManagement] start correct usage

2024-11-29 12:31:17,901 INFO [capacityManagement] end correct usage, cost: 6.93766E-4s

2024-11-29 12:31:19,191 WARN clearHistoryConfig get scheduled

2024-11-29 12:31:19,192 WARN clearHistoryConfig is enable in current context, try to run cleaner

2024-11-29 12:31:19,192 WARN clearConfigHistory, getBeforeStamp:2024-10-30 12:31:19.0, pageSize:1000

2024-11-29 12:31:19,193 WARN history config cleaner successfully

2024-11-29 12:41:17,913 INFO [capacityManagement] start correct usage

2024-11-29 12:41:17,915 INFO [capacityManagement] end correct usage, cost: 8.3599E-4s

2024-11-29 12:41:19,206 WARN clearHistoryConfig get scheduled

2024-11-29 12:41:19,207 WARN clearHistoryConfig is enable in current context, try to run cleaner

2024-11-29 12:41:19,207 WARN clearConfigHistory, getBeforeStamp:2024-10-30 12:41:19.0, pageSize:1000

2024-11-29 12:41:19,208 WARN history config cleaner successfully

2024-11-29 12:51:17,927 INFO [capacityManagement] start correct usage

2024-11-29 12:51:17,929 INFO [capacityManagement] end correct usage, cost: 8.15212E-4s

2024-11-29 12:51:19,220 WARN clearHistoryConfig get scheduled

2024-11-29 12:51:19,221 WARN clearHistoryConfig is enable in current context, try to run cleaner

2024-11-29 12:51:19,222 WARN clearConfigHistory, getBeforeStamp:2024-10-30 12:51:19.0, pageSize:1000

2024-11-29 12:51:19,223 WARN history config cleaner successfully

2024-11-29 13:01:17,941 INFO [capacityManagement] start correct usage

2024-11-29 13:01:17,943 INFO [capacityManagement] end correct usage, cost: 7.54825E-4s

2024-11-29 13:01:19,235 WARN clearHistoryConfig get scheduled

2024-11-29 13:01:19,236 WARN clearHistoryConfig is enable in current context, try to run cleaner

2024-11-29 13:01:19,236 WARN clearConfigHistory, getBeforeStamp:2024-10-30 13:01:19.0, pageSize:1000

2024-11-29 13:01:19,237 WARN history config cleaner successfully

2024-11-29 13:11:17,955 INFO [capacityManagement] start correct usage

2024-11-29 13:11:17,957 INFO [capacityManagement] end correct usage, cost: 8.5479E-4s

2024-11-29 13:11:19,250 WARN clearHistoryConfig get scheduled

2024-11-29 13:11:19,250 WARN clearHistoryConfig is enable in current context, try to run cleaner

2024-11-29 13:11:19,251 WARN clearConfigHistory, getBeforeStamp:2024-10-30 13:11:19.0, pageSize:1000

2024-11-29 13:11:19,252 WARN history config cleaner successfully

2024-11-29 13:21:17,970 INFO [capacityManagement] start correct usage

2024-11-29 13:21:17,971 INFO [capacityManagement] end correct usage, cost: 8.07322E-4s

2024-11-29 13:21:19,264 WARN clearHistoryConfig get scheduled

2024-11-29 13:21:19,265 WARN clearHistoryConfig is enable in current context, try to run cleaner

2024-11-29 13:21:19,265 WARN clearConfigHistory, getBeforeStamp:2024-10-30 13:21:19.0, pageSize:1000

2024-11-29 13:21:19,267 WARN history config cleaner successfully

2024-11-29 13:31:17,983 INFO [capacityManagement] start correct usage

2024-11-29 13:31:17,985 INFO [capacityManagement] end correct usage, cost: 8.19021E-4s

2024-11-29 13:31:19,278 WARN clearHistoryConfig get scheduled

2024-11-29 13:31:19,279 WARN clearHistoryConfig is enable in current context, try to run cleaner

2024-11-29 13:31:19,280 WARN clearConfigHistory, getBeforeStamp:2024-10-30 13:31:19.0, pageSize:1000

2024-11-29 13:31:19,281 WARN history config cleaner successfully

2024-11-29 13:41:17,998 INFO [capacityManagement] start correct usage

2024-11-29 13:41:17,999 INFO [capacityManagement] end correct usage, cost: 7.53176E-4s

2024-11-29 13:41:19,293 WARN clearHistoryConfig get scheduled

2024-11-29 13:41:19,294 WARN clearHistoryConfig is enable in current context, try to run cleaner

2024-11-29 13:41:19,294 WARN clearConfigHistory, getBeforeStamp:2024-10-30 13:41:19.0, pageSize:1000

2024-11-29 13:41:19,295 WARN history config cleaner successfully

2024-11-29 13:51:18,012 INFO [capacityManagement] start correct usage

2024-11-29 13:51:18,015 INFO [capacityManagement] end correct usage, cost: 0.001754366s

2024-11-29 13:51:19,307 WARN clearHistoryConfig get scheduled

2024-11-29 13:51:19,308 WARN clearHistoryConfig is enable in current context, try to run cleaner

2024-11-29 13:51:19,309 WARN clearConfigHistory, getBeforeStamp:2024-10-30 13:51:19.0, pageSize:1000

2024-11-29 13:51:19,310 WARN history config cleaner successfully

2024-11-29 14:01:18,027 INFO [capacityManagement] start correct usage

2024-11-29 14:01:18,029 INFO [capacityManagement] end correct usage, cost: 8.51019E-4s

2024-11-29 14:01:19,322 WARN clearHistoryConfig get scheduled

2024-11-29 14:01:19,323 WARN clearHistoryConfig is enable in current context, try to run cleaner

2024-11-29 14:01:19,324 WARN clearConfigHistory, getBeforeStamp:2024-10-30 14:01:19.0, pageSize:1000

2024-11-29 14:01:19,325 WARN history config cleaner successfully

2024-11-29 14:11:18,041 INFO [capacityManagement] start correct usage

2024-11-29 14:11:18,043 INFO [capacityManagement] end correct usage, cost: 8.30402E-4s

2024-11-29 14:11:19,337 WARN clearHistoryConfig get scheduled

2024-11-29 14:11:19,338 WARN clearHistoryConfig is enable in current context, try to run cleaner

2024-11-29 14:11:19,338 WARN clearConfigHistory, getBeforeStamp:2024-10-30 14:11:19.0, pageSize:1000

2024-11-29 14:11:19,339 WARN history config cleaner successfully

2024-11-29 14:21:18,055 INFO [capacityManagement] start correct usage

2024-11-29 14:21:18,057 INFO [capacityManagement] end correct usage, cost: 7.7259E-4s

2024-11-29 14:21:19,352 WARN clearHistoryConfig get scheduled

2024-11-29 14:21:19,352 WARN clearHistoryConfig is enable in current context, try to run cleaner

2024-11-29 14:21:19,353 WARN clearConfigHistory, getBeforeStamp:2024-10-30 14:21:19.0, pageSize:1000

2024-11-29 14:21:19,354 WARN history config cleaner successfully

2024-11-29 14:31:18,069 INFO [capacityManagement] start correct usage

2024-11-29 14:31:18,071 INFO [capacityManagement] end correct usage, cost: 7.42857E-4s

2024-11-29 14:31:19,366 WARN clearHistoryConfig get scheduled

2024-11-29 14:31:19,367 WARN clearHistoryConfig is enable in current context, try to run cleaner

2024-11-29 14:31:19,368 WARN clearConfigHistory, getBeforeStamp:2024-10-30 14:31:19.0, pageSize:1000

2024-11-29 14:31:19,374 WARN history config cleaner successfully

2024-11-29 14:41:18,083 INFO [capacityManagement] start correct usage

2024-11-29 14:41:18,085 INFO [capacityManagement] end correct usage, cost: 8.14332E-4s

2024-11-29 14:41:19,387 WARN clearHistoryConfig get scheduled

2024-11-29 14:41:19,387 WARN clearHistoryConfig is enable in current context, try to run cleaner

2024-11-29 14:41:19,388 WARN clearConfigHistory, getBeforeStamp:2024-10-30 14:41:19.0, pageSize:1000

2024-11-29 14:41:19,389 WARN history config cleaner successfully

2024-11-29 14:51:18,097 INFO [capacityManagement] start correct usage

2024-11-29 14:51:18,099 INFO [capacityManagement] end correct usage, cost: 7.47247E-4s

2024-11-29 14:51:19,401 WARN clearHistoryConfig get scheduled

2024-11-29 14:51:19,402 WARN clearHistoryConfig is enable in current context, try to run cleaner

2024-11-29 14:51:19,402 WARN clearConfigHistory, getBeforeStamp:2024-10-30 14:51:19.0, pageSize:1000

2024-11-29 14:51:19,404 WARN history config cleaner successfully

2024-11-29 15:01:18,111 INFO [capacityManagement] start correct usage

2024-11-29 15:01:18,113 INFO [capacityManagement] end correct usage, cost: 7.37497E-4s

2024-11-29 15:01:19,416 WARN clearHistoryConfig get scheduled

2024-11-29 15:01:19,417 WARN clearHistoryConfig is enable in current context, try to run cleaner

2024-11-29 15:01:19,417 WARN clearConfigHistory, getBeforeStamp:2024-10-30 15:01:19.0, pageSize:1000

2024-11-29 15:01:19,418 WARN history config cleaner successfully

2024-11-29 15:11:18,124 INFO [capacityManagement] start correct usage

2024-11-29 15:11:18,126 INFO [capacityManagement] end correct usage, cost: 7.04661E-4s

2024-11-29 15:11:19,429 WARN clearHistoryConfig get scheduled

2024-11-29 15:11:19,430 WARN clearHistoryConfig is enable in current context, try to run cleaner

2024-11-29 15:11:19,431 WARN clearConfigHistory, getBeforeStamp:2024-10-30 15:11:19.0, pageSize:1000

2024-11-29 15:11:19,432 WARN history config cleaner successfully

2024-11-29 15:21:18,139 INFO [capacityManagement] start correct usage

2024-11-29 15:21:18,141 INFO [capacityManagement] end correct usage, cost: 7.78821E-4s

2024-11-29 15:21:19,445 WARN clearHistoryConfig get scheduled

2024-11-29 15:21:19,446 WARN clearHistoryConfig is enable in current context, try to run cleaner

2024-11-29 15:21:19,447 WARN clearConfigHistory, getBeforeStamp:2024-10-30 15:21:19.0, pageSize:1000

2024-11-29 15:21:19,448 WARN history config cleaner successfully

2024-11-29 15:31:18,153 INFO [capacityManagement] start correct usage

2024-11-29 15:31:18,155 INFO [capacityManagement] end correct usage, cost: 8.34649E-4s

2024-11-29 15:31:19,460 WARN clearHistoryConfig get scheduled

2024-11-29 15:31:19,460 WARN clearHistoryConfig is enable in current context, try to run cleaner

2024-11-29 15:31:19,461 WARN clearConfigHistory, getBeforeStamp:2024-10-30 15:31:19.0, pageSize:1000

2024-11-29 15:31:19,462 WARN history config cleaner successfully

2024-11-29 15:41:18,167 INFO [capacityManagement] start correct usage

2024-11-29 15:41:18,169 INFO [capacityManagement] end correct usage, cost: 8.52785E-4s

2024-11-29 15:41:19,474 WARN clearHistoryConfig get scheduled

2024-11-29 15:41:19,475 WARN clearHistoryConfig is enable in current context, try to run cleaner

2024-11-29 15:41:19,475 WARN clearConfigHistory, getBeforeStamp:2024-10-30 15:41:19.0, pageSize:1000

2024-11-29 15:41:19,476 WARN history config cleaner successfully

2024-11-29 15:51:18,181 INFO [capacityManagement] start correct usage

2024-11-29 15:51:18,183 INFO [capacityManagement] end correct usage, cost: 7.82726E-4s

2024-11-29 15:51:19,488 WARN clearHistoryConfig get scheduled

2024-11-29 15:51:19,489 WARN clearHistoryConfig is enable in current context, try to run cleaner

2024-11-29 15:51:19,490 WARN clearConfigHistory, getBeforeStamp:2024-10-30 15:51:19.0, pageSize:1000

2024-11-29 15:51:19,491 WARN history config cleaner successfully

2024-11-29 16:01:18,195 INFO [capacityManagement] start correct usage

2024-11-29 16:01:18,197 INFO [capacityManagement] end correct usage, cost: 8.21837E-4s

2024-11-29 16:01:19,503 WARN clearHistoryConfig get scheduled

2024-11-29 16:01:19,504 WARN clearHistoryConfig is enable in current context, try to run cleaner

2024-11-29 16:01:19,504 WARN clearConfigHistory, getBeforeStamp:2024-10-30 16:01:19.0, pageSize:1000

2024-11-29 16:01:19,505 WARN history config cleaner successfully

2024-11-29 16:11:18,210 INFO [capacityManagement] start correct usage

2024-11-29 16:11:18,211 INFO [capacityManagement] end correct usage, cost: 7.52041E-4s

2024-11-29 16:11:19,518 WARN clearHistoryConfig get scheduled

2024-11-29 16:11:19,519 WARN clearHistoryConfig is enable in current context, try to run cleaner

2024-11-29 16:11:19,519 WARN clearConfigHistory, getBeforeStamp:2024-10-30 16:11:19.0, pageSize:1000

2024-11-29 16:11:19,520 WARN history config cleaner successfully

2024-11-29 16:21:18,223 INFO [capacityManagement] start correct usage

2024-11-29 16:21:18,225 INFO [capacityManagement] end correct usage, cost: 9.70283E-4s

2024-11-29 16:21:19,533 WARN clearHistoryConfig get scheduled

2024-11-29 16:21:19,533 WARN clearHistoryConfig is enable in current context, try to run cleaner

2024-11-29 16:21:19,534 WARN clearConfigHistory, getBeforeStamp:2024-10-30 16:21:19.0, pageSize:1000

2024-11-29 16:21:19,535 WARN history config cleaner successfully

2024-11-29 16:31:18,238 INFO [capacityManagement] start correct usage

2024-11-29 16:31:18,240 INFO [capacityManagement] end correct usage, cost: 8.4814E-4s

2024-11-29 16:31:19,547 WARN clearHistoryConfig get scheduled

2024-11-29 16:31:19,548 WARN clearHistoryConfig is enable in current context, try to run cleaner

2024-11-29 16:31:19,549 WARN clearConfigHistory, getBeforeStamp:2024-10-30 16:31:19.0, pageSize:1000

2024-11-29 16:31:19,550 WARN history config cleaner successfully

2024-11-29 16:41:18,252 INFO [capacityManagement] start correct usage

2024-11-29 16:41:18,254 INFO [capacityManagement] end correct usage, cost: 7.91707E-4s

2024-11-29 16:41:19,562 WARN clearHistoryConfig get scheduled

2024-11-29 16:41:19,563 WARN clearHistoryConfig is enable in current context, try to run cleaner

2024-11-29 16:41:19,563 WARN clearConfigHistory, getBeforeStamp:2024-10-30 16:41:19.0, pageSize:1000

2024-11-29 16:41:19,565 WARN history config cleaner successfully

2024-11-29 16:51:18,266 INFO [capacityManagement] start correct usage

2024-11-29 16:51:18,268 INFO [capacityManagement] end correct usage, cost: 7.33546E-4s

2024-11-29 16:51:19,577 WARN clearHistoryConfig get scheduled

2024-11-29 16:51:19,578 WARN clearHistoryConfig is enable in current context, try to run cleaner

2024-11-29 16:51:19,578 WARN clearConfigHistory, getBeforeStamp:2024-10-30 16:51:19.0, pageSize:1000

2024-11-29 16:51:19,579 WARN history config cleaner successfully

2024-11-29 17:01:18,280 INFO [capacityManagement] start correct usage

2024-11-29 17:01:18,282 INFO [capacityManagement] end correct usage, cost: 7.69676E-4s

2024-11-29 17:01:19,592 WARN clearHistoryConfig get scheduled

2024-11-29 17:01:19,593 WARN clearHistoryConfig is enable in current context, try to run cleaner

2024-11-29 17:01:19,593 WARN clearConfigHistory, getBeforeStamp:2024-10-30 17:01:19.0, pageSize:1000

2024-11-29 17:01:19,594 WARN history config cleaner successfully

2024-11-29 17:11:18,294 INFO [capacityManagement] start correct usage

2024-11-29 17:11:18,295 INFO [capacityManagement] end correct usage, cost: 7.9457E-4s

2024-11-29 17:11:19,606 WARN clearHistoryConfig get scheduled

2024-11-29 17:11:19,607 WARN clearHistoryConfig is enable in current context, try to run cleaner

2024-11-29 17:11:19,607 WARN clearConfigHistory, getBeforeStamp:2024-10-30 17:11:19.0, pageSize:1000

2024-11-29 17:11:19,608 WARN history config cleaner successfully

2024-11-29 17:21:18,308 INFO [capacityManagement] start correct usage

2024-11-29 17:21:18,310 INFO [capacityManagement] end correct usage, cost: 8.72045E-4s

2024-11-29 17:21:19,621 WARN clearHistoryConfig get scheduled

2024-11-29 17:21:19,622 WARN clearHistoryConfig is enable in current context, try to run cleaner

2024-11-29 17:21:19,622 WARN clearConfigHistory, getBeforeStamp:2024-10-30 17:21:19.0, pageSize:1000

2024-11-29 17:21:19,623 WARN history config cleaner successfully

2024-11-29 17:31:18,322 INFO [capacityManagement] start correct usage

2024-11-29 17:31:18,324 INFO [capacityManagement] end correct usage, cost: 8.0425E-4s

2024-11-29 17:31:19,635 WARN clearHistoryConfig get scheduled

2024-11-29 17:31:19,636 WARN clearHistoryConfig is enable in current context, try to run cleaner

2024-11-29 17:31:19,637 WARN clearConfigHistory, getBeforeStamp:2024-10-30 17:31:19.0, pageSize:1000

2024-11-29 17:31:19,638 WARN history config cleaner successfully

2024-11-29 17:41:18,336 INFO [capacityManagement] start correct usage

2024-11-29 17:41:18,338 INFO [capacityManagement] end correct usage, cost: 7.80991E-4s

2024-11-29 17:41:19,650 WARN clearHistoryConfig get scheduled

2024-11-29 17:41:19,652 WARN clearHistoryConfig is enable in current context, try to run cleaner

2024-11-29 17:41:19,652 WARN clearConfigHistory, getBeforeStamp:2024-10-30 17:41:19.0, pageSize:1000

2024-11-29 17:41:19,653 WARN history config cleaner successfully

2024-11-29 17:51:18,350 INFO [capacityManagement] start correct usage

2024-11-29 17:51:18,352 INFO [capacityManagement] end correct usage, cost: 8.2654E-4s

2024-11-29 17:51:19,665 WARN clearHistoryConfig get scheduled

2024-11-29 17:51:19,666 WARN clearHistoryConfig is enable in current context, try to run cleaner

2024-11-29 17:51:19,667 WARN clearConfigHistory, getBeforeStamp:2024-10-30 17:51:19.0, pageSize:1000

2024-11-29 17:51:19,668 WARN history config cleaner successfully

2024-11-29 18:01:18,364 INFO [capacityManagement] start correct usage

2024-11-29 18:01:18,366 INFO [capacityManagement] end correct usage, cost: 7.06266E-4s

2024-11-29 18:01:19,680 WARN clearHistoryConfig get scheduled

2024-11-29 18:01:19,681 WARN clearHistoryConfig is enable in current context, try to run cleaner

2024-11-29 18:01:19,682 WARN clearConfigHistory, getBeforeStamp:2024-10-30 18:01:19.0, pageSize:1000

2024-11-29 18:01:19,683 WARN history config cleaner successfully

2024-11-29 18:11:18,378 INFO [capacityManagement] start correct usage

2024-11-29 18:11:18,380 INFO [capacityManagement] end correct usage, cost: 7.21661E-4s

2024-11-29 18:11:19,695 WARN clearHistoryConfig get scheduled

2024-11-29 18:11:19,696 WARN clearHistoryConfig is enable in current context, try to run cleaner

2024-11-29 18:11:19,696 WARN clearConfigHistory, getBeforeStamp:2024-10-30 18:11:19.0, pageSize:1000

2024-11-29 18:11:19,697 WARN history config cleaner successfully

2024-11-29 18:21:18,392 INFO [capacityManagement] start correct usage

2024-11-29 18:21:18,394 INFO [capacityManagement] end correct usage, cost: 7.83476E-4s

2024-11-29 18:21:19,710 WARN clearHistoryConfig get scheduled

2024-11-29 18:21:19,711 WARN clearHistoryConfig is enable in current context, try to run cleaner

2024-11-29 18:21:19,711 WARN clearConfigHistory, getBeforeStamp:2024-10-30 18:21:19.0, pageSize:1000

2024-11-29 18:21:19,712 WARN history config cleaner successfully

2024-11-29 18:31:18,407 INFO [capacityManagement] start correct usage

2024-11-29 18:31:18,408 INFO [capacityManagement] end correct usage, cost: 7.82266E-4s

2024-11-29 18:31:19,724 WARN clearHistoryConfig get scheduled

2024-11-29 18:31:19,726 WARN clearHistoryConfig is enable in current context, try to run cleaner

2024-11-29 18:31:19,726 WARN clearConfigHistory, getBeforeStamp:2024-10-30 18:31:19.0, pageSize:1000

2024-11-29 18:31:19,727 WARN history config cleaner successfully

2024-11-29 18:41:18,421 INFO [capacityManagement] start correct usage

2024-11-29 18:41:18,422 INFO [capacityManagement] end correct usage, cost: 0.001075946s

2024-11-29 18:41:19,739 WARN clearHistoryConfig get scheduled

2024-11-29 18:41:19,740 WARN clearHistoryConfig is enable in current context, try to run cleaner

2024-11-29 18:41:19,741 WARN clearConfigHistory, getBeforeStamp:2024-10-30 18:41:19.0, pageSize:1000

2024-11-29 18:41:19,742 WARN history config cleaner successfully

2024-11-29 18:51:18,435 INFO [capacityManagement] start correct usage

2024-11-29 18:51:18,437 INFO [capacityManagement] end correct usage, cost: 7.16553E-4s

2024-11-29 18:51:19,754 WARN clearHistoryConfig get scheduled

2024-11-29 18:51:19,755 WARN clearHistoryConfig is enable in current context, try to run cleaner

2024-11-29 18:51:19,756 WARN clearConfigHistory, getBeforeStamp:2024-10-30 18:51:19.0, pageSize:1000

2024-11-29 18:51:19,757 WARN history config cleaner successfully

2024-11-29 19:01:18,449 INFO [capacityManagement] start correct usage

2024-11-29 19:01:18,451 INFO [capacityManagement] end correct usage, cost: 8.6106E-4s

2024-11-29 19:01:19,769 WARN clearHistoryConfig get scheduled

2024-11-29 19:01:19,770 WARN clearHistoryConfig is enable in current context, try to run cleaner

2024-11-29 19:01:19,770 WARN clearConfigHistory, getBeforeStamp:2024-10-30 19:01:19.0, pageSize:1000

2024-11-29 19:01:19,771 WARN history config cleaner successfully

2024-11-29 19:11:18,464 INFO [capacityManagement] start correct usage

2024-11-29 19:11:18,465 INFO [capacityManagement] end correct usage, cost: 7.23553E-4s

2024-11-29 19:11:19,784 WARN clearHistoryConfig get scheduled

2024-11-29 19:11:19,785 WARN clearHistoryConfig is enable in current context, try to run cleaner

2024-11-29 19:11:19,785 WARN clearConfigHistory, getBeforeStamp:2024-10-30 19:11:19.0, pageSize:1000

2024-11-29 19:11:19,786 WARN history config cleaner successfully

2024-11-29 19:21:18,477 INFO [capacityManagement] start correct usage

2024-11-29 19:21:18,479 INFO [capacityManagement] end correct usage, cost: 8.01695E-4s

2024-11-29 19:21:19,798 WARN clearHistoryConfig get scheduled

2024-11-29 19:21:19,799 WARN clearHistoryConfig is enable in current context, try to run cleaner

2024-11-29 19:21:19,799 WARN clearConfigHistory, getBeforeStamp:2024-10-30 19:21:19.0, pageSize:1000

2024-11-29 19:21:19,800 WARN history config cleaner successfully

2024-11-29 19:31:18,493 INFO [capacityManagement] start correct usage

2024-11-29 19:31:18,495 INFO [capacityManagement] end correct usage, cost: 7.97222E-4s

2024-11-29 19:31:19,814 WARN clearHistoryConfig get scheduled

2024-11-29 19:31:19,815 WARN clearHistoryConfig is enable in current context, try to run cleaner

2024-11-29 19:31:19,816 WARN clearConfigHistory, getBeforeStamp:2024-10-30 19:31:19.0, pageSize:1000

2024-11-29 19:31:19,817 WARN history config cleaner successfully

2024-11-29 19:41:18,509 INFO [capacityManagement] start correct usage

2024-11-29 19:41:18,511 INFO [capacityManagement] end correct usage, cost: 8.2741E-4s

2024-11-29 19:41:19,832 WARN clearHistoryConfig get scheduled

2024-11-29 19:41:19,833 WARN clearHistoryConfig is enable in current context, try to run cleaner

2024-11-29 19:41:19,833 WARN clearConfigHistory, getBeforeStamp:2024-10-30 19:41:19.0, pageSize:1000

2024-11-29 19:41:19,834 WARN history config cleaner successfully

2024-11-29 19:51:18,525 INFO [capacityManagement] start correct usage

2024-11-29 19:51:18,527 INFO [capacityManagement] end correct usage, cost: 8.05834E-4s

2024-11-29 19:51:19,848 WARN clearHistoryConfig get scheduled

2024-11-29 19:51:19,849 WARN clearHistoryConfig is enable in current context, try to run cleaner

2024-11-29 19:51:19,850 WARN clearConfigHistory, getBeforeStamp:2024-10-30 19:51:19.0, pageSize:1000

2024-11-29 19:51:19,851 WARN history config cleaner successfully

2024-11-29 20:01:18,542 INFO [capacityManagement] start correct usage

2024-11-29 20:01:18,543 INFO [capacityManagement] end correct usage, cost: 7.74941E-4s

2024-11-29 20:01:19,865 WARN clearHistoryConfig get scheduled

2024-11-29 20:01:19,866 WARN clearHistoryConfig is enable in current context, try to run cleaner

2024-11-29 20:01:19,866 WARN clearConfigHistory, getBeforeStamp:2024-10-30 20:01:19.0, pageSize:1000

2024-11-29 20:01:19,867 WARN history config cleaner successfully

2024-11-29 20:11:18,558 INFO [capacityManagement] start correct usage

2024-11-29 20:11:18,559 INFO [capacityManagement] end correct usage, cost: 7.30596E-4s

2024-11-29 20:11:19,882 WARN clearHistoryConfig get scheduled

2024-11-29 20:11:19,882 WARN clearHistoryConfig is enable in current context, try to run cleaner

2024-11-29 20:11:19,883 WARN clearConfigHistory, getBeforeStamp:2024-10-30 20:11:19.0, pageSize:1000

2024-11-29 20:11:19,884 WARN history config cleaner successfully

2024-11-29 20:21:18,574 INFO [capacityManagement] start correct usage

2024-11-29 20:21:18,575 INFO [capacityManagement] end correct usage, cost: 6.95327E-4s

2024-11-29 20:21:19,898 WARN clearHistoryConfig get scheduled

2024-11-29 20:21:19,899 WARN clearHistoryConfig is enable in current context, try to run cleaner

2024-11-29 20:21:19,899 WARN clearConfigHistory, getBeforeStamp:2024-10-30 20:21:19.0, pageSize:1000

2024-11-29 20:21:19,900 WARN history config cleaner successfully

2024-11-29 20:31:18,588 INFO [capacityManagement] start correct usage

2024-11-29 20:31:18,590 INFO [capacityManagement] end correct usage, cost: 7.22406E-4s

2024-11-29 20:31:19,913 WARN clearHistoryConfig get scheduled

2024-11-29 20:31:19,914 WARN clearHistoryConfig is enable in current context, try to run cleaner

2024-11-29 20:31:19,915 WARN clearConfigHistory, getBeforeStamp:2024-10-30 20:31:19.0, pageSize:1000

2024-11-29 20:31:19,916 WARN history config cleaner successfully

2024-11-29 20:41:18,602 INFO [capacityManagement] start correct usage

2024-11-29 20:41:18,603 INFO [capacityManagement] end correct usage, cost: 4.079E-4s

2024-11-29 20:41:19,928 WARN clearHistoryConfig get scheduled

2024-11-29 20:41:19,929 WARN clearHistoryConfig is enable in current context, try to run cleaner

2024-11-29 20:41:19,929 WARN clearConfigHistory, getBeforeStamp:2024-10-30 20:41:19.0, pageSize:1000

2024-11-29 20:41:19,930 WARN history config cleaner successfully

2024-11-29 20:51:18,616 INFO [capacityManagement] start correct usage

2024-11-29 20:51:18,618 INFO [capacityManagement] end correct usage, cost: 8.31919E-4s

2024-11-29 20:51:19,943 WARN clearHistoryConfig get scheduled

2024-11-29 20:51:19,944 WARN clearHistoryConfig is enable in current context, try to run cleaner

2024-11-29 20:51:19,944 WARN clearConfigHistory, getBeforeStamp:2024-10-30 20:51:19.0, pageSize:1000

2024-11-29 20:51:19,946 WARN history config cleaner successfully

2024-11-29 21:01:18,630 INFO [capacityManagement] start correct usage

2024-11-29 21:01:18,632 INFO [capacityManagement] end correct usage, cost: 7.26512E-4s

2024-11-29 21:01:19,958 WARN clearHistoryConfig get scheduled

2024-11-29 21:01:19,959 WARN clearHistoryConfig is enable in current context, try to run cleaner

2024-11-29 21:01:19,959 WARN clearConfigHistory, getBeforeStamp:2024-10-30 21:01:19.0, pageSize:1000

2024-11-29 21:01:19,960 WARN history config cleaner successfully

2024-11-29 21:11:18,644 INFO [capacityManagement] start correct usage

2024-11-29 21:11:18,646 INFO [capacityManagement] end correct usage, cost: 7.68026E-4s

2024-11-29 21:11:19,973 WARN clearHistoryConfig get scheduled

2024-11-29 21:11:19,974 WARN clearHistoryConfig is enable in current context, try to run cleaner

2024-11-29 21:11:19,974 WARN clearConfigHistory, getBeforeStamp:2024-10-30 21:11:19.0, pageSize:1000

2024-11-29 21:11:19,975 WARN history config cleaner successfully

2024-11-29 21:21:18,658 INFO [capacityManagement] start correct usage

2024-11-29 21:21:18,660 INFO [capacityManagement] end correct usage, cost: 8.50286E-4s

2024-11-29 21:21:19,988 WARN clearHistoryConfig get scheduled

2024-11-29 21:21:19,988 WARN clearHistoryConfig is enable in current context, try to run cleaner

2024-11-29 21:21:19,989 WARN clearConfigHistory, getBeforeStamp:2024-10-30 21:21:19.0, pageSize:1000

2024-11-29 21:21:19,990 WARN history config cleaner successfully

2024-11-29 21:31:18,673 INFO [capacityManagement] start correct usage

2024-11-29 21:31:18,674 INFO [capacityManagement] end correct usage, cost: 7.86949E-4s

2024-11-29 21:31:20,002 WARN clearHistoryConfig get scheduled

2024-11-29 21:31:20,003 WARN clearHistoryConfig is enable in current context, try to run cleaner

2024-11-29 21:31:20,004 WARN clearConfigHistory, getBeforeStamp:2024-10-30 21:31:20.0, pageSize:1000

2024-11-29 21:31:20,005 WARN history config cleaner successfully

2024-11-29 21:41:18,687 INFO [capacityManagement] start correct usage

2024-11-29 21:41:18,688 INFO [capacityManagement] end correct usage, cost: 7.64401E-4s

2024-11-29 21:41:20,017 WARN clearHistoryConfig get scheduled

2024-11-29 21:41:20,018 WARN clearHistoryConfig is enable in current context, try to run cleaner

2024-11-29 21:41:20,018 WARN clearConfigHistory, getBeforeStamp:2024-10-30 21:41:20.0, pageSize:1000

2024-11-29 21:41:20,019 WARN history config cleaner successfully

2024-11-29 21:51:18,701 INFO [capacityManagement] start correct usage

2024-11-29 21:51:18,702 INFO [capacityManagement] end correct usage, cost: 7.9659E-4s

2024-11-29 21:51:20,032 WARN clearHistoryConfig get scheduled

2024-11-29 21:51:20,032 WARN clearHistoryConfig is enable in current context, try to run cleaner

2024-11-29 21:51:20,033 WARN clearConfigHistory, getBeforeStamp:2024-10-30 21:51:20.0, pageSize:1000

2024-11-29 21:51:20,034 WARN history config cleaner successfully

2024-11-29 22:01:18,715 INFO [capacityManagement] start correct usage

2024-11-29 22:01:18,716 INFO [capacityManagement] end correct usage, cost: 7.84875E-4s

2024-11-29 22:01:20,046 WARN clearHistoryConfig get scheduled

2024-11-29 22:01:20,047 WARN clearHistoryConfig is enable in current context, try to run cleaner

2024-11-29 22:01:20,048 WARN clearConfigHistory, getBeforeStamp:2024-10-30 22:01:20.0, pageSize:1000

2024-11-29 22:01:20,049 WARN history config cleaner successfully

2024-11-29 22:11:18,729 INFO [capacityManagement] start correct usage

2024-11-29 22:11:18,730 INFO [capacityManagement] end correct usage, cost: 8.05701E-4s

2024-11-29 22:11:20,061 WARN clearHistoryConfig get scheduled

2024-11-29 22:11:20,062 WARN clearHistoryConfig is enable in current context, try to run cleaner

2024-11-29 22:11:20,062 WARN clearConfigHistory, getBeforeStamp:2024-10-30 22:11:20.0, pageSize:1000

2024-11-29 22:11:20,063 WARN history config cleaner successfully

2024-11-29 22:21:18,742 INFO [capacityManagement] start correct usage

2024-11-29 22:21:18,744 INFO [capacityManagement] end correct usage, cost: 9.90099E-4s

2024-11-29 22:21:20,075 WARN clearHistoryConfig get scheduled

2024-11-29 22:21:20,076 WARN clearHistoryConfig is enable in current context, try to run cleaner

2024-11-29 22:21:20,077 WARN clearConfigHistory, getBeforeStamp:2024-10-30 22:21:20.0, pageSize:1000

2024-11-29 22:21:20,078 WARN history config cleaner successfully

2024-11-29 22:31:18,757 INFO [capacityManagement] start correct usage

2024-11-29 22:31:18,759 INFO [capacityManagement] end correct usage, cost: 7.30756E-4s

2024-11-29 22:31:20,090 WARN clearHistoryConfig get scheduled

2024-11-29 22:31:20,091 WARN clearHistoryConfig is enable in current context, try to run cleaner

2024-11-29 22:31:20,091 WARN clearConfigHistory, getBeforeStamp:2024-10-30 22:31:20.0, pageSize:1000

2024-11-29 22:31:20,093 WARN history config cleaner successfully

2024-11-29 22:41:18,771 INFO [capacityManagement] start correct usage

2024-11-29 22:41:18,773 INFO [capacityManagement] end correct usage, cost: 7.45691E-4s

2024-11-29 22:41:20,105 WARN clearHistoryConfig get scheduled

2024-11-29 22:41:20,106 WARN clearHistoryConfig is enable in current context, try to run cleaner

2024-11-29 22:41:20,107 WARN clearConfigHistory, getBeforeStamp:2024-10-30 22:41:20.0, pageSize:1000

2024-11-29 22:41:20,108 WARN history config cleaner successfully

2024-11-29 22:51:18,786 INFO [capacityManagement] start correct usage

2024-11-29 22:51:18,787 INFO [capacityManagement] end correct usage, cost: 8.80978E-4s

2024-11-29 22:51:20,120 WARN clearHistoryConfig get scheduled

2024-11-29 22:51:20,121 WARN clearHistoryConfig is enable in current context, try to run cleaner

2024-11-29 22:51:20,121 WARN clearConfigHistory, getBeforeStamp:2024-10-30 22:51:20.0, pageSize:1000

2024-11-29 22:51:20,123 WARN history config cleaner successfully

