2024-11-26 12:30:09,995 INFO Not configure type of control plugin, no limit control for current node.

2024-11-26 12:30:09,998 INFO Load connection metrics collector,size=2,[com.alibaba.nacos.config.server.service.LongPollingConnectionMetricsCollector@5ab9b447, com.alibaba.nacos.core.remote.LongConnectionMetricsCollector@4f8caaf3]

2024-11-26 12:30:09,999 INFO No connection rule content found ,use default empty rule 

2024-11-26 12:30:10,015 INFO No tps control rule of CONFIG_PUSH_COUNT found,content =null  

2024-11-26 12:30:10,016 WARN Tps point for CONFIG_PUSH_COUNT registered, But tps control manager is no limit implementation.

2024-11-26 12:30:10,017 INFO No tps control rule of CONFIG_PUSH_SUCCESS found,content =null  

2024-11-26 12:30:10,017 WARN Tps point for CONFIG_PUSH_SUCCESS registered, But tps control manager is no limit implementation.

2024-11-26 12:30:10,018 INFO No tps control rule of CONFIG_PUSH_FAIL found,content =null  

2024-11-26 12:30:10,018 WARN Tps point for CONFIG_PUSH_FAIL registered, But tps control manager is no limit implementation.

2024-11-26 12:30:14,385 INFO No tps control rule of ConfigQuery found,content =null  

2024-11-26 12:30:14,386 WARN Tps point for ConfigQuery registered, But tps control manager is no limit implementation.

2024-11-26 12:30:14,387 INFO No tps control rule of ClusterConfigChangeNotify found,content =null  

2024-11-26 12:30:14,387 WARN Tps point for ClusterConfigChangeNotify registered, But tps control manager is no limit implementation.

2024-11-26 12:30:14,393 INFO No tps control rule of ConfigListen found,content =null  

2024-11-26 12:30:14,394 WARN Tps point for ConfigListen registered, But tps control manager is no limit implementation.

2024-11-26 12:30:14,394 INFO No tps control rule of ConfigRemove found,content =null  

2024-11-26 12:30:14,395 WARN Tps point for ConfigRemove registered, But tps control manager is no limit implementation.

2024-11-26 12:30:14,395 INFO No tps control rule of ConfigPublish found,content =null  

2024-11-26 12:30:14,396 WARN Tps point for ConfigPublish registered, But tps control manager is no limit implementation.

2024-11-26 12:30:14,396 INFO No tps control rule of HealthCheck found,content =null  

2024-11-26 12:30:14,396 WARN Tps point for HealthCheck registered, But tps control manager is no limit implementation.

2024-11-26 12:30:14,397 INFO No tps control rule of RemoteNamingServiceQuery found,content =null  

2024-11-26 12:30:14,397 WARN Tps point for RemoteNamingServiceQuery registered, But tps control manager is no limit implementation.

2024-11-26 12:30:14,397 INFO No tps control rule of RemoteNamingInstanceBatchRegister found,content =null  

2024-11-26 12:30:14,398 WARN Tps point for RemoteNamingInstanceBatchRegister registered, But tps control manager is no limit implementation.

2024-11-26 12:30:14,398 INFO No tps control rule of RemoteNamingInstanceRegisterDeregister found,content =null  

2024-11-26 12:30:14,398 WARN Tps point for RemoteNamingInstanceRegisterDeregister registered, But tps control manager is no limit implementation.

2024-11-26 12:30:14,399 INFO No tps control rule of RemoteNamingServiceListQuery found,content =null  

2024-11-26 12:30:14,399 WARN Tps point for RemoteNamingServiceListQuery registered, But tps control manager is no limit implementation.

2024-11-26 12:30:14,400 INFO No tps control rule of RemoteNamingServiceSubscribeUnSubscribe found,content =null  

2024-11-26 12:30:14,400 WARN Tps point for RemoteNamingServiceSubscribeUnSubscribe registered, But tps control manager is no limit implementation.

2024-11-26 12:30:14,400 WARN Tps point for RemoteNamingInstanceRegisterDeregister registered, But tps control manager is no limit implementation.

2024-11-26 12:30:14,401 INFO No tps control rule of NamingInstanceRegister found,content =null  

2024-11-26 12:30:14,401 WARN Tps point for NamingInstanceRegister registered, But tps control manager is no limit implementation.

2024-11-26 12:30:14,402 WARN Tps point for ConfigPublish registered, But tps control manager is no limit implementation.

2024-11-26 12:30:14,403 INFO No tps control rule of NamingServiceSubscribe found,content =null  

2024-11-26 12:30:14,403 WARN Tps point for NamingServiceSubscribe registered, But tps control manager is no limit implementation.

2024-11-26 12:30:14,403 INFO No tps control rule of NamingInstanceMetadataUpdate found,content =null  

2024-11-26 12:30:14,403 WARN Tps point for NamingInstanceMetadataUpdate registered, But tps control manager is no limit implementation.

2024-11-26 12:30:14,404 WARN Tps point for NamingInstanceMetadataUpdate registered, But tps control manager is no limit implementation.

2024-11-26 12:30:14,404 INFO No tps control rule of NamingServiceListQuery found,content =null  

2024-11-26 12:30:14,404 WARN Tps point for NamingServiceListQuery registered, But tps control manager is no limit implementation.

2024-11-26 12:30:14,405 INFO No tps control rule of NamingServiceQuery found,content =null  

2024-11-26 12:30:14,405 WARN Tps point for NamingServiceQuery registered, But tps control manager is no limit implementation.

2024-11-26 12:30:14,405 INFO No tps control rule of NamingInstanceUpdate found,content =null  

2024-11-26 12:30:14,405 WARN Tps point for NamingInstanceUpdate registered, But tps control manager is no limit implementation.

2024-11-26 12:30:14,406 INFO No tps control rule of NamingServiceUpdate found,content =null  

2024-11-26 12:30:14,406 WARN Tps point for NamingServiceUpdate registered, But tps control manager is no limit implementation.

2024-11-26 12:30:14,406 INFO No tps control rule of HttpHealthCheck found,content =null  

2024-11-26 12:30:14,406 WARN Tps point for HttpHealthCheck registered, But tps control manager is no limit implementation.

2024-11-26 12:30:14,407 WARN Tps point for NamingServiceQuery registered, But tps control manager is no limit implementation.

2024-11-26 12:30:14,407 WARN Tps point for NamingInstanceMetadataUpdate registered, But tps control manager is no limit implementation.

2024-11-26 12:30:14,407 INFO No tps control rule of NamingServiceRegister found,content =null  

2024-11-26 12:30:14,408 WARN Tps point for NamingServiceRegister registered, But tps control manager is no limit implementation.

2024-11-26 12:30:14,408 INFO No tps control rule of NamingInstanceDeregister found,content =null  

2024-11-26 12:30:14,408 WARN Tps point for NamingInstanceDeregister registered, But tps control manager is no limit implementation.

2024-11-26 12:30:14,408 WARN Tps point for NamingServiceListQuery registered, But tps control manager is no limit implementation.

2024-11-26 12:30:14,409 WARN Tps point for NamingServiceUpdate registered, But tps control manager is no limit implementation.

2024-11-26 12:30:14,409 WARN Tps point for NamingInstanceMetadataUpdate registered, But tps control manager is no limit implementation.

2024-11-26 12:30:14,409 INFO No tps control rule of NamingInstanceQuery found,content =null  

2024-11-26 12:30:14,409 WARN Tps point for NamingInstanceQuery registered, But tps control manager is no limit implementation.

2024-11-26 12:30:14,410 WARN Tps point for NamingInstanceQuery registered, But tps control manager is no limit implementation.

2024-11-26 12:30:14,410 INFO No tps control rule of NamingServiceDeregister found,content =null  

2024-11-26 12:30:14,410 WARN Tps point for NamingServiceDeregister registered, But tps control manager is no limit implementation.

2024-11-26 12:30:14,411 WARN Tps point for HttpHealthCheck registered, But tps control manager is no limit implementation.

2024-11-26 12:30:14,411 WARN Tps point for NamingServiceSubscribe registered, But tps control manager is no limit implementation.

2024-11-26 12:30:14,412 WARN Tps point for NamingServiceRegister registered, But tps control manager is no limit implementation.

2024-11-26 12:30:14,412 WARN Tps point for ConfigQuery registered, But tps control manager is no limit implementation.

2024-11-26 12:30:14,412 WARN Tps point for NamingInstanceUpdate registered, But tps control manager is no limit implementation.

2024-11-26 12:30:14,412 WARN Tps point for NamingInstanceRegister registered, But tps control manager is no limit implementation.

2024-11-26 12:30:14,413 WARN Tps point for NamingInstanceDeregister registered, But tps control manager is no limit implementation.

2024-11-26 12:30:14,413 WARN Tps point for NamingServiceDeregister registered, But tps control manager is no limit implementation.

2024-11-26 12:34:00,086 INFO Not configure type of control plugin, no limit control for current node.

2024-11-26 12:34:00,093 INFO Load connection metrics collector,size=2,[com.alibaba.nacos.config.server.service.LongPollingConnectionMetricsCollector@4c432866, com.alibaba.nacos.core.remote.LongConnectionMetricsCollector@6105f8a3]

2024-11-26 12:34:00,097 INFO No connection rule content found ,use default empty rule 

2024-11-26 12:34:00,119 INFO No tps control rule of CONFIG_PUSH_COUNT found,content =null  

2024-11-26 12:34:00,130 WARN Tps point for CONFIG_PUSH_COUNT registered, But tps control manager is no limit implementation.

2024-11-26 12:34:00,131 INFO No tps control rule of CONFIG_PUSH_SUCCESS found,content =null  

2024-11-26 12:34:00,132 WARN Tps point for CONFIG_PUSH_SUCCESS registered, But tps control manager is no limit implementation.

2024-11-26 12:34:00,132 INFO No tps control rule of CONFIG_PUSH_FAIL found,content =null  

2024-11-26 12:34:00,133 WARN Tps point for CONFIG_PUSH_FAIL registered, But tps control manager is no limit implementation.

2024-11-26 12:34:05,226 INFO No tps control rule of ConfigQuery found,content =null  

2024-11-26 12:34:05,227 WARN Tps point for ConfigQuery registered, But tps control manager is no limit implementation.

2024-11-26 12:34:05,228 INFO No tps control rule of ClusterConfigChangeNotify found,content =null  

2024-11-26 12:34:05,229 WARN Tps point for ClusterConfigChangeNotify registered, But tps control manager is no limit implementation.

2024-11-26 12:34:05,243 INFO No tps control rule of ConfigListen found,content =null  

2024-11-26 12:34:05,244 WARN Tps point for ConfigListen registered, But tps control manager is no limit implementation.

2024-11-26 12:34:05,245 INFO No tps control rule of ConfigRemove found,content =null  

2024-11-26 12:34:05,246 WARN Tps point for ConfigRemove registered, But tps control manager is no limit implementation.

2024-11-26 12:34:05,248 INFO No tps control rule of ConfigPublish found,content =null  

2024-11-26 12:34:05,248 WARN Tps point for ConfigPublish registered, But tps control manager is no limit implementation.

2024-11-26 12:34:05,250 INFO No tps control rule of HealthCheck found,content =null  

2024-11-26 12:34:05,251 WARN Tps point for HealthCheck registered, But tps control manager is no limit implementation.

2024-11-26 12:34:05,252 INFO No tps control rule of RemoteNamingServiceQuery found,content =null  

2024-11-26 12:34:05,253 WARN Tps point for RemoteNamingServiceQuery registered, But tps control manager is no limit implementation.

2024-11-26 12:34:05,254 INFO No tps control rule of RemoteNamingInstanceBatchRegister found,content =null  

2024-11-26 12:34:05,254 WARN Tps point for RemoteNamingInstanceBatchRegister registered, But tps control manager is no limit implementation.

2024-11-26 12:34:05,255 INFO No tps control rule of RemoteNamingInstanceRegisterDeregister found,content =null  

2024-11-26 12:34:05,255 WARN Tps point for RemoteNamingInstanceRegisterDeregister registered, But tps control manager is no limit implementation.

2024-11-26 12:34:05,256 INFO No tps control rule of RemoteNamingServiceListQuery found,content =null  

2024-11-26 12:34:05,256 WARN Tps point for RemoteNamingServiceListQuery registered, But tps control manager is no limit implementation.

2024-11-26 12:34:05,257 INFO No tps control rule of RemoteNamingServiceSubscribeUnSubscribe found,content =null  

2024-11-26 12:34:05,258 WARN Tps point for RemoteNamingServiceSubscribeUnSubscribe registered, But tps control manager is no limit implementation.

2024-11-26 12:34:05,258 WARN Tps point for RemoteNamingInstanceRegisterDeregister registered, But tps control manager is no limit implementation.

2024-11-26 12:34:05,261 INFO No tps control rule of NamingInstanceRegister found,content =null  

2024-11-26 12:34:05,261 WARN Tps point for NamingInstanceRegister registered, But tps control manager is no limit implementation.

2024-11-26 12:34:05,262 INFO No tps control rule of NamingInstanceQuery found,content =null  

2024-11-26 12:34:05,263 WARN Tps point for NamingInstanceQuery registered, But tps control manager is no limit implementation.

2024-11-26 12:34:05,263 INFO No tps control rule of NamingServiceRegister found,content =null  

2024-11-26 12:34:05,264 WARN Tps point for NamingServiceRegister registered, But tps control manager is no limit implementation.

2024-11-26 12:34:05,264 INFO No tps control rule of NamingServiceUpdate found,content =null  

2024-11-26 12:34:05,265 WARN Tps point for NamingServiceUpdate registered, But tps control manager is no limit implementation.

2024-11-26 12:34:05,265 INFO No tps control rule of NamingInstanceMetadataUpdate found,content =null  

2024-11-26 12:34:05,266 WARN Tps point for NamingInstanceMetadataUpdate registered, But tps control manager is no limit implementation.

2024-11-26 12:34:05,266 INFO No tps control rule of NamingServiceSubscribe found,content =null  

2024-11-26 12:34:05,267 WARN Tps point for NamingServiceSubscribe registered, But tps control manager is no limit implementation.

2024-11-26 12:34:05,267 INFO No tps control rule of HttpHealthCheck found,content =null  

2024-11-26 12:34:05,268 WARN Tps point for HttpHealthCheck registered, But tps control manager is no limit implementation.

2024-11-26 12:34:05,269 INFO No tps control rule of NamingServiceListQuery found,content =null  

2024-11-26 12:34:05,269 WARN Tps point for NamingServiceListQuery registered, But tps control manager is no limit implementation.

2024-11-26 12:34:05,270 INFO No tps control rule of NamingInstanceDeregister found,content =null  

2024-11-26 12:34:05,271 WARN Tps point for NamingInstanceDeregister registered, But tps control manager is no limit implementation.

2024-11-26 12:34:05,272 WARN Tps point for NamingInstanceMetadataUpdate registered, But tps control manager is no limit implementation.

2024-11-26 12:34:05,272 WARN Tps point for ConfigQuery registered, But tps control manager is no limit implementation.

2024-11-26 12:34:05,273 WARN Tps point for NamingInstanceQuery registered, But tps control manager is no limit implementation.

2024-11-26 12:34:05,274 WARN Tps point for NamingServiceListQuery registered, But tps control manager is no limit implementation.

2024-11-26 12:34:05,274 WARN Tps point for NamingServiceUpdate registered, But tps control manager is no limit implementation.

2024-11-26 12:34:05,275 WARN Tps point for NamingInstanceMetadataUpdate registered, But tps control manager is no limit implementation.

2024-11-26 12:34:05,276 WARN Tps point for NamingInstanceMetadataUpdate registered, But tps control manager is no limit implementation.

2024-11-26 12:34:05,276 WARN Tps point for NamingServiceSubscribe registered, But tps control manager is no limit implementation.

2024-11-26 12:34:05,277 WARN Tps point for HttpHealthCheck registered, But tps control manager is no limit implementation.

2024-11-26 12:34:05,277 INFO No tps control rule of NamingInstanceUpdate found,content =null  

2024-11-26 12:34:05,278 WARN Tps point for NamingInstanceUpdate registered, But tps control manager is no limit implementation.

2024-11-26 12:34:05,278 WARN Tps point for NamingInstanceUpdate registered, But tps control manager is no limit implementation.

2024-11-26 12:34:05,279 WARN Tps point for ConfigPublish registered, But tps control manager is no limit implementation.

2024-11-26 12:34:05,279 INFO No tps control rule of NamingServiceDeregister found,content =null  

2024-11-26 12:34:05,280 WARN Tps point for NamingServiceDeregister registered, But tps control manager is no limit implementation.

2024-11-26 12:34:05,281 INFO No tps control rule of NamingServiceQuery found,content =null  

2024-11-26 12:34:05,282 WARN Tps point for NamingServiceQuery registered, But tps control manager is no limit implementation.

2024-11-26 12:34:05,282 WARN Tps point for NamingServiceRegister registered, But tps control manager is no limit implementation.

2024-11-26 12:34:05,283 WARN Tps point for NamingInstanceDeregister registered, But tps control manager is no limit implementation.

2024-11-26 12:34:05,283 WARN Tps point for NamingInstanceRegister registered, But tps control manager is no limit implementation.

2024-11-26 12:34:05,284 WARN Tps point for NamingServiceDeregister registered, But tps control manager is no limit implementation.

2024-11-26 12:34:05,284 WARN Tps point for NamingServiceQuery registered, But tps control manager is no limit implementation.

2024-11-26 12:38:20,716 INFO Not configure type of control plugin, no limit control for current node.

2024-11-26 12:38:20,719 INFO Load connection metrics collector,size=2,[com.alibaba.nacos.config.server.service.LongPollingConnectionMetricsCollector@73e132e0, com.alibaba.nacos.core.remote.LongConnectionMetricsCollector@2472c7d8]

2024-11-26 12:38:20,720 INFO No connection rule content found ,use default empty rule 

2024-11-26 12:38:20,733 INFO No tps control rule of CONFIG_PUSH_COUNT found,content =null  

2024-11-26 12:38:20,734 WARN Tps point for CONFIG_PUSH_COUNT registered, But tps control manager is no limit implementation.

2024-11-26 12:38:20,734 INFO No tps control rule of CONFIG_PUSH_SUCCESS found,content =null  

2024-11-26 12:38:20,735 WARN Tps point for CONFIG_PUSH_SUCCESS registered, But tps control manager is no limit implementation.

2024-11-26 12:38:20,735 INFO No tps control rule of CONFIG_PUSH_FAIL found,content =null  

2024-11-26 12:38:20,736 WARN Tps point for CONFIG_PUSH_FAIL registered, But tps control manager is no limit implementation.

2024-11-26 12:38:25,275 INFO No tps control rule of ConfigQuery found,content =null  

2024-11-26 12:38:25,276 WARN Tps point for ConfigQuery registered, But tps control manager is no limit implementation.

2024-11-26 12:38:25,276 INFO No tps control rule of ClusterConfigChangeNotify found,content =null  

2024-11-26 12:38:25,277 WARN Tps point for ClusterConfigChangeNotify registered, But tps control manager is no limit implementation.

2024-11-26 12:38:25,283 INFO No tps control rule of ConfigListen found,content =null  

2024-11-26 12:38:25,283 WARN Tps point for ConfigListen registered, But tps control manager is no limit implementation.

2024-11-26 12:38:25,284 INFO No tps control rule of ConfigRemove found,content =null  

2024-11-26 12:38:25,284 WARN Tps point for ConfigRemove registered, But tps control manager is no limit implementation.

2024-11-26 12:38:25,285 INFO No tps control rule of ConfigPublish found,content =null  

2024-11-26 12:38:25,285 WARN Tps point for ConfigPublish registered, But tps control manager is no limit implementation.

2024-11-26 12:38:25,285 INFO No tps control rule of HealthCheck found,content =null  

2024-11-26 12:38:25,286 WARN Tps point for HealthCheck registered, But tps control manager is no limit implementation.

2024-11-26 12:38:25,286 INFO No tps control rule of RemoteNamingServiceQuery found,content =null  

2024-11-26 12:38:25,286 WARN Tps point for RemoteNamingServiceQuery registered, But tps control manager is no limit implementation.

2024-11-26 12:38:25,287 INFO No tps control rule of RemoteNamingInstanceBatchRegister found,content =null  

2024-11-26 12:38:25,287 WARN Tps point for RemoteNamingInstanceBatchRegister registered, But tps control manager is no limit implementation.

2024-11-26 12:38:25,287 INFO No tps control rule of RemoteNamingInstanceRegisterDeregister found,content =null  

2024-11-26 12:38:25,288 WARN Tps point for RemoteNamingInstanceRegisterDeregister registered, But tps control manager is no limit implementation.

2024-11-26 12:38:25,288 INFO No tps control rule of RemoteNamingServiceListQuery found,content =null  

2024-11-26 12:38:25,288 WARN Tps point for RemoteNamingServiceListQuery registered, But tps control manager is no limit implementation.

2024-11-26 12:38:25,289 INFO No tps control rule of RemoteNamingServiceSubscribeUnSubscribe found,content =null  

2024-11-26 12:38:25,289 WARN Tps point for RemoteNamingServiceSubscribeUnSubscribe registered, But tps control manager is no limit implementation.

2024-11-26 12:38:25,290 WARN Tps point for RemoteNamingInstanceRegisterDeregister registered, But tps control manager is no limit implementation.

2024-11-26 12:38:25,291 INFO No tps control rule of NamingServiceRegister found,content =null  

2024-11-26 12:38:25,291 WARN Tps point for NamingServiceRegister registered, But tps control manager is no limit implementation.

2024-11-26 12:38:25,291 INFO No tps control rule of NamingInstanceMetadataUpdate found,content =null  

2024-11-26 12:38:25,292 WARN Tps point for NamingInstanceMetadataUpdate registered, But tps control manager is no limit implementation.

2024-11-26 12:38:25,292 INFO No tps control rule of HttpHealthCheck found,content =null  

2024-11-26 12:38:25,292 WARN Tps point for HttpHealthCheck registered, But tps control manager is no limit implementation.

2024-11-26 12:38:25,293 INFO No tps control rule of NamingInstanceUpdate found,content =null  

2024-11-26 12:38:25,293 WARN Tps point for NamingInstanceUpdate registered, But tps control manager is no limit implementation.

2024-11-26 12:38:25,293 WARN Tps point for NamingServiceRegister registered, But tps control manager is no limit implementation.

2024-11-26 12:38:25,294 WARN Tps point for NamingInstanceUpdate registered, But tps control manager is no limit implementation.

2024-11-26 12:38:25,294 INFO No tps control rule of NamingInstanceRegister found,content =null  

2024-11-26 12:38:25,294 WARN Tps point for NamingInstanceRegister registered, But tps control manager is no limit implementation.

2024-11-26 12:38:25,294 WARN Tps point for ConfigQuery registered, But tps control manager is no limit implementation.

2024-11-26 12:38:25,295 INFO No tps control rule of NamingInstanceDeregister found,content =null  

2024-11-26 12:38:25,295 WARN Tps point for NamingInstanceDeregister registered, But tps control manager is no limit implementation.

2024-11-26 12:38:25,295 INFO No tps control rule of NamingServiceDeregister found,content =null  

2024-11-26 12:38:25,295 WARN Tps point for NamingServiceDeregister registered, But tps control manager is no limit implementation.

2024-11-26 12:38:25,296 INFO No tps control rule of NamingInstanceQuery found,content =null  

2024-11-26 12:38:25,296 WARN Tps point for NamingInstanceQuery registered, But tps control manager is no limit implementation.

2024-11-26 12:38:25,296 WARN Tps point for HttpHealthCheck registered, But tps control manager is no limit implementation.

2024-11-26 12:38:25,297 WARN Tps point for ConfigPublish registered, But tps control manager is no limit implementation.

2024-11-26 12:38:25,297 WARN Tps point for NamingInstanceMetadataUpdate registered, But tps control manager is no limit implementation.

2024-11-26 12:38:25,297 WARN Tps point for NamingInstanceDeregister registered, But tps control manager is no limit implementation.

2024-11-26 12:38:25,297 INFO No tps control rule of NamingServiceListQuery found,content =null  

2024-11-26 12:38:25,298 WARN Tps point for NamingServiceListQuery registered, But tps control manager is no limit implementation.

2024-11-26 12:38:25,298 WARN Tps point for NamingInstanceRegister registered, But tps control manager is no limit implementation.

2024-11-26 12:38:25,298 INFO No tps control rule of NamingServiceUpdate found,content =null  

2024-11-26 12:38:25,298 WARN Tps point for NamingServiceUpdate registered, But tps control manager is no limit implementation.

2024-11-26 12:38:25,299 INFO No tps control rule of NamingServiceQuery found,content =null  

2024-11-26 12:38:25,299 WARN Tps point for NamingServiceQuery registered, But tps control manager is no limit implementation.

2024-11-26 12:38:25,299 WARN Tps point for NamingServiceDeregister registered, But tps control manager is no limit implementation.

2024-11-26 12:38:25,299 WARN Tps point for NamingServiceUpdate registered, But tps control manager is no limit implementation.

2024-11-26 12:38:25,300 WARN Tps point for NamingInstanceMetadataUpdate registered, But tps control manager is no limit implementation.

2024-11-26 12:38:25,300 INFO No tps control rule of NamingServiceSubscribe found,content =null  

2024-11-26 12:38:25,301 WARN Tps point for NamingServiceSubscribe registered, But tps control manager is no limit implementation.

2024-11-26 12:38:25,301 WARN Tps point for NamingInstanceQuery registered, But tps control manager is no limit implementation.

2024-11-26 12:38:25,301 WARN Tps point for NamingServiceListQuery registered, But tps control manager is no limit implementation.

2024-11-26 12:38:25,301 WARN Tps point for NamingServiceQuery registered, But tps control manager is no limit implementation.

2024-11-26 12:38:25,302 WARN Tps point for NamingInstanceMetadataUpdate registered, But tps control manager is no limit implementation.

2024-11-26 12:38:25,302 WARN Tps point for NamingServiceSubscribe registered, But tps control manager is no limit implementation.

2024-11-26 14:52:15,235 INFO No tps control rule of NAMING_RPC_PUSH found,content =null  

2024-11-26 14:52:15,235 WARN Tps point for NAMING_RPC_PUSH registered, But tps control manager is no limit implementation.

2024-11-26 14:52:15,236 INFO No tps control rule of NAMING_RPC_PUSH_SUCCESS found,content =null  

2024-11-26 14:52:15,236 WARN Tps point for NAMING_RPC_PUSH_SUCCESS registered, But tps control manager is no limit implementation.

2024-11-26 14:52:15,236 INFO No tps control rule of NAMING_RPC_PUSH_FAIL found,content =null  

2024-11-26 14:52:15,237 WARN Tps point for NAMING_RPC_PUSH_FAIL registered, But tps control manager is no limit implementation.

2024-11-26 14:52:15,237 INFO No tps control rule of NAMING_UDP_PUSH found,content =null  

2024-11-26 14:52:15,237 WARN Tps point for NAMING_UDP_PUSH registered, But tps control manager is no limit implementation.

2024-11-26 14:52:15,238 INFO No tps control rule of NAMING_UDP_PUSH_SUCCESS found,content =null  

2024-11-26 14:52:15,238 WARN Tps point for NAMING_UDP_PUSH_SUCCESS registered, But tps control manager is no limit implementation.

2024-11-26 14:52:15,238 INFO No tps control rule of NAMING_UDP_PUSH_FAIL found,content =null  

2024-11-26 14:52:15,239 WARN Tps point for NAMING_UDP_PUSH_FAIL registered, But tps control manager is no limit implementation.

2024-11-26 14:52:15,239 INFO No tps control rule of NAMING_DISTRO_SYNC found,content =null  

2024-11-26 14:52:15,239 WARN Tps point for NAMING_DISTRO_SYNC registered, But tps control manager is no limit implementation.

2024-11-26 14:52:15,239 INFO No tps control rule of NAMING_DISTRO_SYNC_SUCCESS found,content =null  

2024-11-26 14:52:15,240 WARN Tps point for NAMING_DISTRO_SYNC_SUCCESS registered, But tps control manager is no limit implementation.

2024-11-26 14:52:15,240 INFO No tps control rule of NAMING_DISTRO_SYNC_FAIL found,content =null  

2024-11-26 14:52:15,240 WARN Tps point for NAMING_DISTRO_SYNC_FAIL registered, But tps control manager is no limit implementation.

2024-11-26 14:52:15,241 INFO No tps control rule of NAMING_DISTRO_VERIFY found,content =null  

2024-11-26 14:52:15,241 WARN Tps point for NAMING_DISTRO_VERIFY registered, But tps control manager is no limit implementation.

2024-11-26 14:52:15,241 INFO No tps control rule of NAMING_DISTRO_VERIFY_SUCCESS found,content =null  

2024-11-26 14:52:15,241 WARN Tps point for NAMING_DISTRO_VERIFY_SUCCESS registered, But tps control manager is no limit implementation.

2024-11-26 14:52:15,242 INFO No tps control rule of NAMING_DISTRO_VERIFY_FAIL found,content =null  

2024-11-26 14:52:15,242 WARN Tps point for NAMING_DISTRO_VERIFY_FAIL registered, But tps control manager is no limit implementation.

2024-11-26 16:02:49,309 INFO Not configure type of control plugin, no limit control for current node.

2024-11-26 16:02:49,312 INFO Load connection metrics collector,size=2,[com.alibaba.nacos.config.server.service.LongPollingConnectionMetricsCollector@61019f59, com.alibaba.nacos.core.remote.LongConnectionMetricsCollector@26f3d90c]

2024-11-26 16:02:49,313 INFO No connection rule content found ,use default empty rule 

2024-11-26 16:02:49,337 INFO No tps control rule of CONFIG_PUSH_COUNT found,content =null  

2024-11-26 16:02:49,339 WARN Tps point for CONFIG_PUSH_COUNT registered, But tps control manager is no limit implementation.

2024-11-26 16:02:49,339 INFO No tps control rule of CONFIG_PUSH_SUCCESS found,content =null  

2024-11-26 16:02:49,340 WARN Tps point for CONFIG_PUSH_SUCCESS registered, But tps control manager is no limit implementation.

2024-11-26 16:02:49,341 INFO No tps control rule of CONFIG_PUSH_FAIL found,content =null  

2024-11-26 16:02:49,342 WARN Tps point for CONFIG_PUSH_FAIL registered, But tps control manager is no limit implementation.

2024-11-26 16:02:53,825 INFO No tps control rule of ConfigQuery found,content =null  

2024-11-26 16:02:53,827 WARN Tps point for ConfigQuery registered, But tps control manager is no limit implementation.

2024-11-26 16:02:53,828 INFO No tps control rule of ClusterConfigChangeNotify found,content =null  

2024-11-26 16:02:53,829 WARN Tps point for ClusterConfigChangeNotify registered, But tps control manager is no limit implementation.

2024-11-26 16:02:53,846 INFO No tps control rule of ConfigListen found,content =null  

2024-11-26 16:02:53,846 WARN Tps point for ConfigListen registered, But tps control manager is no limit implementation.

2024-11-26 16:02:53,847 INFO No tps control rule of ConfigRemove found,content =null  

2024-11-26 16:02:53,847 WARN Tps point for ConfigRemove registered, But tps control manager is no limit implementation.

2024-11-26 16:02:53,848 INFO No tps control rule of ConfigPublish found,content =null  

2024-11-26 16:02:53,848 WARN Tps point for ConfigPublish registered, But tps control manager is no limit implementation.

2024-11-26 16:02:53,849 INFO No tps control rule of HealthCheck found,content =null  

2024-11-26 16:02:53,849 WARN Tps point for HealthCheck registered, But tps control manager is no limit implementation.

2024-11-26 16:02:53,850 INFO No tps control rule of RemoteNamingServiceQuery found,content =null  

2024-11-26 16:02:53,850 WARN Tps point for RemoteNamingServiceQuery registered, But tps control manager is no limit implementation.

2024-11-26 16:02:53,850 INFO No tps control rule of RemoteNamingInstanceBatchRegister found,content =null  

2024-11-26 16:02:53,851 WARN Tps point for RemoteNamingInstanceBatchRegister registered, But tps control manager is no limit implementation.

2024-11-26 16:02:53,851 INFO No tps control rule of RemoteNamingInstanceRegisterDeregister found,content =null  

2024-11-26 16:02:53,851 WARN Tps point for RemoteNamingInstanceRegisterDeregister registered, But tps control manager is no limit implementation.

2024-11-26 16:02:53,852 INFO No tps control rule of RemoteNamingServiceListQuery found,content =null  

2024-11-26 16:02:53,852 WARN Tps point for RemoteNamingServiceListQuery registered, But tps control manager is no limit implementation.

2024-11-26 16:02:53,853 INFO No tps control rule of RemoteNamingServiceSubscribeUnSubscribe found,content =null  

2024-11-26 16:02:53,853 WARN Tps point for RemoteNamingServiceSubscribeUnSubscribe registered, But tps control manager is no limit implementation.

2024-11-26 16:02:53,853 WARN Tps point for RemoteNamingInstanceRegisterDeregister registered, But tps control manager is no limit implementation.

2024-11-26 16:02:53,855 INFO No tps control rule of NamingServiceQuery found,content =null  

2024-11-26 16:02:53,856 WARN Tps point for NamingServiceQuery registered, But tps control manager is no limit implementation.

2024-11-26 16:02:53,857 WARN Tps point for ConfigPublish registered, But tps control manager is no limit implementation.

2024-11-26 16:02:53,857 INFO No tps control rule of NamingInstanceUpdate found,content =null  

2024-11-26 16:02:53,859 WARN Tps point for NamingInstanceUpdate registered, But tps control manager is no limit implementation.

2024-11-26 16:02:53,860 INFO No tps control rule of NamingServiceDeregister found,content =null  

2024-11-26 16:02:53,862 WARN Tps point for NamingServiceDeregister registered, But tps control manager is no limit implementation.

2024-11-26 16:02:53,862 WARN Tps point for NamingServiceDeregister registered, But tps control manager is no limit implementation.

2024-11-26 16:02:53,863 INFO No tps control rule of NamingServiceSubscribe found,content =null  

2024-11-26 16:02:53,863 WARN Tps point for NamingServiceSubscribe registered, But tps control manager is no limit implementation.

2024-11-26 16:02:53,863 INFO No tps control rule of NamingInstanceRegister found,content =null  

2024-11-26 16:02:53,864 WARN Tps point for NamingInstanceRegister registered, But tps control manager is no limit implementation.

2024-11-26 16:02:53,864 INFO No tps control rule of NamingInstanceMetadataUpdate found,content =null  

2024-11-26 16:02:53,865 WARN Tps point for NamingInstanceMetadataUpdate registered, But tps control manager is no limit implementation.

2024-11-26 16:02:53,865 WARN Tps point for NamingInstanceMetadataUpdate registered, But tps control manager is no limit implementation.

2024-11-26 16:02:53,869 WARN Tps point for NamingServiceQuery registered, But tps control manager is no limit implementation.

2024-11-26 16:02:53,870 INFO No tps control rule of HttpHealthCheck found,content =null  

2024-11-26 16:02:53,870 WARN Tps point for HttpHealthCheck registered, But tps control manager is no limit implementation.

2024-11-26 16:02:53,871 WARN Tps point for HttpHealthCheck registered, But tps control manager is no limit implementation.

2024-11-26 16:02:53,871 INFO No tps control rule of NamingServiceRegister found,content =null  

2024-11-26 16:02:53,872 WARN Tps point for NamingServiceRegister registered, But tps control manager is no limit implementation.

2024-11-26 16:02:53,872 WARN Tps point for NamingServiceSubscribe registered, But tps control manager is no limit implementation.

2024-11-26 16:02:53,872 WARN Tps point for NamingServiceRegister registered, But tps control manager is no limit implementation.

2024-11-26 16:02:53,873 WARN Tps point for ConfigQuery registered, But tps control manager is no limit implementation.

2024-11-26 16:02:53,873 INFO No tps control rule of NamingServiceUpdate found,content =null  

2024-11-26 16:02:53,874 WARN Tps point for NamingServiceUpdate registered, But tps control manager is no limit implementation.

2024-11-26 16:02:53,874 INFO No tps control rule of NamingServiceListQuery found,content =null  

2024-11-26 16:02:53,875 WARN Tps point for NamingServiceListQuery registered, But tps control manager is no limit implementation.

2024-11-26 16:02:53,875 WARN Tps point for NamingInstanceMetadataUpdate registered, But tps control manager is no limit implementation.

2024-11-26 16:02:53,875 INFO No tps control rule of NamingInstanceDeregister found,content =null  

2024-11-26 16:02:53,876 WARN Tps point for NamingInstanceDeregister registered, But tps control manager is no limit implementation.

2024-11-26 16:02:53,877 INFO No tps control rule of NamingInstanceQuery found,content =null  

2024-11-26 16:02:53,878 WARN Tps point for NamingInstanceQuery registered, But tps control manager is no limit implementation.

2024-11-26 16:02:53,879 WARN Tps point for NamingServiceUpdate registered, But tps control manager is no limit implementation.

2024-11-26 16:02:53,880 WARN Tps point for NamingInstanceUpdate registered, But tps control manager is no limit implementation.

2024-11-26 16:02:53,880 WARN Tps point for NamingInstanceMetadataUpdate registered, But tps control manager is no limit implementation.

2024-11-26 16:02:53,881 WARN Tps point for NamingInstanceRegister registered, But tps control manager is no limit implementation.

2024-11-26 16:02:53,881 WARN Tps point for NamingServiceListQuery registered, But tps control manager is no limit implementation.

2024-11-26 16:02:53,881 WARN Tps point for NamingInstanceQuery registered, But tps control manager is no limit implementation.

2024-11-26 16:02:53,882 WARN Tps point for NamingInstanceDeregister registered, But tps control manager is no limit implementation.

2024-11-26 16:06:44,488 INFO No tps control rule of NAMING_RPC_PUSH found,content =null  

2024-11-26 16:06:44,489 WARN Tps point for NAMING_RPC_PUSH registered, But tps control manager is no limit implementation.

2024-11-26 16:06:44,489 INFO No tps control rule of NAMING_RPC_PUSH_SUCCESS found,content =null  

2024-11-26 16:06:44,489 WARN Tps point for NAMING_RPC_PUSH_SUCCESS registered, But tps control manager is no limit implementation.

2024-11-26 16:06:44,489 INFO No tps control rule of NAMING_RPC_PUSH_FAIL found,content =null  

2024-11-26 16:06:44,490 WARN Tps point for NAMING_RPC_PUSH_FAIL registered, But tps control manager is no limit implementation.

2024-11-26 16:06:44,490 INFO No tps control rule of NAMING_UDP_PUSH found,content =null  

2024-11-26 16:06:44,490 WARN Tps point for NAMING_UDP_PUSH registered, But tps control manager is no limit implementation.

2024-11-26 16:06:44,491 INFO No tps control rule of NAMING_UDP_PUSH_SUCCESS found,content =null  

2024-11-26 16:06:44,491 WARN Tps point for NAMING_UDP_PUSH_SUCCESS registered, But tps control manager is no limit implementation.

2024-11-26 16:06:44,491 INFO No tps control rule of NAMING_UDP_PUSH_FAIL found,content =null  

2024-11-26 16:06:44,491 WARN Tps point for NAMING_UDP_PUSH_FAIL registered, But tps control manager is no limit implementation.

2024-11-26 16:06:44,492 INFO No tps control rule of NAMING_DISTRO_SYNC found,content =null  

2024-11-26 16:06:44,492 WARN Tps point for NAMING_DISTRO_SYNC registered, But tps control manager is no limit implementation.

2024-11-26 16:06:44,492 INFO No tps control rule of NAMING_DISTRO_SYNC_SUCCESS found,content =null  

2024-11-26 16:06:44,493 WARN Tps point for NAMING_DISTRO_SYNC_SUCCESS registered, But tps control manager is no limit implementation.

2024-11-26 16:06:44,493 INFO No tps control rule of NAMING_DISTRO_SYNC_FAIL found,content =null  

2024-11-26 16:06:44,493 WARN Tps point for NAMING_DISTRO_SYNC_FAIL registered, But tps control manager is no limit implementation.

2024-11-26 16:06:44,493 INFO No tps control rule of NAMING_DISTRO_VERIFY found,content =null  

2024-11-26 16:06:44,494 WARN Tps point for NAMING_DISTRO_VERIFY registered, But tps control manager is no limit implementation.

2024-11-26 16:06:44,494 INFO No tps control rule of NAMING_DISTRO_VERIFY_SUCCESS found,content =null  

2024-11-26 16:06:44,494 WARN Tps point for NAMING_DISTRO_VERIFY_SUCCESS registered, But tps control manager is no limit implementation.

2024-11-26 16:06:44,494 INFO No tps control rule of NAMING_DISTRO_VERIFY_FAIL found,content =null  

2024-11-26 16:06:44,495 WARN Tps point for NAMING_DISTRO_VERIFY_FAIL registered, But tps control manager is no limit implementation.

2024-11-26 16:09:12,800 INFO Not configure type of control plugin, no limit control for current node.

2024-11-26 16:09:12,804 INFO Load connection metrics collector,size=2,[com.alibaba.nacos.config.server.service.LongPollingConnectionMetricsCollector@26f3d90c, com.alibaba.nacos.core.remote.LongConnectionMetricsCollector@515f4131]

2024-11-26 16:09:12,805 INFO No connection rule content found ,use default empty rule 

2024-11-26 16:09:12,824 INFO No tps control rule of CONFIG_PUSH_COUNT found,content =null  

2024-11-26 16:09:12,826 WARN Tps point for CONFIG_PUSH_COUNT registered, But tps control manager is no limit implementation.

2024-11-26 16:09:12,827 INFO No tps control rule of CONFIG_PUSH_SUCCESS found,content =null  

2024-11-26 16:09:12,827 WARN Tps point for CONFIG_PUSH_SUCCESS registered, But tps control manager is no limit implementation.

2024-11-26 16:09:12,828 INFO No tps control rule of CONFIG_PUSH_FAIL found,content =null  

2024-11-26 16:09:12,828 WARN Tps point for CONFIG_PUSH_FAIL registered, But tps control manager is no limit implementation.

2024-11-26 16:09:17,211 INFO No tps control rule of ConfigQuery found,content =null  

2024-11-26 16:09:17,213 WARN Tps point for ConfigQuery registered, But tps control manager is no limit implementation.

2024-11-26 16:09:17,214 INFO No tps control rule of ClusterConfigChangeNotify found,content =null  

2024-11-26 16:09:17,215 WARN Tps point for ClusterConfigChangeNotify registered, But tps control manager is no limit implementation.

2024-11-26 16:09:17,225 INFO No tps control rule of ConfigListen found,content =null  

2024-11-26 16:09:17,230 WARN Tps point for ConfigListen registered, But tps control manager is no limit implementation.

2024-11-26 16:09:17,231 INFO No tps control rule of ConfigRemove found,content =null  

2024-11-26 16:09:17,234 WARN Tps point for ConfigRemove registered, But tps control manager is no limit implementation.

2024-11-26 16:09:17,234 INFO No tps control rule of ConfigPublish found,content =null  

2024-11-26 16:09:17,235 WARN Tps point for ConfigPublish registered, But tps control manager is no limit implementation.

2024-11-26 16:09:17,235 INFO No tps control rule of HealthCheck found,content =null  

2024-11-26 16:09:17,235 WARN Tps point for HealthCheck registered, But tps control manager is no limit implementation.

2024-11-26 16:09:17,236 INFO No tps control rule of RemoteNamingServiceQuery found,content =null  

2024-11-26 16:09:17,236 WARN Tps point for RemoteNamingServiceQuery registered, But tps control manager is no limit implementation.

2024-11-26 16:09:17,237 INFO No tps control rule of RemoteNamingInstanceBatchRegister found,content =null  

2024-11-26 16:09:17,238 WARN Tps point for RemoteNamingInstanceBatchRegister registered, But tps control manager is no limit implementation.

2024-11-26 16:09:17,239 INFO No tps control rule of RemoteNamingInstanceRegisterDeregister found,content =null  

2024-11-26 16:09:17,239 WARN Tps point for RemoteNamingInstanceRegisterDeregister registered, But tps control manager is no limit implementation.

2024-11-26 16:09:17,240 INFO No tps control rule of RemoteNamingServiceListQuery found,content =null  

2024-11-26 16:09:17,240 WARN Tps point for RemoteNamingServiceListQuery registered, But tps control manager is no limit implementation.

2024-11-26 16:09:17,241 INFO No tps control rule of RemoteNamingServiceSubscribeUnSubscribe found,content =null  

2024-11-26 16:09:17,241 WARN Tps point for RemoteNamingServiceSubscribeUnSubscribe registered, But tps control manager is no limit implementation.

2024-11-26 16:09:17,242 WARN Tps point for RemoteNamingInstanceRegisterDeregister registered, But tps control manager is no limit implementation.

2024-11-26 16:09:17,243 INFO No tps control rule of NamingInstanceDeregister found,content =null  

2024-11-26 16:09:17,244 WARN Tps point for NamingInstanceDeregister registered, But tps control manager is no limit implementation.

2024-11-26 16:09:17,244 INFO No tps control rule of HttpHealthCheck found,content =null  

2024-11-26 16:09:17,244 WARN Tps point for HttpHealthCheck registered, But tps control manager is no limit implementation.

2024-11-26 16:09:17,245 INFO No tps control rule of NamingServiceQuery found,content =null  

2024-11-26 16:09:17,245 WARN Tps point for NamingServiceQuery registered, But tps control manager is no limit implementation.

2024-11-26 16:09:17,246 WARN Tps point for NamingInstanceDeregister registered, But tps control manager is no limit implementation.

2024-11-26 16:09:17,246 INFO No tps control rule of NamingServiceRegister found,content =null  

2024-11-26 16:09:17,246 WARN Tps point for NamingServiceRegister registered, But tps control manager is no limit implementation.

2024-11-26 16:09:17,247 INFO No tps control rule of NamingInstanceMetadataUpdate found,content =null  

2024-11-26 16:09:17,247 WARN Tps point for NamingInstanceMetadataUpdate registered, But tps control manager is no limit implementation.

2024-11-26 16:09:17,248 INFO No tps control rule of NamingServiceListQuery found,content =null  

2024-11-26 16:09:17,248 WARN Tps point for NamingServiceListQuery registered, But tps control manager is no limit implementation.

2024-11-26 16:09:17,248 INFO No tps control rule of NamingServiceDeregister found,content =null  

2024-11-26 16:09:17,249 WARN Tps point for NamingServiceDeregister registered, But tps control manager is no limit implementation.

2024-11-26 16:09:17,249 WARN Tps point for NamingInstanceMetadataUpdate registered, But tps control manager is no limit implementation.

2024-11-26 16:09:17,250 INFO No tps control rule of NamingInstanceQuery found,content =null  

2024-11-26 16:09:17,250 WARN Tps point for NamingInstanceQuery registered, But tps control manager is no limit implementation.

2024-11-26 16:09:17,251 WARN Tps point for NamingServiceRegister registered, But tps control manager is no limit implementation.

2024-11-26 16:09:17,251 INFO No tps control rule of NamingServiceSubscribe found,content =null  

2024-11-26 16:09:17,252 WARN Tps point for NamingServiceSubscribe registered, But tps control manager is no limit implementation.

2024-11-26 16:09:17,252 WARN Tps point for NamingInstanceMetadataUpdate registered, But tps control manager is no limit implementation.

2024-11-26 16:09:17,252 WARN Tps point for NamingInstanceMetadataUpdate registered, But tps control manager is no limit implementation.

2024-11-26 16:09:17,253 WARN Tps point for HttpHealthCheck registered, But tps control manager is no limit implementation.

2024-11-26 16:09:17,253 INFO No tps control rule of NamingInstanceRegister found,content =null  

2024-11-26 16:09:17,254 WARN Tps point for NamingInstanceRegister registered, But tps control manager is no limit implementation.

2024-11-26 16:09:17,254 INFO No tps control rule of NamingInstanceUpdate found,content =null  

2024-11-26 16:09:17,255 WARN Tps point for NamingInstanceUpdate registered, But tps control manager is no limit implementation.

2024-11-26 16:09:17,255 WARN Tps point for NamingServiceDeregister registered, But tps control manager is no limit implementation.

2024-11-26 16:09:17,256 WARN Tps point for NamingServiceSubscribe registered, But tps control manager is no limit implementation.

2024-11-26 16:09:17,256 WARN Tps point for NamingInstanceUpdate registered, But tps control manager is no limit implementation.

2024-11-26 16:09:17,256 WARN Tps point for NamingServiceListQuery registered, But tps control manager is no limit implementation.

2024-11-26 16:09:17,257 WARN Tps point for ConfigQuery registered, But tps control manager is no limit implementation.

2024-11-26 16:09:17,258 WARN Tps point for NamingInstanceQuery registered, But tps control manager is no limit implementation.

2024-11-26 16:09:17,258 INFO No tps control rule of NamingServiceUpdate found,content =null  

2024-11-26 16:09:17,259 WARN Tps point for NamingServiceUpdate registered, But tps control manager is no limit implementation.

2024-11-26 16:09:17,259 WARN Tps point for NamingServiceQuery registered, But tps control manager is no limit implementation.

2024-11-26 16:09:17,260 WARN Tps point for ConfigPublish registered, But tps control manager is no limit implementation.

2024-11-26 16:09:17,260 WARN Tps point for NamingServiceUpdate registered, But tps control manager is no limit implementation.

2024-11-26 16:09:17,260 WARN Tps point for NamingInstanceRegister registered, But tps control manager is no limit implementation.

2024-11-26 16:09:35,966 INFO No tps control rule of NAMING_RPC_PUSH found,content =null  

2024-11-26 16:09:35,967 WARN Tps point for NAMING_RPC_PUSH registered, But tps control manager is no limit implementation.

2024-11-26 16:09:35,967 INFO No tps control rule of NAMING_RPC_PUSH_SUCCESS found,content =null  

2024-11-26 16:09:35,967 WARN Tps point for NAMING_RPC_PUSH_SUCCESS registered, But tps control manager is no limit implementation.

2024-11-26 16:09:35,968 INFO No tps control rule of NAMING_RPC_PUSH_FAIL found,content =null  

2024-11-26 16:09:35,968 WARN Tps point for NAMING_RPC_PUSH_FAIL registered, But tps control manager is no limit implementation.

2024-11-26 16:09:35,968 INFO No tps control rule of NAMING_UDP_PUSH found,content =null  

2024-11-26 16:09:35,969 WARN Tps point for NAMING_UDP_PUSH registered, But tps control manager is no limit implementation.

2024-11-26 16:09:35,969 INFO No tps control rule of NAMING_UDP_PUSH_SUCCESS found,content =null  

2024-11-26 16:09:35,970 WARN Tps point for NAMING_UDP_PUSH_SUCCESS registered, But tps control manager is no limit implementation.

2024-11-26 16:09:35,970 INFO No tps control rule of NAMING_UDP_PUSH_FAIL found,content =null  

2024-11-26 16:09:35,970 WARN Tps point for NAMING_UDP_PUSH_FAIL registered, But tps control manager is no limit implementation.

2024-11-26 16:09:35,970 INFO No tps control rule of NAMING_DISTRO_SYNC found,content =null  

2024-11-26 16:09:35,970 WARN Tps point for NAMING_DISTRO_SYNC registered, But tps control manager is no limit implementation.

2024-11-26 16:09:35,971 INFO No tps control rule of NAMING_DISTRO_SYNC_SUCCESS found,content =null  

2024-11-26 16:09:35,971 WARN Tps point for NAMING_DISTRO_SYNC_SUCCESS registered, But tps control manager is no limit implementation.

2024-11-26 16:09:35,971 INFO No tps control rule of NAMING_DISTRO_SYNC_FAIL found,content =null  

2024-11-26 16:09:35,971 WARN Tps point for NAMING_DISTRO_SYNC_FAIL registered, But tps control manager is no limit implementation.

2024-11-26 16:09:35,972 INFO No tps control rule of NAMING_DISTRO_VERIFY found,content =null  

2024-11-26 16:09:35,972 WARN Tps point for NAMING_DISTRO_VERIFY registered, But tps control manager is no limit implementation.

2024-11-26 16:09:35,972 INFO No tps control rule of NAMING_DISTRO_VERIFY_SUCCESS found,content =null  

2024-11-26 16:09:35,972 WARN Tps point for NAMING_DISTRO_VERIFY_SUCCESS registered, But tps control manager is no limit implementation.

2024-11-26 16:09:35,973 INFO No tps control rule of NAMING_DISTRO_VERIFY_FAIL found,content =null  

2024-11-26 16:09:35,973 WARN Tps point for NAMING_DISTRO_VERIFY_FAIL registered, But tps control manager is no limit implementation.

2024-11-26 16:11:11,753 INFO Not configure type of control plugin, no limit control for current node.

2024-11-26 16:11:11,757 INFO Load connection metrics collector,size=2,[com.alibaba.nacos.config.server.service.LongPollingConnectionMetricsCollector@9257031, com.alibaba.nacos.core.remote.LongConnectionMetricsCollector@7726e185]

2024-11-26 16:11:11,758 INFO No connection rule content found ,use default empty rule 

2024-11-26 16:11:11,772 INFO No tps control rule of CONFIG_PUSH_COUNT found,content =null  

2024-11-26 16:11:11,773 WARN Tps point for CONFIG_PUSH_COUNT registered, But tps control manager is no limit implementation.

2024-11-26 16:11:11,773 INFO No tps control rule of CONFIG_PUSH_SUCCESS found,content =null  

2024-11-26 16:11:11,774 WARN Tps point for CONFIG_PUSH_SUCCESS registered, But tps control manager is no limit implementation.

2024-11-26 16:11:11,774 INFO No tps control rule of CONFIG_PUSH_FAIL found,content =null  

2024-11-26 16:11:11,775 WARN Tps point for CONFIG_PUSH_FAIL registered, But tps control manager is no limit implementation.

2024-11-26 16:11:16,801 INFO No tps control rule of ConfigQuery found,content =null  

2024-11-26 16:11:16,802 WARN Tps point for ConfigQuery registered, But tps control manager is no limit implementation.

2024-11-26 16:11:16,803 INFO No tps control rule of ClusterConfigChangeNotify found,content =null  

2024-11-26 16:11:16,804 WARN Tps point for ClusterConfigChangeNotify registered, But tps control manager is no limit implementation.

2024-11-26 16:11:16,811 INFO No tps control rule of ConfigListen found,content =null  

2024-11-26 16:11:16,812 WARN Tps point for ConfigListen registered, But tps control manager is no limit implementation.

2024-11-26 16:11:16,812 INFO No tps control rule of ConfigRemove found,content =null  

2024-11-26 16:11:16,813 WARN Tps point for ConfigRemove registered, But tps control manager is no limit implementation.

2024-11-26 16:11:16,813 INFO No tps control rule of ConfigPublish found,content =null  

2024-11-26 16:11:16,814 WARN Tps point for ConfigPublish registered, But tps control manager is no limit implementation.

2024-11-26 16:11:16,814 INFO No tps control rule of HealthCheck found,content =null  

2024-11-26 16:11:16,815 WARN Tps point for HealthCheck registered, But tps control manager is no limit implementation.

2024-11-26 16:11:16,816 INFO No tps control rule of RemoteNamingServiceQuery found,content =null  

2024-11-26 16:11:16,816 WARN Tps point for RemoteNamingServiceQuery registered, But tps control manager is no limit implementation.

2024-11-26 16:11:16,816 INFO No tps control rule of RemoteNamingInstanceBatchRegister found,content =null  

2024-11-26 16:11:16,817 WARN Tps point for RemoteNamingInstanceBatchRegister registered, But tps control manager is no limit implementation.

2024-11-26 16:11:16,818 INFO No tps control rule of RemoteNamingInstanceRegisterDeregister found,content =null  

2024-11-26 16:11:16,818 WARN Tps point for RemoteNamingInstanceRegisterDeregister registered, But tps control manager is no limit implementation.

2024-11-26 16:11:16,819 INFO No tps control rule of RemoteNamingServiceListQuery found,content =null  

2024-11-26 16:11:16,819 WARN Tps point for RemoteNamingServiceListQuery registered, But tps control manager is no limit implementation.

2024-11-26 16:11:16,819 INFO No tps control rule of RemoteNamingServiceSubscribeUnSubscribe found,content =null  

2024-11-26 16:11:16,820 WARN Tps point for RemoteNamingServiceSubscribeUnSubscribe registered, But tps control manager is no limit implementation.

2024-11-26 16:11:16,820 WARN Tps point for RemoteNamingInstanceRegisterDeregister registered, But tps control manager is no limit implementation.

2024-11-26 16:11:16,821 INFO No tps control rule of NamingServiceQuery found,content =null  

2024-11-26 16:11:16,821 WARN Tps point for NamingServiceQuery registered, But tps control manager is no limit implementation.

2024-11-26 16:11:16,822 INFO No tps control rule of NamingServiceRegister found,content =null  

2024-11-26 16:11:16,822 WARN Tps point for NamingServiceRegister registered, But tps control manager is no limit implementation.

2024-11-26 16:11:16,823 WARN Tps point for NamingServiceQuery registered, But tps control manager is no limit implementation.

2024-11-26 16:11:16,824 INFO No tps control rule of NamingServiceSubscribe found,content =null  

2024-11-26 16:11:16,824 WARN Tps point for NamingServiceSubscribe registered, But tps control manager is no limit implementation.

2024-11-26 16:11:16,825 WARN Tps point for NamingServiceRegister registered, But tps control manager is no limit implementation.

2024-11-26 16:11:16,825 INFO No tps control rule of NamingServiceListQuery found,content =null  

2024-11-26 16:11:16,825 WARN Tps point for NamingServiceListQuery registered, But tps control manager is no limit implementation.

2024-11-26 16:11:16,826 INFO No tps control rule of NamingInstanceQuery found,content =null  

2024-11-26 16:11:16,826 WARN Tps point for NamingInstanceQuery registered, But tps control manager is no limit implementation.

2024-11-26 16:11:16,827 INFO No tps control rule of NamingInstanceMetadataUpdate found,content =null  

2024-11-26 16:11:16,827 WARN Tps point for NamingInstanceMetadataUpdate registered, But tps control manager is no limit implementation.

2024-11-26 16:11:16,827 INFO No tps control rule of NamingInstanceUpdate found,content =null  

2024-11-26 16:11:16,828 WARN Tps point for NamingInstanceUpdate registered, But tps control manager is no limit implementation.

2024-11-26 16:11:16,828 INFO No tps control rule of NamingServiceUpdate found,content =null  

2024-11-26 16:11:16,828 WARN Tps point for NamingServiceUpdate registered, But tps control manager is no limit implementation.

2024-11-26 16:11:16,829 INFO No tps control rule of HttpHealthCheck found,content =null  

2024-11-26 16:11:16,829 WARN Tps point for HttpHealthCheck registered, But tps control manager is no limit implementation.

2024-11-26 16:11:16,829 INFO No tps control rule of NamingInstanceDeregister found,content =null  

2024-11-26 16:11:16,830 WARN Tps point for NamingInstanceDeregister registered, But tps control manager is no limit implementation.

2024-11-26 16:11:16,830 INFO No tps control rule of NamingInstanceRegister found,content =null  

2024-11-26 16:11:16,831 WARN Tps point for NamingInstanceRegister registered, But tps control manager is no limit implementation.

2024-11-26 16:11:16,832 WARN Tps point for ConfigQuery registered, But tps control manager is no limit implementation.

2024-11-26 16:11:16,832 WARN Tps point for NamingInstanceMetadataUpdate registered, But tps control manager is no limit implementation.

2024-11-26 16:11:16,833 WARN Tps point for HttpHealthCheck registered, But tps control manager is no limit implementation.

2024-11-26 16:11:16,833 WARN Tps point for NamingInstanceUpdate registered, But tps control manager is no limit implementation.

2024-11-26 16:11:16,834 WARN Tps point for NamingInstanceQuery registered, But tps control manager is no limit implementation.

2024-11-26 16:11:16,834 INFO No tps control rule of NamingServiceDeregister found,content =null  

2024-11-26 16:11:16,835 WARN Tps point for NamingServiceDeregister registered, But tps control manager is no limit implementation.

2024-11-26 16:11:16,835 WARN Tps point for NamingServiceListQuery registered, But tps control manager is no limit implementation.

2024-11-26 16:11:16,836 WARN Tps point for NamingServiceSubscribe registered, But tps control manager is no limit implementation.

2024-11-26 16:11:16,837 WARN Tps point for NamingInstanceMetadataUpdate registered, But tps control manager is no limit implementation.

2024-11-26 16:11:16,837 WARN Tps point for NamingServiceUpdate registered, But tps control manager is no limit implementation.

2024-11-26 16:11:16,837 WARN Tps point for NamingInstanceDeregister registered, But tps control manager is no limit implementation.

2024-11-26 16:11:16,838 WARN Tps point for NamingServiceDeregister registered, But tps control manager is no limit implementation.

2024-11-26 16:11:16,838 WARN Tps point for ConfigPublish registered, But tps control manager is no limit implementation.

2024-11-26 16:11:16,838 WARN Tps point for NamingInstanceRegister registered, But tps control manager is no limit implementation.

2024-11-26 16:11:16,839 WARN Tps point for NamingInstanceMetadataUpdate registered, But tps control manager is no limit implementation.

2024-11-26 16:11:34,264 INFO No tps control rule of NAMING_RPC_PUSH found,content =null  

2024-11-26 16:11:34,264 WARN Tps point for NAMING_RPC_PUSH registered, But tps control manager is no limit implementation.

2024-11-26 16:11:34,265 INFO No tps control rule of NAMING_RPC_PUSH_SUCCESS found,content =null  

2024-11-26 16:11:34,265 WARN Tps point for NAMING_RPC_PUSH_SUCCESS registered, But tps control manager is no limit implementation.

2024-11-26 16:11:34,265 INFO No tps control rule of NAMING_RPC_PUSH_FAIL found,content =null  

2024-11-26 16:11:34,265 WARN Tps point for NAMING_RPC_PUSH_FAIL registered, But tps control manager is no limit implementation.

2024-11-26 16:11:34,266 INFO No tps control rule of NAMING_UDP_PUSH found,content =null  

2024-11-26 16:11:34,266 WARN Tps point for NAMING_UDP_PUSH registered, But tps control manager is no limit implementation.

2024-11-26 16:11:34,267 INFO No tps control rule of NAMING_UDP_PUSH_SUCCESS found,content =null  

2024-11-26 16:11:34,267 WARN Tps point for NAMING_UDP_PUSH_SUCCESS registered, But tps control manager is no limit implementation.

2024-11-26 16:11:34,267 INFO No tps control rule of NAMING_UDP_PUSH_FAIL found,content =null  

2024-11-26 16:11:34,267 WARN Tps point for NAMING_UDP_PUSH_FAIL registered, But tps control manager is no limit implementation.

2024-11-26 16:11:34,268 INFO No tps control rule of NAMING_DISTRO_SYNC found,content =null  

2024-11-26 16:11:34,268 WARN Tps point for NAMING_DISTRO_SYNC registered, But tps control manager is no limit implementation.

2024-11-26 16:11:34,268 INFO No tps control rule of NAMING_DISTRO_SYNC_SUCCESS found,content =null  

2024-11-26 16:11:34,268 WARN Tps point for NAMING_DISTRO_SYNC_SUCCESS registered, But tps control manager is no limit implementation.

2024-11-26 16:11:34,269 INFO No tps control rule of NAMING_DISTRO_SYNC_FAIL found,content =null  

2024-11-26 16:11:34,269 WARN Tps point for NAMING_DISTRO_SYNC_FAIL registered, But tps control manager is no limit implementation.

2024-11-26 16:11:34,269 INFO No tps control rule of NAMING_DISTRO_VERIFY found,content =null  

2024-11-26 16:11:34,270 WARN Tps point for NAMING_DISTRO_VERIFY registered, But tps control manager is no limit implementation.

2024-11-26 16:11:34,270 INFO No tps control rule of NAMING_DISTRO_VERIFY_SUCCESS found,content =null  

2024-11-26 16:11:34,270 WARN Tps point for NAMING_DISTRO_VERIFY_SUCCESS registered, But tps control manager is no limit implementation.

2024-11-26 16:11:34,270 INFO No tps control rule of NAMING_DISTRO_VERIFY_FAIL found,content =null  

2024-11-26 16:11:34,271 WARN Tps point for NAMING_DISTRO_VERIFY_FAIL registered, But tps control manager is no limit implementation.

2024-11-26 18:16:24,918 INFO Param check invalid,Param 'group' is illegal, illegal characters should not appear in the param.,request:InstanceRequest:

