2024-11-26 12:30:07,761 INFO [ClientConnectionEventListenerRegistry] registry listener - ConnectionBasedClientManager

2024-11-26 12:30:11,195 INFO [ClientConnectionEventListenerRegistry] registry listener - ConfigConnectionEventListener

2024-11-26 12:30:11,220 INFO Nacos GrpcSdkServer Rpc server starting at port 9848

2024-11-26 12:30:11,240 INFO Load ProtocolNegotiatorBuilder com.alibaba.nacos.core.remote.grpc.negotiator.tls.SdkDefaultTlsProtocolNegotiatorBuilder for type DEFAULT_TLS

2024-11-26 12:30:11,240 INFO Load ProtocolNegotiatorBuilder com.alibaba.nacos.core.remote.grpc.negotiator.tls.ClusterDefaultTlsProtocolNegotiatorBuilder for type CLUSTER_DEFAULT_TLS

2024-11-26 12:30:11,241 WARN Not found ProtocolNegotiatorBuilder for type nacos.remote.server.rpc.protocol.negotiator.type, will use default type nacos.remote.server.rpc.protocol.negotiator.type

2024-11-26 12:30:11,245 WARN Recommended use 'nacos.remote.server.grpc.sdk.max-inbound-message-size' property instead 'nacos.remote.server.grpc.maxinbound.message.size', now property value is 10485760

2024-11-26 12:30:11,275 INFO Ssl Context auto refresh is not supported.

2024-11-26 12:30:11,276 INFO Ssl Context auto refresh is not supported.

2024-11-26 12:30:11,277 INFO RpcServerSslContextRefresher initialization completed.

2024-11-26 12:30:11,277 INFO Nacos GrpcSdkServer Rpc server started at port 9848

2024-11-26 12:30:11,281 INFO Nacos GrpcClusterServer Rpc server starting at port 9849

2024-11-26 12:30:11,286 WARN Not found ProtocolNegotiatorBuilder for type nacos.remote.cluster.server.rpc.protocol.negotiator.type, will use default type nacos.remote.cluster.server.rpc.protocol.negotiator.type

2024-11-26 12:30:11,289 WARN Recommended use 'nacos.remote.server.grpc.cluster.max-inbound-message-size' property instead 'nacos.remote.server.grpc.maxinbound.message.size', now property value is 10485760

2024-11-26 12:30:11,296 INFO Nacos GrpcClusterServer Rpc server started at port 9849

2024-11-26 12:30:11,357 INFO [ClientConnectionEventListenerRegistry] registry listener - RpcAckCallbackInitorOrCleaner

2024-11-26 12:32:22,629 INFO Nacos GrpcClusterServer Rpc server stopping

2024-11-26 12:32:22,628 INFO Nacos GrpcSdkServer Rpc server stopping

2024-11-26 12:32:22,642 INFO Nacos GrpcSdkServer Rpc server stopped successfully...

2024-11-26 12:32:22,642 INFO Nacos GrpcClusterServer Rpc server stopped successfully...

2024-11-26 12:33:57,806 INFO [ClientConnectionEventListenerRegistry] registry listener - ConnectionBasedClientManager

2024-11-26 12:34:01,368 INFO [ClientConnectionEventListenerRegistry] registry listener - ConfigConnectionEventListener

2024-11-26 12:34:01,412 INFO Nacos GrpcSdkServer Rpc server starting at port 9848

2024-11-26 12:34:01,453 INFO Load ProtocolNegotiatorBuilder com.alibaba.nacos.core.remote.grpc.negotiator.tls.SdkDefaultTlsProtocolNegotiatorBuilder for type DEFAULT_TLS

2024-11-26 12:34:01,459 INFO Load ProtocolNegotiatorBuilder com.alibaba.nacos.core.remote.grpc.negotiator.tls.ClusterDefaultTlsProtocolNegotiatorBuilder for type CLUSTER_DEFAULT_TLS

2024-11-26 12:34:01,461 WARN Not found ProtocolNegotiatorBuilder for type nacos.remote.server.rpc.protocol.negotiator.type, will use default type nacos.remote.server.rpc.protocol.negotiator.type

2024-11-26 12:34:01,465 WARN Recommended use 'nacos.remote.server.grpc.sdk.max-inbound-message-size' property instead 'nacos.remote.server.grpc.maxinbound.message.size', now property value is 10485760

2024-11-26 12:34:01,501 INFO Ssl Context auto refresh is not supported.

2024-11-26 12:34:01,503 INFO Ssl Context auto refresh is not supported.

2024-11-26 12:34:01,503 INFO RpcServerSslContextRefresher initialization completed.

2024-11-26 12:34:01,504 INFO Nacos GrpcSdkServer Rpc server started at port 9848

2024-11-26 12:34:01,508 INFO Nacos GrpcClusterServer Rpc server starting at port 9849

2024-11-26 12:34:01,511 WARN Not found ProtocolNegotiatorBuilder for type nacos.remote.cluster.server.rpc.protocol.negotiator.type, will use default type nacos.remote.cluster.server.rpc.protocol.negotiator.type

2024-11-26 12:34:01,512 WARN Recommended use 'nacos.remote.server.grpc.cluster.max-inbound-message-size' property instead 'nacos.remote.server.grpc.maxinbound.message.size', now property value is 10485760

2024-11-26 12:34:01,529 INFO Nacos GrpcClusterServer Rpc server started at port 9849

2024-11-26 12:34:01,566 INFO [ClientConnectionEventListenerRegistry] registry listener - RpcAckCallbackInitorOrCleaner

2024-11-26 12:37:23,870 INFO Nacos GrpcSdkServer Rpc server stopping

2024-11-26 12:37:23,871 INFO Nacos GrpcClusterServer Rpc server stopping

2024-11-26 12:37:23,888 INFO Nacos GrpcClusterServer Rpc server stopped successfully...

2024-11-26 12:37:23,888 INFO Nacos GrpcSdkServer Rpc server stopped successfully...

2024-11-26 12:38:18,664 INFO [ClientConnectionEventListenerRegistry] registry listener - ConnectionBasedClientManager

2024-11-26 12:38:21,957 INFO [ClientConnectionEventListenerRegistry] registry listener - ConfigConnectionEventListener

2024-11-26 12:38:21,987 INFO Nacos GrpcSdkServer Rpc server starting at port 9848

2024-11-26 12:38:22,012 INFO Load ProtocolNegotiatorBuilder com.alibaba.nacos.core.remote.grpc.negotiator.tls.SdkDefaultTlsProtocolNegotiatorBuilder for type DEFAULT_TLS

2024-11-26 12:38:22,014 INFO Load ProtocolNegotiatorBuilder com.alibaba.nacos.core.remote.grpc.negotiator.tls.ClusterDefaultTlsProtocolNegotiatorBuilder for type CLUSTER_DEFAULT_TLS

2024-11-26 12:38:22,014 WARN Not found ProtocolNegotiatorBuilder for type nacos.remote.server.rpc.protocol.negotiator.type, will use default type nacos.remote.server.rpc.protocol.negotiator.type

2024-11-26 12:38:22,018 WARN Recommended use 'nacos.remote.server.grpc.sdk.max-inbound-message-size' property instead 'nacos.remote.server.grpc.maxinbound.message.size', now property value is 10485760

2024-11-26 12:38:22,057 INFO Ssl Context auto refresh is not supported.

2024-11-26 12:38:22,065 INFO Ssl Context auto refresh is not supported.

2024-11-26 12:38:22,065 INFO RpcServerSslContextRefresher initialization completed.

2024-11-26 12:38:22,066 INFO Nacos GrpcSdkServer Rpc server started at port 9848

2024-11-26 12:38:22,069 INFO Nacos GrpcClusterServer Rpc server starting at port 9849

2024-11-26 12:38:22,070 WARN Not found ProtocolNegotiatorBuilder for type nacos.remote.cluster.server.rpc.protocol.negotiator.type, will use default type nacos.remote.cluster.server.rpc.protocol.negotiator.type

2024-11-26 12:38:22,071 WARN Recommended use 'nacos.remote.server.grpc.cluster.max-inbound-message-size' property instead 'nacos.remote.server.grpc.maxinbound.message.size', now property value is 10485760

2024-11-26 12:38:22,083 INFO Nacos GrpcClusterServer Rpc server started at port 9849

2024-11-26 12:38:22,161 INFO [ClientConnectionEventListenerRegistry] registry listener - RpcAckCallbackInitorOrCleaner

2024-11-26 16:01:52,253 INFO Nacos GrpcClusterServer Rpc server stopping

2024-11-26 16:01:52,261 INFO Nacos GrpcSdkServer Rpc server stopping

2024-11-26 16:01:52,284 INFO Nacos GrpcClusterServer Rpc server stopped successfully...

2024-11-26 16:01:52,284 INFO Nacos GrpcSdkServer Rpc server stopped successfully...

2024-11-26 16:02:46,712 INFO [ClientConnectionEventListenerRegistry] registry listener - ConnectionBasedClientManager

2024-11-26 16:02:50,545 INFO [ClientConnectionEventListenerRegistry] registry listener - ConfigConnectionEventListener

2024-11-26 16:02:50,565 INFO Nacos GrpcSdkServer Rpc server starting at port 9848

2024-11-26 16:02:50,582 INFO Load ProtocolNegotiatorBuilder com.alibaba.nacos.core.remote.grpc.negotiator.tls.SdkDefaultTlsProtocolNegotiatorBuilder for type DEFAULT_TLS

2024-11-26 16:02:50,583 INFO Load ProtocolNegotiatorBuilder com.alibaba.nacos.core.remote.grpc.negotiator.tls.ClusterDefaultTlsProtocolNegotiatorBuilder for type CLUSTER_DEFAULT_TLS

2024-11-26 16:02:50,584 WARN Not found ProtocolNegotiatorBuilder for type nacos.remote.server.rpc.protocol.negotiator.type, will use default type nacos.remote.server.rpc.protocol.negotiator.type

2024-11-26 16:02:50,586 WARN Recommended use 'nacos.remote.server.grpc.sdk.max-inbound-message-size' property instead 'nacos.remote.server.grpc.maxinbound.message.size', now property value is 10485760

2024-11-26 16:02:50,610 INFO Ssl Context auto refresh is not supported.

2024-11-26 16:02:50,611 INFO Ssl Context auto refresh is not supported.

2024-11-26 16:02:50,612 INFO RpcServerSslContextRefresher initialization completed.

2024-11-26 16:02:50,612 INFO Nacos GrpcSdkServer Rpc server started at port 9848

2024-11-26 16:02:50,615 INFO Nacos GrpcClusterServer Rpc server starting at port 9849

2024-11-26 16:02:50,617 WARN Not found ProtocolNegotiatorBuilder for type nacos.remote.cluster.server.rpc.protocol.negotiator.type, will use default type nacos.remote.cluster.server.rpc.protocol.negotiator.type

2024-11-26 16:02:50,618 WARN Recommended use 'nacos.remote.server.grpc.cluster.max-inbound-message-size' property instead 'nacos.remote.server.grpc.maxinbound.message.size', now property value is 10485760

2024-11-26 16:02:50,621 INFO Nacos GrpcClusterServer Rpc server started at port 9849

2024-11-26 16:02:50,659 INFO [ClientConnectionEventListenerRegistry] registry listener - RpcAckCallbackInitorOrCleaner

2024-11-26 16:08:31,546 INFO Nacos GrpcSdkServer Rpc server stopping

2024-11-26 16:08:31,554 INFO Nacos GrpcClusterServer Rpc server stopping

2024-11-26 16:08:31,567 INFO Nacos GrpcClusterServer Rpc server stopped successfully...

2024-11-26 16:08:31,568 INFO Nacos GrpcSdkServer Rpc server stopped successfully...

2024-11-26 16:09:10,383 INFO [ClientConnectionEventListenerRegistry] registry listener - ConnectionBasedClientManager

2024-11-26 16:09:13,982 INFO [ClientConnectionEventListenerRegistry] registry listener - ConfigConnectionEventListener

2024-11-26 16:09:14,001 INFO Nacos GrpcSdkServer Rpc server starting at port 9848

2024-11-26 16:09:14,016 INFO Load ProtocolNegotiatorBuilder com.alibaba.nacos.core.remote.grpc.negotiator.tls.SdkDefaultTlsProtocolNegotiatorBuilder for type DEFAULT_TLS

2024-11-26 16:09:14,017 INFO Load ProtocolNegotiatorBuilder com.alibaba.nacos.core.remote.grpc.negotiator.tls.ClusterDefaultTlsProtocolNegotiatorBuilder for type CLUSTER_DEFAULT_TLS

2024-11-26 16:09:14,018 WARN Not found ProtocolNegotiatorBuilder for type nacos.remote.server.rpc.protocol.negotiator.type, will use default type nacos.remote.server.rpc.protocol.negotiator.type

2024-11-26 16:09:14,021 WARN Recommended use 'nacos.remote.server.grpc.sdk.max-inbound-message-size' property instead 'nacos.remote.server.grpc.maxinbound.message.size', now property value is 10485760

2024-11-26 16:09:14,043 INFO Ssl Context auto refresh is not supported.

2024-11-26 16:09:14,044 INFO Ssl Context auto refresh is not supported.

2024-11-26 16:09:14,044 INFO RpcServerSslContextRefresher initialization completed.

2024-11-26 16:09:14,045 INFO Nacos GrpcSdkServer Rpc server started at port 9848

2024-11-26 16:09:14,048 INFO Nacos GrpcClusterServer Rpc server starting at port 9849

2024-11-26 16:09:14,050 WARN Not found ProtocolNegotiatorBuilder for type nacos.remote.cluster.server.rpc.protocol.negotiator.type, will use default type nacos.remote.cluster.server.rpc.protocol.negotiator.type

2024-11-26 16:09:14,051 WARN Recommended use 'nacos.remote.server.grpc.cluster.max-inbound-message-size' property instead 'nacos.remote.server.grpc.maxinbound.message.size', now property value is 10485760

2024-11-26 16:09:14,054 INFO Nacos GrpcClusterServer Rpc server started at port 9849

2024-11-26 16:09:14,130 INFO [ClientConnectionEventListenerRegistry] registry listener - RpcAckCallbackInitorOrCleaner

2024-11-26 16:10:46,468 INFO Nacos GrpcSdkServer Rpc server stopping

2024-11-26 16:10:46,469 INFO Nacos GrpcClusterServer Rpc server stopping

2024-11-26 16:10:46,491 INFO Nacos GrpcSdkServer Rpc server stopped successfully...

2024-11-26 16:10:46,491 INFO Nacos GrpcClusterServer Rpc server stopped successfully...

2024-11-26 16:11:09,386 INFO [ClientConnectionEventListenerRegistry] registry listener - ConnectionBasedClientManager

2024-11-26 16:11:12,928 INFO [ClientConnectionEventListenerRegistry] registry listener - ConfigConnectionEventListener

2024-11-26 16:11:12,954 INFO Nacos GrpcSdkServer Rpc server starting at port 9848

2024-11-26 16:11:12,971 INFO Load ProtocolNegotiatorBuilder com.alibaba.nacos.core.remote.grpc.negotiator.tls.SdkDefaultTlsProtocolNegotiatorBuilder for type DEFAULT_TLS

2024-11-26 16:11:12,972 INFO Load ProtocolNegotiatorBuilder com.alibaba.nacos.core.remote.grpc.negotiator.tls.ClusterDefaultTlsProtocolNegotiatorBuilder for type CLUSTER_DEFAULT_TLS

2024-11-26 16:11:12,973 WARN Not found ProtocolNegotiatorBuilder for type nacos.remote.server.rpc.protocol.negotiator.type, will use default type nacos.remote.server.rpc.protocol.negotiator.type

2024-11-26 16:11:12,977 WARN Recommended use 'nacos.remote.server.grpc.sdk.max-inbound-message-size' property instead 'nacos.remote.server.grpc.maxinbound.message.size', now property value is 10485760

2024-11-26 16:11:13,001 INFO Ssl Context auto refresh is not supported.

2024-11-26 16:11:13,002 INFO Ssl Context auto refresh is not supported.

2024-11-26 16:11:13,003 INFO RpcServerSslContextRefresher initialization completed.

2024-11-26 16:11:13,003 INFO Nacos GrpcSdkServer Rpc server started at port 9848

2024-11-26 16:11:13,007 INFO Nacos GrpcClusterServer Rpc server starting at port 9849

2024-11-26 16:11:13,008 WARN Not found ProtocolNegotiatorBuilder for type nacos.remote.cluster.server.rpc.protocol.negotiator.type, will use default type nacos.remote.cluster.server.rpc.protocol.negotiator.type

2024-11-26 16:11:13,009 WARN Recommended use 'nacos.remote.server.grpc.cluster.max-inbound-message-size' property instead 'nacos.remote.server.grpc.maxinbound.message.size', now property value is 10485760

2024-11-26 16:11:13,012 INFO Nacos GrpcClusterServer Rpc server started at port 9849

2024-11-26 16:11:13,049 INFO [ClientConnectionEventListenerRegistry] registry listener - RpcAckCallbackInitorOrCleaner

