2024-12-02 14:50:33,529 INFO notifyConnectTimeout:100

2024-12-02 14:50:33,554 INFO notifySocketTimeout:200

2024-12-02 14:50:33,555 INFO isHealthCheck:true

2024-12-02 14:50:33,555 INFO maxHealthCheckFailCount:12

2024-12-02 14:50:33,557 INFO maxContent:10485760

2024-12-02 14:50:50,613 INFO notifyConnectTimeout:100

2024-12-02 14:50:50,617 INFO notifySocketTimeout:200

2024-12-02 14:50:50,618 INFO isHealthCheck:true

2024-12-02 14:50:50,622 INFO maxHealthCheckFailCount:12

2024-12-02 14:50:50,623 INFO maxContent:10485760

2024-12-02 14:51:06,296 INFO notifyConnectTimeout:100

2024-12-02 14:51:06,299 INFO notifySocketTimeout:200

2024-12-02 14:51:06,300 INFO isHealthCheck:true

2024-12-02 14:51:06,301 INFO maxHealthCheckFailCount:12

2024-12-02 14:51:06,301 INFO maxContent:10485760

2024-12-02 14:51:21,975 INFO notifyConnectTimeout:100

2024-12-02 14:51:21,979 INFO notifySocketTimeout:200

2024-12-02 14:51:21,979 INFO isHealthCheck:true

2024-12-02 14:51:21,979 INFO maxHealthCheckFailCount:12

2024-12-02 14:51:21,980 INFO maxContent:10485760

2024-12-02 14:51:37,409 INFO notifyConnectTimeout:100

2024-12-02 14:51:37,412 INFO notifySocketTimeout:200

2024-12-02 14:51:37,412 INFO isHealthCheck:true

2024-12-02 14:51:37,413 INFO maxHealthCheckFailCount:12

2024-12-02 14:51:37,413 INFO maxContent:10485760

2024-12-02 14:51:53,068 INFO notifyConnectTimeout:100

2024-12-02 14:51:53,071 INFO notifySocketTimeout:200

2024-12-02 14:51:53,072 INFO isHealthCheck:true

2024-12-02 14:51:53,072 INFO maxHealthCheckFailCount:12

2024-12-02 14:51:53,072 INFO maxContent:10485760

2024-12-02 14:52:08,731 INFO notifyConnectTimeout:100

2024-12-02 14:52:08,738 INFO notifySocketTimeout:200

2024-12-02 14:52:08,740 INFO isHealthCheck:true

2024-12-02 14:52:08,740 INFO maxHealthCheckFailCount:12

2024-12-02 14:52:08,741 INFO maxContent:10485760

2024-12-02 14:52:24,490 INFO notifyConnectTimeout:100

2024-12-02 14:52:24,494 INFO notifySocketTimeout:200

2024-12-02 14:52:24,494 INFO isHealthCheck:true

2024-12-02 14:52:24,495 INFO maxHealthCheckFailCount:12

2024-12-02 14:52:24,495 INFO maxContent:10485760

2024-12-02 14:52:39,962 INFO notifyConnectTimeout:100

2024-12-02 14:52:39,966 INFO notifySocketTimeout:200

2024-12-02 14:52:39,966 INFO isHealthCheck:true

2024-12-02 14:52:39,967 INFO maxHealthCheckFailCount:12

2024-12-02 14:52:39,967 INFO maxContent:10485760

2024-12-02 14:52:55,432 INFO notifyConnectTimeout:100

2024-12-02 14:52:55,435 INFO notifySocketTimeout:200

2024-12-02 14:52:55,436 INFO isHealthCheck:true

2024-12-02 14:52:55,436 INFO maxHealthCheckFailCount:12

2024-12-02 14:52:55,437 INFO maxContent:10485760

2024-12-02 14:53:11,261 INFO notifyConnectTimeout:100

2024-12-02 14:53:11,264 INFO notifySocketTimeout:200

2024-12-02 14:53:11,264 INFO isHealthCheck:true

2024-12-02 14:53:11,265 INFO maxHealthCheckFailCount:12

2024-12-02 14:53:11,265 INFO maxContent:10485760

2024-12-02 14:53:26,901 INFO notifyConnectTimeout:100

2024-12-02 14:53:26,905 INFO notifySocketTimeout:200

2024-12-02 14:53:26,906 INFO isHealthCheck:true

2024-12-02 14:53:26,906 INFO maxHealthCheckFailCount:12

2024-12-02 14:53:26,907 INFO maxContent:10485760

2024-12-02 14:53:42,551 INFO notifyConnectTimeout:100

2024-12-02 14:53:42,554 INFO notifySocketTimeout:200

2024-12-02 14:53:42,554 INFO isHealthCheck:true

2024-12-02 14:53:42,555 INFO maxHealthCheckFailCount:12

2024-12-02 14:53:42,555 INFO maxContent:10485760

2024-12-02 14:53:58,098 INFO notifyConnectTimeout:100

2024-12-02 14:53:58,100 INFO notifySocketTimeout:200

2024-12-02 14:53:58,101 INFO isHealthCheck:true

2024-12-02 14:53:58,101 INFO maxHealthCheckFailCount:12

2024-12-02 14:53:58,102 INFO maxContent:10485760

2024-12-02 14:54:13,700 INFO notifyConnectTimeout:100

2024-12-02 14:54:13,704 INFO notifySocketTimeout:200

2024-12-02 14:54:13,705 INFO isHealthCheck:true

2024-12-02 14:54:13,705 INFO maxHealthCheckFailCount:12

2024-12-02 14:54:13,705 INFO maxContent:10485760

2024-12-02 14:54:29,279 INFO notifyConnectTimeout:100

2024-12-02 14:54:29,283 INFO notifySocketTimeout:200

2024-12-02 14:54:29,283 INFO isHealthCheck:true

2024-12-02 14:54:29,284 INFO maxHealthCheckFailCount:12

2024-12-02 14:54:29,285 INFO maxContent:10485760

2024-12-02 14:54:44,774 INFO notifyConnectTimeout:100

2024-12-02 14:54:44,777 INFO notifySocketTimeout:200

2024-12-02 14:54:44,777 INFO isHealthCheck:true

2024-12-02 14:54:44,778 INFO maxHealthCheckFailCount:12

2024-12-02 14:54:44,778 INFO maxContent:10485760

2024-12-02 14:55:00,276 INFO notifyConnectTimeout:100

2024-12-02 14:55:00,280 INFO notifySocketTimeout:200

2024-12-02 14:55:00,280 INFO isHealthCheck:true

2024-12-02 14:55:00,281 INFO maxHealthCheckFailCount:12

2024-12-02 14:55:00,281 INFO maxContent:10485760

2024-12-02 14:55:15,776 INFO notifyConnectTimeout:100

2024-12-02 14:55:15,779 INFO notifySocketTimeout:200

2024-12-02 14:55:15,779 INFO isHealthCheck:true

2024-12-02 14:55:15,780 INFO maxHealthCheckFailCount:12

2024-12-02 14:55:15,780 INFO maxContent:10485760

2024-12-02 14:55:31,293 INFO notifyConnectTimeout:100

2024-12-02 14:55:31,297 INFO notifySocketTimeout:200

2024-12-02 14:55:31,298 INFO isHealthCheck:true

2024-12-02 14:55:31,298 INFO maxHealthCheckFailCount:12

2024-12-02 14:55:31,299 INFO maxContent:10485760

2024-12-02 14:55:46,749 INFO notifyConnectTimeout:100

2024-12-02 14:55:46,752 INFO notifySocketTimeout:200

2024-12-02 14:55:46,753 INFO isHealthCheck:true

2024-12-02 14:55:46,753 INFO maxHealthCheckFailCount:12

2024-12-02 14:55:46,754 INFO maxContent:10485760

2024-12-02 14:56:02,151 INFO notifyConnectTimeout:100

2024-12-02 14:56:02,154 INFO notifySocketTimeout:200

2024-12-02 14:56:02,155 INFO isHealthCheck:true

2024-12-02 14:56:02,155 INFO maxHealthCheckFailCount:12

2024-12-02 14:56:02,156 INFO maxContent:10485760

2024-12-02 14:56:17,550 INFO notifyConnectTimeout:100

2024-12-02 14:56:17,553 INFO notifySocketTimeout:200

2024-12-02 14:56:17,554 INFO isHealthCheck:true

2024-12-02 14:56:17,554 INFO maxHealthCheckFailCount:12

2024-12-02 14:56:17,555 INFO maxContent:10485760

2024-12-02 14:56:32,985 INFO notifyConnectTimeout:100

2024-12-02 14:56:32,988 INFO notifySocketTimeout:200

2024-12-02 14:56:32,988 INFO isHealthCheck:true

2024-12-02 14:56:32,989 INFO maxHealthCheckFailCount:12

2024-12-02 14:56:32,989 INFO maxContent:10485760

2024-12-02 14:56:48,604 INFO notifyConnectTimeout:100

2024-12-02 14:56:48,608 INFO notifySocketTimeout:200

2024-12-02 14:56:48,608 INFO isHealthCheck:true

2024-12-02 14:56:48,609 INFO maxHealthCheckFailCount:12

2024-12-02 14:56:48,609 INFO maxContent:10485760

2024-12-02 14:57:04,126 INFO notifyConnectTimeout:100

2024-12-02 14:57:04,130 INFO notifySocketTimeout:200

2024-12-02 14:57:04,130 INFO isHealthCheck:true

2024-12-02 14:57:04,130 INFO maxHealthCheckFailCount:12

2024-12-02 14:57:04,131 INFO maxContent:10485760

2024-12-02 14:57:19,780 INFO notifyConnectTimeout:100

2024-12-02 14:57:19,784 INFO notifySocketTimeout:200

2024-12-02 14:57:19,784 INFO isHealthCheck:true

2024-12-02 14:57:19,785 INFO maxHealthCheckFailCount:12

2024-12-02 14:57:19,785 INFO maxContent:10485760

2024-12-02 14:57:35,336 INFO notifyConnectTimeout:100

2024-12-02 14:57:35,340 INFO notifySocketTimeout:200

2024-12-02 14:57:35,340 INFO isHealthCheck:true

2024-12-02 14:57:35,341 INFO maxHealthCheckFailCount:12

2024-12-02 14:57:35,341 INFO maxContent:10485760

2024-12-02 14:57:50,957 INFO notifyConnectTimeout:100

2024-12-02 14:57:50,961 INFO notifySocketTimeout:200

2024-12-02 14:57:50,961 INFO isHealthCheck:true

2024-12-02 14:57:50,962 INFO maxHealthCheckFailCount:12

2024-12-02 14:57:50,962 INFO maxContent:10485760

2024-12-02 14:58:06,462 INFO notifyConnectTimeout:100

2024-12-02 14:58:06,465 INFO notifySocketTimeout:200

2024-12-02 14:58:06,465 INFO isHealthCheck:true

2024-12-02 14:58:06,466 INFO maxHealthCheckFailCount:12

2024-12-02 14:58:06,466 INFO maxContent:10485760

2024-12-02 14:58:22,084 INFO notifyConnectTimeout:100

2024-12-02 14:58:22,088 INFO notifySocketTimeout:200

2024-12-02 14:58:22,089 INFO isHealthCheck:true

2024-12-02 14:58:22,089 INFO maxHealthCheckFailCount:12

2024-12-02 14:58:22,090 INFO maxContent:10485760

2024-12-02 14:58:38,014 INFO notifyConnectTimeout:100

2024-12-02 14:58:38,017 INFO notifySocketTimeout:200

2024-12-02 14:58:38,018 INFO isHealthCheck:true

2024-12-02 14:58:38,018 INFO maxHealthCheckFailCount:12

2024-12-02 14:58:38,019 INFO maxContent:10485760

2024-12-02 14:58:53,473 INFO notifyConnectTimeout:100

2024-12-02 14:58:53,475 INFO notifySocketTimeout:200

2024-12-02 14:58:53,476 INFO isHealthCheck:true

2024-12-02 14:58:53,476 INFO maxHealthCheckFailCount:12

2024-12-02 14:58:53,477 INFO maxContent:10485760

2024-12-02 14:59:08,946 INFO notifyConnectTimeout:100

2024-12-02 14:59:08,950 INFO notifySocketTimeout:200

2024-12-02 14:59:08,950 INFO isHealthCheck:true

2024-12-02 14:59:08,951 INFO maxHealthCheckFailCount:12

2024-12-02 14:59:08,951 INFO maxContent:10485760

2024-12-02 14:59:24,615 INFO notifyConnectTimeout:100

2024-12-02 14:59:24,618 INFO notifySocketTimeout:200

2024-12-02 14:59:24,618 INFO isHealthCheck:true

2024-12-02 14:59:24,619 INFO maxHealthCheckFailCount:12

2024-12-02 14:59:24,619 INFO maxContent:10485760

2024-12-02 14:59:40,066 INFO notifyConnectTimeout:100

2024-12-02 14:59:40,069 INFO notifySocketTimeout:200

2024-12-02 14:59:40,069 INFO isHealthCheck:true

2024-12-02 14:59:40,070 INFO maxHealthCheckFailCount:12

2024-12-02 14:59:40,070 INFO maxContent:10485760

2024-12-02 14:59:55,650 INFO notifyConnectTimeout:100

2024-12-02 14:59:55,653 INFO notifySocketTimeout:200

2024-12-02 14:59:55,653 INFO isHealthCheck:true

2024-12-02 14:59:55,653 INFO maxHealthCheckFailCount:12

2024-12-02 14:59:55,654 INFO maxContent:10485760

2024-12-02 15:00:11,142 INFO notifyConnectTimeout:100

2024-12-02 15:00:11,145 INFO notifySocketTimeout:200

2024-12-02 15:00:11,146 INFO isHealthCheck:true

2024-12-02 15:00:11,146 INFO maxHealthCheckFailCount:12

2024-12-02 15:00:11,146 INFO maxContent:10485760

2024-12-02 15:00:26,777 INFO notifyConnectTimeout:100

2024-12-02 15:00:26,780 INFO notifySocketTimeout:200

2024-12-02 15:00:26,780 INFO isHealthCheck:true

2024-12-02 15:00:26,781 INFO maxHealthCheckFailCount:12

2024-12-02 15:00:26,781 INFO maxContent:10485760

2024-12-02 15:00:42,251 INFO notifyConnectTimeout:100

2024-12-02 15:00:42,255 INFO notifySocketTimeout:200

2024-12-02 15:00:42,256 INFO isHealthCheck:true

2024-12-02 15:00:42,256 INFO maxHealthCheckFailCount:12

2024-12-02 15:00:42,256 INFO maxContent:10485760

2024-12-02 15:00:57,895 INFO notifyConnectTimeout:100

2024-12-02 15:00:57,899 INFO notifySocketTimeout:200

2024-12-02 15:00:57,899 INFO isHealthCheck:true

2024-12-02 15:00:57,900 INFO maxHealthCheckFailCount:12

2024-12-02 15:00:57,900 INFO maxContent:10485760

2024-12-02 15:01:13,727 INFO notifyConnectTimeout:100

2024-12-02 15:01:13,730 INFO notifySocketTimeout:200

2024-12-02 15:01:13,731 INFO isHealthCheck:true

2024-12-02 15:01:13,731 INFO maxHealthCheckFailCount:12

2024-12-02 15:01:13,732 INFO maxContent:10485760

2024-12-02 15:01:31,034 INFO notifyConnectTimeout:100

2024-12-02 15:01:31,038 INFO notifySocketTimeout:200

2024-12-02 15:01:31,039 INFO isHealthCheck:true

2024-12-02 15:01:31,039 INFO maxHealthCheckFailCount:12

2024-12-02 15:01:31,040 INFO maxContent:10485760

2024-12-02 15:01:50,139 INFO notifyConnectTimeout:100

2024-12-02 15:01:50,143 INFO notifySocketTimeout:200

2024-12-02 15:01:50,146 INFO isHealthCheck:true

2024-12-02 15:01:50,147 INFO maxHealthCheckFailCount:12

2024-12-02 15:01:50,147 INFO maxContent:10485760

2024-12-02 15:02:07,604 INFO notifyConnectTimeout:100

2024-12-02 15:02:07,607 INFO notifySocketTimeout:200

2024-12-02 15:02:07,607 INFO isHealthCheck:true

2024-12-02 15:02:07,607 INFO maxHealthCheckFailCount:12

2024-12-02 15:02:07,608 INFO maxContent:10485760

2024-12-02 15:02:23,475 INFO notifyConnectTimeout:100

2024-12-02 15:02:23,478 INFO notifySocketTimeout:200

2024-12-02 15:02:23,478 INFO isHealthCheck:true

2024-12-02 15:02:23,479 INFO maxHealthCheckFailCount:12

2024-12-02 15:02:23,479 INFO maxContent:10485760

2024-12-02 15:02:39,263 INFO notifyConnectTimeout:100

2024-12-02 15:02:39,266 INFO notifySocketTimeout:200

2024-12-02 15:02:39,267 INFO isHealthCheck:true

2024-12-02 15:02:39,268 INFO maxHealthCheckFailCount:12

2024-12-02 15:02:39,268 INFO maxContent:10485760

2024-12-02 15:02:54,970 INFO notifyConnectTimeout:100

2024-12-02 15:02:54,973 INFO notifySocketTimeout:200

2024-12-02 15:02:54,974 INFO isHealthCheck:true

2024-12-02 15:02:54,974 INFO maxHealthCheckFailCount:12

2024-12-02 15:02:54,975 INFO maxContent:10485760

2024-12-02 15:03:10,757 INFO notifyConnectTimeout:100

2024-12-02 15:03:10,761 INFO notifySocketTimeout:200

2024-12-02 15:03:10,762 INFO isHealthCheck:true

2024-12-02 15:03:10,762 INFO maxHealthCheckFailCount:12

2024-12-02 15:03:10,763 INFO maxContent:10485760

2024-12-02 15:03:26,478 INFO notifyConnectTimeout:100

2024-12-02 15:03:26,482 INFO notifySocketTimeout:200

2024-12-02 15:03:26,482 INFO isHealthCheck:true

2024-12-02 15:03:26,483 INFO maxHealthCheckFailCount:12

2024-12-02 15:03:26,486 INFO maxContent:10485760

2024-12-02 15:03:42,089 INFO notifyConnectTimeout:100

2024-12-02 15:03:42,092 INFO notifySocketTimeout:200

2024-12-02 15:03:42,093 INFO isHealthCheck:true

2024-12-02 15:03:42,093 INFO maxHealthCheckFailCount:12

2024-12-02 15:03:42,093 INFO maxContent:10485760

2024-12-02 15:03:57,800 INFO notifyConnectTimeout:100

2024-12-02 15:03:57,802 INFO notifySocketTimeout:200

2024-12-02 15:03:57,803 INFO isHealthCheck:true

2024-12-02 15:03:57,804 INFO maxHealthCheckFailCount:12

2024-12-02 15:03:57,804 INFO maxContent:10485760

2024-12-02 15:04:13,344 INFO notifyConnectTimeout:100

2024-12-02 15:04:13,347 INFO notifySocketTimeout:200

2024-12-02 15:04:13,348 INFO isHealthCheck:true

2024-12-02 15:04:13,348 INFO maxHealthCheckFailCount:12

2024-12-02 15:04:13,348 INFO maxContent:10485760

2024-12-02 15:04:28,999 INFO notifyConnectTimeout:100

2024-12-02 15:04:29,002 INFO notifySocketTimeout:200

2024-12-02 15:04:29,003 INFO isHealthCheck:true

2024-12-02 15:04:29,003 INFO maxHealthCheckFailCount:12

2024-12-02 15:04:29,004 INFO maxContent:10485760

2024-12-02 15:04:44,578 INFO notifyConnectTimeout:100

2024-12-02 15:04:44,581 INFO notifySocketTimeout:200

2024-12-02 15:04:44,581 INFO isHealthCheck:true

2024-12-02 15:04:44,582 INFO maxHealthCheckFailCount:12

2024-12-02 15:04:44,582 INFO maxContent:10485760

2024-12-02 15:05:00,105 INFO notifyConnectTimeout:100

2024-12-02 15:05:00,108 INFO notifySocketTimeout:200

2024-12-02 15:05:00,108 INFO isHealthCheck:true

2024-12-02 15:05:00,108 INFO maxHealthCheckFailCount:12

2024-12-02 15:05:00,109 INFO maxContent:10485760

2024-12-02 15:05:15,609 INFO notifyConnectTimeout:100

2024-12-02 15:05:15,612 INFO notifySocketTimeout:200

2024-12-02 15:05:15,612 INFO isHealthCheck:true

2024-12-02 15:05:15,613 INFO maxHealthCheckFailCount:12

2024-12-02 15:05:15,613 INFO maxContent:10485760

2024-12-02 15:05:31,271 INFO notifyConnectTimeout:100

2024-12-02 15:05:31,274 INFO notifySocketTimeout:200

2024-12-02 15:05:31,275 INFO isHealthCheck:true

2024-12-02 15:05:31,275 INFO maxHealthCheckFailCount:12

2024-12-02 15:05:31,276 INFO maxContent:10485760

2024-12-02 15:05:46,739 INFO notifyConnectTimeout:100

2024-12-02 15:05:46,742 INFO notifySocketTimeout:200

2024-12-02 15:05:46,742 INFO isHealthCheck:true

2024-12-02 15:05:46,743 INFO maxHealthCheckFailCount:12

2024-12-02 15:05:46,743 INFO maxContent:10485760

2024-12-02 15:06:02,217 INFO notifyConnectTimeout:100

2024-12-02 15:06:02,219 INFO notifySocketTimeout:200

2024-12-02 15:06:02,220 INFO isHealthCheck:true

2024-12-02 15:06:02,220 INFO maxHealthCheckFailCount:12

2024-12-02 15:06:02,221 INFO maxContent:10485760

2024-12-02 15:06:17,722 INFO notifyConnectTimeout:100

2024-12-02 15:06:17,726 INFO notifySocketTimeout:200

2024-12-02 15:06:17,726 INFO isHealthCheck:true

2024-12-02 15:06:17,726 INFO maxHealthCheckFailCount:12

2024-12-02 15:06:17,727 INFO maxContent:10485760

2024-12-02 15:06:33,300 INFO notifyConnectTimeout:100

2024-12-02 15:06:33,303 INFO notifySocketTimeout:200

2024-12-02 15:06:33,304 INFO isHealthCheck:true

2024-12-02 15:06:33,304 INFO maxHealthCheckFailCount:12

2024-12-02 15:06:33,305 INFO maxContent:10485760

2024-12-02 15:06:48,693 INFO notifyConnectTimeout:100

2024-12-02 15:06:48,697 INFO notifySocketTimeout:200

2024-12-02 15:06:48,697 INFO isHealthCheck:true

2024-12-02 15:06:48,698 INFO maxHealthCheckFailCount:12

2024-12-02 15:06:48,698 INFO maxContent:10485760

2024-12-02 15:07:04,141 INFO notifyConnectTimeout:100

2024-12-02 15:07:04,143 INFO notifySocketTimeout:200

2024-12-02 15:07:04,144 INFO isHealthCheck:true

2024-12-02 15:07:04,144 INFO maxHealthCheckFailCount:12

2024-12-02 15:07:04,145 INFO maxContent:10485760

2024-12-02 15:07:19,605 INFO notifyConnectTimeout:100

2024-12-02 15:07:19,608 INFO notifySocketTimeout:200

2024-12-02 15:07:19,608 INFO isHealthCheck:true

2024-12-02 15:07:19,609 INFO maxHealthCheckFailCount:12

2024-12-02 15:07:19,609 INFO maxContent:10485760

2024-12-02 15:07:35,403 INFO notifyConnectTimeout:100

2024-12-02 15:07:35,406 INFO notifySocketTimeout:200

2024-12-02 15:07:35,407 INFO isHealthCheck:true

2024-12-02 15:07:35,407 INFO maxHealthCheckFailCount:12

2024-12-02 15:07:35,408 INFO maxContent:10485760

2024-12-02 15:07:50,998 INFO notifyConnectTimeout:100

2024-12-02 15:07:51,001 INFO notifySocketTimeout:200

2024-12-02 15:07:51,002 INFO isHealthCheck:true

2024-12-02 15:07:51,002 INFO maxHealthCheckFailCount:12

2024-12-02 15:07:51,003 INFO maxContent:10485760

2024-12-02 15:08:06,764 INFO notifyConnectTimeout:100

2024-12-02 15:08:06,767 INFO notifySocketTimeout:200

2024-12-02 15:08:06,768 INFO isHealthCheck:true

2024-12-02 15:08:06,768 INFO maxHealthCheckFailCount:12

2024-12-02 15:08:06,769 INFO maxContent:10485760

2024-12-02 15:08:22,454 INFO notifyConnectTimeout:100

2024-12-02 15:08:22,457 INFO notifySocketTimeout:200

2024-12-02 15:08:22,457 INFO isHealthCheck:true

2024-12-02 15:08:22,458 INFO maxHealthCheckFailCount:12

2024-12-02 15:08:22,458 INFO maxContent:10485760

2024-12-02 15:08:38,142 INFO notifyConnectTimeout:100

2024-12-02 15:08:38,146 INFO notifySocketTimeout:200

2024-12-02 15:08:38,146 INFO isHealthCheck:true

2024-12-02 15:08:38,147 INFO maxHealthCheckFailCount:12

2024-12-02 15:08:38,147 INFO maxContent:10485760

2024-12-02 15:08:53,706 INFO notifyConnectTimeout:100

2024-12-02 15:08:53,710 INFO notifySocketTimeout:200

2024-12-02 15:08:53,711 INFO isHealthCheck:true

2024-12-02 15:08:53,712 INFO maxHealthCheckFailCount:12

2024-12-02 15:08:53,712 INFO maxContent:10485760

2024-12-02 15:09:09,410 INFO notifyConnectTimeout:100

2024-12-02 15:09:09,413 INFO notifySocketTimeout:200

2024-12-02 15:09:09,413 INFO isHealthCheck:true

2024-12-02 15:09:09,414 INFO maxHealthCheckFailCount:12

2024-12-02 15:09:09,414 INFO maxContent:10485760

2024-12-02 15:09:24,942 INFO notifyConnectTimeout:100

2024-12-02 15:09:24,945 INFO notifySocketTimeout:200

2024-12-02 15:09:24,946 INFO isHealthCheck:true

2024-12-02 15:09:24,946 INFO maxHealthCheckFailCount:12

2024-12-02 15:09:24,947 INFO maxContent:10485760

2024-12-02 15:09:40,675 INFO notifyConnectTimeout:100

2024-12-02 15:09:40,678 INFO notifySocketTimeout:200

2024-12-02 15:09:40,679 INFO isHealthCheck:true

2024-12-02 15:09:40,679 INFO maxHealthCheckFailCount:12

2024-12-02 15:09:40,680 INFO maxContent:10485760

2024-12-02 15:09:56,281 INFO notifyConnectTimeout:100

2024-12-02 15:09:56,285 INFO notifySocketTimeout:200

2024-12-02 15:09:56,286 INFO isHealthCheck:true

2024-12-02 15:09:56,286 INFO maxHealthCheckFailCount:12

2024-12-02 15:09:56,287 INFO maxContent:10485760

2024-12-02 15:10:11,970 INFO notifyConnectTimeout:100

2024-12-02 15:10:11,973 INFO notifySocketTimeout:200

2024-12-02 15:10:11,973 INFO isHealthCheck:true

2024-12-02 15:10:11,974 INFO maxHealthCheckFailCount:12

2024-12-02 15:10:11,974 INFO maxContent:10485760

2024-12-02 15:10:27,482 INFO notifyConnectTimeout:100

2024-12-02 15:10:27,485 INFO notifySocketTimeout:200

2024-12-02 15:10:27,485 INFO isHealthCheck:true

2024-12-02 15:10:27,486 INFO maxHealthCheckFailCount:12

2024-12-02 15:10:27,486 INFO maxContent:10485760

2024-12-02 15:10:42,969 INFO notifyConnectTimeout:100

2024-12-02 15:10:42,972 INFO notifySocketTimeout:200

2024-12-02 15:10:42,973 INFO isHealthCheck:true

2024-12-02 15:10:42,973 INFO maxHealthCheckFailCount:12

2024-12-02 15:10:42,973 INFO maxContent:10485760

2024-12-02 15:10:58,479 INFO notifyConnectTimeout:100

2024-12-02 15:10:58,481 INFO notifySocketTimeout:200

2024-12-02 15:10:58,482 INFO isHealthCheck:true

2024-12-02 15:10:58,482 INFO maxHealthCheckFailCount:12

2024-12-02 15:10:58,483 INFO maxContent:10485760

2024-12-02 15:11:13,839 INFO notifyConnectTimeout:100

2024-12-02 15:11:13,843 INFO notifySocketTimeout:200

2024-12-02 15:11:13,843 INFO isHealthCheck:true

2024-12-02 15:11:13,844 INFO maxHealthCheckFailCount:12

2024-12-02 15:11:13,844 INFO maxContent:10485760

2024-12-02 15:11:29,221 INFO notifyConnectTimeout:100

2024-12-02 15:11:29,225 INFO notifySocketTimeout:200

2024-12-02 15:11:29,225 INFO isHealthCheck:true

2024-12-02 15:11:29,226 INFO maxHealthCheckFailCount:12

2024-12-02 15:11:29,226 INFO maxContent:10485760

2024-12-02 15:11:44,630 INFO notifyConnectTimeout:100

2024-12-02 15:11:44,633 INFO notifySocketTimeout:200

2024-12-02 15:11:44,633 INFO isHealthCheck:true

2024-12-02 15:11:44,634 INFO maxHealthCheckFailCount:12

2024-12-02 15:11:44,634 INFO maxContent:10485760

2024-12-02 15:12:00,110 INFO notifyConnectTimeout:100

2024-12-02 15:12:00,113 INFO notifySocketTimeout:200

2024-12-02 15:12:00,114 INFO isHealthCheck:true

2024-12-02 15:12:00,114 INFO maxHealthCheckFailCount:12

2024-12-02 15:12:00,115 INFO maxContent:10485760

2024-12-02 15:12:15,652 INFO notifyConnectTimeout:100

2024-12-02 15:12:15,655 INFO notifySocketTimeout:200

2024-12-02 15:12:15,656 INFO isHealthCheck:true

2024-12-02 15:12:15,656 INFO maxHealthCheckFailCount:12

2024-12-02 15:12:15,656 INFO maxContent:10485760

2024-12-02 15:12:31,162 INFO notifyConnectTimeout:100

2024-12-02 15:12:31,166 INFO notifySocketTimeout:200

2024-12-02 15:12:31,166 INFO isHealthCheck:true

2024-12-02 15:12:31,167 INFO maxHealthCheckFailCount:12

2024-12-02 15:12:31,167 INFO maxContent:10485760

2024-12-02 15:12:46,578 INFO notifyConnectTimeout:100

2024-12-02 15:12:46,581 INFO notifySocketTimeout:200

2024-12-02 15:12:46,581 INFO isHealthCheck:true

2024-12-02 15:12:46,582 INFO maxHealthCheckFailCount:12

2024-12-02 15:12:46,582 INFO maxContent:10485760

2024-12-02 15:13:01,943 INFO notifyConnectTimeout:100

2024-12-02 15:13:01,946 INFO notifySocketTimeout:200

2024-12-02 15:13:01,946 INFO isHealthCheck:true

2024-12-02 15:13:01,947 INFO maxHealthCheckFailCount:12

2024-12-02 15:13:01,947 INFO maxContent:10485760

2024-12-02 15:13:17,342 INFO notifyConnectTimeout:100

2024-12-02 15:13:17,346 INFO notifySocketTimeout:200

2024-12-02 15:13:17,347 INFO isHealthCheck:true

2024-12-02 15:13:17,347 INFO maxHealthCheckFailCount:12

2024-12-02 15:13:17,348 INFO maxContent:10485760

2024-12-02 15:13:32,654 INFO notifyConnectTimeout:100

2024-12-02 15:13:32,657 INFO notifySocketTimeout:200

2024-12-02 15:13:32,657 INFO isHealthCheck:true

2024-12-02 15:13:32,657 INFO maxHealthCheckFailCount:12

2024-12-02 15:13:32,658 INFO maxContent:10485760

2024-12-02 15:13:48,072 INFO notifyConnectTimeout:100

2024-12-02 15:13:48,076 INFO notifySocketTimeout:200

2024-12-02 15:13:48,077 INFO isHealthCheck:true

2024-12-02 15:13:48,078 INFO maxHealthCheckFailCount:12

2024-12-02 15:13:48,078 INFO maxContent:10485760

2024-12-02 15:14:03,532 INFO notifyConnectTimeout:100

2024-12-02 15:14:03,535 INFO notifySocketTimeout:200

2024-12-02 15:14:03,535 INFO isHealthCheck:true

2024-12-02 15:14:03,536 INFO maxHealthCheckFailCount:12

2024-12-02 15:14:03,536 INFO maxContent:10485760

2024-12-02 15:14:19,041 INFO notifyConnectTimeout:100

2024-12-02 15:14:19,045 INFO notifySocketTimeout:200

2024-12-02 15:14:19,045 INFO isHealthCheck:true

2024-12-02 15:14:19,046 INFO maxHealthCheckFailCount:12

2024-12-02 15:14:19,046 INFO maxContent:10485760

2024-12-02 15:14:34,503 INFO notifyConnectTimeout:100

2024-12-02 15:14:34,506 INFO notifySocketTimeout:200

2024-12-02 15:14:34,506 INFO isHealthCheck:true

2024-12-02 15:14:34,507 INFO maxHealthCheckFailCount:12

2024-12-02 15:14:34,508 INFO maxContent:10485760

2024-12-02 15:14:49,963 INFO notifyConnectTimeout:100

2024-12-02 15:14:49,967 INFO notifySocketTimeout:200

2024-12-02 15:14:49,967 INFO isHealthCheck:true

2024-12-02 15:14:49,968 INFO maxHealthCheckFailCount:12

2024-12-02 15:14:49,968 INFO maxContent:10485760

2024-12-02 15:15:05,324 INFO notifyConnectTimeout:100

2024-12-02 15:15:05,327 INFO notifySocketTimeout:200

2024-12-02 15:15:05,328 INFO isHealthCheck:true

2024-12-02 15:15:05,328 INFO maxHealthCheckFailCount:12

2024-12-02 15:15:05,328 INFO maxContent:10485760

2024-12-02 15:15:20,839 INFO notifyConnectTimeout:100

2024-12-02 15:15:20,842 INFO notifySocketTimeout:200

2024-12-02 15:15:20,842 INFO isHealthCheck:true

2024-12-02 15:15:20,843 INFO maxHealthCheckFailCount:12

2024-12-02 15:15:20,843 INFO maxContent:10485760

2024-12-02 15:15:36,373 INFO notifyConnectTimeout:100

2024-12-02 15:15:36,376 INFO notifySocketTimeout:200

2024-12-02 15:15:36,376 INFO isHealthCheck:true

2024-12-02 15:15:36,377 INFO maxHealthCheckFailCount:12

2024-12-02 15:15:36,377 INFO maxContent:10485760

2024-12-02 15:15:51,818 INFO notifyConnectTimeout:100

2024-12-02 15:15:51,821 INFO notifySocketTimeout:200

2024-12-02 15:15:51,822 INFO isHealthCheck:true

2024-12-02 15:15:51,822 INFO maxHealthCheckFailCount:12

2024-12-02 15:15:51,823 INFO maxContent:10485760

2024-12-02 15:16:07,223 INFO notifyConnectTimeout:100

2024-12-02 15:16:07,226 INFO notifySocketTimeout:200

2024-12-02 15:16:07,226 INFO isHealthCheck:true

2024-12-02 15:16:07,227 INFO maxHealthCheckFailCount:12

2024-12-02 15:16:07,227 INFO maxContent:10485760

2024-12-02 15:16:22,659 INFO notifyConnectTimeout:100

2024-12-02 15:16:22,661 INFO notifySocketTimeout:200

2024-12-02 15:16:22,662 INFO isHealthCheck:true

2024-12-02 15:16:22,662 INFO maxHealthCheckFailCount:12

2024-12-02 15:16:22,663 INFO maxContent:10485760

2024-12-02 15:16:38,117 INFO notifyConnectTimeout:100

2024-12-02 15:16:38,120 INFO notifySocketTimeout:200

2024-12-02 15:16:38,120 INFO isHealthCheck:true

2024-12-02 15:16:38,121 INFO maxHealthCheckFailCount:12

2024-12-02 15:16:38,121 INFO maxContent:10485760

2024-12-02 15:16:53,574 INFO notifyConnectTimeout:100

2024-12-02 15:16:53,576 INFO notifySocketTimeout:200

2024-12-02 15:16:53,577 INFO isHealthCheck:true

2024-12-02 15:16:53,577 INFO maxHealthCheckFailCount:12

2024-12-02 15:16:53,578 INFO maxContent:10485760

2024-12-02 15:17:09,024 INFO notifyConnectTimeout:100

2024-12-02 15:17:09,027 INFO notifySocketTimeout:200

2024-12-02 15:17:09,027 INFO isHealthCheck:true

2024-12-02 15:17:09,027 INFO maxHealthCheckFailCount:12

2024-12-02 15:17:09,028 INFO maxContent:10485760

2024-12-02 15:17:24,594 INFO notifyConnectTimeout:100

2024-12-02 15:17:24,597 INFO notifySocketTimeout:200

2024-12-02 15:17:24,598 INFO isHealthCheck:true

2024-12-02 15:17:24,598 INFO maxHealthCheckFailCount:12

2024-12-02 15:17:24,598 INFO maxContent:10485760

2024-12-02 15:17:40,025 INFO notifyConnectTimeout:100

2024-12-02 15:17:40,028 INFO notifySocketTimeout:200

2024-12-02 15:17:40,029 INFO isHealthCheck:true

2024-12-02 15:17:40,029 INFO maxHealthCheckFailCount:12

2024-12-02 15:17:40,030 INFO maxContent:10485760

2024-12-02 15:17:55,428 INFO notifyConnectTimeout:100

2024-12-02 15:17:55,432 INFO notifySocketTimeout:200

2024-12-02 15:17:55,432 INFO isHealthCheck:true

2024-12-02 15:17:55,433 INFO maxHealthCheckFailCount:12

2024-12-02 15:17:55,433 INFO maxContent:10485760

2024-12-02 15:18:10,859 INFO notifyConnectTimeout:100

2024-12-02 15:18:10,863 INFO notifySocketTimeout:200

2024-12-02 15:18:10,863 INFO isHealthCheck:true

2024-12-02 15:18:10,863 INFO maxHealthCheckFailCount:12

2024-12-02 15:18:10,864 INFO maxContent:10485760

2024-12-02 15:18:26,330 INFO notifyConnectTimeout:100

2024-12-02 15:18:26,333 INFO notifySocketTimeout:200

2024-12-02 15:18:26,333 INFO isHealthCheck:true

2024-12-02 15:18:26,334 INFO maxHealthCheckFailCount:12

2024-12-02 15:18:26,334 INFO maxContent:10485760

2024-12-02 15:18:41,907 INFO notifyConnectTimeout:100

2024-12-02 15:18:41,910 INFO notifySocketTimeout:200

2024-12-02 15:18:41,911 INFO isHealthCheck:true

2024-12-02 15:18:41,911 INFO maxHealthCheckFailCount:12

2024-12-02 15:18:41,912 INFO maxContent:10485760

2024-12-02 15:18:57,396 INFO notifyConnectTimeout:100

2024-12-02 15:18:57,400 INFO notifySocketTimeout:200

2024-12-02 15:18:57,400 INFO isHealthCheck:true

2024-12-02 15:18:57,401 INFO maxHealthCheckFailCount:12

2024-12-02 15:18:57,401 INFO maxContent:10485760

2024-12-02 15:19:12,850 INFO notifyConnectTimeout:100

2024-12-02 15:19:12,853 INFO notifySocketTimeout:200

2024-12-02 15:19:12,853 INFO isHealthCheck:true

2024-12-02 15:19:12,854 INFO maxHealthCheckFailCount:12

2024-12-02 15:19:12,854 INFO maxContent:10485760

2024-12-02 15:19:28,266 INFO notifyConnectTimeout:100

2024-12-02 15:19:28,269 INFO notifySocketTimeout:200

2024-12-02 15:19:28,270 INFO isHealthCheck:true

2024-12-02 15:19:28,270 INFO maxHealthCheckFailCount:12

2024-12-02 15:19:28,271 INFO maxContent:10485760

2024-12-02 15:19:43,658 INFO notifyConnectTimeout:100

2024-12-02 15:19:43,661 INFO notifySocketTimeout:200

2024-12-02 15:19:43,662 INFO isHealthCheck:true

2024-12-02 15:19:43,662 INFO maxHealthCheckFailCount:12

2024-12-02 15:19:43,662 INFO maxContent:10485760

2024-12-02 15:19:59,031 INFO notifyConnectTimeout:100

2024-12-02 15:19:59,034 INFO notifySocketTimeout:200

2024-12-02 15:19:59,035 INFO isHealthCheck:true

2024-12-02 15:19:59,035 INFO maxHealthCheckFailCount:12

2024-12-02 15:19:59,036 INFO maxContent:10485760

2024-12-02 15:20:14,665 INFO notifyConnectTimeout:100

2024-12-02 15:20:14,668 INFO notifySocketTimeout:200

2024-12-02 15:20:14,669 INFO isHealthCheck:true

2024-12-02 15:20:14,669 INFO maxHealthCheckFailCount:12

2024-12-02 15:20:14,670 INFO maxContent:10485760

2024-12-02 15:20:30,270 INFO notifyConnectTimeout:100

2024-12-02 15:20:30,273 INFO notifySocketTimeout:200

2024-12-02 15:20:30,274 INFO isHealthCheck:true

2024-12-02 15:20:30,275 INFO maxHealthCheckFailCount:12

2024-12-02 15:20:30,276 INFO maxContent:10485760

2024-12-02 15:20:45,927 INFO notifyConnectTimeout:100

2024-12-02 15:20:45,931 INFO notifySocketTimeout:200

2024-12-02 15:20:45,932 INFO isHealthCheck:true

2024-12-02 15:20:45,932 INFO maxHealthCheckFailCount:12

2024-12-02 15:20:45,933 INFO maxContent:10485760

2024-12-02 15:21:01,541 INFO notifyConnectTimeout:100

2024-12-02 15:21:01,544 INFO notifySocketTimeout:200

2024-12-02 15:21:01,545 INFO isHealthCheck:true

2024-12-02 15:21:01,545 INFO maxHealthCheckFailCount:12

2024-12-02 15:21:01,545 INFO maxContent:10485760

2024-12-02 15:21:17,390 INFO notifyConnectTimeout:100

2024-12-02 15:21:17,393 INFO notifySocketTimeout:200

2024-12-02 15:21:17,394 INFO isHealthCheck:true

2024-12-02 15:21:17,396 INFO maxHealthCheckFailCount:12

2024-12-02 15:21:17,396 INFO maxContent:10485760

2024-12-02 15:21:32,943 INFO notifyConnectTimeout:100

2024-12-02 15:21:32,946 INFO notifySocketTimeout:200

2024-12-02 15:21:32,946 INFO isHealthCheck:true

2024-12-02 15:21:32,947 INFO maxHealthCheckFailCount:12

2024-12-02 15:21:32,947 INFO maxContent:10485760

2024-12-02 15:21:48,752 INFO notifyConnectTimeout:100

2024-12-02 15:21:48,755 INFO notifySocketTimeout:200

2024-12-02 15:21:48,755 INFO isHealthCheck:true

2024-12-02 15:21:48,756 INFO maxHealthCheckFailCount:12

2024-12-02 15:21:48,756 INFO maxContent:10485760

