2024-11-26 16:02:56,827 DEBUG auth start, request: ConfigBatchListenRequest

2024-11-26 16:02:56,834 DEBUG access denied, request: ConfigBatchListenRequest, reason: user not found!

2024-11-26 16:03:01,843 DEBUG auth start, request: ConfigBatchListenRequest

2024-11-26 16:03:01,843 DEBUG access denied, request: ConfigBatchListenRequest, reason: user not found!

2024-11-26 16:03:06,851 DEBUG auth start, request: ConfigBatchListenRequest

2024-11-26 16:03:06,852 DEBUG access denied, request: ConfigBatchListenRequest, reason: user not found!

2024-11-26 16:03:11,859 DEBUG auth start, request: ConfigBatchListenRequest

2024-11-26 16:03:11,861 DEBUG access denied, request: ConfigBatchListenRequest, reason: user not found!

2024-11-26 16:03:16,868 DEBUG auth start, request: ConfigBatchListenRequest

2024-11-26 16:03:16,869 DEBUG access denied, request: ConfigBatchListenRequest, reason: user not found!

2024-11-26 16:03:21,877 DEBUG auth start, request: ConfigBatchListenRequest

2024-11-26 16:03:21,878 DEBUG access denied, request: ConfigBatchListenRequest, reason: user not found!

2024-11-26 16:03:26,885 DEBUG auth start, request: ConfigBatchListenRequest

2024-11-26 16:03:26,886 DEBUG access denied, request: ConfigBatchListenRequest, reason: user not found!

2024-11-26 16:03:31,893 DEBUG auth start, request: ConfigBatchListenRequest

2024-11-26 16:03:31,894 DEBUG access denied, request: ConfigBatchListenRequest, reason: user not found!

2024-11-26 16:03:36,901 DEBUG auth start, request: ConfigBatchListenRequest

2024-11-26 16:03:36,902 DEBUG access denied, request: ConfigBatchListenRequest, reason: user not found!

2024-11-26 16:03:41,909 DEBUG auth start, request: ConfigBatchListenRequest

2024-11-26 16:03:41,910 DEBUG access denied, request: ConfigBatchListenRequest, reason: user not found!

2024-11-26 16:03:46,917 DEBUG auth start, request: ConfigBatchListenRequest

2024-11-26 16:03:46,918 DEBUG access denied, request: ConfigBatchListenRequest, reason: user not found!

2024-11-26 16:03:51,925 DEBUG auth start, request: ConfigBatchListenRequest

2024-11-26 16:03:51,926 DEBUG access denied, request: ConfigBatchListenRequest, reason: user not found!

2024-11-26 16:03:56,933 DEBUG auth start, request: ConfigBatchListenRequest

2024-11-26 16:03:56,934 DEBUG access denied, request: ConfigBatchListenRequest, reason: user not found!

2024-11-26 16:04:01,942 DEBUG auth start, request: ConfigBatchListenRequest

2024-11-26 16:04:01,943 DEBUG access denied, request: ConfigBatchListenRequest, reason: user not found!

2024-11-26 16:04:06,950 DEBUG auth start, request: ConfigBatchListenRequest

2024-11-26 16:04:06,950 DEBUG access denied, request: ConfigBatchListenRequest, reason: user not found!

2024-11-26 16:04:11,958 DEBUG auth start, request: ConfigBatchListenRequest

2024-11-26 16:04:11,959 DEBUG access denied, request: ConfigBatchListenRequest, reason: user not found!

2024-11-26 16:04:16,965 DEBUG auth start, request: ConfigBatchListenRequest

2024-11-26 16:04:16,966 DEBUG access denied, request: ConfigBatchListenRequest, reason: user not found!

2024-11-26 16:04:21,972 DEBUG auth start, request: ConfigBatchListenRequest

2024-11-26 16:04:21,973 DEBUG access denied, request: ConfigBatchListenRequest, reason: user not found!

2024-11-26 16:04:26,980 DEBUG auth start, request: ConfigBatchListenRequest

2024-11-26 16:04:26,981 DEBUG access denied, request: ConfigBatchListenRequest, reason: user not found!

2024-11-26 16:04:27,463 DEBUG auth start, request: GET /nacos/v1/cs/configs

2024-11-26 16:04:27,465 DEBUG auth permission: Permission{resource='Resource{namespaceId='', group='', name='', type='config', properties={action=r}}', action='r'}, nacosUser: NacosUser{token='eyJhbGciOiJIUzM4NCJ9.eyJzdWIiOiJuYWNvcyIsImV4cCI6MTczMjYyNjI0OH0.Xxtcm3mknrBHfrRyWtt21fV1VcGvTuk5uazDtB2v6XgxQofTyEYHGsflBdB52nWU', globalAdmin=false}

2024-11-26 16:04:31,987 DEBUG auth start, request: ConfigBatchListenRequest

2024-11-26 16:04:31,988 DEBUG access denied, request: ConfigBatchListenRequest, reason: user not found!

2024-11-26 16:04:36,994 DEBUG auth start, request: ConfigBatchListenRequest

2024-11-26 16:04:36,996 DEBUG access denied, request: ConfigBatchListenRequest, reason: user not found!

2024-11-26 16:04:42,002 DEBUG auth start, request: ConfigBatchListenRequest

2024-11-26 16:04:42,003 DEBUG access denied, request: ConfigBatchListenRequest, reason: user not found!

2024-11-26 16:04:44,753 DEBUG auth start, request: GET /nacos/v1/core/cluster/nodes

2024-11-26 16:04:44,755 DEBUG auth permission: Permission{resource='Resource{namespaceId='null', group='null', name='/v1/core/cluster', type='specified', properties=null}', action='r'}, nacosUser: NacosUser{token='eyJhbGciOiJIUzM4NCJ9.eyJzdWIiOiJuYWNvcyIsImV4cCI6MTczMjYyNjI0OH0.Xxtcm3mknrBHfrRyWtt21fV1VcGvTuk5uazDtB2v6XgxQofTyEYHGsflBdB52nWU', globalAdmin=false}

2024-11-26 16:04:47,009 DEBUG auth start, request: ConfigBatchListenRequest

2024-11-26 16:04:47,010 DEBUG access denied, request: ConfigBatchListenRequest, reason: user not found!

2024-11-26 16:04:52,017 DEBUG auth start, request: ConfigBatchListenRequest

2024-11-26 16:04:52,018 DEBUG access denied, request: ConfigBatchListenRequest, reason: user not found!

2024-11-26 16:04:57,027 DEBUG auth start, request: ConfigBatchListenRequest

2024-11-26 16:04:57,028 DEBUG access denied, request: ConfigBatchListenRequest, reason: user not found!

2024-11-26 16:05:02,035 DEBUG auth start, request: ConfigBatchListenRequest

2024-11-26 16:05:02,036 DEBUG access denied, request: ConfigBatchListenRequest, reason: user not found!

2024-11-26 16:05:07,042 DEBUG auth start, request: ConfigBatchListenRequest

2024-11-26 16:05:07,043 DEBUG access denied, request: ConfigBatchListenRequest, reason: user not found!

2024-11-26 16:05:11,801 DEBUG auth start, request: GET /nacos/v1/ns/catalog/services

2024-11-26 16:05:11,802 DEBUG auth permission: Permission{resource='Resource{namespaceId='', group='', name='', type='naming', properties={action=r}}', action='r'}, nacosUser: NacosUser{token='eyJhbGciOiJIUzM4NCJ9.eyJzdWIiOiJuYWNvcyIsImV4cCI6MTczMjYyNjI0OH0.Xxtcm3mknrBHfrRyWtt21fV1VcGvTuk5uazDtB2v6XgxQofTyEYHGsflBdB52nWU', globalAdmin=false}

2024-11-26 16:05:12,050 DEBUG auth start, request: ConfigBatchListenRequest

2024-11-26 16:05:12,050 DEBUG access denied, request: ConfigBatchListenRequest, reason: user not found!

2024-11-26 16:05:12,902 DEBUG auth start, request: GET /nacos/v1/ns/catalog/services

2024-11-26 16:05:12,903 DEBUG auth permission: Permission{resource='Resource{namespaceId='', group='', name='', type='naming', properties={action=r}}', action='r'}, nacosUser: NacosUser{token='eyJhbGciOiJIUzM4NCJ9.eyJzdWIiOiJuYWNvcyIsImV4cCI6MTczMjYyNjI0OH0.Xxtcm3mknrBHfrRyWtt21fV1VcGvTuk5uazDtB2v6XgxQofTyEYHGsflBdB52nWU', globalAdmin=false}

2024-11-26 16:05:15,195 DEBUG auth start, request: GET /nacos/v1/ns/catalog/services

2024-11-26 16:05:15,196 DEBUG auth permission: Permission{resource='Resource{namespaceId='', group='', name='', type='naming', properties={action=r}}', action='r'}, nacosUser: NacosUser{token='eyJhbGciOiJIUzM4NCJ9.eyJzdWIiOiJuYWNvcyIsImV4cCI6MTczMjYyNjI0OH0.Xxtcm3mknrBHfrRyWtt21fV1VcGvTuk5uazDtB2v6XgxQofTyEYHGsflBdB52nWU', globalAdmin=false}

2024-11-26 16:05:17,057 DEBUG auth start, request: ConfigBatchListenRequest

2024-11-26 16:05:17,058 DEBUG access denied, request: ConfigBatchListenRequest, reason: user not found!

2024-11-26 16:05:22,065 DEBUG auth start, request: ConfigBatchListenRequest

2024-11-26 16:05:22,066 DEBUG access denied, request: ConfigBatchListenRequest, reason: user not found!

