2024-11-26 12:30:09,747 INFO Not configure type of control plugin, no limit control for current node.

2024-11-26 12:30:09,749 INFO Load connection metrics collector,size=2,[com.alibaba.nacos.config.server.service.LongPollingConnectionMetricsCollector@55a8dc49, com.alibaba.nacos.core.remote.LongConnectionMetricsCollector@53cdecf6]

2024-11-26 12:30:09,750 INFO No connection rule content found ,use default empty rule 

2024-11-26 12:30:09,779 INFO No tps control rule of CONFIG_PUSH_COUNT found,content =null  

2024-11-26 12:30:09,780 WARN Tps point for CONFIG_PUSH_COUNT registered, But tps control manager is no limit implementation.

2024-11-26 12:30:09,781 INFO No tps control rule of CONFIG_PUSH_SUCCESS found,content =null  

2024-11-26 12:30:09,781 WARN Tps point for CONFIG_PUSH_SUCCESS registered, But tps control manager is no limit implementation.

2024-11-26 12:30:09,782 INFO No tps control rule of CONFIG_PUSH_FAIL found,content =null  

2024-11-26 12:30:09,782 WARN Tps point for CONFIG_PUSH_FAIL registered, But tps control manager is no limit implementation.

2024-11-26 12:30:14,240 INFO No tps control rule of ConfigQuery found,content =null  

2024-11-26 12:30:14,241 WARN Tps point for ConfigQuery registered, But tps control manager is no limit implementation.

2024-11-26 12:30:14,241 INFO No tps control rule of ClusterConfigChangeNotify found,content =null  

2024-11-26 12:30:14,242 WARN Tps point for ClusterConfigChangeNotify registered, But tps control manager is no limit implementation.

2024-11-26 12:30:14,252 INFO No tps control rule of ConfigListen found,content =null  

2024-11-26 12:30:14,253 WARN Tps point for ConfigListen registered, But tps control manager is no limit implementation.

2024-11-26 12:30:14,253 INFO No tps control rule of ConfigRemove found,content =null  

2024-11-26 12:30:14,254 WARN Tps point for ConfigRemove registered, But tps control manager is no limit implementation.

2024-11-26 12:30:14,254 INFO No tps control rule of ConfigPublish found,content =null  

2024-11-26 12:30:14,255 WARN Tps point for ConfigPublish registered, But tps control manager is no limit implementation.

2024-11-26 12:30:14,255 INFO No tps control rule of HealthCheck found,content =null  

2024-11-26 12:30:14,255 WARN Tps point for HealthCheck registered, But tps control manager is no limit implementation.

2024-11-26 12:30:14,256 INFO No tps control rule of RemoteNamingServiceQuery found,content =null  

2024-11-26 12:30:14,256 WARN Tps point for RemoteNamingServiceQuery registered, But tps control manager is no limit implementation.

2024-11-26 12:30:14,256 INFO No tps control rule of RemoteNamingInstanceBatchRegister found,content =null  

2024-11-26 12:30:14,257 WARN Tps point for RemoteNamingInstanceBatchRegister registered, But tps control manager is no limit implementation.

2024-11-26 12:30:14,257 INFO No tps control rule of RemoteNamingInstanceRegisterDeregister found,content =null  

2024-11-26 12:30:14,258 WARN Tps point for RemoteNamingInstanceRegisterDeregister registered, But tps control manager is no limit implementation.

2024-11-26 12:30:14,258 INFO No tps control rule of RemoteNamingServiceListQuery found,content =null  

2024-11-26 12:30:14,259 WARN Tps point for RemoteNamingServiceListQuery registered, But tps control manager is no limit implementation.

2024-11-26 12:30:14,259 INFO No tps control rule of RemoteNamingServiceSubscribeUnSubscribe found,content =null  

2024-11-26 12:30:14,259 WARN Tps point for RemoteNamingServiceSubscribeUnSubscribe registered, But tps control manager is no limit implementation.

2024-11-26 12:30:14,260 WARN Tps point for RemoteNamingInstanceRegisterDeregister registered, But tps control manager is no limit implementation.

2024-11-26 12:30:14,261 INFO No tps control rule of NamingInstanceRegister found,content =null  

2024-11-26 12:30:14,262 WARN Tps point for NamingInstanceRegister registered, But tps control manager is no limit implementation.

2024-11-26 12:30:14,262 WARN Tps point for ConfigQuery registered, But tps control manager is no limit implementation.

2024-11-26 12:30:14,263 INFO No tps control rule of NamingServiceDeregister found,content =null  

2024-11-26 12:30:14,264 WARN Tps point for NamingServiceDeregister registered, But tps control manager is no limit implementation.

2024-11-26 12:30:14,264 INFO No tps control rule of NamingServiceSubscribe found,content =null  

2024-11-26 12:30:14,265 WARN Tps point for NamingServiceSubscribe registered, But tps control manager is no limit implementation.

2024-11-26 12:30:14,265 INFO No tps control rule of NamingServiceUpdate found,content =null  

2024-11-26 12:30:14,266 WARN Tps point for NamingServiceUpdate registered, But tps control manager is no limit implementation.

2024-11-26 12:30:14,266 INFO No tps control rule of HttpHealthCheck found,content =null  

2024-11-26 12:30:14,266 WARN Tps point for HttpHealthCheck registered, But tps control manager is no limit implementation.

2024-11-26 12:30:14,267 INFO No tps control rule of NamingInstanceUpdate found,content =null  

2024-11-26 12:30:14,267 WARN Tps point for NamingInstanceUpdate registered, But tps control manager is no limit implementation.

2024-11-26 12:30:14,268 INFO No tps control rule of NamingInstanceQuery found,content =null  

2024-11-26 12:30:14,268 WARN Tps point for NamingInstanceQuery registered, But tps control manager is no limit implementation.

2024-11-26 12:30:14,269 INFO No tps control rule of NamingServiceListQuery found,content =null  

2024-11-26 12:30:14,269 WARN Tps point for NamingServiceListQuery registered, But tps control manager is no limit implementation.

2024-11-26 12:30:14,270 WARN Tps point for NamingServiceUpdate registered, But tps control manager is no limit implementation.

2024-11-26 12:30:14,271 INFO No tps control rule of NamingInstanceMetadataUpdate found,content =null  

2024-11-26 12:30:14,271 WARN Tps point for NamingInstanceMetadataUpdate registered, But tps control manager is no limit implementation.

2024-11-26 12:30:14,272 WARN Tps point for ConfigPublish registered, But tps control manager is no limit implementation.

2024-11-26 12:30:14,273 WARN Tps point for NamingInstanceRegister registered, But tps control manager is no limit implementation.

2024-11-26 12:30:14,273 WARN Tps point for HttpHealthCheck registered, But tps control manager is no limit implementation.

2024-11-26 12:30:14,273 INFO No tps control rule of NamingInstanceDeregister found,content =null  

2024-11-26 12:30:14,274 WARN Tps point for NamingInstanceDeregister registered, But tps control manager is no limit implementation.

2024-11-26 12:30:14,274 WARN Tps point for NamingInstanceQuery registered, But tps control manager is no limit implementation.

2024-11-26 12:30:14,274 WARN Tps point for NamingInstanceUpdate registered, But tps control manager is no limit implementation.

2024-11-26 12:30:14,275 WARN Tps point for NamingServiceListQuery registered, But tps control manager is no limit implementation.

2024-11-26 12:30:14,275 WARN Tps point for NamingInstanceDeregister registered, But tps control manager is no limit implementation.

2024-11-26 12:30:14,276 INFO No tps control rule of NamingServiceRegister found,content =null  

2024-11-26 12:30:14,276 WARN Tps point for NamingServiceRegister registered, But tps control manager is no limit implementation.

2024-11-26 12:30:14,277 INFO No tps control rule of NamingServiceQuery found,content =null  

2024-11-26 12:30:14,277 WARN Tps point for NamingServiceQuery registered, But tps control manager is no limit implementation.

2024-11-26 12:30:14,278 WARN Tps point for NamingInstanceMetadataUpdate registered, But tps control manager is no limit implementation.

2024-11-26 12:30:14,278 WARN Tps point for NamingServiceQuery registered, But tps control manager is no limit implementation.

2024-11-26 12:30:14,279 WARN Tps point for NamingServiceRegister registered, But tps control manager is no limit implementation.

2024-11-26 12:30:14,280 WARN Tps point for NamingServiceSubscribe registered, But tps control manager is no limit implementation.

2024-11-26 12:30:14,280 WARN Tps point for NamingServiceDeregister registered, But tps control manager is no limit implementation.

2024-11-26 12:30:14,281 WARN Tps point for NamingInstanceMetadataUpdate registered, But tps control manager is no limit implementation.

2024-11-26 12:30:14,281 WARN Tps point for NamingInstanceMetadataUpdate registered, But tps control manager is no limit implementation.

2024-11-26 12:34:00,024 INFO Not configure type of control plugin, no limit control for current node.

2024-11-26 12:34:00,029 INFO Load connection metrics collector,size=2,[com.alibaba.nacos.config.server.service.LongPollingConnectionMetricsCollector@3f3ddbd9, com.alibaba.nacos.core.remote.LongConnectionMetricsCollector@6c2d4cc6]

2024-11-26 12:34:00,031 INFO No connection rule content found ,use default empty rule 

2024-11-26 12:34:00,069 INFO No tps control rule of CONFIG_PUSH_COUNT found,content =null  

2024-11-26 12:34:00,075 WARN Tps point for CONFIG_PUSH_COUNT registered, But tps control manager is no limit implementation.

2024-11-26 12:34:00,078 INFO No tps control rule of CONFIG_PUSH_SUCCESS found,content =null  

2024-11-26 12:34:00,079 WARN Tps point for CONFIG_PUSH_SUCCESS registered, But tps control manager is no limit implementation.

2024-11-26 12:34:00,080 INFO No tps control rule of CONFIG_PUSH_FAIL found,content =null  

2024-11-26 12:34:00,081 WARN Tps point for CONFIG_PUSH_FAIL registered, But tps control manager is no limit implementation.

2024-11-26 12:34:05,066 INFO No tps control rule of ConfigQuery found,content =null  

2024-11-26 12:34:05,068 WARN Tps point for ConfigQuery registered, But tps control manager is no limit implementation.

2024-11-26 12:34:05,070 INFO No tps control rule of ClusterConfigChangeNotify found,content =null  

2024-11-26 12:34:05,070 WARN Tps point for ClusterConfigChangeNotify registered, But tps control manager is no limit implementation.

2024-11-26 12:34:05,083 INFO No tps control rule of ConfigListen found,content =null  

2024-11-26 12:34:05,084 WARN Tps point for ConfigListen registered, But tps control manager is no limit implementation.

2024-11-26 12:34:05,085 INFO No tps control rule of ConfigRemove found,content =null  

2024-11-26 12:34:05,087 WARN Tps point for ConfigRemove registered, But tps control manager is no limit implementation.

2024-11-26 12:34:05,088 INFO No tps control rule of ConfigPublish found,content =null  

2024-11-26 12:34:05,090 WARN Tps point for ConfigPublish registered, But tps control manager is no limit implementation.

2024-11-26 12:34:05,091 INFO No tps control rule of HealthCheck found,content =null  

2024-11-26 12:34:05,092 WARN Tps point for HealthCheck registered, But tps control manager is no limit implementation.

2024-11-26 12:34:05,092 INFO No tps control rule of RemoteNamingServiceQuery found,content =null  

2024-11-26 12:34:05,093 WARN Tps point for RemoteNamingServiceQuery registered, But tps control manager is no limit implementation.

2024-11-26 12:34:05,093 INFO No tps control rule of RemoteNamingInstanceBatchRegister found,content =null  

2024-11-26 12:34:05,094 WARN Tps point for RemoteNamingInstanceBatchRegister registered, But tps control manager is no limit implementation.

2024-11-26 12:34:05,096 INFO No tps control rule of RemoteNamingInstanceRegisterDeregister found,content =null  

2024-11-26 12:34:05,097 WARN Tps point for RemoteNamingInstanceRegisterDeregister registered, But tps control manager is no limit implementation.

2024-11-26 12:34:05,098 INFO No tps control rule of RemoteNamingServiceListQuery found,content =null  

2024-11-26 12:34:05,098 WARN Tps point for RemoteNamingServiceListQuery registered, But tps control manager is no limit implementation.

2024-11-26 12:34:05,099 INFO No tps control rule of RemoteNamingServiceSubscribeUnSubscribe found,content =null  

2024-11-26 12:34:05,100 WARN Tps point for RemoteNamingServiceSubscribeUnSubscribe registered, But tps control manager is no limit implementation.

2024-11-26 12:34:05,100 WARN Tps point for RemoteNamingInstanceRegisterDeregister registered, But tps control manager is no limit implementation.

2024-11-26 12:34:05,103 INFO No tps control rule of NamingInstanceQuery found,content =null  

2024-11-26 12:34:05,103 WARN Tps point for NamingInstanceQuery registered, But tps control manager is no limit implementation.

2024-11-26 12:34:05,103 INFO No tps control rule of NamingInstanceUpdate found,content =null  

2024-11-26 12:34:05,104 WARN Tps point for NamingInstanceUpdate registered, But tps control manager is no limit implementation.

2024-11-26 12:34:05,105 INFO No tps control rule of NamingServiceUpdate found,content =null  

2024-11-26 12:34:05,109 WARN Tps point for NamingServiceUpdate registered, But tps control manager is no limit implementation.

2024-11-26 12:34:05,110 INFO No tps control rule of NamingServiceQuery found,content =null  

2024-11-26 12:34:05,111 WARN Tps point for NamingServiceQuery registered, But tps control manager is no limit implementation.

2024-11-26 12:34:05,113 INFO No tps control rule of HttpHealthCheck found,content =null  

2024-11-26 12:34:05,114 WARN Tps point for HttpHealthCheck registered, But tps control manager is no limit implementation.

2024-11-26 12:34:05,115 INFO No tps control rule of NamingServiceRegister found,content =null  

2024-11-26 12:34:05,116 WARN Tps point for NamingServiceRegister registered, But tps control manager is no limit implementation.

2024-11-26 12:34:05,116 INFO No tps control rule of NamingServiceSubscribe found,content =null  

2024-11-26 12:34:05,117 WARN Tps point for NamingServiceSubscribe registered, But tps control manager is no limit implementation.

2024-11-26 12:34:05,120 INFO No tps control rule of NamingInstanceMetadataUpdate found,content =null  

2024-11-26 12:34:05,121 WARN Tps point for NamingInstanceMetadataUpdate registered, But tps control manager is no limit implementation.

2024-11-26 12:34:05,121 WARN Tps point for NamingInstanceUpdate registered, But tps control manager is no limit implementation.

2024-11-26 12:34:05,122 WARN Tps point for NamingServiceQuery registered, But tps control manager is no limit implementation.

2024-11-26 12:34:05,122 WARN Tps point for NamingInstanceMetadataUpdate registered, But tps control manager is no limit implementation.

2024-11-26 12:34:05,123 INFO No tps control rule of NamingServiceDeregister found,content =null  

2024-11-26 12:34:05,123 WARN Tps point for NamingServiceDeregister registered, But tps control manager is no limit implementation.

2024-11-26 12:34:05,124 INFO No tps control rule of NamingServiceListQuery found,content =null  

2024-11-26 12:34:05,125 WARN Tps point for NamingServiceListQuery registered, But tps control manager is no limit implementation.

2024-11-26 12:34:05,125 INFO No tps control rule of NamingInstanceDeregister found,content =null  

2024-11-26 12:34:05,126 WARN Tps point for NamingInstanceDeregister registered, But tps control manager is no limit implementation.

2024-11-26 12:34:05,126 INFO No tps control rule of NamingInstanceRegister found,content =null  

2024-11-26 12:34:05,127 WARN Tps point for NamingInstanceRegister registered, But tps control manager is no limit implementation.

2024-11-26 12:34:05,128 WARN Tps point for NamingInstanceMetadataUpdate registered, But tps control manager is no limit implementation.

2024-11-26 12:34:05,128 WARN Tps point for ConfigPublish registered, But tps control manager is no limit implementation.

2024-11-26 12:34:05,129 WARN Tps point for NamingInstanceQuery registered, But tps control manager is no limit implementation.

2024-11-26 12:34:05,130 WARN Tps point for NamingServiceSubscribe registered, But tps control manager is no limit implementation.

2024-11-26 12:34:05,130 WARN Tps point for HttpHealthCheck registered, But tps control manager is no limit implementation.

2024-11-26 12:34:05,131 WARN Tps point for ConfigQuery registered, But tps control manager is no limit implementation.

2024-11-26 12:34:05,131 WARN Tps point for NamingServiceRegister registered, But tps control manager is no limit implementation.

2024-11-26 12:34:05,132 WARN Tps point for NamingInstanceMetadataUpdate registered, But tps control manager is no limit implementation.

2024-11-26 12:34:05,134 WARN Tps point for NamingServiceListQuery registered, But tps control manager is no limit implementation.

2024-11-26 12:34:05,136 WARN Tps point for NamingServiceDeregister registered, But tps control manager is no limit implementation.

2024-11-26 12:34:05,136 WARN Tps point for NamingInstanceDeregister registered, But tps control manager is no limit implementation.

2024-11-26 12:34:05,137 WARN Tps point for NamingServiceUpdate registered, But tps control manager is no limit implementation.

2024-11-26 12:34:05,137 WARN Tps point for NamingInstanceRegister registered, But tps control manager is no limit implementation.

2024-11-26 12:38:20,480 INFO Not configure type of control plugin, no limit control for current node.

2024-11-26 12:38:20,482 INFO Load connection metrics collector,size=2,[com.alibaba.nacos.config.server.service.LongPollingConnectionMetricsCollector@1162410a, com.alibaba.nacos.core.remote.LongConnectionMetricsCollector@62df0ff3]

2024-11-26 12:38:20,484 INFO No connection rule content found ,use default empty rule 

2024-11-26 12:38:20,513 INFO No tps control rule of CONFIG_PUSH_COUNT found,content =null  

2024-11-26 12:38:20,514 WARN Tps point for CONFIG_PUSH_COUNT registered, But tps control manager is no limit implementation.

2024-11-26 12:38:20,514 INFO No tps control rule of CONFIG_PUSH_SUCCESS found,content =null  

2024-11-26 12:38:20,514 WARN Tps point for CONFIG_PUSH_SUCCESS registered, But tps control manager is no limit implementation.

2024-11-26 12:38:20,515 INFO No tps control rule of CONFIG_PUSH_FAIL found,content =null  

2024-11-26 12:38:20,516 WARN Tps point for CONFIG_PUSH_FAIL registered, But tps control manager is no limit implementation.

2024-11-26 12:38:24,993 INFO No tps control rule of ConfigQuery found,content =null  

2024-11-26 12:38:24,994 WARN Tps point for ConfigQuery registered, But tps control manager is no limit implementation.

2024-11-26 12:38:24,994 INFO No tps control rule of ClusterConfigChangeNotify found,content =null  

2024-11-26 12:38:24,998 WARN Tps point for ClusterConfigChangeNotify registered, But tps control manager is no limit implementation.

2024-11-26 12:38:25,007 INFO No tps control rule of ConfigListen found,content =null  

2024-11-26 12:38:25,008 WARN Tps point for ConfigListen registered, But tps control manager is no limit implementation.

2024-11-26 12:38:25,008 INFO No tps control rule of ConfigRemove found,content =null  

2024-11-26 12:38:25,009 WARN Tps point for ConfigRemove registered, But tps control manager is no limit implementation.

2024-11-26 12:38:25,009 INFO No tps control rule of ConfigPublish found,content =null  

2024-11-26 12:38:25,010 WARN Tps point for ConfigPublish registered, But tps control manager is no limit implementation.

2024-11-26 12:38:25,010 INFO No tps control rule of HealthCheck found,content =null  

2024-11-26 12:38:25,010 WARN Tps point for HealthCheck registered, But tps control manager is no limit implementation.

2024-11-26 12:38:25,011 INFO No tps control rule of RemoteNamingServiceQuery found,content =null  

2024-11-26 12:38:25,011 WARN Tps point for RemoteNamingServiceQuery registered, But tps control manager is no limit implementation.

2024-11-26 12:38:25,012 INFO No tps control rule of RemoteNamingInstanceBatchRegister found,content =null  

2024-11-26 12:38:25,012 WARN Tps point for RemoteNamingInstanceBatchRegister registered, But tps control manager is no limit implementation.

2024-11-26 12:38:25,012 INFO No tps control rule of RemoteNamingInstanceRegisterDeregister found,content =null  

2024-11-26 12:38:25,013 WARN Tps point for RemoteNamingInstanceRegisterDeregister registered, But tps control manager is no limit implementation.

2024-11-26 12:38:25,013 INFO No tps control rule of RemoteNamingServiceListQuery found,content =null  

2024-11-26 12:38:25,013 WARN Tps point for RemoteNamingServiceListQuery registered, But tps control manager is no limit implementation.

2024-11-26 12:38:25,014 INFO No tps control rule of RemoteNamingServiceSubscribeUnSubscribe found,content =null  

2024-11-26 12:38:25,014 WARN Tps point for RemoteNamingServiceSubscribeUnSubscribe registered, But tps control manager is no limit implementation.

2024-11-26 12:38:25,015 WARN Tps point for RemoteNamingInstanceRegisterDeregister registered, But tps control manager is no limit implementation.

2024-11-26 12:38:25,016 INFO No tps control rule of NamingInstanceQuery found,content =null  

2024-11-26 12:38:25,017 WARN Tps point for NamingInstanceQuery registered, But tps control manager is no limit implementation.

2024-11-26 12:38:25,017 INFO No tps control rule of NamingInstanceUpdate found,content =null  

2024-11-26 12:38:25,017 WARN Tps point for NamingInstanceUpdate registered, But tps control manager is no limit implementation.

2024-11-26 12:38:25,018 INFO No tps control rule of NamingServiceListQuery found,content =null  

2024-11-26 12:38:25,018 WARN Tps point for NamingServiceListQuery registered, But tps control manager is no limit implementation.

2024-11-26 12:38:25,019 INFO No tps control rule of HttpHealthCheck found,content =null  

2024-11-26 12:38:25,019 WARN Tps point for HttpHealthCheck registered, But tps control manager is no limit implementation.

2024-11-26 12:38:25,020 INFO No tps control rule of NamingServiceUpdate found,content =null  

2024-11-26 12:38:25,020 WARN Tps point for NamingServiceUpdate registered, But tps control manager is no limit implementation.

2024-11-26 12:38:25,020 INFO No tps control rule of NamingInstanceRegister found,content =null  

2024-11-26 12:38:25,021 WARN Tps point for NamingInstanceRegister registered, But tps control manager is no limit implementation.

2024-11-26 12:38:25,021 INFO No tps control rule of NamingServiceSubscribe found,content =null  

2024-11-26 12:38:25,021 WARN Tps point for NamingServiceSubscribe registered, But tps control manager is no limit implementation.

2024-11-26 12:38:25,022 WARN Tps point for ConfigPublish registered, But tps control manager is no limit implementation.

2024-11-26 12:38:25,022 INFO No tps control rule of NamingServiceQuery found,content =null  

2024-11-26 12:38:25,023 WARN Tps point for NamingServiceQuery registered, But tps control manager is no limit implementation.

2024-11-26 12:38:25,023 WARN Tps point for NamingInstanceQuery registered, But tps control manager is no limit implementation.

2024-11-26 12:38:25,023 WARN Tps point for ConfigQuery registered, But tps control manager is no limit implementation.

2024-11-26 12:38:25,024 WARN Tps point for NamingServiceSubscribe registered, But tps control manager is no limit implementation.

2024-11-26 12:38:25,025 INFO No tps control rule of NamingInstanceDeregister found,content =null  

2024-11-26 12:38:25,026 WARN Tps point for NamingInstanceDeregister registered, But tps control manager is no limit implementation.

2024-11-26 12:38:25,026 INFO No tps control rule of NamingInstanceMetadataUpdate found,content =null  

2024-11-26 12:38:25,026 WARN Tps point for NamingInstanceMetadataUpdate registered, But tps control manager is no limit implementation.

2024-11-26 12:38:25,027 WARN Tps point for NamingInstanceMetadataUpdate registered, But tps control manager is no limit implementation.

2024-11-26 12:38:25,027 INFO No tps control rule of NamingServiceDeregister found,content =null  

2024-11-26 12:38:25,028 WARN Tps point for NamingServiceDeregister registered, But tps control manager is no limit implementation.

2024-11-26 12:38:25,028 INFO No tps control rule of NamingServiceRegister found,content =null  

2024-11-26 12:38:25,029 WARN Tps point for NamingServiceRegister registered, But tps control manager is no limit implementation.

2024-11-26 12:38:25,029 WARN Tps point for NamingInstanceMetadataUpdate registered, But tps control manager is no limit implementation.

2024-11-26 12:38:25,030 WARN Tps point for NamingInstanceDeregister registered, But tps control manager is no limit implementation.

2024-11-26 12:38:25,030 WARN Tps point for NamingServiceListQuery registered, But tps control manager is no limit implementation.

2024-11-26 12:38:25,031 WARN Tps point for NamingServiceRegister registered, But tps control manager is no limit implementation.

2024-11-26 12:38:25,032 WARN Tps point for NamingServiceDeregister registered, But tps control manager is no limit implementation.

2024-11-26 12:38:25,032 WARN Tps point for NamingInstanceMetadataUpdate registered, But tps control manager is no limit implementation.

2024-11-26 12:38:25,032 WARN Tps point for NamingServiceUpdate registered, But tps control manager is no limit implementation.

2024-11-26 12:38:25,033 WARN Tps point for HttpHealthCheck registered, But tps control manager is no limit implementation.

2024-11-26 12:38:25,033 WARN Tps point for NamingServiceQuery registered, But tps control manager is no limit implementation.

2024-11-26 12:38:25,034 WARN Tps point for NamingInstanceUpdate registered, But tps control manager is no limit implementation.

2024-11-26 12:38:25,034 WARN Tps point for NamingInstanceRegister registered, But tps control manager is no limit implementation.

2024-11-26 15:38:30,377 INFO No tps control rule of NAMING_RPC_PUSH found,content =null  

2024-11-26 15:38:30,378 WARN Tps point for NAMING_RPC_PUSH registered, But tps control manager is no limit implementation.

2024-11-26 15:38:30,378 INFO No tps control rule of NAMING_RPC_PUSH_SUCCESS found,content =null  

2024-11-26 15:38:30,378 WARN Tps point for NAMING_RPC_PUSH_SUCCESS registered, But tps control manager is no limit implementation.

2024-11-26 15:38:30,379 INFO No tps control rule of NAMING_RPC_PUSH_FAIL found,content =null  

2024-11-26 15:38:30,379 WARN Tps point for NAMING_RPC_PUSH_FAIL registered, But tps control manager is no limit implementation.

2024-11-26 15:38:30,379 INFO No tps control rule of NAMING_UDP_PUSH found,content =null  

2024-11-26 15:38:30,379 WARN Tps point for NAMING_UDP_PUSH registered, But tps control manager is no limit implementation.

2024-11-26 15:38:30,380 INFO No tps control rule of NAMING_UDP_PUSH_SUCCESS found,content =null  

2024-11-26 15:38:30,380 WARN Tps point for NAMING_UDP_PUSH_SUCCESS registered, But tps control manager is no limit implementation.

2024-11-26 15:38:30,380 INFO No tps control rule of NAMING_UDP_PUSH_FAIL found,content =null  

2024-11-26 15:38:30,381 WARN Tps point for NAMING_UDP_PUSH_FAIL registered, But tps control manager is no limit implementation.

2024-11-26 15:38:30,381 INFO No tps control rule of NAMING_DISTRO_SYNC found,content =null  

2024-11-26 15:38:30,381 WARN Tps point for NAMING_DISTRO_SYNC registered, But tps control manager is no limit implementation.

2024-11-26 15:38:30,381 INFO No tps control rule of NAMING_DISTRO_SYNC_SUCCESS found,content =null  

2024-11-26 15:38:30,382 WARN Tps point for NAMING_DISTRO_SYNC_SUCCESS registered, But tps control manager is no limit implementation.

2024-11-26 15:38:30,382 INFO No tps control rule of NAMING_DISTRO_SYNC_FAIL found,content =null  

2024-11-26 15:38:30,382 WARN Tps point for NAMING_DISTRO_SYNC_FAIL registered, But tps control manager is no limit implementation.

2024-11-26 15:38:30,382 INFO No tps control rule of NAMING_DISTRO_VERIFY found,content =null  

2024-11-26 15:38:30,382 WARN Tps point for NAMING_DISTRO_VERIFY registered, But tps control manager is no limit implementation.

2024-11-26 15:38:30,383 INFO No tps control rule of NAMING_DISTRO_VERIFY_SUCCESS found,content =null  

2024-11-26 15:38:30,383 WARN Tps point for NAMING_DISTRO_VERIFY_SUCCESS registered, But tps control manager is no limit implementation.

2024-11-26 15:38:30,383 INFO No tps control rule of NAMING_DISTRO_VERIFY_FAIL found,content =null  

2024-11-26 15:38:30,383 WARN Tps point for NAMING_DISTRO_VERIFY_FAIL registered, But tps control manager is no limit implementation.

2024-11-26 16:02:49,341 INFO Not configure type of control plugin, no limit control for current node.

2024-11-26 16:02:49,343 INFO Load connection metrics collector,size=2,[com.alibaba.nacos.config.server.service.LongPollingConnectionMetricsCollector@6594402a, com.alibaba.nacos.core.remote.LongConnectionMetricsCollector@405325cf]

2024-11-26 16:02:49,346 INFO No connection rule content found ,use default empty rule 

2024-11-26 16:02:49,362 INFO No tps control rule of CONFIG_PUSH_COUNT found,content =null  

2024-11-26 16:02:49,363 WARN Tps point for CONFIG_PUSH_COUNT registered, But tps control manager is no limit implementation.

2024-11-26 16:02:49,364 INFO No tps control rule of CONFIG_PUSH_SUCCESS found,content =null  

2024-11-26 16:02:49,364 WARN Tps point for CONFIG_PUSH_SUCCESS registered, But tps control manager is no limit implementation.

2024-11-26 16:02:49,364 INFO No tps control rule of CONFIG_PUSH_FAIL found,content =null  

2024-11-26 16:02:49,365 WARN Tps point for CONFIG_PUSH_FAIL registered, But tps control manager is no limit implementation.

2024-11-26 16:02:53,755 INFO No tps control rule of ConfigQuery found,content =null  

2024-11-26 16:02:53,759 WARN Tps point for ConfigQuery registered, But tps control manager is no limit implementation.

2024-11-26 16:02:53,761 INFO No tps control rule of ClusterConfigChangeNotify found,content =null  

2024-11-26 16:02:53,762 WARN Tps point for ClusterConfigChangeNotify registered, But tps control manager is no limit implementation.

2024-11-26 16:02:53,770 INFO No tps control rule of ConfigListen found,content =null  

2024-11-26 16:02:53,771 WARN Tps point for ConfigListen registered, But tps control manager is no limit implementation.

2024-11-26 16:02:53,772 INFO No tps control rule of ConfigRemove found,content =null  

2024-11-26 16:02:53,773 WARN Tps point for ConfigRemove registered, But tps control manager is no limit implementation.

2024-11-26 16:02:53,773 INFO No tps control rule of ConfigPublish found,content =null  

2024-11-26 16:02:53,773 WARN Tps point for ConfigPublish registered, But tps control manager is no limit implementation.

2024-11-26 16:02:53,774 INFO No tps control rule of HealthCheck found,content =null  

2024-11-26 16:02:53,775 WARN Tps point for HealthCheck registered, But tps control manager is no limit implementation.

2024-11-26 16:02:53,776 INFO No tps control rule of RemoteNamingServiceQuery found,content =null  

2024-11-26 16:02:53,776 WARN Tps point for RemoteNamingServiceQuery registered, But tps control manager is no limit implementation.

2024-11-26 16:02:53,777 INFO No tps control rule of RemoteNamingInstanceBatchRegister found,content =null  

2024-11-26 16:02:53,777 WARN Tps point for RemoteNamingInstanceBatchRegister registered, But tps control manager is no limit implementation.

2024-11-26 16:02:53,778 INFO No tps control rule of RemoteNamingInstanceRegisterDeregister found,content =null  

2024-11-26 16:02:53,778 WARN Tps point for RemoteNamingInstanceRegisterDeregister registered, But tps control manager is no limit implementation.

2024-11-26 16:02:53,779 INFO No tps control rule of RemoteNamingServiceListQuery found,content =null  

2024-11-26 16:02:53,779 WARN Tps point for RemoteNamingServiceListQuery registered, But tps control manager is no limit implementation.

2024-11-26 16:02:53,779 INFO No tps control rule of RemoteNamingServiceSubscribeUnSubscribe found,content =null  

2024-11-26 16:02:53,780 WARN Tps point for RemoteNamingServiceSubscribeUnSubscribe registered, But tps control manager is no limit implementation.

2024-11-26 16:02:53,780 WARN Tps point for RemoteNamingInstanceRegisterDeregister registered, But tps control manager is no limit implementation.

2024-11-26 16:02:53,781 INFO No tps control rule of NamingInstanceDeregister found,content =null  

2024-11-26 16:02:53,782 WARN Tps point for NamingInstanceDeregister registered, But tps control manager is no limit implementation.

2024-11-26 16:02:53,782 INFO No tps control rule of NamingInstanceMetadataUpdate found,content =null  

2024-11-26 16:02:53,783 WARN Tps point for NamingInstanceMetadataUpdate registered, But tps control manager is no limit implementation.

2024-11-26 16:02:53,783 INFO No tps control rule of NamingServiceListQuery found,content =null  

2024-11-26 16:02:53,784 WARN Tps point for NamingServiceListQuery registered, But tps control manager is no limit implementation.

2024-11-26 16:02:53,784 WARN Tps point for ConfigPublish registered, But tps control manager is no limit implementation.

2024-11-26 16:02:53,785 INFO No tps control rule of NamingInstanceQuery found,content =null  

2024-11-26 16:02:53,785 WARN Tps point for NamingInstanceQuery registered, But tps control manager is no limit implementation.

2024-11-26 16:02:53,786 INFO No tps control rule of NamingServiceUpdate found,content =null  

2024-11-26 16:02:53,786 WARN Tps point for NamingServiceUpdate registered, But tps control manager is no limit implementation.

2024-11-26 16:02:53,786 INFO No tps control rule of NamingServiceQuery found,content =null  

2024-11-26 16:02:53,787 WARN Tps point for NamingServiceQuery registered, But tps control manager is no limit implementation.

2024-11-26 16:02:53,787 INFO No tps control rule of HttpHealthCheck found,content =null  

2024-11-26 16:02:53,787 WARN Tps point for HttpHealthCheck registered, But tps control manager is no limit implementation.

2024-11-26 16:02:53,788 WARN Tps point for NamingInstanceMetadataUpdate registered, But tps control manager is no limit implementation.

2024-11-26 16:02:53,788 INFO No tps control rule of NamingInstanceRegister found,content =null  

2024-11-26 16:02:53,788 WARN Tps point for NamingInstanceRegister registered, But tps control manager is no limit implementation.

2024-11-26 16:02:53,789 INFO No tps control rule of NamingServiceRegister found,content =null  

2024-11-26 16:02:53,789 WARN Tps point for NamingServiceRegister registered, But tps control manager is no limit implementation.

2024-11-26 16:02:53,789 WARN Tps point for NamingInstanceMetadataUpdate registered, But tps control manager is no limit implementation.

2024-11-26 16:02:53,790 WARN Tps point for NamingInstanceQuery registered, But tps control manager is no limit implementation.

2024-11-26 16:02:53,790 INFO No tps control rule of NamingServiceSubscribe found,content =null  

2024-11-26 16:02:53,790 WARN Tps point for NamingServiceSubscribe registered, But tps control manager is no limit implementation.

2024-11-26 16:02:53,791 INFO No tps control rule of NamingServiceDeregister found,content =null  

2024-11-26 16:02:53,792 WARN Tps point for NamingServiceDeregister registered, But tps control manager is no limit implementation.

2024-11-26 16:02:53,792 WARN Tps point for HttpHealthCheck registered, But tps control manager is no limit implementation.

2024-11-26 16:02:53,792 WARN Tps point for NamingServiceQuery registered, But tps control manager is no limit implementation.

2024-11-26 16:02:53,793 WARN Tps point for NamingServiceSubscribe registered, But tps control manager is no limit implementation.

2024-11-26 16:02:53,793 WARN Tps point for NamingServiceUpdate registered, But tps control manager is no limit implementation.

2024-11-26 16:02:53,793 INFO No tps control rule of NamingInstanceUpdate found,content =null  

2024-11-26 16:02:53,794 WARN Tps point for NamingInstanceUpdate registered, But tps control manager is no limit implementation.

2024-11-26 16:02:53,795 WARN Tps point for NamingServiceListQuery registered, But tps control manager is no limit implementation.

2024-11-26 16:02:53,795 WARN Tps point for NamingInstanceMetadataUpdate registered, But tps control manager is no limit implementation.

2024-11-26 16:02:53,795 WARN Tps point for NamingInstanceRegister registered, But tps control manager is no limit implementation.

2024-11-26 16:02:53,796 WARN Tps point for ConfigQuery registered, But tps control manager is no limit implementation.

2024-11-26 16:02:53,797 WARN Tps point for NamingInstanceUpdate registered, But tps control manager is no limit implementation.

2024-11-26 16:02:53,797 WARN Tps point for NamingServiceRegister registered, But tps control manager is no limit implementation.

2024-11-26 16:02:53,800 WARN Tps point for NamingServiceDeregister registered, But tps control manager is no limit implementation.

2024-11-26 16:02:53,801 WARN Tps point for NamingInstanceDeregister registered, But tps control manager is no limit implementation.

2024-11-26 16:09:12,955 INFO Not configure type of control plugin, no limit control for current node.

2024-11-26 16:09:12,957 INFO Load connection metrics collector,size=2,[com.alibaba.nacos.config.server.service.LongPollingConnectionMetricsCollector@5b43e173, com.alibaba.nacos.core.remote.LongConnectionMetricsCollector@545f80bf]

2024-11-26 16:09:12,958 INFO No connection rule content found ,use default empty rule 

2024-11-26 16:09:12,972 INFO No tps control rule of CONFIG_PUSH_COUNT found,content =null  

2024-11-26 16:09:12,973 WARN Tps point for CONFIG_PUSH_COUNT registered, But tps control manager is no limit implementation.

2024-11-26 16:09:12,974 INFO No tps control rule of CONFIG_PUSH_SUCCESS found,content =null  

2024-11-26 16:09:12,974 WARN Tps point for CONFIG_PUSH_SUCCESS registered, But tps control manager is no limit implementation.

2024-11-26 16:09:12,974 INFO No tps control rule of CONFIG_PUSH_FAIL found,content =null  

2024-11-26 16:09:12,975 WARN Tps point for CONFIG_PUSH_FAIL registered, But tps control manager is no limit implementation.

2024-11-26 16:09:17,655 INFO No tps control rule of ConfigQuery found,content =null  

2024-11-26 16:09:17,656 WARN Tps point for ConfigQuery registered, But tps control manager is no limit implementation.

2024-11-26 16:09:17,656 INFO No tps control rule of ClusterConfigChangeNotify found,content =null  

2024-11-26 16:09:17,661 WARN Tps point for ClusterConfigChangeNotify registered, But tps control manager is no limit implementation.

2024-11-26 16:09:17,671 INFO No tps control rule of ConfigListen found,content =null  

2024-11-26 16:09:17,672 WARN Tps point for ConfigListen registered, But tps control manager is no limit implementation.

2024-11-26 16:09:17,672 INFO No tps control rule of ConfigRemove found,content =null  

2024-11-26 16:09:17,673 WARN Tps point for ConfigRemove registered, But tps control manager is no limit implementation.

2024-11-26 16:09:17,673 INFO No tps control rule of ConfigPublish found,content =null  

2024-11-26 16:09:17,674 WARN Tps point for ConfigPublish registered, But tps control manager is no limit implementation.

2024-11-26 16:09:17,674 INFO No tps control rule of HealthCheck found,content =null  

2024-11-26 16:09:17,675 WARN Tps point for HealthCheck registered, But tps control manager is no limit implementation.

2024-11-26 16:09:17,675 INFO No tps control rule of RemoteNamingServiceQuery found,content =null  

2024-11-26 16:09:17,675 WARN Tps point for RemoteNamingServiceQuery registered, But tps control manager is no limit implementation.

2024-11-26 16:09:17,678 INFO No tps control rule of RemoteNamingInstanceBatchRegister found,content =null  

2024-11-26 16:09:17,679 WARN Tps point for RemoteNamingInstanceBatchRegister registered, But tps control manager is no limit implementation.

2024-11-26 16:09:17,679 INFO No tps control rule of RemoteNamingInstanceRegisterDeregister found,content =null  

2024-11-26 16:09:17,680 WARN Tps point for RemoteNamingInstanceRegisterDeregister registered, But tps control manager is no limit implementation.

2024-11-26 16:09:17,680 INFO No tps control rule of RemoteNamingServiceListQuery found,content =null  

2024-11-26 16:09:17,680 WARN Tps point for RemoteNamingServiceListQuery registered, But tps control manager is no limit implementation.

2024-11-26 16:09:17,681 INFO No tps control rule of RemoteNamingServiceSubscribeUnSubscribe found,content =null  

2024-11-26 16:09:17,681 WARN Tps point for RemoteNamingServiceSubscribeUnSubscribe registered, But tps control manager is no limit implementation.

2024-11-26 16:09:17,681 WARN Tps point for RemoteNamingInstanceRegisterDeregister registered, But tps control manager is no limit implementation.

2024-11-26 16:09:17,683 INFO No tps control rule of NamingServiceUpdate found,content =null  

2024-11-26 16:09:17,683 WARN Tps point for NamingServiceUpdate registered, But tps control manager is no limit implementation.

2024-11-26 16:09:17,683 INFO No tps control rule of NamingInstanceMetadataUpdate found,content =null  

2024-11-26 16:09:17,684 WARN Tps point for NamingInstanceMetadataUpdate registered, But tps control manager is no limit implementation.

2024-11-26 16:09:17,684 INFO No tps control rule of NamingServiceQuery found,content =null  

2024-11-26 16:09:17,685 WARN Tps point for NamingServiceQuery registered, But tps control manager is no limit implementation.

2024-11-26 16:09:17,685 INFO No tps control rule of NamingServiceRegister found,content =null  

2024-11-26 16:09:17,685 WARN Tps point for NamingServiceRegister registered, But tps control manager is no limit implementation.

2024-11-26 16:09:17,686 INFO No tps control rule of NamingInstanceDeregister found,content =null  

2024-11-26 16:09:17,686 WARN Tps point for NamingInstanceDeregister registered, But tps control manager is no limit implementation.

2024-11-26 16:09:17,687 WARN Tps point for NamingServiceQuery registered, But tps control manager is no limit implementation.

2024-11-26 16:09:17,687 WARN Tps point for NamingServiceRegister registered, But tps control manager is no limit implementation.

2024-11-26 16:09:17,687 WARN Tps point for NamingInstanceDeregister registered, But tps control manager is no limit implementation.

2024-11-26 16:09:17,688 INFO No tps control rule of HttpHealthCheck found,content =null  

2024-11-26 16:09:17,688 WARN Tps point for HttpHealthCheck registered, But tps control manager is no limit implementation.

2024-11-26 16:09:17,688 WARN Tps point for NamingInstanceMetadataUpdate registered, But tps control manager is no limit implementation.

2024-11-26 16:09:17,689 WARN Tps point for NamingServiceUpdate registered, But tps control manager is no limit implementation.

2024-11-26 16:09:17,689 WARN Tps point for HttpHealthCheck registered, But tps control manager is no limit implementation.

2024-11-26 16:09:17,689 INFO No tps control rule of NamingInstanceRegister found,content =null  

2024-11-26 16:09:17,690 WARN Tps point for NamingInstanceRegister registered, But tps control manager is no limit implementation.

2024-11-26 16:09:17,690 WARN Tps point for ConfigQuery registered, But tps control manager is no limit implementation.

2024-11-26 16:09:17,691 WARN Tps point for ConfigPublish registered, But tps control manager is no limit implementation.

2024-11-26 16:09:17,691 INFO No tps control rule of NamingServiceSubscribe found,content =null  

2024-11-26 16:09:17,691 WARN Tps point for NamingServiceSubscribe registered, But tps control manager is no limit implementation.

2024-11-26 16:09:17,692 WARN Tps point for NamingInstanceMetadataUpdate registered, But tps control manager is no limit implementation.

2024-11-26 16:09:17,692 WARN Tps point for NamingInstanceMetadataUpdate registered, But tps control manager is no limit implementation.

2024-11-26 16:09:17,692 WARN Tps point for NamingInstanceRegister registered, But tps control manager is no limit implementation.

2024-11-26 16:09:17,693 INFO No tps control rule of NamingServiceDeregister found,content =null  

2024-11-26 16:09:17,693 WARN Tps point for NamingServiceDeregister registered, But tps control manager is no limit implementation.

2024-11-26 16:09:17,694 INFO No tps control rule of NamingInstanceUpdate found,content =null  

2024-11-26 16:09:17,694 WARN Tps point for NamingInstanceUpdate registered, But tps control manager is no limit implementation.

2024-11-26 16:09:17,694 INFO No tps control rule of NamingInstanceQuery found,content =null  

2024-11-26 16:09:17,695 WARN Tps point for NamingInstanceQuery registered, But tps control manager is no limit implementation.

2024-11-26 16:09:17,695 INFO No tps control rule of NamingServiceListQuery found,content =null  

2024-11-26 16:09:17,696 WARN Tps point for NamingServiceListQuery registered, But tps control manager is no limit implementation.

2024-11-26 16:09:17,696 WARN Tps point for NamingInstanceQuery registered, But tps control manager is no limit implementation.

2024-11-26 16:09:17,696 WARN Tps point for NamingServiceListQuery registered, But tps control manager is no limit implementation.

2024-11-26 16:09:17,697 WARN Tps point for NamingServiceSubscribe registered, But tps control manager is no limit implementation.

2024-11-26 16:09:17,697 WARN Tps point for NamingInstanceUpdate registered, But tps control manager is no limit implementation.

2024-11-26 16:09:17,698 WARN Tps point for NamingServiceDeregister registered, But tps control manager is no limit implementation.

2024-11-26 16:11:11,516 INFO Not configure type of control plugin, no limit control for current node.

2024-11-26 16:11:11,519 INFO Load connection metrics collector,size=2,[com.alibaba.nacos.config.server.service.LongPollingConnectionMetricsCollector@79ab3a71, com.alibaba.nacos.core.remote.LongConnectionMetricsCollector@3d829787]

2024-11-26 16:11:11,520 INFO No connection rule content found ,use default empty rule 

2024-11-26 16:11:11,535 INFO No tps control rule of CONFIG_PUSH_COUNT found,content =null  

2024-11-26 16:11:11,536 WARN Tps point for CONFIG_PUSH_COUNT registered, But tps control manager is no limit implementation.

2024-11-26 16:11:11,536 INFO No tps control rule of CONFIG_PUSH_SUCCESS found,content =null  

2024-11-26 16:11:11,537 WARN Tps point for CONFIG_PUSH_SUCCESS registered, But tps control manager is no limit implementation.

2024-11-26 16:11:11,537 INFO No tps control rule of CONFIG_PUSH_FAIL found,content =null  

2024-11-26 16:11:11,538 WARN Tps point for CONFIG_PUSH_FAIL registered, But tps control manager is no limit implementation.

2024-11-26 16:11:16,586 INFO No tps control rule of ConfigQuery found,content =null  

2024-11-26 16:11:16,587 WARN Tps point for ConfigQuery registered, But tps control manager is no limit implementation.

2024-11-26 16:11:16,588 INFO No tps control rule of ClusterConfigChangeNotify found,content =null  

2024-11-26 16:11:16,592 WARN Tps point for ClusterConfigChangeNotify registered, But tps control manager is no limit implementation.

2024-11-26 16:11:16,605 INFO No tps control rule of ConfigListen found,content =null  

2024-11-26 16:11:16,605 WARN Tps point for ConfigListen registered, But tps control manager is no limit implementation.

2024-11-26 16:11:16,606 INFO No tps control rule of ConfigRemove found,content =null  

2024-11-26 16:11:16,606 WARN Tps point for ConfigRemove registered, But tps control manager is no limit implementation.

2024-11-26 16:11:16,607 INFO No tps control rule of ConfigPublish found,content =null  

2024-11-26 16:11:16,607 WARN Tps point for ConfigPublish registered, But tps control manager is no limit implementation.

2024-11-26 16:11:16,608 INFO No tps control rule of HealthCheck found,content =null  

2024-11-26 16:11:16,608 WARN Tps point for HealthCheck registered, But tps control manager is no limit implementation.

2024-11-26 16:11:16,609 INFO No tps control rule of RemoteNamingServiceQuery found,content =null  

2024-11-26 16:11:16,611 WARN Tps point for RemoteNamingServiceQuery registered, But tps control manager is no limit implementation.

2024-11-26 16:11:16,611 INFO No tps control rule of RemoteNamingInstanceBatchRegister found,content =null  

2024-11-26 16:11:16,612 WARN Tps point for RemoteNamingInstanceBatchRegister registered, But tps control manager is no limit implementation.

2024-11-26 16:11:16,612 INFO No tps control rule of RemoteNamingInstanceRegisterDeregister found,content =null  

2024-11-26 16:11:16,613 WARN Tps point for RemoteNamingInstanceRegisterDeregister registered, But tps control manager is no limit implementation.

2024-11-26 16:11:16,613 INFO No tps control rule of RemoteNamingServiceListQuery found,content =null  

2024-11-26 16:11:16,615 WARN Tps point for RemoteNamingServiceListQuery registered, But tps control manager is no limit implementation.

2024-11-26 16:11:16,616 INFO No tps control rule of RemoteNamingServiceSubscribeUnSubscribe found,content =null  

2024-11-26 16:11:16,617 WARN Tps point for RemoteNamingServiceSubscribeUnSubscribe registered, But tps control manager is no limit implementation.

2024-11-26 16:11:16,618 WARN Tps point for RemoteNamingInstanceRegisterDeregister registered, But tps control manager is no limit implementation.

2024-11-26 16:11:16,619 INFO No tps control rule of NamingServiceSubscribe found,content =null  

2024-11-26 16:11:16,620 WARN Tps point for NamingServiceSubscribe registered, But tps control manager is no limit implementation.

2024-11-26 16:11:16,620 INFO No tps control rule of NamingInstanceMetadataUpdate found,content =null  

2024-11-26 16:11:16,620 WARN Tps point for NamingInstanceMetadataUpdate registered, But tps control manager is no limit implementation.

2024-11-26 16:11:16,621 INFO No tps control rule of NamingInstanceUpdate found,content =null  

2024-11-26 16:11:16,621 WARN Tps point for NamingInstanceUpdate registered, But tps control manager is no limit implementation.

2024-11-26 16:11:16,621 INFO No tps control rule of NamingServiceQuery found,content =null  

2024-11-26 16:11:16,622 WARN Tps point for NamingServiceQuery registered, But tps control manager is no limit implementation.

2024-11-26 16:11:16,622 INFO No tps control rule of NamingInstanceRegister found,content =null  

2024-11-26 16:11:16,622 WARN Tps point for NamingInstanceRegister registered, But tps control manager is no limit implementation.

2024-11-26 16:11:16,623 INFO No tps control rule of NamingServiceDeregister found,content =null  

2024-11-26 16:11:16,624 WARN Tps point for NamingServiceDeregister registered, But tps control manager is no limit implementation.

2024-11-26 16:11:16,625 WARN Tps point for NamingInstanceUpdate registered, But tps control manager is no limit implementation.

2024-11-26 16:11:16,625 INFO No tps control rule of NamingInstanceDeregister found,content =null  

2024-11-26 16:11:16,625 WARN Tps point for NamingInstanceDeregister registered, But tps control manager is no limit implementation.

2024-11-26 16:11:16,627 INFO No tps control rule of NamingServiceRegister found,content =null  

2024-11-26 16:11:16,630 WARN Tps point for NamingServiceRegister registered, But tps control manager is no limit implementation.

2024-11-26 16:11:16,631 INFO No tps control rule of NamingInstanceQuery found,content =null  

2024-11-26 16:11:16,631 WARN Tps point for NamingInstanceQuery registered, But tps control manager is no limit implementation.

2024-11-26 16:11:16,632 INFO No tps control rule of NamingServiceListQuery found,content =null  

2024-11-26 16:11:16,632 WARN Tps point for NamingServiceListQuery registered, But tps control manager is no limit implementation.

2024-11-26 16:11:16,633 WARN Tps point for NamingServiceQuery registered, But tps control manager is no limit implementation.

2024-11-26 16:11:16,633 WARN Tps point for ConfigQuery registered, But tps control manager is no limit implementation.

2024-11-26 16:11:16,633 WARN Tps point for NamingServiceSubscribe registered, But tps control manager is no limit implementation.

2024-11-26 16:11:16,634 INFO No tps control rule of NamingServiceUpdate found,content =null  

2024-11-26 16:11:16,634 WARN Tps point for NamingServiceUpdate registered, But tps control manager is no limit implementation.

2024-11-26 16:11:16,634 WARN Tps point for NamingServiceRegister registered, But tps control manager is no limit implementation.

2024-11-26 16:11:16,635 INFO No tps control rule of HttpHealthCheck found,content =null  

2024-11-26 16:11:16,635 WARN Tps point for HttpHealthCheck registered, But tps control manager is no limit implementation.

2024-11-26 16:11:16,636 WARN Tps point for NamingInstanceDeregister registered, But tps control manager is no limit implementation.

2024-11-26 16:11:16,636 WARN Tps point for NamingInstanceMetadataUpdate registered, But tps control manager is no limit implementation.

2024-11-26 16:11:16,637 WARN Tps point for NamingServiceListQuery registered, But tps control manager is no limit implementation.

2024-11-26 16:11:16,638 WARN Tps point for NamingInstanceQuery registered, But tps control manager is no limit implementation.

2024-11-26 16:11:16,639 WARN Tps point for NamingInstanceMetadataUpdate registered, But tps control manager is no limit implementation.

2024-11-26 16:11:16,639 WARN Tps point for NamingInstanceMetadataUpdate registered, But tps control manager is no limit implementation.

2024-11-26 16:11:16,640 WARN Tps point for NamingServiceUpdate registered, But tps control manager is no limit implementation.

2024-11-26 16:11:16,640 WARN Tps point for NamingServiceDeregister registered, But tps control manager is no limit implementation.

2024-11-26 16:11:16,641 WARN Tps point for HttpHealthCheck registered, But tps control manager is no limit implementation.

2024-11-26 16:11:16,641 WARN Tps point for ConfigPublish registered, But tps control manager is no limit implementation.

2024-11-26 16:11:16,641 WARN Tps point for NamingInstanceRegister registered, But tps control manager is no limit implementation.

2024-11-26 16:19:48,714 INFO No tps control rule of NAMING_RPC_PUSH found,content =null  

2024-11-26 16:19:48,714 WARN Tps point for NAMING_RPC_PUSH registered, But tps control manager is no limit implementation.

2024-11-26 16:19:48,715 INFO No tps control rule of NAMING_RPC_PUSH_SUCCESS found,content =null  

2024-11-26 16:19:48,715 WARN Tps point for NAMING_RPC_PUSH_SUCCESS registered, But tps control manager is no limit implementation.

2024-11-26 16:19:48,715 INFO No tps control rule of NAMING_RPC_PUSH_FAIL found,content =null  

2024-11-26 16:19:48,715 WARN Tps point for NAMING_RPC_PUSH_FAIL registered, But tps control manager is no limit implementation.

2024-11-26 16:19:48,716 INFO No tps control rule of NAMING_UDP_PUSH found,content =null  

2024-11-26 16:19:48,716 WARN Tps point for NAMING_UDP_PUSH registered, But tps control manager is no limit implementation.

2024-11-26 16:19:48,716 INFO No tps control rule of NAMING_UDP_PUSH_SUCCESS found,content =null  

2024-11-26 16:19:48,717 WARN Tps point for NAMING_UDP_PUSH_SUCCESS registered, But tps control manager is no limit implementation.

2024-11-26 16:19:48,717 INFO No tps control rule of NAMING_UDP_PUSH_FAIL found,content =null  

2024-11-26 16:19:48,717 WARN Tps point for NAMING_UDP_PUSH_FAIL registered, But tps control manager is no limit implementation.

2024-11-26 16:19:48,717 INFO No tps control rule of NAMING_DISTRO_SYNC found,content =null  

2024-11-26 16:19:48,718 WARN Tps point for NAMING_DISTRO_SYNC registered, But tps control manager is no limit implementation.

2024-11-26 16:19:48,718 INFO No tps control rule of NAMING_DISTRO_SYNC_SUCCESS found,content =null  

2024-11-26 16:19:48,718 WARN Tps point for NAMING_DISTRO_SYNC_SUCCESS registered, But tps control manager is no limit implementation.

2024-11-26 16:19:48,718 INFO No tps control rule of NAMING_DISTRO_SYNC_FAIL found,content =null  

2024-11-26 16:19:48,719 WARN Tps point for NAMING_DISTRO_SYNC_FAIL registered, But tps control manager is no limit implementation.

2024-11-26 16:19:48,719 INFO No tps control rule of NAMING_DISTRO_VERIFY found,content =null  

2024-11-26 16:19:48,719 WARN Tps point for NAMING_DISTRO_VERIFY registered, But tps control manager is no limit implementation.

2024-11-26 16:19:48,719 INFO No tps control rule of NAMING_DISTRO_VERIFY_SUCCESS found,content =null  

2024-11-26 16:19:48,720 WARN Tps point for NAMING_DISTRO_VERIFY_SUCCESS registered, But tps control manager is no limit implementation.

2024-11-26 16:19:48,720 INFO No tps control rule of NAMING_DISTRO_VERIFY_FAIL found,content =null  

2024-11-26 16:19:48,720 WARN Tps point for NAMING_DISTRO_VERIFY_FAIL registered, But tps control manager is no limit implementation.

